{"meta": {"format": 3, "version": "7.16.0", "timestamp": "2026-09-12T18:54:02.847072", "branch_coverage": true, "show_contexts": false}, "files": {"proposed/research_source_lookup.py": {"executed_lines": [3, 5, 6, 7, 8, 9, 10, 11, 12, 13, 14, 15, 16, 18, 19, 21, 22, 23, 24, 30, 31, 32, 33, 34, 55, 62, 67, 68, 69, 70, 71, 72, 84, 88, 96, 103, 104, 105, 106, 113, 117, 123, 129, 136, 143, 144, 145, 148, 149, 160, 161, 162, 173, 182, 185, 188, 191, 192, 193, 194, 195, 196, 199, 202, 203, 204, 205, 206, 207, 208, 209, 210, 211, 212, 213, 216, 219, 220, 221, 222, 223, 224, 225, 226, 227, 228, 231, 234, 235, 236, 237, 238, 239, 240, 241, 242, 243, 244, 245, 246, 247, 248, 251, 254, 255, 256, 257, 260, 261, 262, 263, 264, 265, 266, 268, 269, 271, 272, 278, 281, 284, 285, 286, 287, 288, 289, 292, 295, 296, 297, 302, 305, 306, 307, 308, 309, 310, 311, 312, 313, 314, 315, 316, 317, 318, 319, 320, 321, 322, 323, 324, 325, 326, 327, 328, 329, 330, 333, 336, 337, 338, 339, 340, 341, 342, 343, 344, 345, 346, 347, 348, 349, 350, 351, 352, 355, 358, 359, 361, 362, 364, 365, 369, 372, 375, 376, 377, 378, 379, 380, 381, 382, 384, 385, 387, 389, 390, 391, 392, 393, 394, 397, 400, 403, 404, 405, 406, 407, 412, 415, 416, 417, 418, 419, 420, 421, 422, 423, 424, 425, 426, 427, 428, 429, 430, 431, 432, 433, 434, 435, 436, 437, 438, 439, 440, 441, 446, 449, 450, 451, 452, 453, 454, 455, 456, 457, 458, 459, 460, 461, 462, 463, 464, 468, 471, 472, 473, 474, 475, 476, 477, 478, 479, 481, 482, 484, 485, 490, 493, 496, 497, 498, 499, 500, 502, 503, 505, 507, 508, 510, 512, 515, 518, 519, 520, 521, 523, 524, 526, 527, 528, 530, 531, 533, 536, 539, 540, 541, 542, 543, 544, 545, 548, 551, 552, 553, 554, 555, 556, 559, 562, 566, 567, 568, 569, 570, 571, 572, 573, 574, 575, 576, 577, 578, 579, 580, 581, 582, 583, 584, 585, 586, 587, 588, 589, 590, 591, 592, 593, 596, 599, 600, 604, 605, 606, 607, 608, 609, 610, 611, 612, 613, 614, 615, 616, 617, 618, 621, 622, 623, 624, 627, 630, 631, 632, 635, 638, 639, 640, 641, 642, 643, 644, 645, 646, 647, 651, 652, 654, 655, 657, 661, 662, 664, 665, 667, 669, 670, 673, 674, 677, 680, 683, 686, 689, 690, 693, 694, 697, 700, 701, 702, 703, 704, 710, 713, 714, 715, 716, 717, 718, 719, 720, 721, 726, 727, 729, 731, 733, 735, 738, 741, 742, 743, 744, 745, 746, 747, 748, 749, 750, 751, 752, 753, 754, 755, 756, 757, 758, 759, 760, 761, 762, 763, 770, 771, 772, 773, 774, 775, 776, 777, 779, 780, 782, 785, 787, 790, 793, 794, 795, 796, 797, 798, 799, 800, 801, 802, 803, 804, 805, 806, 807, 808, 809, 811, 812, 814, 818, 820, 822, 823, 825, 827, 829, 832, 833, 835, 837, 838, 839, 842, 844, 846, 848, 851, 853, 854, 855, 857, 858, 859, 860, 862, 863, 864, 865, 866, 868, 869, 870, 871, 872, 874, 875, 877, 878, 879, 881, 882, 885, 886, 889, 891, 892, 893, 894, 899, 900, 907, 911, 913, 916, 918, 919, 920, 921, 922, 924, 925, 926, 927, 929, 930, 932, 933, 934, 936, 939, 940, 942, 943, 944, 946, 947, 950, 952, 953, 954, 955, 960, 967, 969, 970, 971, 973, 974, 982, 983, 985, 997, 999, 1000, 1001, 1003, 1005, 1007, 1008, 1010, 1012, 1013, 1014, 1016, 1020, 1023, 1024, 1025, 1026, 1030, 1031, 1032, 1033, 1035, 1036, 1037, 1041, 1042, 1060, 1072, 1074, 1077, 1079, 1080, 1093, 1095, 1096, 1097, 1099, 1100, 1102, 1104, 1109, 1110, 1111, 1112, 1113, 1114, 1115, 1116, 1117, 1118, 1120, 1121, 1122, 1123, 1124, 1126, 1128, 1129, 1130, 1133, 1134, 1135, 1138, 1139, 1148, 1149, 1158, 1161, 1162, 1163, 1166, 1169, 1170, 1171, 1172, 1173, 1174, 1175, 1177, 1178, 1180, 1181, 1184, 1185, 1188, 1191, 1192, 1193, 1194, 1195, 1196, 1199, 1202, 1203, 1204, 1205, 1206, 1207, 1208, 1209, 1210, 1211, 1212, 1213, 1215, 1216, 1218, 1223, 1224, 1227, 1230, 1231, 1232, 1233, 1234, 1235, 1236, 1237, 1238, 1239, 1240, 1241, 1242, 1243, 1244, 1245, 1246, 1247, 1248, 1249, 1250, 1251, 1252, 1253, 1254, 1259, 1262, 1263, 1264, 1265, 1266, 1267, 1268, 1269, 1270, 1271, 1272, 1273, 1274, 1275, 1276, 1278, 1279, 1281, 1282, 1283, 1284, 1285, 1286, 1290, 1291, 1292, 1293, 1294, 1295, 1298, 1300, 1301, 1302, 1303, 1304, 1305, 1306, 1307, 1308, 1309, 1310, 1311, 1314, 1315, 1316, 1317, 1318, 1320, 1321, 1322, 1323, 1324, 1325, 1327, 1328, 1329, 1331, 1332, 1333, 1334, 1335, 1336, 1337, 1338, 1339, 1341, 1344, 1346, 1347, 1348, 1349, 1352, 1353, 1355, 1356, 1357, 1358, 1369, 1370, 1371, 1372, 1373, 1374, 1375, 1376, 1377, 1378, 1379, 1380, 1381, 1382, 1383, 1384, 1385, 1386, 1387, 1388, 1389, 1390, 1396, 1397, 1398, 1399, 1403, 1405, 1406, 1407, 1409, 1412, 1414, 1415, 1416, 1417, 1418, 1420, 1422, 1424, 1426, 1428, 1431, 1433, 1434, 1435, 1436, 1437, 1438, 1439, 1441, 1442, 1446, 1448, 1473, 1479, 1481, 1483, 1485, 1486, 1488, 1500, 1501, 1504, 1505, 1506, 1507, 1513, 1514, 1515, 1518, 1519, 1520, 1521, 1522, 1523, 1526, 1527, 1528, 1530, 1531, 1532, 1533, 1536, 1537, 1538, 1540, 1541, 1542, 1543, 1545, 1548, 1549, 1550, 1551, 1557, 1559, 1562, 1564, 1565, 1566, 1568, 1569, 1570, 1571, 1573, 1574, 1575, 1576, 1577, 1579, 1580, 1581, 1583, 1584, 1585, 1586, 1587, 1589, 1590, 1591, 1592, 1594, 1595, 1598, 1600, 1601, 1602, 1603, 1606, 1607, 1613, 1614, 1618, 1619, 1627, 1629, 1632, 1634, 1635, 1636, 1638, 1641, 1643, 1644, 1645, 1646, 1647, 1648, 1650, 1651, 1652, 1653, 1654, 1656, 1657, 1658, 1659, 1660, 1662, 1663, 1664, 1666, 1667, 1669, 1670, 1671, 1672, 1673, 1674, 1675, 1676, 1677, 1679, 1680, 1681, 1682, 1685, 1687, 1688, 1689, 1690, 1691, 1692, 1696, 1697, 1702, 1704, 1705, 1707, 1709, 1710, 1711, 1712, 1713, 1714, 1717, 1718, 1719, 1721, 1722, 1723, 1724, 1725, 1727, 1741, 1743, 1746, 1748, 1749, 1750, 1751, 1753, 1755, 1756, 1757, 1758, 1760, 1765, 1766, 1767, 1768, 1769, 1770, 1771, 1772, 1773, 1774, 1780, 1785, 1787, 1805, 1814, 1816, 1817, 1818, 1819, 1820, 1822, 1823, 1824, 1825, 1827, 1828, 1829, 1830, 1831, 1833, 1834, 1836, 1837, 1838, 1841, 1842, 1844, 1846, 1849, 1851, 1852, 1853, 1854, 1858, 1859, 1860, 1871, 1872, 1873, 1874, 1875, 1876, 1877, 1878, 1879, 1881, 1882, 1891, 1893, 1896, 1898, 1899, 1900, 1901, 1902, 1903, 1905, 1907, 1908, 1909, 1910, 1915, 1919, 1921, 1923, 1925, 1927, 1930, 1932, 1935, 1936, 1937, 1938, 1939, 1940, 1941, 1942, 1943, 1951, 1952, 1953, 1954, 1959, 1961, 1962, 1969, 1971, 1972, 1980, 1981, 1982, 1996, 1997, 2004, 2005, 2010, 2011, 2013, 2017, 2021, 2023, 2024, 2056, 2072, 2073, 2076, 2077, 2078, 2079, 2080, 2081, 2082, 2085, 2086, 2087, 2088, 2090, 2091, 2094, 2095, 2097, 2098, 2099, 2106, 2108, 2110, 2113, 2115, 2121, 2122, 2123, 2124, 2125, 2126, 2127, 2128, 2129, 2134, 2135, 2162, 2163, 2175, 2185, 2187, 2188, 2190, 2192, 2194, 2195, 2196, 2238, 2239, 2241, 2242, 2243, 2244, 2245, 2246, 2247, 2248, 2249, 2250, 2251, 2252, 2253, 2255, 2257, 2258, 2259, 2265, 2266, 2267, 2268, 2269, 2270, 2272, 2279, 2280, 2287, 2295, 2296, 2297, 2300, 2301, 2302, 2305, 2306, 2312, 2314, 2315, 2317, 2334, 2335, 2337, 2338, 2339, 2340, 2341, 2342, 2343, 2350, 2351, 2352, 2353, 2354, 2357, 2359, 2364, 2366, 2367, 2369, 2382, 2384, 2386, 2387, 2390, 2392, 2393, 2394, 2397, 2398, 2399, 2401, 2403, 2404, 2405, 2406, 2409, 2411, 2414, 2416, 2417, 2419, 2431, 2433, 2436, 2438, 2439, 2440, 2443, 2444, 2447, 2449, 2450, 2451, 2452, 2453, 2454, 2455, 2456, 2457, 2458, 2459, 2460, 2461, 2463, 2464, 2465, 2466, 2467, 2468, 2471, 2472, 2473, 2476, 2481, 2482, 2483, 2484, 2485, 2486, 2487, 2488, 2489, 2490, 2491, 2494, 2496, 2497, 2499, 2508, 2510, 2511, 2517, 2518, 2519, 2522, 2545], "summary": {"covered_lines": 1300, "num_statements": 1465, "percent_covered": 84.47300771208226, "percent_covered_display": "84", "missing_lines": 165, "excluded_lines": 0, "percent_statements_covered": 88.73720136518772, "percent_statements_covered_display": "89", "num_branches": 480, "num_partial_branches": 127, "covered_branches": 343, "missing_branches": 137, "percent_branches_covered": 71.45833333333333, "percent_branches_covered_display": "71"}, "missing_lines": [277, 368, 388, 396, 489, 506, 509, 511, 529, 532, 656, 660, 663, 666, 668, 672, 676, 730, 732, 734, 784, 786, 815, 816, 817, 819, 821, 824, 826, 828, 831, 834, 836, 841, 843, 845, 847, 856, 861, 867, 873, 876, 880, 884, 908, 909, 910, 912, 923, 928, 935, 941, 945, 964, 965, 966, 968, 972, 981, 984, 1015, 1078, 1119, 1127, 1330, 1340, 1395, 1427, 1484, 1487, 1529, 1539, 1544, 1555, 1556, 1558, 1567, 1572, 1578, 1582, 1588, 1593, 1624, 1625, 1626, 1628, 1637, 1649, 1655, 1661, 1668, 1678, 1699, 1700, 1701, 1703, 1715, 1716, 1720, 1740, 1742, 1759, 1821, 1826, 1832, 1835, 1840, 1868, 1869, 1870, 1880, 1890, 1892, 1918, 2012, 2089, 2093, 2107, 2189, 2191, 2193, 2200, 2201, 2208, 2209, 2217, 2218, 2225, 2226, 2233, 2240, 2254, 2271, 2313, 2316, 2336, 2365, 2368, 2383, 2385, 2415, 2418, 2432, 2434, 2495, 2498, 2509, 2524, 2525, 2526, 2527, 2528, 2529, 2530, 2531, 2532, 2533, 2534, 2536, 2538, 2539, 2540, 2541, 2542, 2546], "excluded_lines": [], "executed_branches": [[272, 278], [365, 369], [387, 389], [392, 393], [392, 394], [394, 397], [485, 490], [505, 507], [507, 508], [507, 510], [508, 512], [510, 512], [527, 528], [527, 533], [528, 530], [531, 527], [655, 657], [657, 661], [661, 662], [661, 664], [662, 661], [665, 667], [667, 669], [669, 670], [669, 673], [670, 669], [673, 674], [673, 677], [674, 673], [729, 731], [731, 733], [733, 735], [782, 785], [785, 787], [814, 818], [818, 820], [820, 822], [823, 825], [825, 827], [827, 829], [829, 832], [833, 835], [835, 837], [837, 838], [837, 844], [839, 842], [842, 837], [844, 846], [846, 848], [855, 857], [858, 859], [858, 863], [860, 862], [866, 868], [871, 872], [871, 875], [872, 874], [875, 877], [877, 878], [877, 886], [879, 881], [882, 885], [907, 911], [911, 913], [920, 921], [920, 925], [922, 924], [927, 929], [933, 934], [933, 939], [934, 936], [940, 942], [942, 943], [942, 947], [944, 946], [960, 967], [967, 969], [971, 973], [974, 982], [983, 985], [1014, 1016], [1031, 1032], [1031, 1037], [1035, 1036], [1077, 1079], [1096, 1097], [1096, 1099], [1111, 1112], [1111, 1113], [1115, 1116], [1115, 1118], [1116, 1115], [1116, 1117], [1118, 1120], [1121, 1122], [1121, 1126], [1126, 1128], [1181, 1184], [1181, 1185], [1218, 1223], [1218, 1224], [1281, 1282], [1281, 1285], [1282, 1283], [1282, 1284], [1286, 1290], [1286, 1291], [1291, 1292], [1291, 1293], [1293, 1294], [1293, 1295], [1302, 1303], [1302, 1304], [1305, 1306], [1305, 1310], [1307, 1308], [1307, 1309], [1311, 1314], [1311, 1315], [1321, 1322], [1321, 1325], [1322, 1323], [1322, 1324], [1325, 1327], [1325, 1328], [1329, 1331], [1332, 1333], [1332, 1339], [1335, 1336], [1335, 1337], [1339, 1341], [1355, 1356], [1355, 1357], [1369, 1370], [1369, 1373], [1373, 1374], [1373, 1375], [1380, 1381], [1380, 1382], [1385, 1386], [1385, 1388], [1386, 1385], [1386, 1387], [1388, 1389], [1388, 1390], [1390, 1396], [1397, 1398], [1397, 1399], [1406, 1407], [1406, 1409], [1426, 1428], [1436, 1437], [1436, 1446], [1441, 1436], [1441, 1442], [1483, 1485], [1486, 1488], [1500, 1501], [1500, 1504], [1504, 1505], [1504, 1506], [1506, 1507], [1506, 1513], [1521, 1522], [1521, 1523], [1528, 1530], [1531, 1532], [1531, 1533], [1537, 1538], [1537, 1540], [1538, 1537], [1541, 1542], [1541, 1545], [1543, 1541], [1557, 1559], [1564, 1565], [1564, 1568], [1566, 1564], [1571, 1573], [1576, 1577], [1576, 1581], [1577, 1579], [1579, 1576], [1579, 1580], [1581, 1583], [1584, 1585], [1584, 1595], [1587, 1589], [1590, 1591], [1590, 1594], [1592, 1594], [1619, 1627], [1627, 1629], [1636, 1638], [1645, 1646], [1645, 1651], [1646, 1645], [1646, 1647], [1648, 1650], [1654, 1656], [1659, 1660], [1659, 1667], [1660, 1662], [1663, 1664], [1663, 1666], [1667, 1669], [1669, 1670], [1669, 1672], [1673, 1674], [1673, 1676], [1677, 1679], [1679, 1680], [1679, 1682], [1697, 1702], [1702, 1704], [1705, 1707], [1705, 1722], [1711, 1712], [1711, 1719], [1717, 1711], [1717, 1718], [1719, 1721], [1727, 1741], [1741, 1743], [1758, 1760], [1766, 1767], [1766, 1780], [1773, 1774], [1818, 1819], [1818, 1822], [1820, 1818], [1825, 1827], [1830, 1831], [1830, 1834], [1831, 1833], [1834, 1836], [1836, 1837], [1836, 1842], [1838, 1841], [1860, 1871], [1879, 1881], [1882, 1891], [1891, 1893], [1915, 1919], [1936, 1937], [1936, 1971], [1938, 1939], [1938, 1951], [1939, 1938], [1939, 1940], [1940, 1941], [1940, 1943], [1951, 1952], [1951, 1959], [1952, 1951], [1952, 1953], [1953, 1952], [1953, 1954], [1961, 1962], [1961, 1969], [1971, 1972], [1971, 1996], [1981, 1971], [1981, 1982], [1996, 1997], [1996, 2004], [2004, 2005], [2004, 2010], [2011, 2013], [2077, 2078], [2077, 2079], [2088, 2090], [2091, 2094], [2106, 2108], [2122, 2123], [2122, 2134], [2128, 2129], [2185, 2187], [2185, 2188], [2188, 2190], [2190, 2192], [2192, 2194], [2194, 2195], [2194, 2238], [2195, 2196], [2239, 2241], [2241, 2242], [2241, 2243], [2243, 2244], [2243, 2245], [2245, 2246], [2245, 2247], [2247, 2248], [2247, 2249], [2249, 2250], [2249, 2251], [2253, 2255], [2266, 2267], [2266, 2279], [2270, 2272], [2312, 2314], [2315, 2317], [2335, 2337], [2337, 2338], [2337, 2350], [2364, 2366], [2367, 2369], [2382, 2384], [2384, 2386], [2386, 2387], [2386, 2397], [2398, 2399], [2398, 2404], [2414, 2416], [2417, 2419], [2431, 2433], [2433, 2436], [2439, 2440], [2439, 2447], [2449, 2450], [2449, 2459], [2454, 2455], [2454, 2456], [2460, 2461], [2460, 2464], [2465, 2466], [2465, 2467], [2481, 2482], [2481, 2483], [2483, 2484], [2483, 2485], [2485, 2486], [2485, 2487], [2487, 2488], [2487, 2489], [2489, 2490], [2489, 2491], [2494, 2496], [2497, 2499], [2508, 2510], [2510, 2511], [2510, 2517], [2545, -1]], "missing_branches": [[272, 277], [365, 368], [387, 388], [394, 396], [485, 489], [505, 506], [508, 509], [510, 511], [528, 529], [531, 532], [655, 656], [657, 660], [662, 663], [665, 666], [667, 668], [670, 672], [674, 676], [729, 730], [731, 732], [733, 734], [782, 784], [785, 786], [814, 815], [815, 816], [815, 817], [818, 819], [820, 821], [823, 824], [825, 826], [827, 828], [829, 831], [833, 834], [835, 836], [839, 841], [842, 843], [844, 845], [846, 847], [855, 856], [860, 861], [866, 867], [872, 873], [875, 876], [879, 880], [882, 884], [907, 908], [911, 912], [922, 923], [927, 928], [934, 935], [940, 941], [944, 945], [960, 964], [967, 968], [971, 972], [974, 981], [983, 984], [1014, 1015], [1035, 1031], [1077, 1078], [1118, 1119], [1126, 1127], [1329, 1330], [1339, 1340], [1390, 1395], [1426, 1427], [1483, 1484], [1486, 1487], [1528, 1529], [1538, 1539], [1543, 1544], [1557, 1558], [1566, 1567], [1571, 1572], [1577, 1578], [1581, 1582], [1587, 1588], [1592, 1593], [1619, 1624], [1627, 1628], [1636, 1637], [1648, 1649], [1654, 1655], [1660, 1661], [1667, 1668], [1677, 1678], [1697, 1699], [1702, 1703], [1719, 1720], [1727, 1740], [1741, 1742], [1758, 1759], [1773, 1766], [1820, 1821], [1825, 1826], [1831, 1832], [1834, 1835], [1838, 1840], [1860, 1868], [1879, 1880], [1882, 1890], [1891, 1892], [1915, 1918], [2011, 2012], [2088, 2089], [2091, 2093], [2106, 2107], [2128, 2122], [2188, 2189], [2190, 2191], [2192, 2193], [2195, 2200], [2200, 2201], [2200, 2208], [2208, 2209], [2208, 2217], [2217, 2218], [2217, 2225], [2225, 2226], [2225, 2233], [2239, 2240], [2253, 2254], [2270, 2271], [2312, 2313], [2315, 2316], [2335, 2336], [2364, 2365], [2367, 2368], [2382, 2383], [2384, 2385], [2414, 2415], [2417, 2418], [2431, 2432], [2433, 2434], [2494, 2495], [2497, 2498], [2508, 2509], [2545, 2546]], "functions": {"GreeleyBlock.check_bytes": {"executed_lines": [271, 272, 278], "summary": {"covered_lines": 3, "num_statements": 4, "percent_covered": 66.66666666666667, "percent_covered_display": "67", "missing_lines": 1, "excluded_lines": 0, "percent_statements_covered": 75.0, "percent_statements_covered_display": "75", "num_branches": 2, "num_partial_branches": 1, "covered_branches": 1, "missing_branches": 1, "percent_branches_covered": 50.0, "percent_branches_covered_display": "50"}, "missing_lines": [277], "excluded_lines": [], "start_line": 269, "executed_branches": [[272, 278]], "missing_branches": [[272, 277]]}, "WeldBlock.check_bytes": {"executed_lines": [364, 365, 369], "summary": {"covered_lines": 3, "num_statements": 4, "percent_covered": 66.66666666666667, "percent_covered_display": "67", "missing_lines": 1, "excluded_lines": 0, "percent_statements_covered": 75.0, "percent_statements_covered_display": "75", "num_branches": 2, "num_partial_branches": 1, "covered_branches": 1, "missing_branches": 1, "percent_branches_covered": 50.0, "percent_branches_covered_display": "50"}, "missing_lines": [368], "excluded_lines": [], "start_line": 362, "executed_branches": [[365, 369]], "missing_branches": [[365, 368]]}, "WeldRow.check_associations": {"executed_lines": [387, 389, 390, 391, 392, 393, 394, 397], "summary": {"covered_lines": 8, "num_statements": 10, "percent_covered": 75.0, "percent_covered_display": "75", "missing_lines": 2, "excluded_lines": 0, "percent_statements_covered": 80.0, "percent_statements_covered_display": "80", "num_branches": 6, "num_partial_branches": 2, "covered_branches": 4, "missing_branches": 2, "percent_branches_covered": 66.66666666666667, "percent_branches_covered_display": "67"}, "missing_lines": [388, 396], "excluded_lines": [], "start_line": 385, "executed_branches": [[387, 389], [392, 393], [392, 394], [394, 397]], "missing_branches": [[387, 388], [394, 396]]}, "GridBlock.check_bytes": {"executed_lines": [484, 485, 490], "summary": {"covered_lines": 3, "num_statements": 4, "percent_covered": 66.66666666666667, "percent_covered_display": "67", "missing_lines": 1, "excluded_lines": 0, "percent_statements_covered": 75.0, "percent_statements_covered_display": "75", "num_branches": 2, "num_partial_branches": 1, "covered_branches": 1, "missing_branches": 1, "percent_branches_covered": 50.0, "percent_branches_covered_display": "50"}, "missing_lines": [489], "excluded_lines": [], "start_line": 482, "executed_branches": [[485, 490]], "missing_branches": [[485, 489]]}, "GridCell.check_blank": {"executed_lines": [505, 507, 508, 510, 512], "summary": {"covered_lines": 5, "num_statements": 8, "percent_covered": 62.5, "percent_covered_display": "62", "missing_lines": 3, "excluded_lines": 0, "percent_statements_covered": 62.5, "percent_statements_covered_display": "62", "num_branches": 8, "num_partial_branches": 3, "covered_branches": 5, "missing_branches": 3, "percent_branches_covered": 62.5, "percent_branches_covered_display": "62"}, "missing_lines": [506, 509, 511], "excluded_lines": [], "start_line": 503, "executed_branches": [[505, 507], [507, 508], [507, 510], [508, 512], [510, 512]], "missing_branches": [[505, 506], [508, 509], [510, 511]]}, "GridRowEvidence.check_columns": {"executed_lines": [526, 527, 528, 530, 531, 533], "summary": {"covered_lines": 6, "num_statements": 8, "percent_covered": 71.42857142857143, "percent_covered_display": "71", "missing_lines": 2, "excluded_lines": 0, "percent_statements_covered": 75.0, "percent_statements_covered_display": "75", "num_branches": 6, "num_partial_branches": 2, "covered_branches": 4, "missing_branches": 2, "percent_branches_covered": 66.66666666666667, "percent_branches_covered_display": "67"}, "missing_lines": [529, 532], "excluded_lines": [], "start_line": 524, "executed_branches": [[527, 528], [527, 533], [528, 530], [531, 527]], "missing_branches": [[528, 529], [531, 532]]}, "SpringsPart.validate_lines": {"executed_lines": [654, 655, 657, 661, 662, 664, 665, 667, 669, 670, 673, 674, 677], "summary": {"covered_lines": 13, "num_statements": 20, "percent_covered": 65.0, "percent_covered_display": "65", "missing_lines": 7, "excluded_lines": 0, "percent_statements_covered": 65.0, "percent_statements_covered_display": "65", "num_branches": 20, "num_partial_branches": 7, "covered_branches": 13, "missing_branches": 7, "percent_branches_covered": 65.0, "percent_branches_covered_display": "65"}, "missing_lines": [656, 660, 663, 666, 668, 672, 676], "excluded_lines": [], "start_line": 652, "executed_branches": [[655, 657], [657, 661], [661, 662], [661, 664], [662, 661], [665, 667], [667, 669], [669, 670], [669, 673], [670, 669], [673, 674], [673, 677], [674, 673]], "missing_branches": [[655, 656], [657, 660], [662, 663], [665, 666], [667, 668], [670, 672], [674, 676]]}, "SpringsRow.validate_row": {"executed_lines": [729, 731, 733, 735], "summary": {"covered_lines": 4, "num_statements": 7, "percent_covered": 53.84615384615385, "percent_covered_display": "54", "missing_lines": 3, "excluded_lines": 0, "percent_statements_covered": 57.142857142857146, "percent_statements_covered_display": "57", "num_branches": 6, "num_partial_branches": 3, "covered_branches": 3, "missing_branches": 3, "percent_branches_covered": 50.0, "percent_branches_covered_display": "50"}, "missing_lines": [730, 732, 734], "excluded_lines": [], "start_line": 727, "executed_branches": [[729, 731], [731, 733], [733, 735]], "missing_branches": [[729, 730], [731, 732], [733, 734]]}, "SpringsSourceBinding.validate_intake": {"executed_lines": [782, 785, 787], "summary": {"covered_lines": 3, "num_statements": 5, "percent_covered": 55.55555555555556, "percent_covered_display": "56", "missing_lines": 2, "excluded_lines": 0, "percent_statements_covered": 60.0, "percent_statements_covered_display": "60", "num_branches": 4, "num_partial_branches": 2, "covered_branches": 2, "missing_branches": 2, "percent_branches_covered": 50.0, "percent_branches_covered_display": "50"}, "missing_lines": [784, 786], "excluded_lines": [], "start_line": 780, "executed_branches": [[782, 785], [785, 787]], "missing_branches": [[782, 784], [785, 786]]}, "SpringsLookupResult.validate_context": {"executed_lines": [814, 818, 820, 822, 823, 825, 827, 829, 832, 833, 835, 837, 838, 839, 842, 844, 846, 848], "summary": {"covered_lines": 18, "num_statements": 33, "percent_covered": 52.38095238095238, "percent_covered_display": "52", "missing_lines": 15, "excluded_lines": 0, "percent_statements_covered": 54.54545454545455, "percent_statements_covered_display": "55", "num_branches": 30, "num_partial_branches": 13, "covered_branches": 15, "missing_branches": 15, "percent_branches_covered": 50.0, "percent_branches_covered_display": "50"}, "missing_lines": [815, 816, 817, 819, 821, 824, 826, 828, 831, 834, 836, 841, 843, 845, 847], "excluded_lines": [], "start_line": 812, "executed_branches": [[814, 818], [818, 820], [820, 822], [823, 825], [825, 827], [827, 829], [829, 832], [833, 835], [835, 837], [837, 838], [837, 844], [839, 842], [842, 837], [844, 846], [846, 848]], "missing_branches": [[814, 815], [815, 816], [815, 817], [818, 819], [820, 821], [823, 824], [825, 826], [827, 828], [829, 831], [833, 834], [835, 836], [839, 841], [842, 843], [844, 845], [846, 847]]}, "_check_springs_package": {"executed_lines": [853, 854, 855, 857, 858, 859, 860, 862, 863, 864, 865, 866, 868, 869, 870, 871, 872, 874, 875, 877, 878, 879, 881, 882, 885, 886], "summary": {"covered_lines": 26, "num_statements": 33, "percent_covered": 73.58490566037736, "percent_covered_display": "74", "missing_lines": 7, "excluded_lines": 0, "percent_statements_covered": 78.78787878787878, "percent_statements_covered_display": "79", "num_branches": 20, "num_partial_branches": 7, "covered_branches": 13, "missing_branches": 7, "percent_branches_covered": 65.0, "percent_branches_covered_display": "65"}, "missing_lines": [856, 861, 867, 873, 876, 880, 884], "excluded_lines": [], "start_line": 851, "executed_branches": [[855, 857], [858, 859], [858, 863], [860, 862], [866, 868], [871, 872], [871, 875], [872, 874], [875, 877], [877, 878], [877, 886], [879, 881], [882, 885]], "missing_branches": [[855, 856], [860, 861], [866, 867], [872, 873], [875, 876], [879, 880], [882, 884]]}, "_load_springs_verified": {"executed_lines": [891, 892, 893, 894, 899, 900, 907, 911, 913], "summary": {"covered_lines": 9, "num_statements": 13, "percent_covered": 64.70588235294117, "percent_covered_display": "65", "missing_lines": 4, "excluded_lines": 0, "percent_statements_covered": 69.23076923076923, "percent_statements_covered_display": "69", "num_branches": 4, "num_partial_branches": 2, "covered_branches": 2, "missing_branches": 2, "percent_branches_covered": 50.0, "percent_branches_covered_display": "50"}, "missing_lines": [908, 909, 910, 912], "excluded_lines": [], "start_line": 889, "executed_branches": [[907, 911], [911, 913]], "missing_branches": [[907, 908], [911, 912]]}, "_check_springs_intake": {"executed_lines": [918, 919, 920, 921, 922, 924, 925, 926, 927, 929, 930, 932, 933, 934, 936, 939, 940, 942, 943, 944, 946, 947], "summary": {"covered_lines": 22, "num_statements": 27, "percent_covered": 76.74418604651163, "percent_covered_display": "77", "missing_lines": 5, "excluded_lines": 0, "percent_statements_covered": 81.48148148148148, "percent_statements_covered_display": "81", "num_branches": 16, "num_partial_branches": 5, "covered_branches": 11, "missing_branches": 5, "percent_branches_covered": 68.75, "percent_branches_covered_display": "69"}, "missing_lines": [923, 928, 935, 941, 945], "excluded_lines": [], "start_line": 916, "executed_branches": [[920, 921], [920, 925], [922, 924], [927, 929], [933, 934], [933, 939], [934, 936], [940, 942], [942, 943], [942, 947], [944, 946]], "missing_branches": [[922, 923], [927, 928], [934, 935], [940, 941], [944, 945]]}, "_load_springs_intake": {"executed_lines": [952, 953, 954, 955, 960, 967, 969, 970, 971, 973, 974, 982, 983, 985], "summary": {"covered_lines": 14, "num_statements": 21, "percent_covered": 61.29032258064516, "percent_covered_display": "61", "missing_lines": 7, "excluded_lines": 0, "percent_statements_covered": 66.66666666666667, "percent_statements_covered_display": "67", "num_branches": 10, "num_partial_branches": 5, "covered_branches": 5, "missing_branches": 5, "percent_branches_covered": 50.0, "percent_branches_covered_display": "50"}, "missing_lines": [964, 965, 966, 968, 972, 981, 984], "excluded_lines": [], "start_line": 950, "executed_branches": [[960, 967], [967, 969], [971, 973], [974, 982], [983, 985]], "missing_branches": [[960, 964], [967, 968], [971, 972], [974, 981], [983, 984]]}, "_lookup_springs": {"executed_lines": [999, 1000, 1001, 1003, 1007, 1008, 1010, 1020, 1023, 1024, 1025, 1026, 1030, 1031, 1032, 1033, 1035, 1036, 1037, 1041, 1042, 1060], "summary": {"covered_lines": 22, "num_statements": 22, "percent_covered": 96.15384615384616, "percent_covered_display": "96", "missing_lines": 0, "excluded_lines": 0, "percent_statements_covered": 100.0, "percent_statements_covered_display": "100", "num_branches": 4, "num_partial_branches": 1, "covered_branches": 3, "missing_branches": 1, "percent_branches_covered": 75.0, "percent_branches_covered_display": "75"}, "missing_lines": [], "excluded_lines": [], "start_line": 997, "executed_branches": [[1031, 1032], [1031, 1037], [1035, 1036]], "missing_branches": [[1035, 1031]]}, "_lookup_springs.asset": {"executed_lines": [1005], "summary": {"covered_lines": 1, "num_statements": 1, "percent_covered": 100.0, "percent_covered_display": "100", "missing_lines": 0, "excluded_lines": 0, "percent_statements_covered": 100.0, "percent_statements_covered_display": "100", "num_branches": 0, "num_partial_branches": 0, "covered_branches": 0, "missing_branches": 0, "percent_branches_covered": 100.0, "percent_branches_covered_display": "100"}, "missing_lines": [], "excluded_lines": [], "start_line": 1003, "executed_branches": [], "missing_branches": []}, "_lookup_springs.part": {"executed_lines": [1012, 1013, 1014, 1016], "summary": {"covered_lines": 4, "num_statements": 5, "percent_covered": 71.42857142857143, "percent_covered_display": "71", "missing_lines": 1, "excluded_lines": 0, "percent_statements_covered": 80.0, "percent_statements_covered_display": "80", "num_branches": 2, "num_partial_branches": 1, "covered_branches": 1, "missing_branches": 1, "percent_branches_covered": 50.0, "percent_branches_covered_display": "50"}, "missing_lines": [1015], "excluded_lines": [], "start_line": 1010, "executed_branches": [[1014, 1016]], "missing_branches": [[1014, 1015]]}, "_render_springs": {"executed_lines": [1074, 1077, 1079, 1080, 1093, 1102, 1109, 1110, 1111, 1112, 1113, 1114, 1115, 1116, 1117, 1118, 1120, 1121, 1122, 1123, 1124, 1126, 1128, 1129, 1130], "summary": {"covered_lines": 25, "num_statements": 28, "percent_covered": 85.71428571428571, "percent_covered_display": "86", "missing_lines": 3, "excluded_lines": 0, "percent_statements_covered": 89.28571428571429, "percent_statements_covered_display": "89", "num_branches": 14, "num_partial_branches": 3, "covered_branches": 11, "missing_branches": 3, "percent_branches_covered": 78.57142857142857, "percent_branches_covered_display": "79"}, "missing_lines": [1078, 1119, 1127], "excluded_lines": [], "start_line": 1072, "executed_branches": [[1077, 1079], [1111, 1112], [1111, 1113], [1115, 1116], [1115, 1118], [1116, 1115], [1116, 1117], [1118, 1120], [1121, 1122], [1121, 1126], [1126, 1128]], "missing_branches": [[1077, 1078], [1118, 1119], [1126, 1127]]}, "_render_springs.render_block": {"executed_lines": [1095, 1096, 1097, 1099, 1100], "summary": {"covered_lines": 5, "num_statements": 5, "percent_covered": 100.0, "percent_covered_display": "100", "missing_lines": 0, "excluded_lines": 0, "percent_statements_covered": 100.0, "percent_statements_covered_display": "100", "num_branches": 2, "num_partial_branches": 0, "covered_branches": 2, "missing_branches": 0, "percent_branches_covered": 100.0, "percent_branches_covered_display": "100"}, "missing_lines": [], "excluded_lines": [], "start_line": 1093, "executed_branches": [[1096, 1097], [1096, 1099]], "missing_branches": []}, "_render_springs.render_row": {"executed_lines": [1104], "summary": {"covered_lines": 1, "num_statements": 1, "percent_covered": 100.0, "percent_covered_display": "100", "missing_lines": 0, "excluded_lines": 0, "percent_statements_covered": 100.0, "percent_statements_covered_display": "100", "num_branches": 0, "num_partial_branches": 0, "covered_branches": 0, "missing_branches": 0, "percent_branches_covered": 100.0, "percent_branches_covered_display": "100"}, "missing_lines": [], "excluded_lines": [], "start_line": 1102, "executed_branches": [], "missing_branches": []}, "EhsSpan.bound": {"executed_lines": [1180, 1181, 1184, 1185], "summary": {"covered_lines": 4, "num_statements": 4, "percent_covered": 100.0, "percent_covered_display": "100", "missing_lines": 0, "excluded_lines": 0, "percent_statements_covered": 100.0, "percent_statements_covered_display": "100", "num_branches": 2, "num_partial_branches": 0, "covered_branches": 2, "missing_branches": 0, "percent_branches_covered": 100.0, "percent_branches_covered_display": "100"}, "missing_lines": [], "excluded_lines": [], "start_line": 1178, "executed_branches": [[1181, 1184], [1181, 1185]], "missing_branches": []}, "EhsRow.associations": {"executed_lines": [1218, 1223, 1224], "summary": {"covered_lines": 3, "num_statements": 3, "percent_covered": 100.0, "percent_covered_display": "100", "missing_lines": 0, "excluded_lines": 0, "percent_statements_covered": 100.0, "percent_statements_covered_display": "100", "num_branches": 2, "num_partial_branches": 0, "covered_branches": 2, "missing_branches": 0, "percent_branches_covered": 100.0, "percent_branches_covered_display": "100"}, "missing_lines": [], "excluded_lines": [], "start_line": 1216, "executed_branches": [[1218, 1223], [1218, 1224]], "missing_branches": []}, "EhsLookupResult.complete_context": {"executed_lines": [1281, 1282, 1283, 1284, 1285, 1286, 1290, 1291, 1292, 1293, 1294, 1295], "summary": {"covered_lines": 12, "num_statements": 12, "percent_covered": 100.0, "percent_covered_display": "100", "missing_lines": 0, "excluded_lines": 0, "percent_statements_covered": 100.0, "percent_statements_covered_display": "100", "num_branches": 10, "num_partial_branches": 0, "covered_branches": 10, "missing_branches": 0, "percent_branches_covered": 100.0, "percent_branches_covered_display": "100"}, "missing_lines": [], "excluded_lines": [], "start_line": 1279, "executed_branches": [[1281, 1282], [1281, 1285], [1282, 1283], [1282, 1284], [1286, 1290], [1286, 1291], [1291, 1292], [1291, 1293], [1293, 1294], [1293, 1295]], "missing_branches": []}, "_check_ehs_package": {"executed_lines": [1300, 1301, 1302, 1303, 1304, 1305, 1306, 1307, 1308, 1309, 1310, 1311, 1314, 1315, 1316, 1317, 1318, 1320, 1321, 1322, 1323, 1324, 1325, 1327, 1328, 1329, 1331, 1332, 1333, 1334, 1335, 1336, 1337, 1338, 1339, 1341], "summary": {"covered_lines": 36, "num_statements": 38, "percent_covered": 93.33333333333333, "percent_covered_display": "93", "missing_lines": 2, "excluded_lines": 0, "percent_statements_covered": 94.73684210526316, "percent_statements_covered_display": "95", "num_branches": 22, "num_partial_branches": 2, "covered_branches": 20, "missing_branches": 2, "percent_branches_covered": 90.9090909090909, "percent_branches_covered_display": "91"}, "missing_lines": [1330, 1340], "excluded_lines": [], "start_line": 1298, "executed_branches": [[1302, 1303], [1302, 1304], [1305, 1306], [1305, 1310], [1307, 1308], [1307, 1309], [1311, 1314], [1311, 1315], [1321, 1322], [1321, 1325], [1322, 1323], [1322, 1324], [1325, 1327], [1325, 1328], [1329, 1331], [1332, 1333], [1332, 1339], [1335, 1336], [1335, 1337], [1339, 1341]], "missing_branches": [[1329, 1330], [1339, 1340]]}, "_load_ehs_verified": {"executed_lines": [1346, 1347, 1348, 1349, 1352, 1353, 1355, 1356, 1357, 1358, 1369, 1370, 1371, 1372, 1373, 1374, 1375, 1376, 1377, 1378, 1379, 1380, 1381, 1382, 1383, 1384, 1385, 1386, 1387, 1388, 1389, 1390, 1396, 1397, 1398, 1399], "summary": {"covered_lines": 36, "num_statements": 37, "percent_covered": 96.36363636363636, "percent_covered_display": "96", "missing_lines": 1, "excluded_lines": 0, "percent_statements_covered": 97.29729729729729, "percent_statements_covered_display": "97", "num_branches": 18, "num_partial_branches": 1, "covered_branches": 17, "missing_branches": 1, "percent_branches_covered": 94.44444444444444, "percent_branches_covered_display": "94"}, "missing_lines": [1395], "excluded_lines": [], "start_line": 1344, "executed_branches": [[1355, 1356], [1355, 1357], [1369, 1370], [1369, 1373], [1373, 1374], [1373, 1375], [1380, 1381], [1380, 1382], [1385, 1386], [1385, 1388], [1386, 1385], [1386, 1387], [1388, 1389], [1388, 1390], [1390, 1396], [1397, 1398], [1397, 1399]], "missing_branches": [[1390, 1395]]}, "_ehs_matches": {"executed_lines": [1405, 1406, 1407, 1409], "summary": {"covered_lines": 4, "num_statements": 4, "percent_covered": 100.0, "percent_covered_display": "100", "missing_lines": 0, "excluded_lines": 0, "percent_statements_covered": 100.0, "percent_statements_covered_display": "100", "num_branches": 2, "num_partial_branches": 0, "covered_branches": 2, "missing_branches": 0, "percent_branches_covered": 100.0, "percent_branches_covered_display": "100"}, "missing_lines": [], "excluded_lines": [], "start_line": 1403, "executed_branches": [[1406, 1407], [1406, 1409]], "missing_branches": []}, "_lookup_ehs": {"executed_lines": [1414, 1415, 1416, 1417, 1418, 1420, 1424, 1431, 1433, 1434, 1435, 1436, 1437, 1438, 1439, 1441, 1442, 1446, 1448, 1473], "summary": {"covered_lines": 20, "num_statements": 20, "percent_covered": 100.0, "percent_covered_display": "100", "missing_lines": 0, "excluded_lines": 0, "percent_statements_covered": 100.0, "percent_statements_covered_display": "100", "num_branches": 4, "num_partial_branches": 0, "covered_branches": 4, "missing_branches": 0, "percent_branches_covered": 100.0, "percent_branches_covered_display": "100"}, "missing_lines": [], "excluded_lines": [], "start_line": 1412, "executed_branches": [[1436, 1437], [1436, 1446], [1441, 1436], [1441, 1442]], "missing_branches": []}, "_lookup_ehs.asset": {"executed_lines": [1422], "summary": {"covered_lines": 1, "num_statements": 1, "percent_covered": 100.0, "percent_covered_display": "100", "missing_lines": 0, "excluded_lines": 0, "percent_statements_covered": 100.0, "percent_statements_covered_display": "100", "num_branches": 0, "num_partial_branches": 0, "covered_branches": 0, "missing_branches": 0, "percent_branches_covered": 100.0, "percent_branches_covered_display": "100"}, "missing_lines": [], "excluded_lines": [], "start_line": 1420, "executed_branches": [], "missing_branches": []}, "_lookup_ehs.span": {"executed_lines": [1426, 1428], "summary": {"covered_lines": 2, "num_statements": 3, "percent_covered": 60.0, "percent_covered_display": "60", "missing_lines": 1, "excluded_lines": 0, "percent_statements_covered": 66.66666666666667, "percent_statements_covered_display": "67", "num_branches": 2, "num_partial_branches": 1, "covered_branches": 1, "missing_branches": 1, "percent_branches_covered": 50.0, "percent_branches_covered_display": "50"}, "missing_lines": [1427], "excluded_lines": [], "start_line": 1424, "executed_branches": [[1426, 1428]], "missing_branches": [[1426, 1427]]}, "_render_ehs": {"executed_lines": [1481, 1483, 1485, 1486, 1488, 1500, 1501, 1504, 1505, 1506, 1507, 1513, 1514, 1515], "summary": {"covered_lines": 14, "num_statements": 16, "percent_covered": 84.61538461538461, "percent_covered_display": "85", "missing_lines": 2, "excluded_lines": 0, "percent_statements_covered": 87.5, "percent_statements_covered_display": "88", "num_branches": 10, "num_partial_branches": 2, "covered_branches": 8, "missing_branches": 2, "percent_branches_covered": 80.0, "percent_branches_covered_display": "80"}, "missing_lines": [1484, 1487], "excluded_lines": [], "start_line": 1479, "executed_branches": [[1483, 1485], [1486, 1488], [1500, 1501], [1500, 1504], [1504, 1505], [1504, 1506], [1506, 1507], [1506, 1513]], "missing_branches": [[1483, 1484], [1486, 1487]]}, "_digest": {"executed_lines": [1519, 1520, 1521, 1522, 1523], "summary": {"covered_lines": 5, "num_statements": 5, "percent_covered": 100.0, "percent_covered_display": "100", "missing_lines": 0, "excluded_lines": 0, "percent_statements_covered": 100.0, "percent_statements_covered_display": "100", "num_branches": 2, "num_partial_branches": 0, "covered_branches": 2, "missing_branches": 0, "percent_branches_covered": 100.0, "percent_branches_covered_display": "100"}, "missing_lines": [], "excluded_lines": [], "start_line": 1518, "executed_branches": [[1521, 1522], [1521, 1523]], "missing_branches": []}, "_safe_file": {"executed_lines": [1527, 1528, 1530, 1531, 1532, 1533], "summary": {"covered_lines": 6, "num_statements": 7, "percent_covered": 81.81818181818181, "percent_covered_display": "82", "missing_lines": 1, "excluded_lines": 0, "percent_statements_covered": 85.71428571428571, "percent_statements_covered_display": "86", "num_branches": 4, "num_partial_branches": 1, "covered_branches": 3, "missing_branches": 1, "percent_branches_covered": 75.0, "percent_branches_covered_display": "75"}, "missing_lines": [1529], "excluded_lines": [], "start_line": 1526, "executed_branches": [[1528, 1530], [1531, 1532], [1531, 1533]], "missing_branches": [[1528, 1529]]}, "_check_package": {"executed_lines": [1537, 1538, 1540, 1541, 1542, 1543, 1545], "summary": {"covered_lines": 7, "num_statements": 9, "percent_covered": 76.47058823529412, "percent_covered_display": "76", "missing_lines": 2, "excluded_lines": 0, "percent_statements_covered": 77.77777777777777, "percent_statements_covered_display": "78", "num_branches": 8, "num_partial_branches": 2, "covered_branches": 6, "missing_branches": 2, "percent_branches_covered": 75.0, "percent_branches_covered_display": "75"}, "missing_lines": [1539, 1544], "excluded_lines": [], "start_line": 1536, "executed_branches": [[1537, 1538], [1537, 1540], [1538, 1537], [1541, 1542], [1541, 1545], [1543, 1541]], "missing_branches": [[1538, 1539], [1543, 1544]]}, "_load_verified": {"executed_lines": [1549, 1550, 1551, 1557, 1559], "summary": {"covered_lines": 5, "num_statements": 8, "percent_covered": 60.0, "percent_covered_display": "60", "missing_lines": 3, "excluded_lines": 0, "percent_statements_covered": 62.5, "percent_statements_covered_display": "62", "num_branches": 2, "num_partial_branches": 1, "covered_branches": 1, "missing_branches": 1, "percent_branches_covered": 50.0, "percent_branches_covered_display": "50"}, "missing_lines": [1555, 1556, 1558], "excluded_lines": [], "start_line": 1548, "executed_branches": [[1557, 1559]], "missing_branches": [[1557, 1558]]}, "_check_greeley_package": {"executed_lines": [1564, 1565, 1566, 1568, 1569, 1570, 1571, 1573, 1574, 1575, 1576, 1577, 1579, 1580, 1581, 1583, 1584, 1585, 1586, 1587, 1589, 1590, 1591, 1592, 1594, 1595], "summary": {"covered_lines": 26, "num_statements": 32, "percent_covered": 77.77777777777777, "percent_covered_display": "78", "missing_lines": 6, "excluded_lines": 0, "percent_statements_covered": 81.25, "percent_statements_covered_display": "81", "num_branches": 22, "num_partial_branches": 6, "covered_branches": 16, "missing_branches": 6, "percent_branches_covered": 72.72727272727273, "percent_branches_covered_display": "73"}, "missing_lines": [1567, 1572, 1578, 1582, 1588, 1593], "excluded_lines": [], "start_line": 1562, "executed_branches": [[1564, 1565], [1564, 1568], [1566, 1564], [1571, 1573], [1576, 1577], [1576, 1581], [1577, 1579], [1579, 1576], [1579, 1580], [1581, 1583], [1584, 1585], [1584, 1595], [1587, 1589], [1590, 1591], [1590, 1594], [1592, 1594]], "missing_branches": [[1566, 1567], [1571, 1572], [1577, 1578], [1581, 1582], [1587, 1588], [1592, 1593]]}, "_load_greeley_verified": {"executed_lines": [1600, 1601, 1602, 1603, 1606, 1607, 1613, 1614, 1618, 1619, 1627, 1629], "summary": {"covered_lines": 12, "num_statements": 16, "percent_covered": 70.0, "percent_covered_display": "70", "missing_lines": 4, "excluded_lines": 0, "percent_statements_covered": 75.0, "percent_statements_covered_display": "75", "num_branches": 4, "num_partial_branches": 2, "covered_branches": 2, "missing_branches": 2, "percent_branches_covered": 50.0, "percent_branches_covered_display": "50"}, "missing_lines": [1624, 1625, 1626, 1628], "excluded_lines": [], "start_line": 1598, "executed_branches": [[1619, 1627], [1627, 1629]], "missing_branches": [[1619, 1624], [1627, 1628]]}, "_weld_ref": {"executed_lines": [1634, 1635, 1636, 1638], "summary": {"covered_lines": 4, "num_statements": 5, "percent_covered": 71.42857142857143, "percent_covered_display": "71", "missing_lines": 1, "excluded_lines": 0, "percent_statements_covered": 80.0, "percent_statements_covered_display": "80", "num_branches": 2, "num_partial_branches": 1, "covered_branches": 1, "missing_branches": 1, "percent_branches_covered": 50.0, "percent_branches_covered_display": "50"}, "missing_lines": [1637], "excluded_lines": [], "start_line": 1632, "executed_branches": [[1636, 1638]], "missing_branches": [[1636, 1637]]}, "_check_weld_package": {"executed_lines": [1643, 1644, 1645, 1646, 1647, 1648, 1650, 1651, 1652, 1653, 1654, 1656, 1657, 1658, 1659, 1660, 1662, 1663, 1664, 1666, 1667, 1669, 1670, 1671, 1672, 1673, 1674, 1675, 1676, 1677, 1679, 1680, 1681, 1682], "summary": {"covered_lines": 34, "num_statements": 39, "percent_covered": 84.12698412698413, "percent_covered_display": "84", "missing_lines": 5, "excluded_lines": 0, "percent_statements_covered": 87.17948717948718, "percent_statements_covered_display": "87", "num_branches": 24, "num_partial_branches": 5, "covered_branches": 19, "missing_branches": 5, "percent_branches_covered": 79.16666666666667, "percent_branches_covered_display": "79"}, "missing_lines": [1649, 1655, 1661, 1668, 1678], "excluded_lines": [], "start_line": 1641, "executed_branches": [[1645, 1646], [1645, 1651], [1646, 1645], [1646, 1647], [1648, 1650], [1654, 1656], [1659, 1660], [1659, 1667], [1660, 1662], [1663, 1664], [1663, 1666], [1667, 1669], [1669, 1670], [1669, 1672], [1673, 1674], [1673, 1676], [1677, 1679], [1679, 1680], [1679, 1682]], "missing_branches": [[1648, 1649], [1654, 1655], [1660, 1661], [1667, 1668], [1677, 1678]]}, "_load_weld_verified": {"executed_lines": [1687, 1688, 1689, 1690, 1691, 1692, 1696, 1697, 1702, 1704, 1705, 1707, 1709, 1710, 1711, 1712, 1713, 1714, 1717, 1718, 1719, 1721, 1722, 1723, 1724, 1725, 1727, 1741, 1743], "summary": {"covered_lines": 29, "num_statements": 38, "percent_covered": 74.07407407407408, "percent_covered_display": "74", "missing_lines": 9, "excluded_lines": 0, "percent_statements_covered": 76.3157894736842, "percent_statements_covered_display": "76", "num_branches": 16, "num_partial_branches": 5, "covered_branches": 11, "missing_branches": 5, "percent_branches_covered": 68.75, "percent_branches_covered_display": "69"}, "missing_lines": [1699, 1700, 1701, 1703, 1715, 1716, 1720, 1740, 1742], "excluded_lines": [], "start_line": 1685, "executed_branches": [[1697, 1702], [1702, 1704], [1705, 1707], [1705, 1722], [1711, 1712], [1711, 1719], [1717, 1711], [1717, 1718], [1719, 1721], [1727, 1741], [1741, 1743]], "missing_branches": [[1697, 1699], [1702, 1703], [1719, 1720], [1727, 1740], [1741, 1742]]}, "_lookup_weld": {"executed_lines": [1748, 1749, 1750, 1751, 1753, 1765, 1766, 1767, 1768, 1769, 1770, 1771, 1772, 1773, 1774, 1780, 1785, 1787, 1805], "summary": {"covered_lines": 19, "num_statements": 19, "percent_covered": 95.65217391304348, "percent_covered_display": "96", "missing_lines": 0, "excluded_lines": 0, "percent_statements_covered": 100.0, "percent_statements_covered_display": "100", "num_branches": 4, "num_partial_branches": 1, "covered_branches": 3, "missing_branches": 1, "percent_branches_covered": 75.0, "percent_branches_covered_display": "75"}, "missing_lines": [], "excluded_lines": [], "start_line": 1746, "executed_branches": [[1766, 1767], [1766, 1780], [1773, 1774]], "missing_branches": [[1773, 1766]]}, "_lookup_weld.bind": {"executed_lines": [1755, 1756, 1757, 1758, 1760], "summary": {"covered_lines": 5, "num_statements": 6, "percent_covered": 75.0, "percent_covered_display": "75", "missing_lines": 1, "excluded_lines": 0, "percent_statements_covered": 83.33333333333333, "percent_statements_covered_display": "83", "num_branches": 2, "num_partial_branches": 1, "covered_branches": 1, "missing_branches": 1, "percent_branches_covered": 50.0, "percent_branches_covered_display": "50"}, "missing_lines": [1759], "excluded_lines": [], "start_line": 1753, "executed_branches": [[1758, 1760]], "missing_branches": [[1758, 1759]]}, "_check_grid_package": {"executed_lines": [1816, 1817, 1818, 1819, 1820, 1822, 1823, 1824, 1825, 1827, 1828, 1829, 1830, 1831, 1833, 1834, 1836, 1837, 1838, 1841, 1842, 1844, 1846], "summary": {"covered_lines": 23, "num_statements": 28, "percent_covered": 77.27272727272727, "percent_covered_display": "77", "missing_lines": 5, "excluded_lines": 0, "percent_statements_covered": 82.14285714285714, "percent_statements_covered_display": "82", "num_branches": 16, "num_partial_branches": 5, "covered_branches": 11, "missing_branches": 5, "percent_branches_covered": 68.75, "percent_branches_covered_display": "69"}, "missing_lines": [1821, 1826, 1832, 1835, 1840], "excluded_lines": [], "start_line": 1814, "executed_branches": [[1818, 1819], [1818, 1822], [1820, 1818], [1825, 1827], [1830, 1831], [1830, 1834], [1831, 1833], [1834, 1836], [1836, 1837], [1836, 1842], [1838, 1841]], "missing_branches": [[1820, 1821], [1825, 1826], [1831, 1832], [1834, 1835], [1838, 1840]]}, "_load_grid_verified": {"executed_lines": [1851, 1852, 1853, 1854, 1858, 1859, 1860, 1871, 1872, 1873, 1874, 1875, 1876, 1877, 1878, 1879, 1881, 1882, 1891, 1893], "summary": {"covered_lines": 20, "num_statements": 26, "percent_covered": 70.58823529411765, "percent_covered_display": "71", "missing_lines": 6, "excluded_lines": 0, "percent_statements_covered": 76.92307692307692, "percent_statements_covered_display": "77", "num_branches": 8, "num_partial_branches": 4, "covered_branches": 4, "missing_branches": 4, "percent_branches_covered": 50.0, "percent_branches_covered_display": "50"}, "missing_lines": [1868, 1869, 1870, 1880, 1890, 1892], "excluded_lines": [], "start_line": 1849, "executed_branches": [[1860, 1871], [1879, 1881], [1882, 1891], [1891, 1893]], "missing_branches": [[1860, 1868], [1879, 1880], [1882, 1890], [1891, 1892]]}, "_lookup_grid": {"executed_lines": [1898, 1899, 1900, 1901, 1902, 1903, 1905, 1921, 1925, 1930, 1935, 1936, 1937, 1938, 1939, 1940, 1941, 1942, 1943, 1951, 1952, 1953, 1954, 1959, 1961, 1962, 1969, 1971, 1972, 1980, 1981, 1982, 1996, 1997, 2004, 2005, 2010, 2011, 2013, 2017, 2021, 2023, 2024, 2056], "summary": {"covered_lines": 44, "num_statements": 45, "percent_covered": 97.1830985915493, "percent_covered_display": "97", "missing_lines": 1, "excluded_lines": 0, "percent_statements_covered": 97.77777777777777, "percent_statements_covered_display": "98", "num_branches": 26, "num_partial_branches": 1, "covered_branches": 25, "missing_branches": 1, "percent_branches_covered": 96.15384615384616, "percent_branches_covered_display": "96"}, "missing_lines": [2012], "excluded_lines": [], "start_line": 1896, "executed_branches": [[1936, 1937], [1936, 1971], [1938, 1939], [1938, 1951], [1939, 1938], [1939, 1940], [1940, 1941], [1940, 1943], [1951, 1952], [1951, 1959], [1952, 1951], [1952, 1953], [1953, 1952], [1953, 1954], [1961, 1962], [1961, 1969], [1971, 1972], [1971, 1996], [1981, 1971], [1981, 1982], [1996, 1997], [1996, 2004], [2004, 2005], [2004, 2010], [2011, 2013]], "missing_branches": [[2011, 2012]]}, "_lookup_grid.bind": {"executed_lines": [1907, 1908, 1909, 1910, 1915, 1919], "summary": {"covered_lines": 6, "num_statements": 7, "percent_covered": 77.77777777777777, "percent_covered_display": "78", "missing_lines": 1, "excluded_lines": 0, "percent_statements_covered": 85.71428571428571, "percent_statements_covered_display": "86", "num_branches": 2, "num_partial_branches": 1, "covered_branches": 1, "missing_branches": 1, "percent_branches_covered": 50.0, "percent_branches_covered_display": "50"}, "missing_lines": [1918], "excluded_lines": [], "start_line": 1905, "executed_branches": [[1915, 1919]], "missing_branches": [[1915, 1918]]}, "_lookup_grid.image_path": {"executed_lines": [1923], "summary": {"covered_lines": 1, "num_statements": 1, "percent_covered": 100.0, "percent_covered_display": "100", "missing_lines": 0, "excluded_lines": 0, "percent_statements_covered": 100.0, "percent_statements_covered_display": "100", "num_branches": 0, "num_partial_branches": 0, "covered_branches": 0, "missing_branches": 0, "percent_branches_covered": 100.0, "percent_branches_covered_display": "100"}, "missing_lines": [], "excluded_lines": [], "start_line": 1921, "executed_branches": [], "missing_branches": []}, "_lookup_grid.cell": {"executed_lines": [1927], "summary": {"covered_lines": 1, "num_statements": 1, "percent_covered": 100.0, "percent_covered_display": "100", "missing_lines": 0, "excluded_lines": 0, "percent_statements_covered": 100.0, "percent_statements_covered_display": "100", "num_branches": 0, "num_partial_branches": 0, "covered_branches": 0, "missing_branches": 0, "percent_branches_covered": 100.0, "percent_branches_covered_display": "100"}, "missing_lines": [], "excluded_lines": [], "start_line": 1925, "executed_branches": [], "missing_branches": []}, "_lookup_grid.row": {"executed_lines": [1932], "summary": {"covered_lines": 1, "num_statements": 1, "percent_covered": 100.0, "percent_covered_display": "100", "missing_lines": 0, "excluded_lines": 0, "percent_statements_covered": 100.0, "percent_statements_covered_display": "100", "num_branches": 0, "num_partial_branches": 0, "covered_branches": 0, "missing_branches": 0, "percent_branches_covered": 100.0, "percent_branches_covered_display": "100"}, "missing_lines": [], "excluded_lines": [], "start_line": 1930, "executed_branches": [], "missing_branches": []}, "_search_text": {"executed_lines": [2073], "summary": {"covered_lines": 1, "num_statements": 1, "percent_covered": 100.0, "percent_covered_display": "100", "missing_lines": 0, "excluded_lines": 0, "percent_statements_covered": 100.0, "percent_statements_covered_display": "100", "num_branches": 0, "num_partial_branches": 0, "covered_branches": 0, "missing_branches": 0, "percent_branches_covered": 100.0, "percent_branches_covered_display": "100"}, "missing_lines": [], "excluded_lines": [], "start_line": 2072, "executed_branches": [], "missing_branches": []}, "_matches": {"executed_lines": [2077, 2078, 2079, 2080, 2081, 2082], "summary": {"covered_lines": 6, "num_statements": 6, "percent_covered": 100.0, "percent_covered_display": "100", "missing_lines": 0, "excluded_lines": 0, "percent_statements_covered": 100.0, "percent_statements_covered_display": "100", "num_branches": 2, "num_partial_branches": 0, "covered_branches": 2, "missing_branches": 0, "percent_branches_covered": 100.0, "percent_branches_covered_display": "100"}, "missing_lines": [], "excluded_lines": [], "start_line": 2076, "executed_branches": [[2077, 2078], [2077, 2079]], "missing_branches": []}, "_lookup_greeley": {"executed_lines": [2086, 2087, 2088, 2090, 2091, 2094, 2095, 2097, 2110, 2113, 2115, 2121, 2122, 2123, 2124, 2125, 2126, 2127, 2128, 2129, 2134, 2135, 2162, 2163], "summary": {"covered_lines": 24, "num_statements": 26, "percent_covered": 85.29411764705883, "percent_covered_display": "85", "missing_lines": 2, "excluded_lines": 0, "percent_statements_covered": 92.3076923076923, "percent_statements_covered_display": "92", "num_branches": 8, "num_partial_branches": 3, "covered_branches": 5, "missing_branches": 3, "percent_branches_covered": 62.5, "percent_branches_covered_display": "62"}, "missing_lines": [2089, 2093], "excluded_lines": [], "start_line": 2085, "executed_branches": [[2088, 2090], [2091, 2094], [2122, 2123], [2122, 2134], [2128, 2129]], "missing_branches": [[2088, 2089], [2091, 2093], [2128, 2122]]}, "_lookup_greeley.bind": {"executed_lines": [2098, 2099, 2106, 2108], "summary": {"covered_lines": 4, "num_statements": 5, "percent_covered": 71.42857142857143, "percent_covered_display": "71", "missing_lines": 1, "excluded_lines": 0, "percent_statements_covered": 80.0, "percent_statements_covered_display": "80", "num_branches": 2, "num_partial_branches": 1, "covered_branches": 1, "missing_branches": 1, "percent_branches_covered": 50.0, "percent_branches_covered_display": "50"}, "missing_lines": [2107], "excluded_lines": [], "start_line": 2097, "executed_branches": [[2106, 2108]], "missing_branches": [[2106, 2107]]}, "lookup": {"executed_lines": [2185, 2187, 2188, 2190, 2192, 2194, 2195, 2196, 2238, 2239, 2241, 2242, 2243, 2244, 2245, 2246, 2247, 2248, 2249, 2250, 2251, 2252, 2253, 2255, 2257, 2265, 2266, 2267, 2268, 2269, 2270, 2272, 2279, 2280, 2287], "summary": {"covered_lines": 35, "num_statements": 50, "percent_covered": 65.9090909090909, "percent_covered_display": "66", "missing_lines": 15, "excluded_lines": 0, "percent_statements_covered": 70.0, "percent_statements_covered_display": "70", "num_branches": 38, "num_partial_branches": 7, "covered_branches": 23, "missing_branches": 15, "percent_branches_covered": 60.526315789473685, "percent_branches_covered_display": "61"}, "missing_lines": [2189, 2191, 2193, 2200, 2201, 2208, 2209, 2217, 2218, 2225, 2226, 2233, 2240, 2254, 2271], "excluded_lines": [], "start_line": 2175, "executed_branches": [[2185, 2187], [2185, 2188], [2188, 2190], [2190, 2192], [2192, 2194], [2194, 2195], [2194, 2238], [2195, 2196], [2239, 2241], [2241, 2242], [2241, 2243], [2243, 2244], [2243, 2245], [2245, 2246], [2245, 2247], [2247, 2248], [2247, 2249], [2249, 2250], [2249, 2251], [2253, 2255], [2266, 2267], [2266, 2279], [2270, 2272]], "missing_branches": [[2188, 2189], [2190, 2191], [2192, 2193], [2195, 2200], [2200, 2201], [2200, 2208], [2208, 2209], [2208, 2217], [2217, 2218], [2217, 2225], [2225, 2226], [2225, 2233], [2239, 2240], [2253, 2254], [2270, 2271]]}, "lookup.bind": {"executed_lines": [2258, 2259], "summary": {"covered_lines": 2, "num_statements": 2, "percent_covered": 100.0, "percent_covered_display": "100", "missing_lines": 0, "excluded_lines": 0, "percent_statements_covered": 100.0, "percent_statements_covered_display": "100", "num_branches": 0, "num_partial_branches": 0, "covered_branches": 0, "missing_branches": 0, "percent_branches_covered": 100.0, "percent_branches_covered_display": "100"}, "missing_lines": [], "excluded_lines": [], "start_line": 2257, "executed_branches": [], "missing_branches": []}, "_markdown": {"executed_lines": [2296, 2297], "summary": {"covered_lines": 2, "num_statements": 2, "percent_covered": 100.0, "percent_covered_display": "100", "missing_lines": 0, "excluded_lines": 0, "percent_statements_covered": 100.0, "percent_statements_covered_display": "100", "num_branches": 0, "num_partial_branches": 0, "covered_branches": 0, "missing_branches": 0, "percent_branches_covered": 100.0, "percent_branches_covered_display": "100"}, "missing_lines": [], "excluded_lines": [], "start_line": 2295, "executed_branches": [], "missing_branches": []}, "_link": {"executed_lines": [2301, 2302], "summary": {"covered_lines": 2, "num_statements": 2, "percent_covered": 100.0, "percent_covered_display": "100", "missing_lines": 0, "excluded_lines": 0, "percent_statements_covered": 100.0, "percent_statements_covered_display": "100", "num_branches": 0, "num_partial_branches": 0, "covered_branches": 0, "missing_branches": 0, "percent_branches_covered": 100.0, "percent_branches_covered_display": "100"}, "missing_lines": [], "excluded_lines": [], "start_line": 2300, "executed_branches": [], "missing_branches": []}, "_render_greeley": {"executed_lines": [2306, 2312, 2314, 2315, 2317, 2334, 2335, 2337, 2338, 2339, 2340, 2341, 2342, 2343, 2350, 2351, 2352, 2353, 2354], "summary": {"covered_lines": 19, "num_statements": 22, "percent_covered": 80.0, "percent_covered_display": "80", "missing_lines": 3, "excluded_lines": 0, "percent_statements_covered": 86.36363636363636, "percent_statements_covered_display": "86", "num_branches": 8, "num_partial_branches": 3, "covered_branches": 5, "missing_branches": 3, "percent_branches_covered": 62.5, "percent_branches_covered_display": "62"}, "missing_lines": [2313, 2316, 2336], "excluded_lines": [], "start_line": 2305, "executed_branches": [[2312, 2314], [2315, 2317], [2335, 2337], [2337, 2338], [2337, 2350]], "missing_branches": [[2312, 2313], [2315, 2316], [2335, 2336]]}, "_render_weld": {"executed_lines": [2359, 2364, 2366, 2367, 2369, 2382, 2384, 2386, 2387, 2390, 2392, 2393, 2394, 2397, 2398, 2399, 2401, 2403, 2404, 2405, 2406], "summary": {"covered_lines": 21, "num_statements": 25, "percent_covered": 78.37837837837837, "percent_covered_display": "78", "missing_lines": 4, "excluded_lines": 0, "percent_statements_covered": 84.0, "percent_statements_covered_display": "84", "num_branches": 12, "num_partial_branches": 4, "covered_branches": 8, "missing_branches": 4, "percent_branches_covered": 66.66666666666667, "percent_branches_covered_display": "67"}, "missing_lines": [2365, 2368, 2383, 2385], "excluded_lines": [], "start_line": 2357, "executed_branches": [[2364, 2366], [2367, 2369], [2382, 2384], [2384, 2386], [2386, 2387], [2386, 2397], [2398, 2399], [2398, 2404]], "missing_branches": [[2364, 2365], [2367, 2368], [2382, 2383], [2384, 2385]]}, "_render_grid": {"executed_lines": [2411, 2414, 2416, 2417, 2419, 2431, 2433, 2436, 2449, 2450, 2451, 2452, 2453, 2454, 2455, 2456, 2457, 2458, 2459, 2460, 2461, 2463, 2464, 2465, 2466, 2467, 2468, 2471, 2472, 2473], "summary": {"covered_lines": 30, "num_statements": 34, "percent_covered": 84.0, "percent_covered_display": "84", "missing_lines": 4, "excluded_lines": 0, "percent_statements_covered": 88.23529411764706, "percent_statements_covered_display": "88", "num_branches": 16, "num_partial_branches": 4, "covered_branches": 12, "missing_branches": 4, "percent_branches_covered": 75.0, "percent_branches_covered_display": "75"}, "missing_lines": [2415, 2418, 2432, 2434], "excluded_lines": [], "start_line": 2409, "executed_branches": [[2414, 2416], [2417, 2419], [2431, 2433], [2433, 2436], [2449, 2450], [2449, 2459], [2454, 2455], [2454, 2456], [2460, 2461], [2460, 2464], [2465, 2466], [2465, 2467]], "missing_branches": [[2414, 2415], [2417, 2418], [2431, 2432], [2433, 2434]]}, "_render_grid.render_row": {"executed_lines": [2438, 2439, 2440, 2443, 2444, 2447], "summary": {"covered_lines": 6, "num_statements": 6, "percent_covered": 100.0, "percent_covered_display": "100", "missing_lines": 0, "excluded_lines": 0, "percent_statements_covered": 100.0, "percent_statements_covered_display": "100", "num_branches": 2, "num_partial_branches": 0, "covered_branches": 2, "missing_branches": 0, "percent_branches_covered": 100.0, "percent_branches_covered_display": "100"}, "missing_lines": [], "excluded_lines": [], "start_line": 2436, "executed_branches": [[2439, 2440], [2439, 2447]], "missing_branches": []}, "render_markdown": {"executed_lines": [2481, 2482, 2483, 2484, 2485, 2486, 2487, 2488, 2489, 2490, 2491, 2494, 2496, 2497, 2499, 2508, 2510, 2511, 2517, 2518, 2519], "summary": {"covered_lines": 21, "num_statements": 24, "percent_covered": 85.71428571428571, "percent_covered_display": "86", "missing_lines": 3, "excluded_lines": 0, "percent_statements_covered": 87.5, "percent_statements_covered_display": "88", "num_branches": 18, "num_partial_branches": 3, "covered_branches": 15, "missing_branches": 3, "percent_branches_covered": 83.33333333333333, "percent_branches_covered_display": "83"}, "missing_lines": [2495, 2498, 2509], "excluded_lines": [], "start_line": 2476, "executed_branches": [[2481, 2482], [2481, 2483], [2483, 2484], [2483, 2485], [2485, 2486], [2485, 2487], [2487, 2488], [2487, 2489], [2489, 2490], [2489, 2491], [2494, 2496], [2497, 2499], [2508, 2510], [2510, 2511], [2510, 2517]], "missing_branches": [[2494, 2495], [2497, 2498], [2508, 2509]]}, "main": {"executed_lines": [], "summary": {"covered_lines": 0, "num_statements": 17, "percent_covered": 0.0, "percent_covered_display": "0", "missing_lines": 17, "excluded_lines": 0, "percent_statements_covered": 0.0, "percent_statements_covered_display": "0", "num_branches": 0, "num_partial_branches": 0, "covered_branches": 0, "missing_branches": 0, "percent_branches_covered": 100.0, "percent_branches_covered_display": "100"}, "missing_lines": [2524, 2525, 2526, 2527, 2528, 2529, 2530, 2531, 2532, 2533, 2534, 2536, 2538, 2539, 2540, 2541, 2542], "excluded_lines": [], "start_line": 2522, "executed_branches": [], "missing_branches": []}, "": {"executed_lines": [3, 5, 6, 7, 8, 9, 10, 11, 12, 13, 14, 15, 16, 18, 19, 21, 22, 23, 24, 30, 31, 32, 33, 34, 55, 62, 67, 68, 69, 70, 71, 72, 84, 88, 96, 103, 104, 105, 106, 113, 117, 123, 129, 136, 143, 144, 145, 148, 149, 160, 161, 162, 173, 182, 185, 188, 191, 192, 193, 194, 195, 196, 199, 202, 203, 204, 205, 206, 207, 208, 209, 210, 211, 212, 213, 216, 219, 220, 221, 222, 223, 224, 225, 226, 227, 228, 231, 234, 235, 236, 237, 238, 239, 240, 241, 242, 243, 244, 245, 246, 247, 248, 251, 254, 255, 256, 257, 260, 261, 262, 263, 264, 265, 266, 268, 269, 281, 284, 285, 286, 287, 288, 289, 292, 295, 296, 297, 302, 305, 306, 307, 308, 309, 310, 311, 312, 313, 314, 315, 316, 317, 318, 319, 320, 321, 322, 323, 324, 325, 326, 327, 328, 329, 330, 333, 336, 337, 338, 339, 340, 341, 342, 343, 344, 345, 346, 347, 348, 349, 350, 351, 352, 355, 358, 359, 361, 362, 372, 375, 376, 377, 378, 379, 380, 381, 382, 384, 385, 400, 403, 404, 405, 406, 407, 412, 415, 416, 417, 418, 419, 420, 421, 422, 423, 424, 425, 426, 427, 428, 429, 430, 431, 432, 433, 434, 435, 436, 437, 438, 439, 440, 441, 446, 449, 450, 451, 452, 453, 454, 455, 456, 457, 458, 459, 460, 461, 462, 463, 464, 468, 471, 472, 473, 474, 475, 476, 477, 478, 479, 481, 482, 493, 496, 497, 498, 499, 500, 502, 503, 515, 518, 519, 520, 521, 523, 524, 536, 539, 540, 541, 542, 543, 544, 545, 548, 551, 552, 553, 554, 555, 556, 559, 562, 566, 567, 568, 569, 570, 571, 572, 573, 574, 575, 576, 577, 578, 579, 580, 581, 582, 583, 584, 585, 586, 587, 588, 589, 590, 591, 592, 593, 596, 599, 600, 604, 605, 606, 607, 608, 609, 610, 611, 612, 613, 614, 615, 616, 617, 618, 621, 622, 623, 624, 627, 630, 631, 632, 635, 638, 639, 640, 641, 642, 643, 644, 645, 646, 647, 651, 652, 680, 683, 686, 689, 690, 693, 694, 697, 700, 701, 702, 703, 704, 710, 713, 714, 715, 716, 717, 718, 719, 720, 721, 726, 727, 738, 741, 742, 743, 744, 745, 746, 747, 748, 749, 750, 751, 752, 753, 754, 755, 756, 757, 758, 759, 760, 761, 762, 763, 770, 771, 772, 773, 774, 775, 776, 777, 779, 780, 790, 793, 794, 795, 796, 797, 798, 799, 800, 801, 802, 803, 804, 805, 806, 807, 808, 809, 811, 812, 851, 889, 916, 950, 997, 1072, 1133, 1134, 1135, 1138, 1139, 1148, 1149, 1158, 1161, 1162, 1163, 1166, 1169, 1170, 1171, 1172, 1173, 1174, 1175, 1177, 1178, 1188, 1191, 1192, 1193, 1194, 1195, 1196, 1199, 1202, 1203, 1204, 1205, 1206, 1207, 1208, 1209, 1210, 1211, 1212, 1213, 1215, 1216, 1227, 1230, 1231, 1232, 1233, 1234, 1235, 1236, 1237, 1238, 1239, 1240, 1241, 1242, 1243, 1244, 1245, 1246, 1247, 1248, 1249, 1250, 1251, 1252, 1253, 1254, 1259, 1262, 1263, 1264, 1265, 1266, 1267, 1268, 1269, 1270, 1271, 1272, 1273, 1274, 1275, 1276, 1278, 1279, 1298, 1344, 1403, 1412, 1479, 1518, 1526, 1536, 1548, 1562, 1598, 1632, 1641, 1685, 1746, 1814, 1849, 1896, 2072, 2076, 2085, 2175, 2295, 2300, 2305, 2357, 2409, 2476, 2522, 2545], "summary": {"covered_lines": 552, "num_statements": 553, "percent_covered": 99.63963963963964, "percent_covered_display": "99", "missing_lines": 1, "excluded_lines": 0, "percent_statements_covered": 99.81916817359856, "percent_statements_covered_display": "99", "num_branches": 2, "num_partial_branches": 1, "covered_branches": 1, "missing_branches": 1, "percent_branches_covered": 50.0, "percent_branches_covered_display": "50"}, "missing_lines": [2546], "excluded_lines": [], "start_line": 1, "executed_branches": [[2545, -1]], "missing_branches": [[2545, 2546]]}}, "classes": {"StrictModel": {"executed_lines": [], "summary": {"covered_lines": 0, "num_statements": 0, "percent_covered": 100.0, "percent_covered_display": "100", "missing_lines": 0, "excluded_lines": 0, "percent_statements_covered": 100.0, "percent_statements_covered_display": "100", "num_branches": 0, "num_partial_branches": 0, "covered_branches": 0, "missing_branches": 0, "percent_branches_covered": 100.0, "percent_branches_covered_display": "100"}, "missing_lines": [], "excluded_lines": [], "start_line": 182, "executed_branches": [], "missing_branches": []}, "SpanBinding": {"executed_lines": [], "summary": {"covered_lines": 0, "num_statements": 0, "percent_covered": 100.0, "percent_covered_display": "100", "missing_lines": 0, "excluded_lines": 0, "percent_statements_covered": 100.0, "percent_statements_covered_display": "100", "num_branches": 0, "num_partial_branches": 0, "covered_branches": 0, "missing_branches": 0, "percent_branches_covered": 100.0, "percent_branches_covered_display": "100"}, "missing_lines": [], "excluded_lines": [], "start_line": 188, "executed_branches": [], "missing_branches": []}, "SourceBinding": {"executed_lines": [], "summary": {"covered_lines": 0, "num_statements": 0, "percent_covered": 100.0, "percent_covered_display": "100", "missing_lines": 0, "excluded_lines": 0, "percent_statements_covered": 100.0, "percent_statements_covered_display": "100", "num_branches": 0, "num_partial_branches": 0, "covered_branches": 0, "missing_branches": 0, "percent_branches_covered": 100.0, "percent_branches_covered_display": "100"}, "missing_lines": [], "excluded_lines": [], "start_line": 199, "executed_branches": [], "missing_branches": []}, "MatchedRow": {"executed_lines": [], "summary": {"covered_lines": 0, "num_statements": 0, "percent_covered": 100.0, "percent_covered_display": "100", "missing_lines": 0, "excluded_lines": 0, "percent_statements_covered": 100.0, "percent_statements_covered_display": "100", "num_branches": 0, "num_partial_branches": 0, "covered_branches": 0, "missing_branches": 0, "percent_branches_covered": 100.0, "percent_branches_covered_display": "100"}, "missing_lines": [], "excluded_lines": [], "start_line": 216, "executed_branches": [], "missing_branches": []}, "LookupResult": {"executed_lines": [], "summary": {"covered_lines": 0, "num_statements": 0, "percent_covered": 100.0, "percent_covered_display": "100", "missing_lines": 0, "excluded_lines": 0, "percent_statements_covered": 100.0, "percent_statements_covered_display": "100", "num_branches": 0, "num_partial_branches": 0, "covered_branches": 0, "missing_branches": 0, "percent_branches_covered": 100.0, "percent_branches_covered_display": "100"}, "missing_lines": [], "excluded_lines": [], "start_line": 231, "executed_branches": [], "missing_branches": []}, "GreeleyBlock": {"executed_lines": [271, 272, 278], "summary": {"covered_lines": 3, "num_statements": 4, "percent_covered": 66.66666666666667, "percent_covered_display": "67", "missing_lines": 1, "excluded_lines": 0, "percent_statements_covered": 75.0, "percent_statements_covered_display": "75", "num_branches": 2, "num_partial_branches": 1, "covered_branches": 1, "missing_branches": 1, "percent_branches_covered": 50.0, "percent_branches_covered_display": "50"}, "missing_lines": [277], "excluded_lines": [], "start_line": 251, "executed_branches": [[272, 278]], "missing_branches": [[272, 277]]}, "GreeleyEntry": {"executed_lines": [], "summary": {"covered_lines": 0, "num_statements": 0, "percent_covered": 100.0, "percent_covered_display": "100", "missing_lines": 0, "excluded_lines": 0, "percent_statements_covered": 100.0, "percent_statements_covered_display": "100", "num_branches": 0, "num_partial_branches": 0, "covered_branches": 0, "missing_branches": 0, "percent_branches_covered": 100.0, "percent_branches_covered_display": "100"}, "missing_lines": [], "excluded_lines": [], "start_line": 281, "executed_branches": [], "missing_branches": []}, "GreeleyDateStatement": {"executed_lines": [], "summary": {"covered_lines": 0, "num_statements": 0, "percent_covered": 100.0, "percent_covered_display": "100", "missing_lines": 0, "excluded_lines": 0, "percent_statements_covered": 100.0, "percent_statements_covered_display": "100", "num_branches": 0, "num_partial_branches": 0, "covered_branches": 0, "missing_branches": 0, "percent_branches_covered": 100.0, "percent_branches_covered_display": "100"}, "missing_lines": [], "excluded_lines": [], "start_line": 292, "executed_branches": [], "missing_branches": []}, "GreeleySourceBinding": {"executed_lines": [], "summary": {"covered_lines": 0, "num_statements": 0, "percent_covered": 100.0, "percent_covered_display": "100", "missing_lines": 0, "excluded_lines": 0, "percent_statements_covered": 100.0, "percent_statements_covered_display": "100", "num_branches": 0, "num_partial_branches": 0, "covered_branches": 0, "missing_branches": 0, "percent_branches_covered": 100.0, "percent_branches_covered_display": "100"}, "missing_lines": [], "excluded_lines": [], "start_line": 302, "executed_branches": [], "missing_branches": []}, "GreeleyLookupResult": {"executed_lines": [], "summary": {"covered_lines": 0, "num_statements": 0, "percent_covered": 100.0, "percent_covered_display": "100", "missing_lines": 0, "excluded_lines": 0, "percent_statements_covered": 100.0, "percent_statements_covered_display": "100", "num_branches": 0, "num_partial_branches": 0, "covered_branches": 0, "missing_branches": 0, "percent_branches_covered": 100.0, "percent_branches_covered_display": "100"}, "missing_lines": [], "excluded_lines": [], "start_line": 333, "executed_branches": [], "missing_branches": []}, "WeldBlock": {"executed_lines": [364, 365, 369], "summary": {"covered_lines": 3, "num_statements": 4, "percent_covered": 66.66666666666667, "percent_covered_display": "67", "missing_lines": 1, "excluded_lines": 0, "percent_statements_covered": 75.0, "percent_statements_covered_display": "75", "num_branches": 2, "num_partial_branches": 1, "covered_branches": 1, "missing_branches": 1, "percent_branches_covered": 50.0, "percent_branches_covered_display": "50"}, "missing_lines": [368], "excluded_lines": [], "start_line": 355, "executed_branches": [[365, 369]], "missing_branches": [[365, 368]]}, "WeldRow": {"executed_lines": [387, 389, 390, 391, 392, 393, 394, 397], "summary": {"covered_lines": 8, "num_statements": 10, "percent_covered": 75.0, "percent_covered_display": "75", "missing_lines": 2, "excluded_lines": 0, "percent_statements_covered": 80.0, "percent_statements_covered_display": "80", "num_branches": 6, "num_partial_branches": 2, "covered_branches": 4, "missing_branches": 2, "percent_branches_covered": 66.66666666666667, "percent_branches_covered_display": "67"}, "missing_lines": [388, 396], "excluded_lines": [], "start_line": 372, "executed_branches": [[387, 389], [392, 393], [392, 394], [394, 397]], "missing_branches": [[387, 388], [394, 396]]}, "WeldPageContext": {"executed_lines": [], "summary": {"covered_lines": 0, "num_statements": 0, "percent_covered": 100.0, "percent_covered_display": "100", "missing_lines": 0, "excluded_lines": 0, "percent_statements_covered": 100.0, "percent_statements_covered_display": "100", "num_branches": 0, "num_partial_branches": 0, "covered_branches": 0, "missing_branches": 0, "percent_branches_covered": 100.0, "percent_branches_covered_display": "100"}, "missing_lines": [], "excluded_lines": [], "start_line": 400, "executed_branches": [], "missing_branches": []}, "WeldSourceBinding": {"executed_lines": [], "summary": {"covered_lines": 0, "num_statements": 0, "percent_covered": 100.0, "percent_covered_display": "100", "missing_lines": 0, "excluded_lines": 0, "percent_statements_covered": 100.0, "percent_statements_covered_display": "100", "num_branches": 0, "num_partial_branches": 0, "covered_branches": 0, "missing_branches": 0, "percent_branches_covered": 100.0, "percent_branches_covered_display": "100"}, "missing_lines": [], "excluded_lines": [], "start_line": 412, "executed_branches": [], "missing_branches": []}, "WeldLookupResult": {"executed_lines": [], "summary": {"covered_lines": 0, "num_statements": 0, "percent_covered": 100.0, "percent_covered_display": "100", "missing_lines": 0, "excluded_lines": 0, "percent_statements_covered": 100.0, "percent_statements_covered_display": "100", "num_branches": 0, "num_partial_branches": 0, "covered_branches": 0, "missing_branches": 0, "percent_branches_covered": 100.0, "percent_branches_covered_display": "100"}, "missing_lines": [], "excluded_lines": [], "start_line": 446, "executed_branches": [], "missing_branches": []}, "GridBlock": {"executed_lines": [484, 485, 490], "summary": {"covered_lines": 3, "num_statements": 4, "percent_covered": 66.66666666666667, "percent_covered_display": "67", "missing_lines": 1, "excluded_lines": 0, "percent_statements_covered": 75.0, "percent_statements_covered_display": "75", "num_branches": 2, "num_partial_branches": 1, "covered_branches": 1, "missing_branches": 1, "percent_branches_covered": 50.0, "percent_branches_covered_display": "50"}, "missing_lines": [489], "excluded_lines": [], "start_line": 468, "executed_branches": [[485, 490]], "missing_branches": [[485, 489]]}, "GridCell": {"executed_lines": [505, 507, 508, 510, 512], "summary": {"covered_lines": 5, "num_statements": 8, "percent_covered": 62.5, "percent_covered_display": "62", "missing_lines": 3, "excluded_lines": 0, "percent_statements_covered": 62.5, "percent_statements_covered_display": "62", "num_branches": 8, "num_partial_branches": 3, "covered_branches": 5, "missing_branches": 3, "percent_branches_covered": 62.5, "percent_branches_covered_display": "62"}, "missing_lines": [506, 509, 511], "excluded_lines": [], "start_line": 493, "executed_branches": [[505, 507], [507, 508], [507, 510], [508, 512], [510, 512]], "missing_branches": [[505, 506], [508, 509], [510, 511]]}, "GridRowEvidence": {"executed_lines": [526, 527, 528, 530, 531, 533], "summary": {"covered_lines": 6, "num_statements": 8, "percent_covered": 71.42857142857143, "percent_covered_display": "71", "missing_lines": 2, "excluded_lines": 0, "percent_statements_covered": 75.0, "percent_statements_covered_display": "75", "num_branches": 6, "num_partial_branches": 2, "covered_branches": 4, "missing_branches": 2, "percent_branches_covered": 66.66666666666667, "percent_branches_covered_display": "67"}, "missing_lines": [529, 532], "excluded_lines": [], "start_line": 515, "executed_branches": [[527, 528], [527, 533], [528, 530], [531, 527]], "missing_branches": [[528, 529], [531, 532]]}, "GridMatchedRow": {"executed_lines": [], "summary": {"covered_lines": 0, "num_statements": 0, "percent_covered": 100.0, "percent_covered_display": "100", "missing_lines": 0, "excluded_lines": 0, "percent_statements_covered": 100.0, "percent_statements_covered_display": "100", "num_branches": 0, "num_partial_branches": 0, "covered_branches": 0, "missing_branches": 0, "percent_branches_covered": 100.0, "percent_branches_covered_display": "100"}, "missing_lines": [], "excluded_lines": [], "start_line": 536, "executed_branches": [], "missing_branches": []}, "GridContext": {"executed_lines": [], "summary": {"covered_lines": 0, "num_statements": 0, "percent_covered": 100.0, "percent_covered_display": "100", "missing_lines": 0, "excluded_lines": 0, "percent_statements_covered": 100.0, "percent_statements_covered_display": "100", "num_branches": 0, "num_partial_branches": 0, "covered_branches": 0, "missing_branches": 0, "percent_branches_covered": 100.0, "percent_branches_covered_display": "100"}, "missing_lines": [], "excluded_lines": [], "start_line": 548, "executed_branches": [], "missing_branches": []}, "GridSourceBinding": {"executed_lines": [], "summary": {"covered_lines": 0, "num_statements": 0, "percent_covered": 100.0, "percent_covered_display": "100", "missing_lines": 0, "excluded_lines": 0, "percent_statements_covered": 100.0, "percent_statements_covered_display": "100", "num_branches": 0, "num_partial_branches": 0, "covered_branches": 0, "missing_branches": 0, "percent_branches_covered": 100.0, "percent_branches_covered_display": "100"}, "missing_lines": [], "excluded_lines": [], "start_line": 559, "executed_branches": [], "missing_branches": []}, "GridLookupResult": {"executed_lines": [], "summary": {"covered_lines": 0, "num_statements": 0, "percent_covered": 100.0, "percent_covered_display": "100", "missing_lines": 0, "excluded_lines": 0, "percent_statements_covered": 100.0, "percent_statements_covered_display": "100", "num_branches": 0, "num_partial_branches": 0, "covered_branches": 0, "missing_branches": 0, "percent_branches_covered": 100.0, "percent_branches_covered_display": "100"}, "missing_lines": [], "excluded_lines": [], "start_line": 596, "executed_branches": [], "missing_branches": []}, "SpringsAsset": {"executed_lines": [], "summary": {"covered_lines": 0, "num_statements": 0, "percent_covered": 100.0, "percent_covered_display": "100", "missing_lines": 0, "excluded_lines": 0, "percent_statements_covered": 100.0, "percent_statements_covered_display": "100", "num_branches": 0, "num_partial_branches": 0, "covered_branches": 0, "missing_branches": 0, "percent_branches_covered": 100.0, "percent_branches_covered_display": "100"}, "missing_lines": [], "excluded_lines": [], "start_line": 627, "executed_branches": [], "missing_branches": []}, "SpringsPart": {"executed_lines": [654, 655, 657, 661, 662, 664, 665, 667, 669, 670, 673, 674, 677], "summary": {"covered_lines": 13, "num_statements": 20, "percent_covered": 65.0, "percent_covered_display": "65", "missing_lines": 7, "excluded_lines": 0, "percent_statements_covered": 65.0, "percent_statements_covered_display": "65", "num_branches": 20, "num_partial_branches": 7, "covered_branches": 13, "missing_branches": 7, "percent_branches_covered": 65.0, "percent_branches_covered_display": "65"}, "missing_lines": [656, 660, 663, 666, 668, 672, 676], "excluded_lines": [], "start_line": 635, "executed_branches": [[655, 657], [657, 661], [661, 662], [661, 664], [662, 661], [665, 667], [667, 669], [669, 670], [669, 673], [670, 669], [673, 674], [673, 677], [674, 673]], "missing_branches": [[655, 656], [657, 660], [662, 663], [665, 666], [667, 668], [670, 672], [67
[...]
 "percent_branches_covered": 100.0, "percent_branches_covered_display": "100"}, "missing_lines": [], "excluded_lines": [], "start_line": 697, "executed_branches": [], "missing_branches": []}, "SpringsRow": {"executed_lines": [729, 731, 733, 735], "summary": {"covered_lines": 4, "num_statements": 7, "percent_covered": 53.84615384615385, "percent_covered_display": "54", "missing_lines": 3, "excluded_lines": 0, "percent_statements_covered": 57.142857142857146, "percent_statements_covered_display": "57", "num_branches": 6, "num_partial_branches": 3, "covered_branches": 3, "missing_branches": 3, "percent_branches_covered": 50.0, "percent_branches_covered_display": "50"}, "missing_lines": [730, 732, 734], "excluded_lines": [], "start_line": 710, "executed_branches": [[729, 731], [731, 733], [733, 735]], "missing_branches": [[729, 730], [731, 732], [733, 734]]}, "SpringsSourceBinding": {"executed_lines": [782, 785, 787], "summary": {"covered_lines": 3, "num_statements": 5, "percent_covered": 55.55555555555556, "percent_covered_display": "56", "missing_lines": 2, "excluded_lines": 0, "percent_statements_covered": 60.0, "percent_statements_covered_display": "60", "num_branches": 4, "num_partial_branches": 2, "covered_branches": 2, "missing_branches": 2, "percent_branches_covered": 50.0, "percent_branches_covered_display": "50"}, "missing_lines": [784, 786], "excluded_lines": [], "start_line": 738, "executed_branches": [[782, 785], [785, 787]], "missing_branches": [[782, 784], [785, 786]]}, "SpringsLookupResult": {"executed_lines": [814, 818, 820, 822, 823, 825, 827, 829, 832, 833, 835, 837, 838, 839, 842, 844, 846, 848], "summary": {"covered_lines": 18, "num_statements": 33, "percent_covered": 52.38095238095238, "percent_covered_display": "52", "missing_lines": 15, "excluded_lines": 0, "percent_statements_covered": 54.54545454545455, "percent_statements_covered_display": "55", "num_branches": 30, "num_partial_branches": 13, "covered_branches": 15, "missing_branches": 15, "percent_branches_covered": 50.0, "percent_branches_covered_display": "50"}, "missing_lines": [815, 816, 817, 819, 821, 824, 826, 828, 831, 834, 836, 841, 843, 845, 847], "excluded_lines": [], "start_line": 790, "executed_branches": [[814, 818], [818, 820], [820, 822], [823, 825], [825, 827], [827, 829], [829, 832], [833, 835], [835, 837], [837, 838], [837, 844], [839, 842], [842, 837], [844, 846], [846, 848]], "missing_branches": [[814, 815], [815, 816], [815, 817], [818, 819], [820, 821], [823, 824], [825, 826], [827, 828], [829, 831], [833, 834], [835, 836], [839, 841], [842, 843], [844, 845], [846, 847]]}, "EhsAsset": {"executed_lines": [], "summary": {"covered_lines": 0, "num_statements": 0, "percent_covered": 100.0, "percent_covered_display": "100", "missing_lines": 0, "excluded_lines": 0, "percent_statements_covered": 100.0, "percent_statements_covered_display": "100", "num_branches": 0, "num_partial_branches": 0, "covered_branches": 0, "missing_branches": 0, "percent_branches_covered": 100.0, "percent_branches_covered_display": "100"}, "missing_lines": [], "excluded_lines": [], "start_line": 1158, "executed_branches": [], "missing_branches": []}, "EhsSpan": {"executed_lines": [1180, 1181, 1184, 1185], "summary": {"covered_lines": 4, "num_statements": 4, "percent_covered": 100.0, "percent_covered_display": "100", "missing_lines": 0, "excluded_lines": 0, "percent_statements_covered": 100.0, "percent_statements_covered_display": "100", "num_branches": 2, "num_partial_branches": 0, "covered_branches": 2, "missing_branches": 0, "percent_branches_covered": 100.0, "percent_branches_covered_display": "100"}, "missing_lines": [], "excluded_lines": [], "start_line": 1166, "executed_branches": [[1181, 1184], [1181, 1185]], "missing_branches": []}, "EhsContext": {"executed_lines": [], "summary": {"covered_lines": 0, "num_statements": 0, "percent_covered": 100.0, "percent_covered_display": "100", "missing_lines": 0, "excluded_lines": 0, "percent_statements_covered": 100.0, "percent_statements_covered_display": "100", "num_branches": 0, "num_partial_branches": 0, "covered_branches": 0, "missing_branches": 0, "percent_branches_covered": 100.0, "percent_branches_covered_display": "100"}, "missing_lines": [], "excluded_lines": [], "start_line": 1188, "executed_branches": [], "missing_branches": []}, "EhsRow": {"executed_lines": [1218, 1223, 1224], "summary": {"covered_lines": 3, "num_statements": 3, "percent_covered": 100.0, "percent_covered_display": "100", "missing_lines": 0, "excluded_lines": 0, "percent_statements_covered": 100.0, "percent_statements_covered_display": "100", "num_branches": 2, "num_partial_branches": 0, "covered_branches": 2, "missing_branches": 0, "percent_branches_covered": 100.0, "percent_branches_covered_display": "100"}, "missing_lines": [], "excluded_lines": [], "start_line": 1199, "executed_branches": [[1218, 1223], [1218, 1224]], "missing_branches": []}, "EhsSource": {"executed_lines": [], "summary": {"covered_lines": 0, "num_statements": 0, "percent_covered": 100.0, "percent_covered_display": "100", "missing_lines": 0, "excluded_lines": 0, "percent_statements_covered": 100.0, "percent_statements_covered_display": "100", "num_branches": 0, "num_partial_branches": 0, "covered_branches": 0, "missing_branches": 0, "percent_branches_covered": 100.0, "percent_branches_covered_display": "100"}, "missing_lines": [], "excluded_lines": [], "start_line": 1227, "executed_branches": [], "missing_branches": []}, "EhsLookupResult": {"executed_lines": [1281, 1282, 1283, 1284, 1285, 1286, 1290, 1291, 1292, 1293, 1294, 1295], "summary": {"covered_lines": 12, "num_statements": 12, "percent_covered": 100.0, "percent_covered_display": "100", "missing_lines": 0, "excluded_lines": 0, "percent_statements_covered": 100.0, "percent_statements_covered_display": "100", "num_branches": 10, "num_partial_branches": 0, "covered_branches": 10, "missing_branches": 0, "percent_branches_covered": 100.0, "percent_branches_covered_display": "100"}, "missing_lines": [], "excluded_lines": [], "start_line": 1259, "executed_branches": [[1281, 1282], [1281, 1285], [1282, 1283], [1282, 1284], [1286, 1290], [1286, 1291], [1291, 1292], [1291, 1293], [1293, 1294], [1293, 1295]], "missing_branches": []}, "": {"executed_lines": [3, 5, 6, 7, 8, 9, 10, 11, 12, 13, 14, 15, 16, 18, 19, 21, 22, 23, 24, 30, 31, 32, 33, 34, 55, 62, 67, 68, 69, 70, 71, 72, 84, 88, 96, 103, 104, 105, 106, 113, 117, 123, 129, 136, 143, 144, 145, 148, 149, 160, 161, 162, 173, 182, 185, 188, 191, 192, 193, 194, 195, 196, 199, 202, 203, 204, 205, 206, 207, 208, 209, 210, 211, 212, 213, 216, 219, 220, 221, 222, 223, 224, 225, 226, 227, 228, 231, 234, 235, 236, 237, 238, 239, 240, 241, 242, 243, 244, 245, 246, 247, 248, 251, 254, 255, 256, 257, 260, 261, 262, 263, 264, 265, 266, 268, 269, 281, 284, 285, 286, 287, 288, 289, 292, 295, 296, 297, 302, 305, 306, 307, 308, 309, 310, 311, 312, 313, 314, 315, 316, 317, 318, 319, 320, 321, 322, 323, 324, 325, 326, 327, 328, 329, 330, 333, 336, 337, 338, 339, 340, 341, 342, 343, 344, 345, 346, 347, 348, 349, 350, 351, 352, 355, 358, 359, 361, 362, 372, 375, 376, 377, 378, 379, 380, 381, 382, 384, 385, 400, 403, 404, 405, 406, 407, 412, 415, 416, 417, 418, 419, 420, 421, 422, 423, 424, 425, 426, 427, 428, 429, 430, 431, 432, 433, 434, 435, 436, 437, 438, 439, 440, 441, 446, 449, 450, 451, 452, 453, 454, 455, 456, 457, 458, 459, 460, 461, 462, 463, 464, 468, 471, 472, 473, 474, 475, 476, 477, 478, 479, 481, 482, 493, 496, 497, 498, 499, 500, 502, 503, 515, 518, 519, 520, 521, 523, 524, 536, 539, 540, 541, 542, 543, 544, 545, 548, 551, 552, 553, 554, 555, 556, 559, 562, 566, 567, 568, 569, 570, 571, 572, 573, 574, 575, 576, 577, 578, 579, 580, 581, 582, 583, 584, 585, 586, 587, 588, 589, 590, 591, 592, 593, 596, 599, 600, 604, 605, 606, 607, 608, 609, 610, 611, 612, 613, 614, 615, 616, 617, 618, 621, 622, 623, 624, 627, 630, 631, 632, 635, 638, 639, 640, 641, 642, 643, 644, 645, 646, 647, 651, 652, 680, 683, 686, 689, 690, 693, 694, 697, 700, 701, 702, 703, 704, 710, 713, 714, 715, 716, 717, 718, 719, 720, 721, 726, 727, 738, 741, 742, 743, 744, 745, 746, 747, 748, 749, 750, 751, 752, 753, 754, 755, 756, 757, 758, 759, 760, 761, 762, 763, 770, 771, 772, 773, 774, 775, 776, 777, 779, 780, 790, 793, 794, 795, 796, 797, 798, 799, 800, 801, 802, 803, 804, 805, 806, 807, 808, 809, 811, 812, 851, 853, 854, 855, 857, 858, 859, 860, 862, 863, 864, 865, 866, 868, 869, 870, 871, 872, 874, 875, 877, 878, 879, 881, 882, 885, 886, 889, 891, 892, 893, 894, 899, 900, 907, 911, 913, 916, 918, 919, 920, 921, 922, 924, 925, 926, 927, 929, 930, 932, 933, 934, 936, 939, 940, 942, 943, 944, 946, 947, 950, 952, 953, 954, 955, 960, 967, 969, 970, 971, 973, 974, 982, 983, 985, 997, 999, 1000, 1001, 1003, 1005, 1007, 1008, 1010, 1012, 1013, 1014, 1016, 1020, 1023, 1024, 1025, 1026, 1030, 1031, 1032, 1033, 1035, 1036, 1037, 1041, 1042, 1060, 1072, 1074, 1077, 1079, 1080, 1093, 1095, 1096, 1097, 1099, 1100, 1102, 1104, 1109, 1110, 1111, 1112, 1113, 1114, 1115, 1116, 1117, 1118, 1120, 1121, 1122, 1123, 1124, 1126, 1128, 1129, 1130, 1133, 1134, 1135, 1138, 1139, 1148, 1149, 1158, 1161, 1162, 1163, 1166, 1169, 1170, 1171, 1172, 1173, 1174, 1175, 1177, 1178, 1188, 1191, 1192, 1193, 1194, 1195, 1196, 1199, 1202, 1203, 1204, 1205, 1206, 1207, 1208, 1209, 1210, 1211, 1212, 1213, 1215, 1216, 1227, 1230, 1231, 1232, 1233, 1234, 1235, 1236, 1237, 1238, 1239, 1240, 1241, 1242, 1243, 1244, 1245, 1246, 1247, 1248, 1249, 1250, 1251, 1252, 1253, 1254, 1259, 1262, 1263, 1264, 1265, 1266, 1267, 1268, 1269, 1270, 1271, 1272, 1273, 1274, 1275, 1276, 1278, 1279, 1298, 1300, 1301, 1302, 1303, 1304, 1305, 1306, 1307, 1308, 1309, 1310, 1311, 1314, 1315, 1316, 1317, 1318, 1320, 1321, 1322, 1323, 1324, 1325, 1327, 1328, 1329, 1331, 1332, 1333, 1334, 1335, 1336, 1337, 1338, 1339, 1341, 1344, 1346, 1347, 1348, 1349, 1352, 1353, 1355, 1356, 1357, 1358, 1369, 1370, 1371, 1372, 1373, 1374, 1375, 1376, 1377, 1378, 1379, 1380, 1381, 1382, 1383, 1384, 1385, 1386, 1387, 1388, 1389, 1390, 1396, 1397, 1398, 1399, 1403, 1405, 1406, 1407, 1409, 1412, 1414, 1415, 1416, 1417, 1418, 1420, 1422, 1424, 1426, 1428, 1431, 1433, 1434, 1435, 1436, 1437, 1438, 1439, 1441, 1442, 1446, 1448, 1473, 1479, 1481, 1483, 1485, 1486, 1488, 1500, 1501, 1504, 1505, 1506, 1507, 1513, 1514, 1515, 1518, 1519, 1520, 1521, 1522, 1523, 1526, 1527, 1528, 1530, 1531, 1532, 1533, 1536, 1537, 1538, 1540, 1541, 1542, 1543, 1545, 1548, 1549, 1550, 1551, 1557, 1559, 1562, 1564, 1565, 1566, 1568, 1569, 1570, 1571, 1573, 1574, 1575, 1576, 1577, 1579, 1580, 1581, 1583, 1584, 1585, 1586, 1587, 1589, 1590, 1591, 1592, 1594, 1595, 1598, 1600, 1601, 1602, 1603, 1606, 1607, 1613, 1614, 1618, 1619, 1627, 1629, 1632, 1634, 1635, 1636, 1638, 1641, 1643, 1644, 1645, 1646, 1647, 1648, 1650, 1651, 1652, 1653, 1654, 1656, 1657, 1658, 1659, 1660, 1662, 1663, 1664, 1666, 1667, 1669, 1670, 1671, 1672, 1673, 1674, 1675, 1676, 1677, 1679, 1680, 1681, 1682, 1685, 1687, 1688, 1689, 1690, 1691, 1692, 1696, 1697, 1702, 1704, 1705, 1707, 1709, 1710, 1711, 1712, 1713, 1714, 1717, 1718, 1719, 1721, 1722, 1723, 1724, 1725, 1727, 1741, 1743, 1746, 1748, 1749, 1750, 1751, 1753, 1755, 1756, 1757, 1758, 1760, 1765, 1766, 1767, 1768, 1769, 1770, 1771, 1772, 1773, 1774, 1780, 1785, 1787, 1805, 1814, 1816, 1817, 1818, 1819, 1820, 1822, 1823, 1824, 1825, 1827, 1828, 1829, 1830, 1831, 1833, 1834, 1836, 1837, 1838, 1841, 1842, 1844, 1846, 1849, 1851, 1852, 1853, 1854, 1858, 1859, 1860, 1871, 1872, 1873, 1874, 1875, 1876, 1877, 1878, 1879, 1881, 1882, 1891, 1893, 1896, 1898, 1899, 1900, 1901, 1902, 1903, 1905, 1907, 1908, 1909, 1910, 1915, 1919, 1921, 1923, 1925, 1927, 1930, 1932, 1935, 1936, 1937, 1938, 1939, 1940, 1941, 1942, 1943, 1951, 1952, 1953, 1954, 1959, 1961, 1962, 1969, 1971, 1972, 1980, 1981, 1982, 1996, 1997, 2004, 2005, 2010, 2011, 2013, 2017, 2021, 2023, 2024, 2056, 2072, 2073, 2076, 2077, 2078, 2079, 2080, 2081, 2082, 2085, 2086, 2087, 2088, 2090, 2091, 2094, 2095, 2097, 2098, 2099, 2106, 2108, 2110, 2113, 2115, 2121, 2122, 2123, 2124, 2125, 2126, 2127, 2128, 2129, 2134, 2135, 2162, 2163, 2175, 2185, 2187, 2188, 2190, 2192, 2194, 2195, 2196, 2238, 2239, 2241, 2242, 2243, 2244, 2245, 2246, 2247, 2248, 2249, 2250, 2251, 2252, 2253, 2255, 2257, 2258, 2259, 2265, 2266, 2267, 2268, 2269, 2270, 2272, 2279, 2280, 2287, 2295, 2296, 2297, 2300, 2301, 2302, 2305, 2306, 2312, 2314, 2315, 2317, 2334, 2335, 2337, 2338, 2339, 2340, 2341, 2342, 2343, 2350, 2351, 2352, 2353, 2354, 2357, 2359, 2364, 2366, 2367, 2369, 2382, 2384, 2386, 2387, 2390, 2392, 2393, 2394, 2397, 2398, 2399, 2401, 2403, 2404, 2405, 2406, 2409, 2411, 2414, 2416, 2417, 2419, 2431, 2433, 2436, 2438, 2439, 2440, 2443, 2444, 2447, 2449, 2450, 2451, 2452, 2453, 2454, 2455, 2456, 2457, 2458, 2459, 2460, 2461, 2463, 2464, 2465, 2466, 2467, 2468, 2471, 2472, 2473, 2476, 2481, 2482, 2483, 2484, 2485, 2486, 2487, 2488, 2489, 2490, 2491, 2494, 2496, 2497, 2499, 2508, 2510, 2511, 2517, 2518, 2519, 2522, 2545], "summary": {"covered_lines": 1215, "num_statements": 1343, "percent_covered": 86.76726639582124, "percent_covered_display": "87", "missing_lines": 128, "excluded_lines": 0, "percent_statements_covered": 90.46909903201787, "percent_statements_covered_display": "90", "num_branches": 380, "num_partial_branches": 92, "covered_branches": 280, "missing_branches": 100, "percent_branches_covered": 73.6842105263158, "percent_branches_covered_display": "74"}, "missing_lines": [856, 861, 867, 873, 876, 880, 884, 908, 909, 910, 912, 923, 928, 935, 941, 945, 964, 965, 966, 968, 972, 981, 984, 1015, 1078, 1119, 1127, 1330, 1340, 1395, 1427, 1484, 1487, 1529, 1539, 1544, 1555, 1556, 1558, 1567, 1572, 1578, 1582, 1588, 1593, 1624, 1625, 1626, 1628, 1637, 1649, 1655, 1661, 1668, 1678, 1699, 1700, 1701, 1703, 1715, 1716, 1720, 1740, 1742, 1759, 1821, 1826, 1832, 1835, 1840, 1868, 1869, 1870, 1880, 1890, 1892, 1918, 2012, 2089, 2093, 2107, 2189, 2191, 2193, 2200, 2201, 2208, 2209, 2217, 2218, 2225, 2226, 2233, 2240, 2254, 2271, 2313, 2316, 2336, 2365, 2368, 2383, 2385, 2415, 2418, 2432, 2434, 2495, 2498, 2509, 2524, 2525, 2526, 2527, 2528, 2529, 2530, 2531, 2532, 2533, 2534, 2536, 2538, 2539, 2540, 2541, 2542, 2546], "excluded_lines": [], "start_line": 1, "executed_branches": [[855, 857], [858, 859], [858, 863], [860, 862], [866, 868], [871, 872], [871, 875], [872, 874], [875, 877], [877, 878], [877, 886], [879, 881], [882, 885], [907, 911], [911, 913], [920, 921], [920, 925], [922, 924], [927, 929], [933, 934], [933, 939], [934, 936], [940, 942], [942, 943], [942, 947], [944, 946], [960, 967], [967, 969], [971, 973], [974, 982], [983, 985], [1014, 1016], [1031, 1032], [1031, 1037], [1035, 1036], [1077, 1079], [1096, 1097], [1096, 1099], [1111, 1112], [1111, 1113], [1115, 1116], [1115, 1118], [1116, 1115], [1116, 1117], [1118, 1120], [1121, 1122], [1121, 1126], [1126, 1128], [1302, 1303], [1302, 1304], [1305, 1306], [1305, 1310], [1307, 1308], [1307, 1309], [1311, 1314], [1311, 1315], [1321, 1322], [1321, 1325], [1322, 1323], [1322, 1324], [1325, 1327], [1325, 1328], [1329, 1331], [1332, 1333], [1332, 1339], [1335, 1336], [1335, 1337], [1339, 1341], [1355, 1356], [1355, 1357], [1369, 1370], [1369, 1373], [1373, 1374], [1373, 1375], [1380, 1381], [1380, 1382], [1385, 1386], [1385, 1388], [1386, 1385], [1386, 1387], [1388, 1389], [1388, 1390], [1390, 1396], [1397, 1398], [1397, 1399], [1406, 1407], [1406, 1409], [1426, 1428], [1436, 1437], [1436, 1446], [1441, 1436], [1441, 1442], [1483, 1485], [1486, 1488], [1500, 1501], [1500, 1504], [1504, 1505], [1504, 1506], [1506, 1507], [1506, 1513], [1521, 1522], [1521, 1523], [1528, 1530], [1531, 1532], [1531, 1533], [1537, 1538], [1537, 1540], [1538, 1537], [1541, 1542], [1541, 1545], [1543, 1541], [1557, 1559], [1564, 1565], [1564, 1568], [1566, 1564], [1571, 1573], [1576, 1577], [1576, 1581], [1577, 1579], [1579, 1576], [1579, 1580], [1581, 1583], [1584, 1585], [1584, 1595], [1587, 1589], [1590, 1591], [1590, 1594], [1592, 1594], [1619, 1627], [1627, 1629], [1636, 1638], [1645, 1646], [1645, 1651], [1646, 1645], [1646, 1647], [1648, 1650], [1654, 1656], [1659, 1660], [1659, 1667], [1660, 1662], [1663, 1664], [1663, 1666], [1667, 1669], [1669, 1670], [1669, 1672], [1673, 1674], [1673, 1676], [1677, 1679], [1679, 1680], [1679, 1682], [1697, 1702], [1702, 1704], [1705, 1707], [1705, 1722], [1711, 1712], [1711, 1719], [1717, 1711], [1717, 1718], [1719, 1721], [1727, 1741], [1741, 1743], [1758, 1760], [1766, 1767], [1766, 1780], [1773, 1774], [1818, 1819], [1818, 1822], [1820, 1818], [1825, 1827], [1830, 1831], [1830, 1834], [1831, 1833], [1834, 1836], [1836, 1837], [1836, 1842], [1838, 1841], [1860, 1871], [1879, 1881], [1882, 1891], [1891, 1893], [1915, 1919], [1936, 1937], [1936, 1971], [1938, 1939], [1938, 1951], [1939, 1938], [1939, 1940], [1940, 1941], [1940, 1943], [1951, 1952], [1951, 1959], [1952, 1951], [1952, 1953], [1953, 1952], [1953, 1954], [1961, 1962], [1961, 1969], [1971, 1972], [1971, 1996], [1981, 1971], [1981, 1982], [1996, 1997], [1996, 2004], [2004, 2005], [2004, 2010], [2011, 2013], [2077, 2078], [2077, 2079], [2088, 2090], [2091, 2094], [2106, 2108], [2122, 2123], [2122, 2134], [2128, 2129], [2185, 2187], [2185, 2188], [2188, 2190], [2190, 2192], [2192, 2194], [2194, 2195], [2194, 2238], [2195, 2196], [2239, 2241], [2241, 2242], [2241, 2243], [2243, 2244], [2243, 2245], [2245, 2246], [2245, 2247], [2247, 2248], [2247, 2249], [2249, 2250], [2249, 2251], [2253, 2255], [2266, 2267], [2266, 2279], [2270, 2272], [2312, 2314], [2315, 2317], [2335, 2337], [2337, 2338], [2337, 2350], [2364, 2366], [2367, 2369], [2382, 2384], [2384, 2386], [2386, 2387], [2386, 2397], [2398, 2399], [2398, 2404], [2414, 2416], [2417, 2419], [2431, 2433], [2433, 2436], [2439, 2440], [2439, 2447], [2449, 2450], [2449, 2459], [2454, 2455], [2454, 2456], [2460, 2461], [2460, 2464], [2465, 2466], [2465, 2467], [2481, 2482], [2481, 2483], [2483, 2484], [2483, 2485], [2485, 2486], [2485, 2487], [2487, 2488], [2487, 2489], [2489, 2490], [2489, 2491], [2494, 2496], [2497, 2499], [2508, 2510], [2510, 2511], [2510, 2517], [2545, -1]], "missing_branches": [[855, 856], [860, 861], [866, 867], [872, 873], [875, 876], [879, 880], [882, 884], [907, 908], [911, 912], [922, 923], [927, 928], [934, 935], [940, 941], [944, 945], [960, 964], [967, 968], [971, 972], [974, 981], [983, 984], [1014, 1015], [1035, 1031], [1077, 1078], [1118, 1119], [1126, 1127], [1329, 1330], [1339, 1340], [1390, 1395], [1426, 1427], [1483, 1484], [1486, 1487], [1528, 1529], [1538, 1539], [1543, 1544], [1557, 1558], [1566, 1567], [1571, 1572], [1577, 1578], [1581, 1582], [1587, 1588], [1592, 1593], [1619, 1624], [1627, 1628], [1636, 1637], [1648, 1649], [1654, 1655], [1660, 1661], [1667, 1668], [1677, 1678], [1697, 1699], [1702, 1703], [1719, 1720], [1727, 1740], [1741, 1742], [1758, 1759], [1773, 1766], [1820, 1821], [1825, 1826], [1831, 1832], [1834, 1835], [1838, 1840], [1860, 1868], [1879, 1880], [1882, 1890], [1891, 1892], [1915, 1918], [2011, 2012], [2088, 2089], [2091, 2093], [2106, 2107], [2128, 2122], [2188, 2189], [2190, 2191], [2192, 2193], [2195, 2200], [2200, 2201], [2200, 2208], [2208, 2209], [2208, 2217], [2217, 2218], [2217, 2225], [2225, 2226], [2225, 2233], [2239, 2240], [2253, 2254], [2270, 2271], [2312, 2313], [2315, 2316], [2335, 2336], [2364, 2365], [2367, 2368], [2382, 2383], [2384, 2385], [2414, 2415], [2417, 2418], [2431, 2432], [2433, 2434], [2494, 2495], [2497, 2498], [2508, 2509], [2545, 2546]]}}}}, "totals": {"covered_lines": 1300, "num_statements": 1465, "percent_covered": 84.47300771208226, "percent_covered_display": "84", "missing_lines": 165, "excluded_lines": 0, "percent_statements_covered": 88.73720136518772, "percent_statements_covered_display": "89", "num_branches": 480, "num_partial_branches": 127, "covered_branches": 343, "missing_branches": 137, "percent_branches_covered": 71.45833333333333, "percent_branches_covered_display": "71"}}