{"meta": {"format": 3, "version": "7.16.0", "timestamp": "2026-09-12T18:10:38.449277", "branch_coverage": true, "show_contexts": false}, "files": {"/Users/mcoors/Documents/Project Geode/handoffs/run-2026-09-12/douglas-ehs-source-qa/validate_package.py": {"executed_lines": [2, 3, 4, 5, 6, 7, 8, 9, 10, 11, 13, 14, 16, 17, 18, 19, 20, 21, 23, 24, 25, 26, 27, 30, 32, 35, 37, 38, 39, 40, 41, 42, 45, 47, 48, 49, 50, 53, 55, 56, 59, 61, 64, 66, 67, 68, 69, 70, 71, 72, 73, 75, 76, 77, 78, 79, 83, 84, 85, 86, 87, 89, 90, 92, 93, 95, 96, 97, 98, 99, 100, 101, 102, 103, 104, 105, 106, 107, 108, 109, 111, 112, 114, 115, 116, 117, 118, 119, 120, 121, 122, 124, 127, 128, 129, 130, 131, 133, 134, 135, 136, 138, 140, 141, 142, 144, 145, 146, 147, 149, 150, 151, 152, 154, 156, 161, 162, 164, 167, 168, 169, 170, 173, 174, 175, 176, 180, 183, 185, 186, 187, 189, 190, 191, 192, 193, 195, 196, 197, 198, 199, 200, 202, 203, 205, 206, 210, 216, 218, 219, 220, 221, 222, 223, 224, 225, 226, 227, 228, 229, 231, 232, 233, 234, 236, 237, 238, 239, 240, 241, 242, 244, 247], "summary": {"covered_lines": 173, "num_statements": 178, "percent_covered": 96.75925925925925, "percent_covered_display": "97", "missing_lines": 5, "excluded_lines": 0, "percent_statements_covered": 97.19101123595506, "percent_statements_covered_display": "97", "num_branches": 38, "num_partial_branches": 2, "covered_branches": 36, "missing_branches": 2, "percent_branches_covered": 94.73684210526316, "percent_branches_covered_display": "95"}, "missing_lines": [248, 249, 250, 251, 252], "excluded_lines": [], "executed_branches": [[55, 56], [84, 85], [84, 89], [98, 99], [98, 101], [99, 98], [99, 100], [104, 105], [104, 107], [108, 109], [108, 150], [116, 117], [116, 145], [118, 119], [118, 120], [121, 122], [121, 135], [156, 161], [156, 168], [168, 169], [168, 175], [186, 187], [186, 189], [189, 190], [189, 193], [195, 196], [195, 205], [222, 223], [222, 226], [224, 222], [224, 225], [234, 236], [234, 240], [240, 241], [240, 242], [247, -1]], "missing_branches": [[55, -53], [247, 248]], "functions": {"require": {"executed_lines": [32], "summary": {"covered_lines": 1, "num_statements": 1, "percent_covered": 100.0, "percent_covered_display": "100", "missing_lines": 0, "excluded_lines": 0, "percent_statements_covered": 100.0, "percent_statements_covered_display": "100", "num_branches": 0, "num_partial_branches": 0, "covered_branches": 0, "missing_branches": 0, "percent_branches_covered": 100.0, "percent_branches_covered_display": "100"}, "missing_lines": [], "excluded_lines": [], "start_line": 30, "executed_branches": [], "missing_branches": []}, "safe": {"executed_lines": [37, 38, 39, 40, 41, 42], "summary": {"covered_lines": 6, "num_statements": 6, "percent_covered": 100.0, "percent_covered_display": "100", "missing_lines": 0, "excluded_lines": 0, "percent_statements_covered": 100.0, "percent_statements_covered_display": "100", "num_branches": 0, "num_partial_branches": 0, "covered_branches": 0, "missing_branches": 0, "percent_branches_covered": 100.0, "percent_branches_covered_display": "100"}, "missing_lines": [], "excluded_lines": [], "start_line": 35, "executed_branches": [], "missing_branches": []}, "content": {"executed_lines": [47, 48, 49, 50], "summary": {"covered_lines": 4, "num_statements": 4, "percent_covered": 100.0, "percent_covered_display": "100", "missing_lines": 0, "excluded_lines": 0, "percent_statements_covered": 100.0, "percent_statements_covered_display": "100", "num_branches": 0, "num_partial_branches": 0, "covered_branches": 0, "missing_branches": 0, "percent_branches_covered": 100.0, "percent_branches_covered_display": "100"}, "missing_lines": [], "excluded_lines": [], "start_line": 45, "executed_branches": [], "missing_branches": []}, "equal_box": {"executed_lines": [55, 56], "summary": {"covered_lines": 2, "num_statements": 2, "percent_covered": 75.0, "percent_covered_display": "75", "missing_lines": 0, "excluded_lines": 0, "percent_statements_covered": 100.0, "percent_statements_covered_display": "100", "num_branches": 2, "num_partial_branches": 1, "covered_branches": 1, "missing_branches": 1, "percent_branches_covered": 50.0, "percent_branches_covered_display": "50"}, "missing_lines": [], "excluded_lines": [], "start_line": 53, "executed_branches": [[55, 56]], "missing_branches": [[55, -53]]}, "norm": {"executed_lines": [61], "summary": {"covered_lines": 1, "num_statements": 1, "percent_covered": 100.0, "percent_covered_display": "100", "missing_lines": 0, "excluded_lines": 0, "percent_statements_covered": 100.0, "percent_statements_covered_display": "100", "num_branches": 0, "num_partial_branches": 0, "covered_branches": 0, "missing_branches": 0, "percent_branches_covered": 100.0, "percent_branches_covered_display": "100"}, "missing_lines": [], "excluded_lines": [], "start_line": 59, "executed_branches": [], "missing_branches": []}, "validate_qa": {"executed_lines": [66, 67, 68, 69, 70, 71, 72, 73, 75, 76, 77, 78, 79, 83, 84, 85, 86, 87, 89, 90, 92, 93, 95, 96, 97, 98, 99, 100, 101, 102, 103, 104, 105, 106, 107, 108, 109, 111, 112, 114, 115, 116, 117, 118, 119, 120, 121, 122, 124, 127, 128, 129, 130, 131, 133, 134, 135, 136, 138, 140, 141, 142, 144, 145, 146, 147, 149, 150, 151, 152, 154, 156, 161, 162, 164, 167, 168, 169, 170, 173, 174, 175, 176, 180, 183, 185, 186, 187, 189, 190, 191, 192, 193, 195, 196, 197, 198, 199, 200, 202, 203, 205, 206, 210], "summary": {"covered_lines": 104, "num_statements": 104, "percent_covered": 100.0, "percent_covered_display": "100", "missing_lines": 0, "excluded_lines": 0, "percent_statements_covered": 100.0, "percent_statements_covered_display": "100", "num_branches": 26, "num_partial_branches": 0, "covered_branches": 26, "missing_branches": 0, "percent_branches_covered": 100.0, "percent_branches_covered_display": "100"}, "missing_lines": [], "excluded_lines": [], "start_line": 64, "executed_branches": [[84, 85], [84, 89], [98, 99], [98, 101], [99, 98], [99, 100], [104, 105], [104, 107], [108, 109], [108, 150], [116, 117], [116, 145], [118, 119], [118, 120], [121, 122], [121, 135], [156, 161], [156, 168], [168, 169], [168, 175], [186, 187], [186, 189], [189, 190], [189, 193], [195, 196], [195, 205]], "missing_branches": []}, "verify": {"executed_lines": [218, 219, 220, 221, 222, 223, 224, 225, 226, 227, 228, 229, 231, 232, 233, 234, 236, 237, 238, 239, 240, 241, 242, 244], "summary": {"covered_lines": 24, "num_statements": 24, "percent_covered": 100.0, "percent_covered_display": "100", "missing_lines": 0, "excluded_lines": 0, "percent_statements_covered": 100.0, "percent_statements_covered_display": "100", "num_branches": 8, "num_partial_branches": 0, "covered_branches": 8, "missing_branches": 0, "percent_branches_covered": 100.0, "percent_branches_covered_display": "100"}, "missing_lines": [], "excluded_lines": [], "start_line": 216, "executed_branches": [[222, 223], [222, 226], [224, 222], [224, 225], [234, 236], [234, 240], [240, 241], [240, 242]], "missing_branches": []}, "": {"executed_lines": [2, 3, 4, 5, 6, 7, 8, 9, 10, 11, 13, 14, 16, 17, 18, 19, 20, 21, 23, 24, 25, 26, 27, 30, 35, 45, 53, 59, 64, 216, 247], "summary": {"covered_lines": 31, "num_statements": 36, "percent_covered": 84.21052631578948, "percent_covered_display": "84", "missing_lines": 5, "excluded_lines": 0, "percent_statements_covered": 86.11111111111111, "percent_statements_covered_display": "86", "num_branches": 2, "num_partial_branches": 1, "covered_branches": 1, "missing_branches": 1, "percent_branches_covered": 50.0, "percent_branches_covered_display": "50"}, "missing_lines": [248, 249, 250, 251, 252], "excluded_lines": [], "start_line": 1, "executed_branches": [[247, -1]], "missing_branches": [[247, 248]]}}, "classes": {"": {"executed_lines": [2, 3, 4, 5, 6, 7, 8, 9, 10, 11, 13, 14, 16, 17, 18, 19, 20, 21, 23, 24, 25, 26, 27, 30, 32, 35, 37, 38, 39, 40, 41, 42, 45, 47, 48, 49, 50, 53, 55, 56, 59, 61, 64, 66, 67, 68, 69, 70, 71, 72, 73, 75, 76, 77, 78, 79, 83, 84, 85, 86, 87, 89, 90, 92, 93, 95, 96, 97, 98, 99, 100, 101, 102, 103, 104, 105, 106, 107, 108, 109, 111, 112, 114, 115, 116, 117, 118, 119, 120, 121, 122, 124, 127, 128, 129, 130, 131, 133, 134, 135, 136, 138, 140, 141, 142, 144, 145, 146, 147, 149, 150, 151, 152, 154, 156, 161, 162, 164, 167, 168, 169, 170, 173, 174, 175, 176, 180, 183, 185, 186, 187, 189, 190, 191, 192, 193, 195, 196, 197, 198, 199, 200, 202, 203, 205, 206, 210, 216, 218, 219, 220, 221, 222, 223, 224, 225, 226, 227, 228, 229, 231, 232, 233, 234, 236, 237, 238, 239, 240, 241, 242, 244, 247], "summary": {"covered_lines": 173, "num_statements": 178, "percent_covered": 96.75925925925925, "percent_covered_display": "97", "missing_lines": 5, "excluded_lines": 0, "percent_statements_covered": 97.19101123595506, "percent_statements_covered_display": "97", "num_branches": 38, "num_partial_branches": 2, "covered_branches": 36, "missing_branches": 2, "percent_branches_covered": 94.73684210526316, "percent_branches_covered_display": "95"}, "missing_lines": [248, 249, 250, 251, 252], "excluded_lines": [], "start_line": 1, "executed_branches": [[55, 56], [84, 85], [84, 89], [98, 99], [98, 101], [99, 98], [99, 100], [104, 105], [104, 107], [108, 109], [108, 150], [116, 117], [116, 145], [118, 119], [118, 120], [121, 122], [121, 135], [156, 161], [156, 168], [168, 169], [168, 175], [186, 187], [186, 189], [189, 190], [189, 193], [195, 196], [195, 205], [222, 223], [222, 226], [224, 222], [224, 225], [234, 236], [234, 240], [240, 241], [240, 242], [247, -1]], "missing_branches": [[55, -53], [247, 248]]}}}}, "totals": {"covered_lines": 173, "num_statements": 178, "percent_covered": 96.75925925925925, "percent_covered_display": "97", "missing_lines": 5, "excluded_lines": 0, "percent_statements_covered": 97.19101123595506, "percent_statements_covered_display": "97", "num_branches": 38, "num_partial_branches": 2, "covered_branches": 36, "missing_branches": 2, "percent_branches_covered": 94.73684210526316, "percent_branches_covered_display": "95"}}