{"meta": {"format": 3, "version": "7.16.0", "timestamp": "2026-09-24T13:44:41.532725", "branch_coverage": true, "show_contexts": false}, "files": {"transaction.py": {"executed_lines": [2, 4, 5, 6, 7, 8, 9, 10, 11, 12, 13, 14, 15, 16, 18, 19, 20, 21, 23, 24, 25, 26, 27, 28, 29, 38, 41, 43, 46, 48, 49, 51, 52, 53, 55, 56, 57, 58, 60, 63, 65, 66, 67, 68, 71, 73, 74, 75, 76, 77, 78, 79, 80, 83, 84, 85, 88, 90, 91, 92, 93, 94, 95, 96, 97, 98, 101, 103, 104, 105, 106, 109, 111, 112, 113, 114, 115, 116, 117, 118, 119, 120, 121, 122, 123, 126, 128, 129, 130, 131, 146, 148, 149, 152, 154, 155, 156, 158, 159, 160, 167, 170, 172, 175, 177, 178, 179, 180, 181, 182, 183, 184, 185, 186, 187, 188, 189, 190, 192, 195, 197, 198, 199, 200, 201, 202, 203, 204, 205, 206, 207, 208, 209, 211, 214, 216, 217, 219, 220, 221, 222, 223, 224, 226, 227, 229, 231, 232, 233, 234, 236, 237, 238, 239, 240, 241, 242, 243, 244, 246, 247, 248, 249, 251, 252, 253, 254, 258, 263, 265, 266, 267, 268, 269, 270, 271, 273, 275, 277, 278, 280, 282, 284, 285, 288, 289, 290, 291, 310, 311, 312, 313, 314, 322, 323, 324, 333, 334, 335, 336, 341, 342, 344, 347, 349, 350, 351, 352, 353, 355, 356, 357, 358, 359, 360, 361, 362, 363, 364, 366, 367, 368, 369, 371, 372, 373, 374, 375, 376, 377, 378, 379, 380, 381, 382, 384, 385, 386, 387, 388, 390, 391, 392, 393, 395, 396, 397, 398, 399, 401, 402, 403, 404, 405, 407, 408, 409, 410, 411, 412, 413, 414, 415, 416, 417, 419, 420, 421, 422, 426, 428, 429, 430, 431, 432, 433, 434, 435, 436, 437, 438, 439, 440, 441, 442, 443, 446, 448, 461, 464, 465, 466, 467, 468, 469, 470, 471, 472, 473, 479, 480, 481, 482, 483, 484, 485, 486, 487, 489, 490, 491, 496, 497, 498, 499, 500, 501, 502, 503, 504, 505, 506, 507, 508, 509, 510, 511, 512, 513, 514, 516, 517, 518, 519, 520, 522, 523, 524, 525, 526, 527, 528, 529, 530, 531, 532, 534, 535, 537, 538, 539, 540, 541, 544, 545, 546, 547, 548, 549, 550, 551, 552, 553, 554, 555, 556, 557], "summary": {"covered_lines": 367, "num_statements": 389, "percent_covered": 92.09138840070298, "percent_covered_display": "92", "missing_lines": 22, "excluded_lines": 0, "percent_statements_covered": 94.34447300771208, "percent_statements_covered_display": "94", "num_branches": 180, "num_partial_branches": 23, "covered_branches": 157, "missing_branches": 23, "percent_branches_covered": 87.22222222222223, "percent_branches_covered_display": "87"}, "missing_lines": [59, 157, 218, 225, 228, 230, 235, 250, 260, 272, 274, 276, 279, 283, 321, 331, 340, 343, 365, 389, 418, 521], "excluded_lines": [], "executed_branches": [[49, 51], [49, 52], [53, 55], [53, 56], [56, 57], [56, 58], [58, 60], [66, 67], [66, 68], [74, 75], [74, 76], [77, 78], [77, 80], [78, 77], [78, 79], [156, 158], [178, 179], [178, 182], [179, 180], [179, 181], [198, 199], [198, 200], [207, 208], [207, 209], [217, 219], [220, 221], [220, 232], [222, 220], [222, 223], [224, 226], [227, 229], [229, 231], [234, 236], [237, 238], [237, 252], [239, 240], [239, 241], [241, 242], [241, 246], [242, 243], [242, 244], [249, 251], [258, -214], [268, 269], [268, 342], [271, 273], [273, 275], [275, 277], [278, 280], [282, 284], [285, 288], [285, 289], [291, 310], [291, 311], [312, 313], [312, 322], [314, 341], [322, 323], [322, 333], [324, 341], [336, 341], [342, 344], [353, 355], [353, 356], [360, 361], [360, 363], [361, 360], [361, 362], [363, 364], [363, 366], [364, 363], [368, 369], [368, 386], [369, 371], [369, 372], [372, 373], [372, 380], [373, 374], [373, 375], [377, 378], [377, 379], [380, 381], [380, 382], [382, 384], [382, 385], [387, 388], [387, 396], [388, 390], [390, 391], [390, 392], [392, 393], [392, 395], [396, 397], [396, 398], [398, 399], [398, 401], [402, 403], [402, 404], [404, 405], [404, 407], [410, 411], [410, 422], [411, 412], [411, 415], [413, 411], [413, 414], [415, 410], [415, 416], [417, 419], [419, 415], [419, 420], [420, 421], [431, 432], [431, 442], [432, 433], [432, 442], [433, 434], [433, 437], [435, 433], [435, 436], [437, 432], [437, 438], [440, 437], [440, 441], [464, 465], [464, 466], [472, 473], [472, 479], [479, 480], [479, 481], [481, 482], [481, 525], [486, 487], [486, 489], [500, 501], [500, 502], [504, 505], [504, 506], [507, 508], [507, 512], [512, 513], [512, 519], [516, 517], [516, 518], [520, 522], [528, 529], [528, 530], [530, 531], [530, 535], [532, 530], [532, 534], [537, 538], [537, 541], [539, 537], [539, 540], [544, -1], [544, 545]], "missing_branches": [[58, 59], [156, 157], [217, 218], [224, 225], [227, 228], [229, 230], [234, 235], [249, 250], [258, 260], [271, 272], [273, 274], [275, 276], [278, 279], [282, 283], [314, 321], [324, 331], [336, 340], [342, 343], [364, 365], [388, 389], [417, 418], [420, 415], [520, 521]], "functions": {"digest": {"executed_lines": [43], "summary": {"covered_lines": 1, "num_statements": 1, "percent_covered": 100.0, "percent_covered_display": "100", "missing_lines": 0, "excluded_lines": 0, "percent_statements_covered": 100.0, "percent_statements_covered_display": "100", "num_branches": 0, "num_partial_branches": 0, "covered_branches": 0, "missing_branches": 0, "percent_branches_covered": 100.0, "percent_branches_covered_display": "100"}, "missing_lines": [], "excluded_lines": [], "start_line": 41, "executed_branches": [], "missing_branches": []}, "ordinary": {"executed_lines": [48, 49, 51, 52, 53, 55, 56, 57, 58, 60], "summary": {"covered_lines": 10, "num_statements": 11, "percent_covered": 89.47368421052632, "percent_covered_display": "89", "missing_lines": 1, "excluded_lines": 0, "percent_statements_covered": 90.9090909090909, "percent_statements_covered_display": "91", "num_branches": 8, "num_partial_branches": 1, "covered_branches": 7, "missing_branches": 1, "percent_branches_covered": 87.5, "percent_branches_covered_display": "88"}, "missing_lines": [59], "excluded_lines": [], "start_line": 46, "executed_branches": [[49, 51], [49, 52], [53, 55], [53, 56], [56, 57], [56, 58], [58, 60]], "missing_branches": [[58, 59]]}, "capture": {"executed_lines": [65, 66, 67, 68], "summary": {"covered_lines": 4, "num_statements": 4, "percent_covered": 100.0, "percent_covered_display": "100", "missing_lines": 0, "excluded_lines": 0, "percent_statements_covered": 100.0, "percent_statements_covered_display": "100", "num_branches": 2, "num_partial_branches": 0, "covered_branches": 2, "missing_branches": 0, "percent_branches_covered": 100.0, "percent_branches_covered_display": "100"}, "missing_lines": [], "excluded_lines": [], "start_line": 63, "executed_branches": [[66, 67], [66, 68]], "missing_branches": []}, "load_plan": {"executed_lines": [73, 74, 75, 76, 77, 78, 79, 80], "summary": {"covered_lines": 8, "num_statements": 8, "percent_covered": 100.0, "percent_covered_display": "100", "missing_lines": 0, "excluded_lines": 0, "percent_statements_covered": 100.0, "percent_statements_covered_display": "100", "num_branches": 6, "num_partial_branches": 0, "covered_branches": 6, "missing_branches": 0, "percent_branches_covered": 100.0, "percent_branches_covered_display": "100"}, "missing_lines": [], "excluded_lines": [], "start_line": 71, "executed_branches": [[74, 75], [74, 76], [77, 78], [77, 80], [78, 77], [78, 79]], "missing_branches": []}, "record_for": {"executed_lines": [128, 129, 130, 131], "summary": {"covered_lines": 4, "num_statements": 4, "percent_covered": 100.0, "percent_covered_display": "100", "missing_lines": 0, "excluded_lines": 0, "percent_statements_covered": 100.0, "percent_statements_covered_display": "100", "num_branches": 0, "num_partial_branches": 0, "covered_branches": 0, "missing_branches": 0, "percent_branches_covered": 100.0, "percent_branches_covered_display": "100"}, "missing_lines": [], "excluded_lines": [], "start_line": 126, "executed_branches": [], "missing_branches": []}, "read_rows": {"executed_lines": [148, 149], "summary": {"covered_lines": 2, "num_statements": 2, "percent_covered": 100.0, "percent_covered_display": "100", "missing_lines": 0, "excluded_lines": 0, "percent_statements_covered": 100.0, "percent_statements_covered_display": "100", "num_branches": 0, "num_partial_branches": 0, "covered_branches": 0, "missing_branches": 0, "percent_branches_covered": 100.0, "percent_branches_covered_display": "100"}, "missing_lines": [], "excluded_lines": [], "start_line": 146, "executed_branches": [], "missing_branches": []}, "expected_report": {"executed_lines": [154, 155, 156, 158, 159, 160, 167], "summary": {"covered_lines": 7, "num_statements": 8, "percent_covered": 80.0, "percent_covered_display": "80", "missing_lines": 1, "excluded_lines": 0, "percent_statements_covered": 87.5, "percent_statements_covered_display": "88", "num_branches": 2, "num_partial_branches": 1, "covered_branches": 1, "missing_branches": 1, "percent_branches_covered": 50.0, "percent_branches_covered_display": "50"}, "missing_lines": [157], "excluded_lines": [], "start_line": 152, "executed_branches": [[156, 158]], "missing_branches": [[156, 157]]}, "report_bytes": {"executed_lines": [172], "summary": {"covered_lines": 1, "num_statements": 1, "percent_covered": 100.0, "percent_covered_display": "100", "missing_lines": 0, "excluded_lines": 0, "percent_statements_covered": 100.0, "percent_statements_covered_display": "100", "num_branches": 0, "num_partial_branches": 0, "covered_branches": 0, "missing_branches": 0, "percent_branches_covered": 100.0, "percent_branches_covered_display": "100"}, "missing_lines": [], "excluded_lines": [], "start_line": 170, "executed_branches": [], "missing_branches": []}, "atomic_once": {"executed_lines": [177, 178, 179, 180, 181, 182, 183, 184, 185, 186, 187, 188, 189, 190, 192], "summary": {"covered_lines": 15, "num_statements": 15, "percent_covered": 100.0, "percent_covered_display": "100", "missing_lines": 0, "excluded_lines": 0, "percent_statements_covered": 100.0, "percent_statements_covered_display": "100", "num_branches": 4, "num_partial_branches": 0, "covered_branches": 4, "missing_branches": 0, "percent_branches_covered": 100.0, "percent_branches_covered_display": "100"}, "missing_lines": [], "excluded_lines": [], "start_line": 175, "executed_branches": [[178, 179], [178, 182], [179, 180], [179, 181]], "missing_branches": []}, "atomic_replace": {"executed_lines": [197, 198, 199, 200, 201, 202, 203, 204, 205, 206, 207, 208, 209, 211], "summary": {"covered_lines": 14, "num_statements": 14, "percent_covered": 100.0, "percent_covered_display": "100", "missing_lines": 0, "excluded_lines": 0, "percent_statements_covered": 100.0, "percent_statements_covered_display": "100", "num_branches": 4, "num_partial_branches": 0, "covered_branches": 4, "missing_branches": 0, "percent_branches_covered": 100.0, "percent_branches_covered_display": "100"}, "missing_lines": [], "excluded_lines": [], "start_line": 195, "executed_branches": [[198, 199], [198, 200], [207, 208], [207, 209]], "missing_branches": []}, "baseline_verified": {"executed_lines": [216, 217, 219, 220, 221, 222, 223, 224, 226, 227, 229, 231, 232, 233, 234, 236, 237, 238, 239, 240, 241, 242, 243, 244, 246, 247, 248, 249, 251, 252, 253, 254, 258], "summary": {"covered_lines": 33, "num_statements": 40, "percent_covered": 78.78787878787878, "percent_covered_display": "79", "missing_lines": 7, "excluded_lines": 0, "percent_statements_covered": 82.5, "percent_statements_covered_display": "82", "num_branches": 26, "num_partial_branches": 7, "covered_branches": 19, "missing_branches": 7, "percent_branches_covered": 73.07692307692308, "percent_branches_covered_display": "73"}, "missing_lines": [218, 225, 228, 230, 235, 250, 260], "excluded_lines": [], "start_line": 214, "executed_branches": [[217, 219], [220, 221], [220, 232], [222, 220], [222, 223], [224, 226], [227, 229], [229, 231], [234, 236], [237, 238], [237, 252], [239, 240], [239, 241], [241, 242], [241, 246], [242, 243], [242, 244], [249, 251], [258, -214]], "missing_branches": [[217, 218], [224, 225], [227, 228], [229, 230], [234, 235], [249, 250], [258, 260]]}, "check_custody": {"executed_lines": [265, 266, 267, 268, 269, 270, 271, 273, 275, 277, 278, 280, 282, 284, 285, 288, 289, 290, 291, 310, 311, 312, 313, 314, 322, 323, 324, 333, 334, 335, 336, 341, 342, 344], "summary": {"covered_lines": 34, "num_statements": 43, "percent_covered": 74.64788732394366, "percent_covered_display": "75", "missing_lines": 9, "excluded_lines": 0, "percent_statements_covered": 79.06976744186046, "percent_statements_covered_display": "79", "num_branches": 28, "num_partial_branches": 9, "covered_branches": 19, "missing_branches": 9, "percent_branches_covered": 67.85714285714286, "percent_branches_covered_display": "68"}, "missing_lines": [272, 274, 276, 279, 283, 321, 331, 340, 343], "excluded_lines": [], "start_line": 263, "executed_branches": [[268, 269], [268, 342], [271, 273], [273, 275], [275, 277], [278, 280], [282, 284], [285, 288], [285, 289], [291, 310], [291, 311], [312, 313], [312, 322], [314, 341], [322, 323], [322, 333], [324, 341], [336, 341], [342, 344]], "missing_branches": [[271, 272], [273, 274], [275, 276], [278, 279], [282, 283], [314, 321], [324, 331], [336, 340], [342, 343]]}, "preflight": {"executed_lines": [349, 350, 351, 352, 353, 355, 356, 357, 358, 359, 360, 361, 362, 363, 364, 366, 367, 368, 369, 371, 372, 373, 374, 375, 376, 377, 378, 379, 380, 381, 382, 384, 385, 386, 387, 388, 390, 391, 392, 393, 395, 396, 397, 398, 399, 401, 402, 403, 404, 405, 407, 408, 409, 410, 411, 412, 413, 414, 415, 416, 417, 419, 420, 421, 422], "summary": {"covered_lines": 65, "num_statements": 68, "percent_covered": 94.26229508196721, "percent_covered_display": "94", "missing_lines": 3, "excluded_lines": 0, "percent_statements_covered": 95.58823529411765, "percent_statements_covered_display": "96", "num_branches": 54, "num_partial_branches": 4, "covered_branches": 50, "missing_branches": 4, "percent_branches_covered": 92.5925925925926, "percent_branches_covered_display": "93"}, "missing_lines": [365, 389, 418], "excluded_lines": [], "start_line": 347, "executed_branches": [[353, 355], [353, 356], [360, 361], [360, 363], [361, 360], [361, 362], [363, 364], [363, 366], [364, 363], [368, 369], [368, 386], [369, 371], [369, 372], [372, 373], [372, 380], [373, 374], [373, 375], [377, 378], [377, 379], [380, 381], [380, 382], [382, 384], [382, 385], [387, 388], [387, 396], [388, 390], [390, 391], [390, 392], [392, 393], [392, 395], [396, 397], [396, 398], [398, 399], [398, 401], [402, 403], [402, 404], [404, 405], [404, 407], [410, 411], [410, 422], [411, 412], [411, 415], [413, 411], [413, 414], [415, 410], [415, 416], [417, 419], [419, 415], [419, 420], [420, 421]], "missing_branches": [[364, 365], [388, 389], [417, 418], [420, 415]]}, "execution_paths": {"executed_lines": [428, 429, 430, 431, 432, 433, 434, 435, 436, 437, 438, 439, 440, 441, 442, 443], "summary": {"covered_lines": 16, "num_statements": 16, "percent_covered": 100.0, "percent_covered_display": "100", "missing_lines": 0, "excluded_lines": 0, "percent_statements_covered": 100.0, "percent_statements_covered_display": "100", "num_branches": 12, "num_partial_branches": 0, "covered_branches": 12, "missing_branches": 0, "percent_branches_covered": 100.0, "percent_branches_covered_display": "100"}, "missing_lines": [], "excluded_lines": [], "start_line": 426, "executed_branches": [[431, 432], [431, 442], [432, 433], [432, 442], [433, 434], [433, 437], [435, 433], [435, 436], [437, 432], [437, 438], [440, 437], [440, 441]], "missing_branches": []}, "receipt_for": {"executed_lines": [448], "summary": {"covered_lines": 1, "num_statements": 1, "percent_covered": 100.0, "percent_covered_display": "100", "missing_lines": 0, "excluded_lines": 0, "percent_statements_covered": 100.0, "percent_statements_covered_display": "100", "num_branches": 0, "num_partial_branches": 0, "covered_branches": 0, "missing_branches": 0, "percent_branches_covered": 100.0, "percent_branches_covered_display": "100"}, "missing_lines": [], "excluded_lines": [], "start_line": 446, "executed_branches": [], "missing_branches": []}, "run": {"executed_lines": [464, 465, 466, 467, 468, 469, 470, 471, 472, 473, 479, 480, 481, 482, 483, 484, 485, 486, 487, 489, 490, 491, 496, 497, 498, 499, 500, 501, 502, 503, 504, 505, 506, 507, 508, 509, 510, 511, 512, 513, 514, 516, 517, 518, 519, 520, 522, 523, 524, 525, 526, 527, 528, 529, 530, 531, 532, 534, 535, 537, 538, 539, 540, 541], "summary": {"covered_lines": 64, "num_statements": 65, "percent_covered": 97.9381443298969, "percent_covered_display": "98", "missing_lines": 1, "excluded_lines": 0, "percent_statements_covered": 98.46153846153847, "percent_statements_covered_display": "98", "num_branches": 32, "num_partial_branches": 1, "covered_branches": 31, "missing_branches": 1, "percent_branches_covered": 96.875, "percent_branches_covered_display": "97"}, "missing_lines": [521], "excluded_lines": [], "start_line": 461, "executed_branches": [[464, 465], [464, 466], [472, 473], [472, 479], [479, 480], [479, 481], [481, 482], [481, 525], [486, 487], [486, 489], [500, 501], [500, 502], [504, 505], [504, 506], [507, 508], [507, 512], [512, 513], [512, 519], [516, 517], [516, 518], [520, 522], [528, 529], [528, 530], [530, 531], [530, 535], [532, 530], [532, 534], [537, 538], [537, 541], [539, 537], [539, 540]], "missing_branches": [[520, 521]]}, "": {"executed_lines": [2, 4, 5, 6, 7, 8, 9, 10, 11, 12, 13, 14, 15, 16, 18, 19, 20, 21, 23, 24, 25, 26, 27, 28, 29, 38, 41, 46, 63, 71, 83, 84, 85, 88, 90, 91, 92, 93, 94, 95, 96, 97, 98, 101, 103, 104, 105, 106, 109, 111, 112, 113, 114, 115, 116, 117, 118, 119, 120, 121, 122, 123, 126, 146, 152, 170, 175, 195, 214, 263, 347, 426, 446, 461, 544, 545, 546, 547, 548, 549, 550, 551, 552, 553, 554, 555, 556, 557], "summary": {"covered_lines": 88, "num_statements": 88, "percent_covered": 100.0, "percent_covered_display": "100", "missing_lines": 0, "excluded_lines": 0, "percent_statements_covered": 100.0, "percent_statements_covered_display": "100", "num_branches": 2, "num_partial_branches": 0, "covered_branches": 2, "missing_branches": 0, "percent_branches_covered": 100.0, "percent_branches_covered_display": "100"}, "missing_lines": [], "excluded_lines": [], "start_line": 1, "executed_branches": [[544, -1], [544, 545]], "missing_branches": []}}, "classes": {"NewRecord": {"executed_lines": [], "summary": {"covered_lines": 0, "num_statements": 0, "percent_covered": 100.0, "percent_covered_display": "100", "missing_lines": 0, "excluded_lines": 0, "percent_statements_covered": 100.0, "percent_statements_covered_display": "100", "num_branches": 0, "num_partial_branches": 0, "covered_branches": 0, "missing_branches": 0, "percent_branches_covered": 100.0, "percent_branches_covered_display": "100"}, "missing_lines": [], "excluded_lines": [], "start_line": 88, "executed_branches": [], "missing_branches": []}, "Intent": {"executed_lines": [], "summary": {"covered_lines": 0, "num_statements": 0, "percent_covered": 100.0, "percent_covered_display": "100", "missing_lines": 0, "excluded_lines": 0, "percent_statements_covered": 100.0, "percent_statements_covered_display": "100", "num_branches": 0, "num_partial_branches": 0, "covered_branches": 0, "missing_branches": 0, "percent_branches_covered": 100.0, "percent_branches_covered_display": "100"}, "missing_lines": [], "excluded_lines": [], "start_line": 101, "executed_branches": [], "missing_branches": []}, "Receipt": {"executed_lines": [], "summary": {"covered_lines": 0, "num_statements": 0, "percent_covered": 100.0, "percent_covered_display": "100", "missing_lines": 0, "excluded_lines": 0, "percent_statements_covered": 100.0, "percent_statements_covered_display": "100", "num_branches": 0, "num_partial_branches": 0, "covered_branches": 0, "missing_branches": 0, "percent_branches_covered": 100.0, "percent_branches_covered_display": "100"}, "missing_lines": [], "excluded_lines": [], "start_line": 109, "executed_branches": [], "missing_branches": []}, "": {"executed_lines": [2, 4, 5, 6, 7, 8, 9, 10, 11, 12, 13, 14, 15, 16, 18, 19, 20, 21, 23, 24, 25, 26, 27, 28, 29, 38, 41, 43, 46, 48, 49, 51, 52, 53, 55, 56, 57, 58, 60, 63, 65, 66, 67, 68, 71, 73, 74, 75, 76, 77, 78, 79, 80, 83, 84, 85, 88, 90, 91, 92, 93, 94, 95, 96, 97, 98, 101, 103, 104, 105, 106, 109, 111, 112, 113, 114, 115, 116, 117, 118, 119, 120, 121, 122, 123, 126, 128, 129, 130, 131, 146, 148, 149, 152, 154, 155, 156, 158, 159, 160, 167, 170, 172, 175, 177, 178, 179, 180, 181, 182, 183, 184, 185, 186, 187, 188, 189, 190, 192, 195, 197, 198, 199, 200, 201, 202, 203, 204, 205, 206, 207, 208, 209, 211, 214, 216, 217, 219, 220, 221, 222, 223, 224, 226, 227, 229, 231, 232, 233, 234, 236, 237, 238, 239, 240, 241, 242, 243, 244, 246, 247, 248, 249, 251, 252, 253, 254, 258, 263, 265, 266, 267, 268, 269, 270, 271, 273, 275, 277, 278, 280, 282, 284, 285, 288, 289, 290, 291, 310, 311, 312, 313, 314, 322, 323, 324, 333, 334, 335, 336, 341, 342, 344, 347, 349, 350, 351, 352, 353, 355, 356, 357, 358, 359, 360, 361, 362, 363, 364, 366, 367, 368, 369, 371, 372, 373, 374, 375, 376, 377, 378, 379, 380, 381, 382, 384, 385, 386, 387, 388, 390, 391, 392, 393, 395, 396, 397, 398, 399, 401, 402, 403, 404, 405, 407, 408, 409, 410, 411, 412, 413, 414, 415, 416, 417, 419, 420, 421, 422, 426, 428, 429, 430, 431, 432, 433, 434, 435, 436, 437, 438, 439, 440, 441, 442, 443, 446, 448, 461, 464, 465, 466, 467, 468, 469, 470, 471, 472, 473, 479, 480, 481, 482, 483, 484, 485, 486, 487, 489, 490, 491, 496, 497, 498, 499, 500, 501, 502, 503, 504, 505, 506, 507, 508, 509, 510, 511, 512, 513, 514, 516, 517, 518, 519, 520, 522, 523, 524, 525, 526, 527, 528, 529, 530, 531, 532, 534, 535, 537, 538, 539, 540, 541, 544, 545, 546, 547, 548, 549, 550, 551, 552, 553, 554, 555, 556, 557], "summary": {"covered_lines": 367, "num_statements": 389, "percent_covered": 92.09138840070298, "percent_covered_display": "92", "missing_lines": 22, "excluded_lines": 0, "percent_statements_covered": 94.34447300771208, "percent_statements_covered_display": "94", "num_branches": 180, "num_partial_branches": 23, "covered_branches": 157, "missing_branches": 23, "percent_branches_covered": 87.22222222222223, "percent_branches_covered_display": "87"}, "missing_lines": [59, 157, 218, 225, 228, 230, 235, 250, 260, 272, 274, 276, 279, 283, 321, 331, 340, 343, 365, 389, 418, 521], "excluded_lines": [], "start_line": 1, "executed_branches": [[49, 51], [49, 52], [53, 55], [53, 56], [56, 57], [56, 58], [58, 60], [66, 67], [66, 68], [74, 75], [74, 76], [77, 78], [77, 80], [78, 77], [78, 79], [156, 158], [178, 179], [178, 182], [179, 180], [179, 181], [198, 199], [198, 200], [207, 208], [207, 209], [217, 219], [220, 221], [220, 232], [222, 220], [222, 223], [224, 226], [227, 229], [229, 231], [234, 236], [237, 238], [237, 252], [239, 240], [239, 241], [241, 242], [241, 246], [242, 243], [242, 244], [249, 251], [258, -214], [268, 269], [268, 342], [271, 273], [273, 275], [275, 277], [278, 280], [282, 284], [285, 288], [285, 289], [291, 310], [291, 311], [312, 313], [312, 322], [314, 341], [322, 323], [322, 333], [324, 341], [336, 341], [342, 344], [353, 355], [353, 356], [360, 361], [360, 363], [361, 360], [361, 362], [363, 364], [363, 366], [364, 363], [368, 369], [368, 386], [369, 371], [369, 372], [372, 373], [372, 380], [373, 374], [373, 375], [377, 378], [377, 379], [380, 381], [380, 382], [382, 384], [382, 385], [387, 388], [387, 396], [388, 390], [390, 391], [390, 392], [392, 393], [392, 395], [396, 397], [396, 398], [398, 399], [398, 401], [402, 403], [402, 404], [404, 405], [404, 407], [410, 411], [410, 422], [411, 412], [411, 415], [413, 411], [413, 414], [415, 410], [415, 416], [417, 419], [419, 415], [419, 420], [420, 421], [431, 432], [431, 442], [432, 433], [432, 442], [433, 434], [433, 437], [435, 433], [435, 436], [437, 432], [437, 438], [440, 437], [440, 441], [464, 465], [464, 466], [472, 473], [472, 479], [479, 480], [479, 481], [481, 482], [481, 525], [486, 487], [486, 489], [500, 501], [500, 502], [504, 505], [504, 506], [507, 508], [507, 512], [512, 513], [512, 519], [516, 517], [516, 518], [520, 522], [528, 529], [528, 530], [530, 531], [530, 535], [532, 530], [532, 534], [537, 538], [537, 541], [539, 537], [539, 540], [544, -1], [544, 545]], "missing_branches": [[58, 59], [156, 157], [217, 218], [224, 225], [227, 228], [229, 230], [234, 235], [249, 250], [258, 260], [271, 272], [273, 274], [275, 276], [278, 279], [282, 283], [314, 321], [324, 331], [336, 340], [342, 343], [364, 365], [388, 389], [417, 418], [420, 415], [520, 521]]}}}}, "totals": {"covered_lines": 367, "num_statements": 389, "percent_covered": 92.09138840070298, "percent_covered_display": "92", "missing_lines": 22, "excluded_lines": 0, "percent_statements_covered": 94.34447300771208, "percent_statements_covered_display": "94", "num_branches": 180, "num_partial_branches": 23, "covered_branches": 157, "missing_branches": 23, "percent_branches_covered": 87.22222222222223, "percent_branches_covered_display": "87"}}