{"meta": {"format": 3, "version": "7.16.0", "timestamp": "2026-09-12T20:12:56.434563", "branch_coverage": true, "show_contexts": false}, "files": {"handoffs/run-2026-09-12/extended-run/douglas-pueblo-lookups-revision-1/proposed/research_source_lookup.py": {"executed_lines": [3, 5, 6, 7, 8, 9, 10, 11, 12, 13, 14, 15, 16, 17, 19, 20, 22, 23, 24, 25, 31, 32, 33, 34, 35, 56, 63, 68, 69, 70, 71, 72, 73, 85, 89, 97, 104, 105, 106, 107, 114, 118, 124, 130, 137, 144, 145, 146, 149, 150, 161, 162, 163, 174, 183, 186, 189, 192, 193, 194, 195, 196, 197, 200, 203, 204, 205, 206, 207, 208, 209, 210, 211, 212, 213, 214, 217, 220, 221, 222, 223, 224, 225, 226, 227, 228, 229, 232, 235, 236, 237, 238, 239, 240, 241, 242, 243, 244, 245, 246, 247, 248, 249, 252, 255, 256, 257, 258, 261, 262, 263, 264, 265, 266, 267, 269, 270, 272, 273, 278, 279, 282, 285, 286, 287, 288, 289, 290, 293, 296, 297, 298, 303, 306, 307, 308, 309, 310, 311, 312, 313, 314, 315, 316, 317, 318, 319, 320, 321, 322, 323, 324, 325, 326, 327, 328, 329, 330, 331, 334, 337, 338, 339, 340, 341, 342, 343, 344, 345, 346, 347, 348, 349, 350, 351, 352, 353, 356, 359, 360, 362, 363, 365, 366, 369, 370, 373, 376, 377, 378, 379, 380, 381, 382, 383, 385, 386, 388, 389, 390, 391, 392, 393, 394, 395, 397, 398, 401, 404, 405, 406, 407, 408, 413, 416, 417, 418, 419, 420, 421, 422, 423, 424, 425, 426, 427, 428, 429, 430, 431, 432, 433, 434, 435, 436, 437, 438, 439, 440, 441, 442, 447, 450, 451, 452, 453, 454, 455, 456, 457, 458, 459, 460, 461, 462, 463, 464, 465, 469, 472, 473, 474, 475, 476, 477, 478, 479, 480, 482, 483, 485, 486, 490, 491, 494, 497, 498, 499, 500, 501, 503, 504, 506, 507, 508, 509, 510, 511, 512, 513, 516, 519, 520, 521, 522, 524, 525, 527, 528, 529, 530, 531, 532, 533, 534, 537, 540, 541, 542, 543, 544, 545, 546, 549, 552, 553, 554, 555, 556, 557, 560, 563, 567, 568, 569, 570, 571, 572, 573, 574, 575, 576, 577, 578, 579, 580, 581, 582, 583, 584, 585, 586, 587, 588, 589, 590, 591, 592, 593, 594, 597, 600, 601, 605, 606, 607, 608, 609, 610, 611, 612, 613, 614, 615, 616, 617, 618, 619, 622, 623, 624, 625, 628, 631, 632, 633, 636, 639, 640, 641, 642, 643, 644, 645, 646, 647, 648, 652, 653, 655, 656, 657, 658, 661, 662, 663, 665, 666, 667, 668, 669, 670, 671, 673, 674, 675, 677, 678, 681, 684, 687, 690, 691, 694, 695, 698, 701, 702, 703, 704, 705, 711, 714, 715, 716, 717, 718, 719, 720, 721, 722, 727, 728, 730, 731, 732, 733, 734, 735, 736, 739, 742, 743, 744, 745, 746, 747, 748, 749, 750, 751, 752, 753, 754, 755, 756, 757, 758, 759, 760, 761, 762, 763, 764, 771, 772, 773, 774, 775, 776, 777, 778, 780, 781, 783, 786, 787, 788, 791, 794, 795, 796, 797, 798, 799, 800, 801, 802, 803, 804, 805, 806, 807, 808, 809, 810, 812, 813, 815, 816, 818, 819, 820, 821, 822, 823, 824, 826, 827, 828, 829, 830, 832, 833, 834, 836, 837, 838, 839, 840, 842, 843, 844, 845, 846, 847, 849, 852, 854, 855, 856, 857, 858, 859, 860, 861, 862, 863, 864, 865, 866, 867, 869, 870, 871, 872, 873, 874, 875, 876, 877, 878, 879, 880, 882, 883, 885, 886, 887, 890, 892, 893, 894, 895, 900, 901, 908, 909, 910, 911, 912, 914, 917, 919, 920, 921, 922, 923, 924, 925, 926, 927, 928, 930, 931, 933, 934, 935, 937, 940, 941, 942, 943, 944, 945, 946, 947, 948, 951, 953, 954, 955, 956, 961, 965, 966, 967, 968, 970, 971, 972, 974, 975, 983, 984, 985, 986, 998, 1000, 1001, 1002, 1004, 1006, 1008, 1009, 1011, 1013, 1014, 1015, 1017, 1021, 1024, 1025, 1026, 1027, 1031, 1032, 1033, 1034, 1036, 1037, 1038, 1042, 1043, 1061, 1073, 1075, 1078, 1079, 1080, 1081, 1094, 1096, 1097, 1098, 1100, 1101, 1103, 1105, 1110, 1111, 1112, 1113, 1114, 1115, 1116, 1117, 1118, 1119, 1120, 1121, 1122, 1123, 1124, 1125, 1127, 1129, 1130, 1131, 1134, 1135, 1136, 1139, 1140, 1149, 1150, 1159, 1162, 1163, 1164, 1167, 1170, 1171, 1172, 1173, 1174, 1175, 1176, 1178, 1179, 1181, 1182, 1185, 1186, 1189, 1192, 1193, 1194, 1195, 1196, 1197, 1200, 1203, 1204, 1205, 1206, 1207, 1208, 1209, 1210, 1211, 1212, 1213, 1214, 1216, 1217, 1219, 1224, 1225, 1228, 1231, 1232, 1233, 1234, 1235, 1236, 1237, 1238, 1239, 1240, 1241, 1242, 1243, 1244, 1245, 1246, 1247, 1248, 1249, 1250, 1251, 1252, 1253, 1254, 1255, 1260, 1263, 1264, 1265, 1266, 1267, 1268, 1269, 1270, 1271, 1272, 1273, 1274, 1275, 1276, 1277, 1279, 1280, 1282, 1283, 1284, 1285, 1286, 1287, 1291, 1292, 1293, 1294, 1295, 1296, 1299, 1301, 1302, 1303, 1304, 1305, 1306, 1307, 1308, 1309, 1310, 1311, 1312, 1315, 1316, 1317, 1318, 1319, 1321, 1322, 1323, 1324, 1325, 1326, 1328, 1329, 1330, 1332, 1333, 1334, 1335, 1336, 1337, 1338, 1339, 1340, 1342, 1345, 1347, 1348, 1349, 1350, 1353, 1354, 1356, 1357, 1358, 1359, 1370, 1371, 1372, 1373, 1374, 1375, 1376, 1377, 1378, 1379, 1380, 1381, 1382, 1383, 1384, 1385, 1386, 1387, 1388, 1389, 1390, 1391, 1397, 1398, 1399, 1400, 1404, 1406, 1407, 1408, 1410, 1413, 1415, 1416, 1417, 1418, 1419, 1421, 1423, 1425, 1427, 1429, 1432, 1434, 1435, 1436, 1437, 1438, 1439, 1440, 1442, 1443, 1447, 1449, 1474, 1480, 1482, 1484, 1486, 1487, 1489, 1501, 1502, 1505, 1506, 1507, 1508, 1514, 1515, 1516, 1519, 1520, 1521, 1522, 1523, 1524, 1525, 1526, 1576, 1586, 1589, 1590, 1591, 1592, 1593, 1594, 1595, 1596, 1597, 1599, 1600, 1602, 1603, 1606, 1607, 1610, 1613, 1614, 1615, 1616, 1617, 1618, 1619, 1620, 1621, 1623, 1624, 1626, 1627, 1629, 1630, 1635, 1638, 1641, 1642, 1643, 1644, 1645, 1646, 1647, 1650, 1653, 1654, 1655, 1656, 1657, 1658, 1659, 1660, 1662, 1663, 1665, 1667, 1670, 1671, 1672, 1673, 1674, 1675, 1677, 1678, 1680, 1681, 1684, 1687, 1688, 1689, 1690, 1691, 1692, 1693, 1694, 1695, 1696, 1697, 1699, 1700, 1702, 1705, 1708, 1711, 1712, 1713, 1714, 1715, 1716, 1717, 1720, 1723, 1724, 1725, 1726, 1727, 1728, 1729, 1730, 1731, 1732, 1733, 1734, 1735, 1736, 1737, 1738, 1739, 1740, 1741, 1742, 1743, 1744, 1745, 1746, 1747, 1748, 1749, 1750, 1751, 1755, 1756, 1758, 1759, 1766, 1769, 1772, 1773, 1774, 1775, 1776, 1777, 1778, 1779, 1780, 1781, 1782, 1783, 1784, 1785, 1786, 1788, 1789, 1791, 1792, 1795, 1796, 1797, 1805, 1806, 1809, 1811, 1812, 1813, 1814, 1815, 1816, 1819, 1821, 1822, 1823, 1826, 1828, 1829, 1830, 1832, 1833, 1834, 1835, 1838, 1839, 1840, 1841, 1842, 1843, 1844, 1845, 1846, 1847, 1848, 1849, 1850, 1852, 1853, 1854, 1855, 1856, 1857, 1859, 1860, 1862, 1863, 1865, 1866, 1867, 1869, 1872, 1876, 1877, 1878, 1879, 1886, 1887, 1891, 1892, 1894, 1896, 1897, 1905, 1906, 1907, 1908, 1909, 1911, 1912, 1915, 1916, 1917, 1918, 1919, 1920, 1923, 1924, 1926, 1927, 1935, 1936, 1937, 1939, 1940, 1942, 1943, 1944, 1945, 1946, 1947, 1948, 1949, 1950, 1951, 1952, 1953, 1954, 1956, 1957, 1958, 1959, 1962, 1964, 1965, 1966, 1967, 1971, 1972, 1974, 1977, 1980, 1981, 1986, 1990, 1991, 1992, 1993, 1994, 1995, 1996, 1998, 1999, 2006, 2007, 2008, 2009, 2010, 2013, 2018, 2022, 2028, 2031, 2035, 2036, 2037, 2038, 2039, 2040, 2041, 2042, 2044, 2046, 2047, 2048, 2055, 2056, 2057, 2061, 2065, 2068, 2071, 2073, 2074, 2075, 2076, 2077, 2078, 2080, 2083, 2085, 2087, 2088, 2089, 2116, 2121, 2127, 2129, 2131, 2132, 2133, 2134, 2136, 2141, 2142, 2146, 2147, 2149, 2150, 2151, 2152, 2153, 2154, 2156, 2157, 2158, 2159, 2160, 2161, 2164, 2165, 2166, 2167, 2168, 2169, 2170, 2173, 2174, 2175, 2176, 2177, 2178, 2181, 2182, 2183, 2184, 2185, 2186, 2187, 2188, 2191, 2192, 2193, 2194, 2195, 2196, 2197, 2198, 2199, 2200, 2203, 2204, 2205, 2206, 2210, 2211, 2212, 2214, 2217, 2219, 2220, 2221, 2222, 2223, 2224, 2225, 2226, 2228, 2229, 2230, 2231, 2232, 2233, 2234, 2235, 2236, 2237, 2238, 2239, 2240, 2241, 2242, 2243, 2244, 2245, 2246, 2247, 2248, 2249, 2250, 2253, 2255, 2256, 2257, 2258, 2261, 2262, 2268, 2269, 2273, 2274, 2279, 2280, 2281, 2282, 2284, 2287, 2289, 2290, 2291, 2292, 2293, 2296, 2298, 2299, 2300, 2301, 2302, 2303, 2304, 2305, 2306, 2307, 2308, 2309, 2311, 2312, 2313, 2314, 2315, 2316, 2317, 2318, 2319, 2321, 2322, 2323, 2324, 2325, 2326, 2327, 2328, 2329, 2330, 2331, 2332, 2334, 2335, 2336, 2337, 2340, 2342, 2343, 2344, 2345, 2346, 2347, 2351, 2352, 2354, 2355, 2356, 2357, 2359, 2360, 2362, 2364, 2365, 2366, 2367, 2368, 2369, 2370, 2371, 2372, 2373, 2374, 2375, 2376, 2377, 2378, 2379, 2380, 2382, 2395, 2396, 2398, 2401, 2403, 2404, 2405, 2406, 2408, 2410, 2411, 2412, 2413, 2415, 2420, 2421, 2422, 2423, 2424, 2425, 2426, 2427, 2428, 2429, 2435, 2440, 2442, 2460, 2469, 2471, 2472, 2473, 2474, 2475, 2476, 2477, 2478, 2479, 2480, 2481, 2482, 2483, 2484, 2485, 2486, 2487, 2488, 2489, 2490, 2491, 2492, 2493, 2495, 2496, 2497, 2499, 2501, 2504, 2506, 2507, 2508, 2509, 2513, 2514, 2515, 2523, 2524, 2525, 2526, 2527, 2528, 2529, 2530, 2531, 2532, 2533, 2534, 2536, 2537, 2545, 2546, 2548, 2551, 2553, 2554, 2555, 2556, 2557, 2558, 2560, 2562, 2563, 2564, 2565, 2570, 2574, 2576, 2578, 2580, 2582, 2585, 2587, 2590, 2591, 2592, 2593, 2594, 2595, 2596, 2597, 2598, 2606, 2607, 2608, 2609, 2614, 2616, 2617, 2624, 2626, 2627, 2635, 2636, 2637, 2651, 2652, 2659, 2660, 2665, 2666, 2668, 2672, 2676, 2678, 2679, 2711, 2727, 2728, 2731, 2732, 2733, 2734, 2735, 2736, 2737, 2740, 2741, 2742, 2743, 2745, 2746, 2749, 2750, 2752, 2753, 2754, 2761, 2763, 2765, 2768, 2770, 2776, 2777, 2778, 2779, 2780, 2781, 2782, 2783, 2784, 2789, 2790, 2817, 2818, 2830, 2840, 2842, 2843, 2844, 2845, 2846, 2847, 2848, 2849, 2850, 2851, 2856, 2857, 2861, 2862, 2869, 2870, 2878, 2879, 2886, 2887, 2894, 2899, 2900, 2901, 2902, 2903, 2904, 2905, 2906, 2907, 2908, 2909, 2910, 2911, 2912, 2913, 2914, 2915, 2916, 2918, 2920, 2921, 2922, 2928, 2929, 2930, 2931, 2932, 2933, 2934, 2935, 2942, 2943, 2950, 2958, 2959, 2960, 2963, 2964, 2965, 2968, 2969, 2975, 2976, 2977, 2978, 2980, 2997, 2998, 2999, 3000, 3001, 3002, 3003, 3004, 3005, 3006, 3013, 3014, 3015, 3016, 3017, 3020, 3022, 3027, 3028, 3029, 3030, 3032, 3045, 3046, 3047, 3048, 3049, 3050, 3053, 3055, 3056, 3057, 3060, 3061, 3062, 3064, 3066, 3067, 3068, 3069, 3072, 3074, 3077, 3078, 3079, 3080, 3081, 3082, 3094, 3095, 3096, 3097, 3099, 3101, 3102, 3103, 3106, 3107, 3110, 3112, 3113, 3114, 3115, 3116, 3117, 3118, 3119, 3120, 3121, 3122, 3123, 3124, 3126, 3127, 3128, 3129, 3130, 3131, 3134, 3135, 3136, 3139, 3144, 3145, 3146, 3147, 3148, 3149, 3150, 3151, 3152, 3153, 3154, 3155, 3156, 3159, 3160, 3161, 3162, 3164, 3173, 3174, 3175, 3176, 3182, 3183, 3184, 3187, 3189, 3190, 3191, 3192, 3193, 3194, 3195, 3196, 3197, 3198, 3199, 3201, 3203, 3204, 3205, 3206, 3207, 3210], "summary": {"covered_lines": 1778, "num_statements": 1841, "percent_covered": 94.8381810733306, "percent_covered_display": "95", "missing_lines": 63, "excluded_lines": 0, "percent_statements_covered": 96.57794676806084, "percent_statements_covered_display": "97", "num_branches": 600, "num_partial_branches": 63, "covered_branches": 537, "missing_branches": 63, "percent_branches_covered": 89.5, "percent_branches_covered_display": "90"}, "missing_lines": [664, 785, 817, 825, 835, 848, 868, 881, 913, 929, 936, 969, 973, 982, 1016, 1128, 1331, 1341, 1396, 1428, 1485, 1488, 1634, 1704, 1765, 1794, 1837, 1861, 1864, 1895, 1910, 1922, 1925, 1934, 1938, 1941, 1955, 1961, 1970, 1973, 2045, 2079, 2135, 2213, 2227, 2283, 2310, 2333, 2358, 2397, 2414, 2535, 2547, 2573, 2667, 2744, 2748, 2762, 2917, 2979, 3031, 3163, 3211], "excluded_lines": [], "executed_branches": [[273, 278], [273, 279], [366, 369], [366, 370], [388, 389], [388, 390], [393, 394], [393, 395], [395, 397], [395, 398], [486, 490], [486, 491], [506, 507], [506, 508], [508, 509], [508, 511], [509, 510], [509, 513], [511, 512], [511, 513], [528, 529], [528, 534], [529, 530], [529, 531], [532, 528], [532, 533], [656, 657], [656, 658], [658, 661], [658, 662], [662, 663], [662, 665], [663, 662], [666, 667], [666, 668], [668, 669], [668, 670], [670, 671], [670, 674], [671, 670], [671, 673], [674, 675], [674, 678], [675, 674], [675, 677], [730, 731], [730, 732], [732, 733], [732, 734], [734, 735], [734, 736], [783, 786], [786, 787], [786, 788], [815, 816], [815, 819], [816, 818], [819, 820], [819, 821], [821, 822], [821, 823], [824, 826], [826, 827], [826, 828], [828, 829], [828, 830], [830, 832], [830, 833], [834, 836], [836, 837], [836, 838], [838, 839], [838, 845], [840, 842], [840, 843], [843, 838], [843, 844], [845, 846], [845, 847], [847, 849], [856, 857], [856, 858], [859, 860], [859, 864], [861, 862], [861, 863], [867, 869], [872, 873], [872, 876], [873, 874], [873, 875], [876, 877], [876, 878], [878, 879], [878, 887], [880, 882], [883, 885], [883, 886], [908, 909], [908, 912], [912, 914], [921, 922], [921, 926], [923, 924], [923, 925], [928, 930], [934, 935], [934, 940], [935, 937], [941, 942], [941, 943], [943, 944], [943, 948], [945, 946], [945, 947], [961, 965], [961, 968], [968, 970], [972, 974], [975, 983], [984, 985], [984, 986], [1015, 1017], [1032, 1033], [1032, 1038], [1036, 1032], [1036, 1037], [1078, 1079], [1078, 1080], [1097, 1098], [1097, 1100], [1112, 1113], [1112, 1114], [1116, 1117], [1116, 1119], [1117, 1116], [1117, 1118], [1119, 1120], [1119, 1121], [1122, 1123], [1122, 1127], [1127, 1129], [1182, 1185], [1182, 1186], [1219, 1224], [1219, 1225], [1282, 1283], [1282, 1286], [1283, 1284], [1283, 1285], [1287, 1291], [1287, 1292], [1292, 1293], [1292, 1294], [1294, 1295], [1294, 1296], [1303, 1304], [1303, 1305], [1306, 1307], [1306, 1311], [1308, 1309], [1308, 1310], [1312, 1315], [1312, 1316], [1322, 1323], [1322, 1326], [1323, 1324], [1323, 1325], [1326, 1328], [1326, 1329], [1330, 1332], [1333, 1334], [1333, 1340], [1336, 1337], [1336, 1338], [1340, 1342], [1356, 1357], [1356, 1358], [1370, 1371], [1370, 1374], [1374, 1375], [1374, 1376], [1381, 1382], [1381, 1383], [1386, 1387], [1386, 1389], [1387, 1386], [1387, 1388], [1389, 1390], [1389, 1391], [1391, 1397], [1398, 1399], [1398, 1400], [1407, 1408], [1407, 1410], [1427, 1429], [1437, 1438], [1437, 1447], [1442, 1437], [1442, 1443], [1484, 1486], [1487, 1489], [1501, 1502], [1501, 1505], [1505, 1506], [1505, 1507], [1507, 1508], [1507, 1514], [1603, 1606], [1603, 1607], [1626, 1627], [1626, 1630], [1627, 1629], [1627, 1635], [1630, 1635], [1667, 1670], [1667, 1671], [1673, 1674], [1673, 1678], [1674, 1675], [1674, 1681], [1675, 1674], [1675, 1677], [1678, 1680], [1678, 1681], [1702, 1705], [1759, 1766], [1791, 1792], [1791, 1796], [1792, 1795], [1797, 1805], [1797, 1806], [1814, 1815], [1814, 1816], [1835, 1838], [1838, 1839], [1838, 1841], [1846, 1847], [1846, 1850], [1847, 1848], [1847, 1849], [1850, 1852], [1850, 1853], [1854, 1855], [1854, 1866], [1856, 1857], [1856, 1859], [1860, 1862], [1863, 1865], [1894, 1896], [1905, 1906], [1905, 1909], [1909, 1911], [1915, 1916], [1915, 1918], [1920, 1923], [1924, 1926], [1927, 1935], [1937, 1939], [1940, 1942], [1945, 1946], [1945, 1949], [1947, 1945], [1947, 1948], [1949, 1950], [1949, 1951], [1954, 1956], [1959, 1962], [1967, 1971], [1972, 1974], [1995, 1996], [1995, 1999], [2007, 2008], [2007, 2022], [2009, 2010], [2009, 2018], [2037, 2038], [2037, 2055], [2041, 2042], [2041, 2047], [2044, 2046], [2056, 2057], [2056, 2065], [2078, 2080], [2131, 2132], [2131, 2133], [2134, 2136], [2146, 2147], [2146, 2149], [2149, 2150], [2149, 2151], [2151, 2152], [2151, 2165], [2153, 2154], [2153, 2159], [2157, 2153], [2157, 2158], [2160, 2161], [2160, 2164], [2166, 2167], [2166, 2168], [2176, 2177], [2176, 2178], [2183, 2184], [2183, 2185], [2186, 2187], [2186, 2188], [2192, 2193], [2192, 2195], [2193, 2192], [2193, 2194], [2196, 2197], [2196, 2200], [2198, 2196], [2198, 2199], [2212, 2214], [2219, 2220], [2219, 2223], [2221, 2219], [2221, 2222], [2226, 2228], [2231, 2232], [2231, 2236], [2232, 2233], [2232, 2234], [2234, 2231], [2234, 2235], [2236, 2237], [2236, 2238], [2239, 2240], [2239, 2250], [2242, 2243], [2242, 2244], [2245, 2246], [2245, 2249], [2247, 2248], [2247, 2249], [2274, 2279], [2274, 2282], [2282, 2284], [2291, 2292], [2291, 2293], [2300, 2301], [2300, 2306], [2301, 2300], [2301, 2302], [2303, 2304], [2303, 2305], [2309, 2311], [2314, 2315], [2314, 2322], [2315, 2316], [2315, 2317], [2318, 2319], [2318, 2321], [2322, 2323], [2322, 2324], [2324, 2325], [2324, 2327], [2328, 2329], [2328, 2331], [2332, 2334], [2334, 2335], [2334, 2337], [2352, 2354], [2352, 2357], [2357, 2359], [2360, 2362], [2360, 2377], [2366, 2367], [2366, 2374], [2372, 2366], [2372, 2373], [2374, 2375], [2374, 2376], [2382, 2395], [2382, 2396], [2396, 2398], [2413, 2415], [2421, 2422], [2421, 2435], [2428, 2421], [2428, 2429], [2473, 2474], [2473, 2477], [2475, 2473], [2475, 2476], [2480, 2481], [2480, 2482], [2485, 2486], [2485, 2489], [2486, 2487], [2486, 2488], [2489, 2490], [2489, 2491], [2491, 2492], [2491, 2497], [2493, 2495], [2493, 2496], [2515, 2523], [2515, 2526], [2534, 2536], [2537, 2545], [2537, 2546], [2546, 2548], [2570, 2574], [2591, 2592], [2591, 2626], [2593, 2594], [2593, 2606], [2594, 2593], [2594, 2595], [2595, 2596], [2595, 2598], [2606, 2607], [2606, 2614], [2607, 2606], [2607, 2608], [2608, 2607], [2608, 2609], [2616, 2617], [2616, 2624], [2626, 2627], [2626, 2651], [2636, 2626], [2636, 2637], [2651, 2652], [2651, 2659], [2659, 2660], [2659, 2665], [2666, 2668], [2732, 2733], [2732, 2734], [2743, 2745], [2746, 2749], [2761, 2763], [2777, 2778], [2777, 2789], [2783, 2777], [2783, 2784], [2840, 2842], [2840, 2843], [2843, 2844], [2843, 2845], [2845, 2846], [2845, 2847], [2847, 2848], [2847, 2849], [2849, 2850], [2849, 2899], [2850, 2851], [2850, 2856], [2856, 2857], [2856, 2861], [2861, 2862], [2861, 2869], [2869, 2870], [2869, 2878], [2878, 2879], [2878, 2886], [2886, 2887], [2886, 2894], [2900, 2901], [2900, 2902], [2902, 2903], [2902, 2904], [2904, 2905], [2904, 2906], [2906, 2907], [2906, 2908], [2908, 2909], [2908, 2910], [2910, 2911], [2910, 2912], [2912, 2913], [2912, 2914], [2916, 2918], [2929, 2930], [2929, 2942], [2933, 2934], [2933, 2935], [2975, 2976], [2975, 2977], [2978, 2980], [2998, 2999], [2998, 3000], [3000, 3001], [3000, 3013], [3027, 3028], [3027, 3029], [3030, 3032], [3045, 3046], [3045, 3047], [3047, 3048], [3047, 3049], [3049, 3050], [3049, 3060], [3061, 3062], [3061, 3067], [3077, 3078], [3077, 3079], [3080, 3081], [3080, 3082], [3094, 3095], [3094, 3096], [3096, 3097], [3096, 3099], [3102, 3103], [3102, 3110], [3112, 3113], [3112, 3122], [3117, 3118], [3117, 3119], [3123, 3124], [3123, 3127], [3128, 3129], [3128, 3130], [3144, 3145], [3144, 3146], [3146, 3147], [3146, 3148], [3148, 3149], [3148, 3150], [3150, 3151], [3150, 3152], [3152, 3153], [3152, 3154], [3154, 3155], [3154, 3156], [3159, 3160], [3159, 3161], [3162, 3164], [3173, 3174], [3173, 3175], [3175, 3176], [3175, 3182], [3210, -1]], "missing_branches": [[663, 664], [783, 785], [816, 817], [824, 825], [834, 835], [847, 848], [867, 868], [880, 881], [912, 913], [928, 929], [935, 936], [968, 969], [972, 973], [975, 982], [1015, 1016], [1127, 1128], [1330, 1331], [1340, 1341], [1391, 1396], [1427, 1428], [1484, 1485], [1487, 1488], [1630, 1634], [1702, 1704], [1759, 1765], [1792, 1794], [1835, 1837], [1860, 1861], [1863, 1864], [1894, 1895], [1909, 1910], [1920, 1922], [1924, 1925], [1927, 1934], [1937, 1938], [1940, 1941], [1954, 1955], [1959, 1961], [1967, 1970], [1972, 1973], [2044, 2045], [2078, 2079], [2134, 2135], [2212, 2213], [2226, 2227], [2282, 2283], [2309, 2310], [2332, 2333], [2357, 2358], [2396, 2397], [2413, 2414], [2534, 2535], [2546, 2547], [2570, 2573], [2666, 2667], [2743, 2744], [2746, 2748], [2761, 2762], [2916, 2917], [2978, 2979], [3030, 3031], [3162, 3163], [3210, 3211]], "functions": {"GreeleyBlock.check_bytes": {"executed_lines": [272, 273, 278, 279], "summary": {"covered_lines": 4, "num_statements": 4, "percent_covered": 100.0, "percent_covered_display": "100", "missing_lines": 0, "excluded_lines": 0, "percent_statements_covered": 100.0, "percent_statements_covered_display": "100", "num_branches": 2, "num_partial_branches": 0, "covered_branches": 2, "missing_branches": 0, "percent_branches_covered": 100.0, "percent_branches_covered_display": "100"}, "missing_lines": [], "excluded_lines": [], "start_line": 270, "executed_branches": [[273, 278], [273, 279]], "missing_branches": []}, "WeldBlock.check_bytes": {"executed_lines": [365, 366, 369, 370], "summary": {"covered_lines": 4, "num_statements": 4, "percent_covered": 100.0, "percent_covered_display": "100", "missing_lines": 0, "excluded_lines": 0, "percent_statements_covered": 100.0, "percent_statements_covered_display": "100", "num_branches": 2, "num_partial_branches": 0, "covered_branches": 2, "missing_branches": 0, "percent_branches_covered": 100.0, "percent_branches_covered_display": "100"}, "missing_lines": [], "excluded_lines": [], "start_line": 363, "executed_branches": [[366, 369], [366, 370]], "missing_branches": []}, "WeldRow.check_associations": {"executed_lines": [388, 389, 390, 391, 392, 393, 394, 395, 397, 398], "summary": {"covered_lines": 10, "num_statements": 10, "percent_covered": 100.0, "percent_covered_display": "100", "missing_lines": 0, "excluded_lines": 0, "percent_statements_covered": 100.0, "percent_statements_covered_display": "100", "num_branches": 6, "num_partial_branches": 0, "covered_branches": 6, "missing_branches": 0, "percent_branches_covered": 100.0, "percent_branches_covered_display": "100"}, "missing_lines": [], "excluded_lines": [], "start_line": 386, "executed_branches": [[388, 389], [388, 390], [393, 394], [393, 395], [395, 397], [395, 398]], "missing_branches": []}, "GridBlock.check_bytes": {"executed_lines": [485, 486, 490, 491], "summary": {"covered_lines": 4, "num_statements": 4, "percent_covered": 100.0, "percent_covered_display": "100", "missing_lines": 0, "excluded_lines": 0, "percent_statements_covered": 100.0, "percent_statements_covered_display": "100", "num_branches": 2, "num_partial_branches": 0, "covered_branches": 2, "missing_branches": 0, "percent_branches_covered": 100.0, "percent_branches_covered_display": "100"}, "missing_lines": [], "excluded_lines": [], "start_line": 483, "executed_branches": [[486, 490], [486, 491]], "missing_branches": []}, "GridCell.check_blank": {"executed_lines": [506, 507, 508, 509, 510, 511, 512, 513], "summary": {"covered_lines": 8, "num_statements": 8, "percent_covered": 100.0, "percent_covered_display": "100", "missing_lines": 0, "excluded_lines": 0, "percent_statements_covered": 100.0, "percent_statements_covered_display": "100", "num_branches": 8, "num_partial_branches": 0, "covered_branches": 8, "missing_branches": 0, "percent_branches_covered": 100.0, "percent_branches_covered_display": "100"}, "missing_lines": [], "excluded_lines": [], "start_line": 504, "executed_branches": [[506, 507], [506, 508], [508, 509], [508, 511], [509, 510], [509, 513], [511, 512], [511, 513]], "missing_branches": []}, "GridRowEvidence.check_columns": {"executed_lines": [527, 528, 529, 530, 531, 532, 533, 534], "summary": {"covered_lines": 8, "num_statements": 8, "percent_covered": 100.0, "percent_covered_display": "100", "missing_lines": 0, "excluded_lines": 0, "percent_statements_covered": 100.0, "percent_statements_covered_display": "100", "num_branches": 6, "num_partial_branches": 0, "covered_branches": 6, "missing_branches": 0, "percent_branches_covered": 100.0, "percent_branches_covered_display": "100"}, "missing_lines": [], "excluded_lines": [], "start_line": 525, "executed_branches": [[528, 529], [528, 534], [529, 530], [529, 531], [532, 528], [532, 533]], "missing_branches": []}, "SpringsPart.validate_lines": {"executed_lines": [655, 656, 657, 658, 661, 662, 663, 665, 666, 667, 668, 669, 670, 671, 673, 674, 675, 677, 678], "summary": {"covered_lines": 19, "num_statements": 20, "percent_covered": 95.0, "percent_covered_display": "95", "missing_lines": 1, "excluded_lines": 0, "percent_statements_covered": 95.0, "percent_statements_covered_display": "95", "num_branches": 20, "num_partial_branches": 1, "covered_branches": 19, "missing_branches": 1, "percent_branches_covered": 95.0, "percent_branches_covered_display": "95"}, "missing_lines": [664], "excluded_lines": [], "start_line": 653, "executed_branches": [[656, 657], [656, 658], [658, 661], [658, 662], [662, 663], [662, 665], [663, 662], [666, 667], [666, 668], [668, 669], [668, 670], [670, 671], [670, 674], [671, 670], [671, 673], [674, 675], [674, 678], [675, 674], [675, 677]], "missing_branches": [[663, 664]]}, "SpringsRow.validate_row": {"executed_lines": [730, 731, 732, 733, 734, 735, 736], "summary": {"covered_lines": 7, "num_statements": 7, "percent_covered": 100.0, "percent_covered_display": "100", "missing_lines": 0, "excluded_lines": 0, "percent_statements_covered": 100.0, "percent_statements_covered_display": "100", "num_branches": 6, "num_partial_branches": 0, "covered_branches": 6, "missing_branches": 0, "percent_branches_covered": 100.0, "percent_branches_covered_display": "100"}, "missing_lines": [], "excluded_lines": [], "start_line": 728, "executed_branches": [[730, 731], [730, 732], [732, 733], [732, 734], [734, 735], [734, 736]], "missing_branches": []}, "SpringsSourceBinding.validate_intake": {"executed_lines": [783, 786, 787, 788], "summary": {"covered_lines": 4, "num_statements": 5, "percent_covered": 77.77777777777777, "percent_covered_display": "78", "missing_lines": 1, "excluded_lines": 0, "percent_statements_covered": 80.0, "percent_statements_covered_display": "80", "num_branches": 4, "num_partial_branches": 1, "covered_branches": 3, "missing_branches": 1, "percent_branches_covered": 75.0, "percent_branches_covered_display": "75"}, "missing_lines": [785], "excluded_lines": [], "start_line": 781, "executed_branches": [[783, 786], [786, 787], [786, 788]], "missing_branches": [[783, 785]]}, "SpringsLookupResult.validate_context": {"executed_lines": [815, 816, 818, 819, 820, 821, 822, 823, 824, 826, 827, 828, 829, 830, 832, 833, 834, 836, 837, 838, 839, 840, 842, 843, 844, 845, 846, 847, 849], "summary": {"covered_lines": 29, "num_statements": 33, "percent_covered": 87.3015873015873, "percent_covered_display": "87", "missing_lines": 4, "excluded_lines": 0, "percent_statements_covered": 87.87878787878788, "percent_statements_covered_display": "88", "num_branches": 30, "num_partial_branches": 4, "covered_branches": 26, "missing_branches": 4, "percent_branches_covered": 86.66666666666667, "percent_branches_covered_display": "87"}, "missing_lines": [817, 825, 835, 848], "excluded_lines": [], "start_line": 813, "executed_branches": [[815, 816], [815, 819], [816, 818], [819, 820], [819, 821], [821, 822], [821, 823], [824, 826], [826, 827], [826, 828], [828, 829], [828, 830], [830, 832], [830, 833], [834, 836], [836, 837], [836, 838], [838, 839], [838, 845], [840, 842], [840, 843], [843, 838], [843, 844], [845, 846], [845, 847], [847, 849]], "missing_branches": [[816, 817], [824, 825], [834, 835], [847, 848]]}, "_check_springs_package": {"executed_lines": [854, 855, 856, 857, 858, 859, 860, 861, 862, 863, 864, 865, 866, 867, 869, 870, 871, 872, 873, 874, 875, 876, 877, 878, 879, 880, 882, 883, 885, 886, 887], "summary": {"covered_lines": 31, "num_statements": 33, "percent_covered": 92.45283018867924, "percent_covered_display": "92", "missing_lines": 2, "excluded_lines": 0, "percent_statements_covered": 93.93939393939394, "percent_statements_covered_display": "94", "num_branches": 20, "num_partial_branches": 2, "covered_branches": 18, "missing_branches": 2, "percent_branches_covered": 90.0, "percent_branches_covered_display": "90"}, "missing_lines": [868, 881], "excluded_lines": [], "start_line": 852, "executed_branches": [[856, 857], [856, 858], [859, 860], [859, 864], [861, 862], [861, 863], [867, 869], [872, 873], [872, 876], [873, 874], [873, 875], [876, 877], [876, 878], [878, 879], [878, 887], [880, 882], [883, 885], [883, 886]], "missing_branches": [[867, 868], [880, 881]]}, "_load_springs_verified": {"executed_lines": [892, 893, 894, 895, 900, 901, 908, 909, 910, 911, 912, 914], "summary": {"covered_lines": 12, "num_statements": 13, "percent_covered": 88.23529411764706, "percent_covered_display": "88", "missing_lines": 1, "excluded_lines": 0, "percent_statements_covered": 92.3076923076923, "percent_statements_covered_display": "92", "num_branches": 4, "num_partial_branches": 1, "covered_branches": 3, "missing_branches": 1, "percent_branches_covered": 75.0, "percent_branches_covered_display": "75"}, "missing_lines": [913], "excluded_lines": [], "start_line": 890, "executed_branches": [[908, 909], [908, 912], [912, 914]], "missing_branches": [[912, 913]]}, "_check_springs_intake": {"executed_lines": [919, 920, 921, 922, 923, 924, 925, 926, 927, 928, 930, 931, 933, 934, 935, 937, 940, 941, 942, 943, 944, 945, 946, 947, 948], "summary": {"covered_lines": 25, "num_statements": 27, "percent_covered": 90.69767441860465, "percent_covered_display": "91", "missing_lines": 2, "excluded_lines": 0, "percent_statements_covered": 92.5925925925926, "percent_statements_covered_display": "93", "num_branches": 16, "num_partial_branches": 2, "covered_branches": 14, "missing_branches": 2, "percent_branches_covered": 87.5, "percent_branches_covered_display": "88"}, "missing_lines": [929, 936], "excluded_lines": [], "start_line": 917, "executed_branches": [[921, 922], [921, 926], [923, 924], [923, 925], [928, 930], [934, 935], [934, 940], [935, 937], [941, 942], [941, 943], [943, 944], [943, 948], [945, 946], [945, 947]], "missing_branches": [[928, 929], [935, 936]]}, "_load_springs_intake": {"executed_lines": [953, 954, 955, 956, 961, 965, 966, 967, 968, 970, 971, 972, 974, 975, 983, 984, 985, 986], "summary": {"covered_lines": 18, "num_statements": 21, "percent_covered": 80.64516129032258, "percent_covered_display": "81", "missing_lines": 3, "excluded_lines": 0, "percent_statements_covered": 85.71428571428571, "percent_statements_covered_display": "86", "num_branches": 10, "num_partial_branches": 3, "covered_branches": 7, "missing_branches": 3, "percent_branches_covered": 70.0, "percent_branches_covered_display": "70"}, "missing_lines": [969, 973, 982], "excluded_lines": [], "start_line": 951, "executed_branches": [[961, 965], [961, 968], [968, 970], [972, 974], [975, 983], [984, 985], [984, 986]], "missing_branches": [[968, 969], [972, 973], [975, 982]]}, "_lookup_springs": {"executed_lines": [1000, 1001, 1002, 1004, 1008, 1009, 1011, 1021, 1024, 1025, 1026, 1027, 1031, 1032, 1033, 1034, 1036, 1037, 1038, 1042, 1043, 1061], "summary": {"covered_lines": 22, "num_statements": 22, "percent_covered": 100.0, "percent_covered_display": "100", "missing_lines": 0, "excluded_lines": 0, "percent_statements_covered": 100.0, "percent_statements_covered_display": "100", "num_branches": 4, "num_partial_branches": 0, "covered_branches": 4, "missing_branches": 0, "percent_branches_covered": 100.0, "percent_branches_covered_display": "100"}, "missing_lines": [], "excluded_lines": [], "start_line": 998, "executed_branches": [[1032, 1033], [1032, 1038], [1036, 1032], [1036, 1037]], "missing_branches": []}, "_lookup_springs.asset": {"executed_lines": [1006], "summary": {"covered_lines": 1, "num_statements": 1, "percent_covered": 100.0, "percent_covered_display": "100", "missing_lines": 0, "excluded_lines": 0, "percent_statements_covered": 100.0, "percent_statements_covered_display": "100", "num_branches": 0, "num_partial_branches": 0, "covered_branches": 0, "missing_branches": 0, "percent_branches_covered": 100.0, "percent_branches_covered_display": "100"}, "missing_lines": [], "excluded_lines": [], "start_line": 1004, "executed_branches": [], "missing_branches": []}, "_lookup_springs.part": {"executed_lines": [1013, 1014, 1015, 1017], "summary": {"covered_lines": 4, "num_statements": 5, "percent_covered": 71.42857142857143, "percent_covered_display": "71", "missing_lines": 1, "excluded_lines": 0, "percent_statements_covered": 80.0, "percent_statements_covered_display": "80", "num_branches": 2, "num_partial_branches": 1, "covered_branches": 1, "missing_branches": 1, "percent_branches_covered": 50.0, "percent_branches_covered_display": "50"}, "missing_lines": [1016], "excluded_lines": [], "start_line": 1011, "executed_branches": [[1015, 1017]], "missing_branches": [[1015, 1016]]}, "_render_springs": {"executed_lines": [1075, 1078, 1079, 1080, 1081, 1094, 1103, 1110, 1111, 1112, 1113, 1114, 1115, 1116, 1117, 1118, 1119, 1120, 1121, 1122, 1123, 1124, 1125, 1127, 1129, 1130, 1131], "summary": {"covered_lines": 27, "num_statements": 28, "percent_covered": 95.23809523809524, "percent_covered_display": "95", "missing_lines": 1, "excluded_lines": 0, "percent_statements_covered": 96.42857142857143, "percent_statements_covered_display": "96", "num_branches": 14, "num_partial_branches": 1, "covered_branches": 13, "missing_branches": 1, "percent_branches_covered": 92.85714285714286, "percent_branches_covered_display": "93"}, "missing_lines": [1128], "excluded_lines": [], "start_line": 1073, "executed_branches": [[1078, 1079], [1078, 1080], [1112, 1113], [1112, 1114], [1116, 1117], [1116, 1119], [1117, 1116], [1117, 1118], [1119, 1120], [1119, 1121], [1122, 1123], [1122, 1127], [1127, 1129]], "missing_branches": [[1127, 1128]]}, "_render_springs.render_block": {"executed_lines": [1096, 1097, 1098, 1100, 1101], "summary": {"covered_lines": 5, "num_statements": 5, "percent_covered": 100.0, "percent_covered_display": "100", "missing_lines": 0, "excluded_lines": 0, "percent_statements_covered": 100.0, "percent_statements_covered_display": "100", "num_branches": 2, "num_partial_branches": 0, "covered_branches": 2, "missing_branches": 0, "percent_branches_covered": 100.0, "percent_branches_covered_display": "100"}, "missing_lines": [], "excluded_lines": [], "start_line": 1094, "executed_branches": [[1097, 1098], [1097, 1100]], "missing_branches": []}, "_render_springs.render_row": {"executed_lines": [1105], "summary": {"covered_lines": 1, "num_statements": 1, "percent_covered": 100.0, "percent_covered_display": "100", "missing_lines": 0, "excluded_lines": 0, "percent_statements_covered": 100.0, "percent_statements_covered_display": "100", "num_branches": 0, "num_partial_branches": 0, "covered_branches": 0, "missing_branches": 0, "percent_branches_covered": 100.0, "percent_branches_covered_display": "100"}, "missing_lines": [], "excluded_lines": [], "start_line": 1103, "executed_branches": [], "missing_branches": []}, "EhsSpan.bound": {"executed_lines": [1181, 1182, 1185, 1186], "summary": {"covered_lines": 4, "num_statements": 4, "percent_covered": 100.0, "percent_covered_display": "100", "missing_lines": 0, "excluded_lines": 0, "percent_statements_covered": 100.0, "percent_statements_covered_display": "100", "num_branches": 2, "num_partial_branches": 0, "covered_branches": 2, "missing_branches": 0, "percent_branches_covered": 100.0, "percent_branches_covered_display": "100"}, "missing_lines": [], "excluded_lines": [], "start_line": 1179, "executed_branches": [[1182, 1185], [1182, 1186]], "missing_branches": []}, "EhsRow.associations": {"executed_lines": [1219, 1224, 1225], "summary": {"covered_lines": 3, "num_statements": 3, "percent_covered": 100.0, "percent_covered_display": "100", "missing_lines": 0, "excluded_lines": 0, "percent_statements_covered": 100.0, "percent_statements_covered_display": "100", "num_branches": 2, "num_partial_branches": 0, "covered_branches": 2, "missing_branches": 0, "percent_branches_covered": 100.0, "percent_branches_covered_display": "100"}, "missing_lines": [], "excluded_lines": [], "start_line": 1217, "executed_branches": [[1219, 1224], [1219, 1225]], "missing_branches": []}, "EhsLookupResult.complete_context": {"executed_lines": [1282, 1283, 1284, 1285, 1286, 1287, 1291, 1292, 1293, 1294, 1295, 1296], "summary": {"covered_lines": 12, "num_statements": 12, "percent_covered": 100.0, "percent_covered_display": "100", "missing_lines": 0, "excluded_lines": 0, "percent_statements_covered": 100.0, "percent_statements_covered_display": "100", "num_branches": 10, "num_partial_branches": 0, "covered_branches": 10, "missing_branches": 0, "percent_branches_covered": 100.0, "percent_branches_covered_display": "100"}, "missing_lines": [], "excluded_lines": [], "start_line": 1280, "executed_branches": [[1282, 1283], [1282, 1286], [1283, 1284], [1283, 1285], [1287, 1291], [1287, 1292], [1292, 1293], [1292, 1294], [1294, 1295], [1294, 1296]], "missing_branches": []}, "_check_ehs_package": {"executed_lines": [1301, 1302, 1303, 1304, 1305, 1306, 1307, 1308, 1309, 1310, 1311, 1312, 1315, 1316, 1317, 1318, 1319, 1321, 1322, 1323, 1324, 1325, 1326, 1328, 1329, 1330, 1332, 1333, 1334, 1335, 1336, 1337, 1338, 1339, 1340, 1342], "summary": {"covered_lines": 36, "num_statements": 38, "percent_covered": 93.33333333333333, "percent_covered_display": "93", "missing_lines": 2, "excluded_lines": 0, "percent_statements_covered": 94.73684210526316, "percent_statements_covered_display": "95", "num_branches": 22, "num_partial_branches": 2, "covered_branches": 20, "missing_branches": 2, "percent_branches_covered": 90.9090909090909, "percent_branches_covered_display": "91"}, "missing_lines": [1331, 1341], "excluded_lines": [], "start_line": 1299, "executed_branches": [[1303, 1304], [1303, 1305], [1306, 1307], [1306, 1311], [1308, 1309], [1308, 1310], [1312, 1315], [1312, 1316], [1322, 1323], [1322, 1326], [1323, 1324], [1323, 1325], [1326, 1328], [1326, 1329], [1330, 1332], [1333, 1334], [1333, 1340], [1336, 1337], [1336, 1338], [1340, 1342]], "missing_branches": [[1330, 1331], [1340, 1341]]}, "_load_ehs_verified": {"executed_lines": [1347, 1348, 1349, 1350, 1353, 1354, 1356, 1357, 1358, 1359, 1370, 1371, 1372, 1373, 1374, 1375, 1376, 1377, 1378, 1379, 1380, 1381, 1382, 1383, 1384, 1385, 1386, 1387, 1388, 1389, 1390, 1391, 1397, 1398, 1399, 1400], "summary": {"covered_lines": 36, "num_statements": 37, "percent_covered": 96.36363636363636, "percent_covered_display": "96", "missing_lines": 1, "excluded_lines": 0, "percent_statements_covered": 97.29729729729729, "percent_statements_covered_display": "97", "num_branches": 18, "num_partial_branches": 1, "covered_branches": 17, "missing_branches": 1, "percent_branches_covered": 94.44444444444444, "percent_branches_covered_display": "94"}, "missing_lines": [1396], "excluded_lines": [], "start_line": 1345, "executed_branches": [[1356, 1357], [1356, 1358], [1370, 1371], [1370, 1374], [1374, 1375], [1374, 1376], [1381, 1382], [1381, 1383], [1386, 1387], [1386, 1389], [1387, 1386], [1387, 1388], [1389, 1390], [1389, 1391], [1391, 1397], [1398, 1399], [1398, 1400]], "missing_branches": [[1391, 1396]]}, "_ehs_matches": {"executed_lines": [1406, 1407, 1408, 1410], "summary": {"covered_lines": 4, "num_statements": 4, "percent_covered": 100.0, "percent_covered_display": "100", "missing_lines": 0, "excluded_lines": 0, "percent_statements_covered": 100.0, "percent_statements_covered_display": "100", "num_branches": 2, "num_partial_branches": 0, "covered_branches": 2, "missing_branches": 0, "percent_branches_covered": 100.0, "percent_branches_covered_display": "100"}, "missing_lines": [], "excluded_lines": [], "start_line": 1404, "executed_branches": [[1407, 1408], [1407, 1410]], "missing_branches": []}, "_lookup_ehs": {"executed_lines": [1415, 1416, 1417, 1418, 1419, 1421, 1425, 1432, 1434, 1435, 1436, 1437, 1438, 1439, 1440, 1442, 1443, 1447, 1449, 1474], "summary": {"covered_lines": 20, "num_statements": 20, "percent_covered": 100.0, "percent_covered_display": "100", "missing_lines": 0, "excluded_lines": 0, "percent_statements_covered": 100.0, "percent_statements_covered_display": "100", "num_branches": 4, "num_partial_branches": 0, "covered_branches": 4, "missing_branches": 0, "percent_branches_covered": 100.0, "percent_branches_covered_display": "100"}, "missing_lines": [], "excluded_lines": [], "start_line": 1413, "executed_branches": [[1437, 1438], [1437, 1447], [1442, 1437], [1442, 1443]], "missing_branches": []}, "_lookup_ehs.asset": {"executed_lines": [1423], "summary": {"covered_lines": 1, "num_statements": 1, "percent_covered": 100.0, "percent_covered_display": "100", "missing_lines": 0, "excluded_lines": 0, "percent_statements_covered": 100.0, "percent_statements_covered_display": "100", "num_branches": 0, "num_partial_branches": 0, "covered_branches": 0, "missing_branches": 0, "percent_branches_covered": 100.0, "percent_branches_covered_display": "100"}, "missing_lines": [], "excluded_lines": [], "start_line": 1421, "executed_branches": [], "missing_branches": []}, "_lookup_ehs.span": {"executed_lines": [1427, 1429], "summary": {"covered_lines": 2, "num_statements": 3, "percent_covered": 60.0, "percent_covered_display": "60", "missing_lines": 1, "excluded_lines": 0, "percent_statements_covered": 66.66666666666667, "percent_statements_covered_display": "67", "num_branches": 2, "num_partial_branches": 1, "covered_branches": 1, "missing_branches": 1, "percent_branches_covered": 50.0, "percent_branches_covered_display": "50"}, "missing_lines": [1428], "excluded_lines": [], "start_line": 1425, "executed_branches": [[1427, 1429]], "missing_branches": [[1427, 1428]]}, "_render_ehs": {"executed_lines": [1482, 1484, 1486, 1487, 1489, 1501, 1502, 1505, 1506, 1507, 1508, 1514, 1515, 1516], "summary": {"covered_lines": 14, "num_statements": 16, "percent_covered": 84.61538461538461, "percent_covered_display": "85", "missing_lines": 2, "excluded_lines": 0, "percent_statements_covered": 87.5, "percent_statements_covered_display": "88", "num_branches": 10, "num_partial_branches": 2, "covered_branches": 8, "missing_branches": 2, "percent_branches_covered": 80.0, "percent_branches_covered_display": "80"}, "missing_lines": [1485, 1488], "excluded_lines": [], "start_line": 1480, "executed_branches": [[1484, 1486], [1487, 1489], [1501, 1502], [1501, 1505], [1505, 1506], [1505, 1507], [1507, 1508], [1507, 1514]], "missing_branches": [[1484, 1485], [1487, 1488]]}, "DpSpan.bound": {"executed_lines": [1602, 1603, 1606, 1607], "summary": {"covered_lines": 4, "num_statements": 4, "percent_covered": 100.0, "percent_covered_display": "100", "missing_lines": 0, "excluded_lines": 0, "percent_statements_covered": 100.0, "percent_statements_covered_display": "100", "num_branches": 2, "num_partial_branches": 0, "covered_branches": 2, "missing_branches": 0, "percent_branches_covered": 100.0, "percent_branches_covered_display": "100"}, "missing_lines": [], "excluded_lines": [], "start_line": 1600, "executed_branches": [[1603, 1606], [1603, 1607]], "missing_branches": []}, "DpCell.exact": {"executed_lines": [1626, 1627, 1629, 1630, 1635], "summary": {"covered_lines": 5, "num_statements": 6, "percent_covered": 83.33333333333333, "percent_covered_display": "83", "missing_lines": 1, "excluded_lines": 0, "percent_statements_covered": 83.33333333333333, "percent_statements_covered_display": "83", "num_branches": 6, "num_partial_branches": 1, "covered_branches": 5, "missing_branches": 1, "percent_branches_covered": 83.33333333333333, "percent_branches_covered_display": "83"}, "missing_lines": [1634], "excluded_lines": [], "start_line": 1624, "executed_branches": [[1626, 1627], [1626, 1630], [1627, 1629], [1627, 1635], [1630, 1635]], "missing_branches": [[1630, 1634]]}, "DpRow.complete": {"executed_lines": [1665, 1667, 1670, 1671, 1672, 1673, 1674, 1675, 1677, 1678, 1680, 1681], "summary": {"covered_lines": 12, "num_statements": 12, "percent_covered": 100.0, "percent_covered_display": "100", "missing_lines": 0, "excluded_lines": 0, "percent_statements_covered": 100.0, "percent_statements_covered_display": "100", "num_branches": 10, "num_partial_branches": 0, "covered_branches": 10, "missing_branches": 0, "percent_branches_covered": 100.0, "percent_branches_covered_display": "100"}, "missing_lines": [], "excluded_lines": [], "start_line": 1663, "executed_branches": [[1667, 1670], [1667, 1671], [1673, 1674], [1673, 1678], [1674, 1675], [1674, 1681], [1675, 1674], [1675, 1677], [1678, 1680], [1678, 1681]], "missing_branches": []}, "DpContext.attached": {"executed_lines": [1702, 1705], "summary": {"covered_lines": 2, "num_statements": 3, "percent_covered": 60.0, "percent_covered_display": "60", "missing_lines": 1, "excluded_lines": 0, "percent_statements_covered": 66.66666666666667, "percent_statements_covered_display": "67", "num_branches": 2, "num_partial_branches": 1, "covered_branches": 1, "missing_branches": 1, "percent_branches_covered": 50.0, "percent_branches_covered_display": "50"}, "missing_lines": [1704], "excluded_lines": [], "start_line": 1700, "executed_branches": [[1702, 1705]], "missing_branches": [[1702, 1704]]}, "DpSource.ownership": {"executed_lines": [1758, 1759, 1766], "summary": {"covered_lines": 3, "num_statements": 4, "percent_covered": 66.66666666666667, "percent_covered_display": "67", "missing_lines": 1, "excluded_lines": 0, "percent_statements_covered": 75.0, "percent_statements_covered_display": "75", "num_branches": 2, "num_partial_branches": 1, "covered_branches": 1, "missing_branches": 1, "percent_branches_covered": 50.0, "percent_branches_covered_display": "50"}, "missing_lines": [1765], "excluded_lines": [], "start_line": 1756, "executed_branches": [[1759, 1766]], "missing_branches": [[1759, 1765]]}, "DpLookupResult.scoped": {"executed_lines": [1791, 1792, 1795, 1796, 1797, 1805, 1806], "summary": {"covered_lines": 7, "num_statements": 8, "percent_covered": 85.71428571428571, "percent_covered_display": "86", "missing_lines": 1, "excluded_lines": 0, "percent_statements_covered": 87.5, "percent_statements_covered_display": "88", "num_branches": 6, "num_partial_branches": 1, "covered_branches": 5, "missing_branches": 1, "percent_branches_covered": 83.33333333333333, "percent_branches_covered_display": "83"}, "missing_lines": [1794], "excluded_lines": [], "start_line": 1789, "executed_branches": [[1791, 1792], [1791, 1796], [1792, 1795], [1797, 1805], [1797, 1806]], "missing_branches": [[1792, 1794]]}, "_dp_capture": {"executed_lines": [1811, 1812, 1813, 1814, 1815, 1816], "summary": {"covered_lines": 6, "num_statements": 6, "percent_covered": 100.0, "percent_covered_display": "100", "missing_lines": 0, "excluded_lines": 0, "percent_statements_covered": 100.0, "percent_statements_covered_display": "100", "num_branches": 2, "num_partial_branches": 0, "covered_branches": 2, "missing_branches": 0, "percent_branches_covered": 100.0, "percent_branches_covered_display": "100"}, "missing_lines": [], "excluded_lines": [], "start_line": 1809, "executed_branches": [[1814, 1815], [1814, 1816]], "missing_branches": []}, "_dp_asset": {"executed_lines": [1821, 1822, 1823], "summary": {"covered_lines": 3, "num_statements": 3, "percent_covered": 100.0, "percent_covered_display": "100", "missing_lines": 0, "excluded_lines": 0, "percent_statements_covered": 100.0, "percent_statements_covered_display": "100", "num_branches": 0, "num_partial_branches": 0, "covered_branches": 0, "missing_branches": 0, "percent_branches_covered": 100.0, "percent_branches_covered_display": "100"}, "missing_lines": [], "excluded_lines": [], "start_line": 1819, "executed_branches": [], "missing_branches": []}, "_check_dp_package": {"executed_lines": [1828, 1829, 1830, 1832, 1833, 1834, 1835, 1838, 1839, 1840, 1841, 1842, 1843, 1844, 1845, 1846, 1847, 1848, 1849, 1850, 1852, 1853, 1854, 1855, 1856, 1857, 1859, 1860, 1862, 1863, 1865, 1866, 1867, 1869], "summary": {"covered_lines": 34, "num_statements": 37, "percent_covered": 89.0909090909091, "percent_covered_display": "89", "missing_lines": 3, "excluded_lines": 0, "percent_statements_covered": 91.89189189189189, "percent_statements_covered_display": "92", "num_branches": 18, "num_partial_branches": 3, "covered_branches": 15, "missing_branches": 3, "percent_branches_covered": 83.33333333333333, "percent_branches_covered_display": "83"}, "missing_lines": [1837, 1861, 1864], "excluded_lines": [], "start_line": 1826, "executed_branches": [[1835, 1838], [1838, 1839], [1838, 1841], [1846, 1847], [1846, 1850], [1847, 1848], [1847, 1849], [1850, 1852], [1850, 1853], [1854, 1855], [1854, 1866], [1856, 1857], [1856, 1859], [1860, 1862], [1863, 1865]], "missing_branches": [[1835, 1837], [1860, 1861], [1863, 1864]]}, "_load_dp_verified": {"executed_lines": [1876, 1877, 1878, 1879, 1886, 1887, 1891, 1892, 1894, 1896, 1897, 1905, 1906, 1907, 1908, 1909, 1911, 1912, 1915, 1916, 1917, 1918, 1919, 1920, 1923, 1924, 1926, 1927, 1935, 1936, 1937, 1939, 1940, 1942, 1943, 1944, 1945, 1946, 1947, 1948, 1949, 1950, 1951, 1952, 1953, 1954, 1956, 1957, 1958, 1959, 1962, 1964, 1965, 1966, 1967, 1971, 1972, 1974], "summary": {"covered_lines": 58, "num_statements": 69, "percent_covered": 78.21782178217822, "percent_covered_display": "78", "missing_lines": 11, "excluded_lines": 0, "percent_statements_covered": 84.05797101449275, "percent_statements_covered_display": "84", "num_branches": 32, "num_partial_branches": 11, "covered_branches": 21, "missing_branches": 11, "percent_branches_covered": 65.625, "percent_branches_covered_display": "66"}, "missing_lines": [1895, 1910, 1922, 1925, 1934, 1938, 1941, 1955, 1961, 1970, 1973], "excluded_lines": [], "start_line": 1872, "executed_branches": [[1894, 1896], [1905, 1906], [1905, 1909], [1909, 1911], [1915, 1916], [1915, 1918], [1920, 1923], [1924, 1926], [1927, 1935], [1937, 1939], [1940, 1942], [1945, 1946], [1945, 1949], [1947, 1945], [1947, 1948], [1949, 1950], [1949, 1951], [1954, 1956], [1959, 1962], [1967, 1971], [1972, 1974]], "missing_branches": [[1894, 1895], [1909, 1910], [1920, 1922], [1924, 1925], [1927, 1934], [1937, 1938], [1940, 1941], [1954, 1955], [1959, 1961], [1967, 1970], [1972, 1973]]}, "_dp_span": {"executed_lines": [1980, 1981], "summary": {"covered_lines": 2, "num_statements": 2, "percent_covered": 100.0, "percent_covered_display": "100", "missing_lines": 0, "excluded_lines": 0, "percent_statements_covered": 100.0, "percent_statements_covered_display": "100", "num_branches": 0, "num_partial_branches": 0, "covered_branches": 0, "missing_branches": 0, "percent_branches_covered": 100.0, "percent_branches_covered_display": "100"}, "missing_lines": [], "excluded_lines": [], "start_line": 1977, "executed_branches": [], "missing_branches": []}, "_dp_douglas": {"executed_lines": [1990, 1991, 1992, 1993, 1994, 1995, 1996, 1998, 1999, 2006, 2007, 2008, 2009, 2010, 2013, 2018, 2022, 2028], "summary": {"covered_lines": 18, "num_statements": 18, "percent_covered": 100.0, "percent_covered_display": "100", "missing_lines": 0, "excluded_lines": 0, "percent_statements_covered": 100.0, "percent_statements_covered_display": "100", "num_branches": 6, "num_partial_branches": 0, "covered_branches": 6, "missing_branches": 0, "percent_branches_covered": 100.0, "percent_branches_covered_display": "100"}, "missing_lines": [], "excluded_lines": [], "start_line": 1986, "executed_branches": [[1995, 1996], [1995, 1999], [2007, 2008], [2007, 2022], [2009, 2010], [2009, 2018]], "missing_branches": []}, "_dp_pueblo": {"executed_lines": [2035, 2036, 2037, 2038, 2039, 2040, 2041, 2042, 2044, 2046, 2047, 2048, 2055, 2056, 2057, 2061, 2065, 2068], "summary": {"covered_lines": 18, "num_statements": 19, "percent_covered": 92.5925925925926, "percent_covered_display": "93", "missing_lines": 1, "excluded_lines": 0, "percent_statements_covered": 94.73684210526316, "percent_statements_covered_display": "95", "num_branches": 8, "num_partial_branches": 1, "covered_branches": 7, "missing_branches": 1, "percent_branches_covered": 87.5, "percent_branches_covered_display": "88"}, "missing_lines": [2045], "excluded_lines": [], "start_line": 2031, "executed_branches": [[2037, 2038], [2037, 2055], [2041, 2042], [2041, 2047], [2044, 2046], [2056, 2057], [2056, 2065]], "missing_branches": [[2044, 2045]]}, "_lookup_dp": {"executed_lines": [2073, 2074, 2075, 2076, 2077, 2078, 2080, 2083, 2085, 2087, 2088, 2089, 2116, 2121], "summary": {"covered_lines": 14, "num_statements": 15, "percent_covered": 88.23529411764706, "percent_covered_display": "88", "missing_lines": 1, "excluded_lines": 0, "percent_statements_covered": 93.33333333333333, "percent_statements_covered_display": "93", "num_branches": 2, "num_partial_branches": 1, "covered_branches": 1, "missing_branches": 1, "percent_branches_covered": 50.0, "percent_branches_covered_display": "50"}, "missing_lines": [2079], "excluded_lines": [], "start_line": 2071, "executed_branches": [[2078, 2080]], "missing_branches": [[2078, 2079]]}, "_render_dp": {"executed_lines": [2129, 2131, 2132, 2133, 2134, 2136, 2141, 2142, 2146, 2147, 2149, 2150, 2151, 2152, 2153, 2154, 2156, 2157, 2158, 2159, 2160, 2161, 2164, 2165, 2166, 2167, 2168, 2169, 2170], "summary": {"covered_lines": 29, "num_statements": 30, "percent_covered": 95.83333333333333, "percent_covered_display": "96", "missing_lines": 1, "excluded_lines": 0, "percent_statements_covered": 96.66666666666667, "percent_statements_covered_display": "97", "num_branches": 18, "num_partial_branches": 1, "covered_branches": 17, "missing_branches": 1, "percent_branches_covered": 94.44444444444444, "percent_branches_covered_display": "94"}, "missing_lines": [2135], "excluded_lines": [], "start_line": 2127, "executed_branches": [[2131, 2132], [2131, 2133], [2134, 2136], [2146, 2147], [2146, 2149], [2149, 2150], [2149, 2151], [2151, 2152], [2151, 2165], [2153, 2154], [2153, 2159], [2157, 2153], [2157, 2158], [2160, 2161], [2160, 2164], [2166, 2167], [2166, 2168]], "missing_branches": [[2134, 2135]]}, "_digest": {"executed_lines": [2174, 2175, 2176, 2177, 2178], "summary": {"covered_lines": 5, "num_statements": 5, "percent_covered": 100.0, "percent_covered_display": "100", "missing_lines": 0, "excluded_lines": 0, "percent_statements_covered": 100.0, "percent_statements_covered_display": "100", "num_branches": 2, "num_partial_branches": 0, "covered_branches": 2, "missing_branches": 0, "percent_branches_covered": 100.0, "percent_branches_covered_display": "100"}, "missing_lines": [], "excluded_lines": [], "start_line": 2173, "executed_branches": [[2176, 2177], [2176, 2178]], "missing_branches": []}, "_safe_file": {"executed_lines": [2182, 2183, 2184, 2185, 2186, 2187, 2188], "summary": {"covered_lines": 7, "num_statements": 7, "percent_covered": 100.0, "percent_covered_display": "100", "missing_lines": 0, "excluded_lines": 0, "percent_statements_covered": 100.0, "percent_statements_covered_display": "100", "num_branches": 4, "num_partial_branches": 0, "covered_branches": 4, "missing_branches": 0, "percent_branches_covered": 100.0, "percent_branches_covered_display": "100"}, "missing_lines": [], "excluded_lines": [], "start_line": 2181, "executed_branches": [[2183, 2184], [2183, 2185], [2186, 2187], [2186, 2188]], "missing_branches": []}, "_check_package": {"executed_lines": [2192, 2193, 2194, 2195, 2196, 2197, 2198, 2199, 2200], "summary": {"covered_lines": 9, "num_statements": 9, "percent_covered": 100.0, "percent_covered_display": "100", "missing_lines": 0, "excluded_lines": 0, "percent_statements_covered": 100.0, "percent_statements_covered_display": "100", "num_branches": 8, "num_partial_branches": 0, "covered_branches": 8, "missing_branches": 0, "percent_branches_covered": 100.0, "percent_branches_covered_display": "100"}, "missing_lines": [], "excluded_lines": [], "start_line": 2191, "executed_branches": [[2192, 2193], [2192, 2195], [2193, 2192], [2193, 2194], [2196, 2197], [2196, 2200], [2198, 2196], [2198, 2199]], "missing_branches": []}, "_load_verified": {"executed_lines": [2204, 2205, 2206, 2210, 2211, 2212, 2214], "summary": {"covered_lines": 7, "num_statements": 8, "percent_covered": 80.0, "percent_covered_display": "80", "missing_lines": 1, "excluded_lines": 0, "percent_statements_covered": 87.5, "percent_statements_covered_display": "88", "num_branches": 2, "num_partial_branches": 1, "covered_branches": 1, "missing_branches": 1, "percent_branches_covered": 50.0, "percent_branches_covered_display": "50"}, "missing_lines": [2213], "excluded_lines": [], "start_line": 2203, "executed_branches": [[2212, 2214]], "missing_branches": [[2212, 2213]]}, "_check_greeley_package": {"executed_lines": [2219, 2220, 2221, 2222, 2223, 2224, 2225, 2226, 2228, 2229, 2230, 2231, 2232, 2233, 2234, 2235, 2236, 2237, 2238, 2239, 2240, 2241, 2242, 2243, 2244, 2245, 2246, 2247, 2248, 2249, 2250], "summary": {"covered_lines": 31, "num_statements": 32, "percent_covered": 96.29629629629629, "percent_covered_display": "96", "missing_lines": 1, "excluded_lines": 0, "percent_statements_covered": 96.875, "percent_statements_covered_display": "97", "num_branches": 22, "num_partial_branches": 1, "covered_branches": 21, "missing_branches": 1, "percent_branches_covered": 95.45454545454545, "percent_branches_covered_display": "95"}, "missing_lines": [2227], "excluded_lines": [], "start_line": 2217, "executed_branches": [[2219, 2220], [2219, 2223], [2221, 2219], [2221, 2222], [2226, 2228], [2231, 2232], [2231, 2236], [2232, 2233], [2232, 2234], [2234, 2231], [2234, 2235], [2236, 2237], [2236, 2238], [2239, 2240], [2239, 2250], [2242, 2243], [2242, 2244], [2245, 2246], [2245, 2249], [2247, 2248], [2247, 2249]], "missing_branches": [[2226, 2227]]}, "_load_greeley_verified": {"executed_lines": [2255, 2256, 2257, 2258, 2261, 2262, 2268, 2269, 2273, 2274, 2279, 2280, 2281, 2282, 2284], "summary": {"covered_lines": 15, "num_statements": 16, "percent_covered": 90.0, "percent_covered_display": "90", "missing_lines": 1, "excluded_lines": 0, "percent_statements_covered": 93.75, "percent_statements_covered_display": "94", "num_branches": 4, "num_partial_branches": 1, "covered_branches": 3, "missing_branches": 1, "percent_branches_covered": 75.0, "percent_branches_covered_display": "75"}, "missing_lines": [2283], "excluded_lines": [], "start_line": 2253, "executed_branches": [[2274, 2279], [2274, 2282], [2282, 2284]], "missing_branches": [[2282, 2283]]}, "_weld_ref": {"executed_lines": [2289, 2290, 2291, 2292, 2293], "summary": {"covered_lines": 5, "num_statements": 5, "percent_covered": 100.0, "percent_covered_display": "100", "missing_lines": 0, "excluded_lines": 0, "percent_statements_covered": 100.0, "percent_statements_covered_display": "100", "num_branches": 2, "num_partial_branches": 0, "covered_branches": 2, "missing_branches": 0, "percent_branches_covered": 100.0, "percent_branches_covered_display": "100"}, "missing_lines": [], "excluded_lines": [], "start_line": 2287, "executed_branches": [[2291, 2292], [2291, 2293]], "missing_branches": []}, "_check_weld_package": {"executed_lines": [2298, 2299, 2300, 2301, 2302, 2303, 2304, 2305, 2306, 2307, 2308, 2309, 2311, 2312, 2313, 2314, 2315, 2316, 2317, 2318, 2319, 2321, 2322, 2323, 2324, 2325, 2326, 2327, 2328, 2329, 2330, 2331, 2332, 2334, 2335, 2336, 2337], "summary": {"covered_lines": 37, "num_statements": 39, "percent_covered": 93.65079365079364, "percent_covered_display": "94", "missing_lines": 2, "excluded_lines": 0, "percent_statements_covered": 94.87179487179488, "percent_statements_covered_display": "95", "num_branches": 24, "num_partial_branches": 2, "covered_branches": 22, "missing_branches": 2, "percent_branches_covered": 91.66666666666667, "percent_branches_covered_display": "92"}, "missing_lines": [2310, 2333], "excluded_lines": [], "start_line": 2296, "executed_branches": [[2300, 2301], [2300, 2306], [2301, 2300], [2301, 2302], [2303, 2304], [2303, 2305], [2309, 2311], [2314, 2315], [2314, 2322], [2315, 2316], [2315, 2317], [2318, 2319], [2318, 2321], [2322, 2323], [2322, 2324], [2324, 2325], [2324, 2327], [2328, 2329], [2328, 2331], [2332, 2334], [2334, 2335], [2334, 2337]], "missing_branches": [[2309, 2310], [2332, 2333]]}, "_load_weld_verified": {"executed_lines": [2342, 2343, 2344, 2345, 2346, 2347, 2351, 2352, 2354, 2355, 2356, 2357, 2359, 2360, 2362, 2364, 2365, 2366, 2367, 2368, 2369, 2370, 2371, 2372, 2373, 2374, 2375, 2376, 2377, 2378, 2379, 2380, 2382, 2395, 2396, 2398], "summary": {"covered_lines": 36, "num_statements": 38, "percent_covered": 92.5925925925926, "percent_covered_display": "93", "missing_lines": 2, "excluded_lines": 0, "percent_statements_covered": 94.73684210526316, "percent_statements_covered_display": "95", "num_branches": 16, "num_partial_branches": 2, "covered_branches": 14, "missing_branches": 2, "percent_branches_covered": 87.5, "percent_branches_covered_display": "88"}, "missing_lines": [2358, 2397], "excluded_lines": [], "start_line": 2340, "executed_branches": [[2352, 2354], [2352, 2357], [2357, 2359], [2360, 2362], [2360, 2377], [2366, 2367], [2366, 2374], [2372, 2366], [2372, 2373], [2374, 2375], [2374, 2376], [2382, 2395], [2382, 2396], [2396, 2398]], "missing_branches": [[2357, 2358], [2396, 2397]]}, "_lookup_weld": {"executed_lines": [2403, 2404, 2405, 2406, 2408, 2420, 2421, 2422, 2423, 2424, 2425, 2426, 2427, 2428, 2429, 2435, 2440, 2442, 2460], "summary": {"covered_lines": 19, "num_statements": 19, "percent_covered": 100.0, "percent_covered_display": "100", "missing_lines": 0, "excluded_lines": 0, "percent_statements_covered": 100.0, "percent_statements_covered_display": "100", "num_branches": 4, "num_partial_branches": 0, "covered_branches": 4, "missing_branches": 0, "percent_branches_covered": 100.0, "percent_branches_covered_display": "100"}, "missing_lines": [], "excluded_lines": [], "start_line": 2401, "executed_branches": [[2421, 2422], [2421, 2435], [2428, 2421], [2428, 2429]], "missing_branches": []}, "_lookup_weld.bind": {"executed_lines": [2410, 2411, 2412, 2413, 2415], "summary": {"covered_lines": 5, "num_statements": 6, "percent_covered": 75.0, "percent_covered_display": "75", "missing_lines": 1, "excluded_lines": 0, "percent_statements_covered": 83.33333333333333, "percent_statements_covered_display": "83", "num_branches": 2, "num_partial_branches": 1, "covered_branches": 1, "missing_branches": 1, "percent_branches_covered": 50.0, "percent_branches_covered_display": "50"}, "missing_lines": [2414], "excluded_lines": [], "start_line": 2408, "executed_branches": [[2413, 2415]], "missing_branches": [[2413, 2414]]}, "_check_grid_package": {"executed_lines": [2471, 2472, 2473, 2474, 2475, 2476, 2477, 2478, 2479, 2480, 2481, 2482, 2483, 2484, 2485, 2486, 2487, 2488, 2489, 2490, 2491, 2492, 2493, 2495, 2496, 2497, 2499, 2501], "summary": {"covered_lines": 28, "num_statements": 28, "percent_covered": 100.0, "percent_covered_display": "100", "missing_lines": 0, "excluded_lines": 0, "percent_statements_covered": 100.0, "percent_statements_covered_display": "100", "num_branches": 16, "num_partial_branches": 0, "covered_branches": 16, "missing_branches": 0, "percent_branches_covered": 100.0, "percent_branches_covered_display": "100"}, "missing_lines": [], "excluded_lines": [], "start_line": 2469, "executed_branches": [[2473, 2474], [2473, 2477], [2475, 2473], [2475, 2476], [2480, 2481], [2480, 2482], [2485, 2486], [2485, 2489], [2486, 2487], [2486, 2488], [2489, 2490], [2489, 2491], [2491, 2492], [2491, 2497], [2493, 2495], [2493, 2496]], "missing_branches": []}, "_load_grid_verified": {"executed_lines": [2506, 2507, 2508, 2509, 2513, 2514, 2515, 2523, 2524, 2525, 2526, 2527, 2528, 2529, 2530, 2531, 2532, 2533, 2534, 2536, 2537, 2545, 2546, 2548], "summary": {"covered_lines": 24, "num_statements": 26, "percent_covered": 88.23529411764706, "percent_covered_display": "88", "missing_lines": 2, "excluded_lines": 0, "percent_statements_covered": 92.3076923076923, "percent_statements_covered_display": "92", "num_branches": 8, "num_partial_branches": 2, "covered_branches": 6, "missing_branches": 2, "percent_branches_covered": 75.0, "percent_branches_covered_display": "75"}, "missing_lines": [2535, 2547], "excluded_lines": [], "start_line": 2504, "executed_branches": [[2515, 2523], [2515, 2526], [2534, 2536], [2537, 2545], [2537, 2546], [2546, 2548]], "missing_branches": [[2534, 2535], [2546, 2547]]}, "_lookup_grid": {"executed_lines": [2553, 2554, 2555, 2556, 2557, 2558, 2560, 2576, 2580, 2585, 2590, 2591, 2592, 2593, 2594, 2595, 2596, 2597, 2598, 2606, 2607, 2608, 2609, 2614, 2616, 2617, 2624, 2626, 2627, 2635, 2636, 2637, 2651, 2652, 2659, 2660, 2665, 2666, 2668, 2672, 2676, 2678, 2679, 2711], "summary": {"covered_lines": 44, "num_statements": 45, "percent_covered": 97.1830985915493, "percent_covered_display": "97", "missing_lines": 1, "excluded_lines": 0, "percent_statements_covered": 97.77777777777777, "percent_statements_covered_display": "98", "num_branches": 26, "num_partial_branches": 1, "covered_branches": 25, "missing_branches": 1, "percent_branches_covered": 96.15384615384616, "percent_branches_covered_display": "96"}, "missing_lines": [2667], "excluded_lines": [], "start_line": 2551, "executed_branches": [[2591, 2592], [2591, 2626], [2593, 2594], [2593, 2606], [2594, 2593], [2594, 2595], [2595, 2596], [2595, 2598], [2606, 2607], [2606, 2614], [2607, 2606], [2607, 2608], [2608, 2607], [2608, 2609], [2616, 2617], [2616, 2624], [2626, 2627], [2626, 2651], [2636, 2626], [2636, 2637], [2651, 2652], [2651, 2659], [2659, 2660], [2659, 2665], [2666, 2668]], "missing_branches": [[2666, 2667]]}, "_lookup_grid.bind": {"executed_lines": [2562, 2563, 2564, 2565, 2570, 2574], "summary": {"covered_lines": 6, "num_statements": 7, "percent_covered": 77.77777777777777, "percent_covered_display": "78", "missing_lines": 1, "excluded_lines": 0, "percent_statements_covered": 85.71428571428571, "percent_statements_covered_display": "86", "num_branches": 2, "num_partial_branches": 1, "covered_branches": 1, "missing_branches": 1, "percent_branches_covered": 50.0, "percent_branches_covered_display": "50"}, "missing_lines": [2573], "excluded_lines": [], "start_line": 2560, "executed_branches": [[2570, 2574]], "missing_branches": [[2570, 2573]]}, "_lookup_grid.image_path": {"executed_lines": [2578], "summary": {"covered_lines": 1, "num_statements": 1, "percent_covered": 100.0, "percent_covered_display": "100", "missing_lines": 0, "excluded_lines": 0, "percent_statements_covered": 100.0, "percent_statements_covered_display": "100", "num_branches": 0, "num_partial_branches": 0, "covered_branches": 0, "missing_branches": 0, "percent_branches_covered": 100.0, "percent_branches_covered_display": "100"}, "missing_lines": [], "excluded_lines": [], "start_line": 2576, "executed_branches": [], "missing_branches": []}, "_lookup_grid.cell": {"executed_lines": [2582], "summary": {"covered_lines": 1, "num_statements": 1, "percent_covered": 100.0, "percent_covered_display": "100", "missing_lines": 0, "excluded_lines": 0, "percent_statements_covered": 100.0, "percent_statements_covered_display": "100", "num_branches": 0, "num_partial_branches": 0, "covered_branches": 0, "missing_branches": 0, "percent_branches_covered": 100.0, "percent_branches_covered_display": "100"}, "missing_lines": [], "excluded_lines": [], "start_line": 2580, "executed_branches": [], "missing_branches": []}, "_lookup_grid.row": {"executed_lines": [2587], "summary": {"covered_lines": 1, "num_statements": 1, "percent_covered": 100.0, "percent_covered_display": "100", "missing_lines": 0, "excluded_lines": 0, "percent_statements_covered": 100.0, "percent_statements_covered_display": "100", "num_branches": 0, "num_partial_branches": 0, "covered_branches": 0, "missing_branches": 0, "percent_branches_covered": 100.0, "percent_branches_covered_display": "100"}, "missing_lines": [], "excluded_lines": [], "start_line": 2585, "executed_branches": [], "missing_branches": []}, "_search_text": {"executed_lines": [2728], "summary": {"covered_lines": 1, "num_statements": 1, "percent_covered": 100.0, "percent_covered_display": "100", "missing_lines": 0, "excluded_lines": 0, "percent_statements_covered": 100.0, "percent_statements_covered_display": "100", "num_branches": 0, "num_partial_branches": 0, "covered_branches": 0, "missing_branches": 0, "percent_branches_covered": 100.0, "percent_branches_covered_display": "100"}, "missing_lines": [], "excluded_lines": [], "start_line": 2727, "executed_branches": [], "missing_branches": []}, "_matches": {"executed_lines": [2732, 2733, 2734, 2735, 2736, 2737], "summary": {"covered_lines": 6, "num_statements": 6, "percent_covered": 100.0, "percent_covered_display": "100", "missing_lines": 0, "excluded_lines": 0, "percent_statements_covered": 100.0, "percent_statements_covered_display": "100", "num_branches": 2, "num_partial_branches": 0, "covered_branches": 2, "missing_branches": 0, "percent_branches_covered": 100.0, "percent_branches_covered_display": "100"}, "missing_lines": [], "excluded_lines": [], "start_line": 2731, "executed_branches": [[2732, 2733], [2732, 2734]], "missing_branches": []}, "_lookup_greeley": {"executed_lines": [2741, 2742, 2743, 2745, 2746, 2749, 2750, 2752, 2765, 2768, 2770, 2776, 2777, 2778, 2779, 2780, 2781, 2782, 2783, 2784, 2789, 2790, 2817, 2818], "summary": {"covered_lines": 24, "num_statements": 26, "percent_covered": 88.23529411764706, "percent_covered_display": "88", "missing_lines": 2, "excluded_lines": 0, "percent_statements_covered": 92.3076923076923, "percent_statements_covered_display": "92", "num_branches": 8, "num_partial_branches": 2, "covered_branches": 6, "missing_branches": 2, "percent_branches_covered": 75.0, "percent_branches_covered_display": "75"}, "missing_lines": [2744, 2748], "excluded_lines": [], "start_line": 2740, "executed_branches": [[2743, 2745], [2746, 2749], [2777, 2778], [2777, 2789], [2783, 2777], [2783, 2784]], "missing_branches": [[2743, 2744], [2746, 2748]]}, "_lookup_greeley.bind": {"executed_lines": [2753, 2754, 2761, 2763], "summary": {"covered_lines": 4, "num_statements": 5, "percent_covered": 71.42857142857143, "percent_covered_display": "71", "missing_lines": 1, "excluded_lines": 0, "percent_statements_covered": 80.0, "percent_statements_covered_display": "80", "num_branches": 2, "num_partial_branches": 1, "covered_branches": 1, "missing_branches": 1, "percent_branches_covered": 50.0, "percent_branches_covered_display": "50"}, "missing_lines": [2762], "excluded_lines": [], "start_line": 2752, "executed_branches": [[2761, 2763]], "missing_branches": [[2761, 2762]]}, "lookup": {"executed_lines": [2840, 2842, 2843, 2844, 2845, 2846, 2847, 2848, 2849, 2850, 2851, 2856, 2857, 2861, 2862, 2869, 2870, 2878, 2879, 2886, 2887, 2894, 2899, 2900, 2901, 2902, 2903, 2904, 2905, 2906, 2907, 2908, 2909, 2910, 2911, 2912, 2913, 2914, 2915, 2916, 2918, 2920, 2928, 2929, 2930, 2931, 2932, 2933, 2934, 2935, 2942, 2943, 2950], "summary": {"covered_lines": 53, "num_statements": 54, "percent_covered": 97.91666666666667, "percent_covered_display": "98", "missing_lines": 1, "excluded_lines": 0, "percent_statements_covered": 98.14814814814815, "percent_statements_covered_display": "98", "num_branches": 42, "num_partial_branches": 1, "covered_branches": 41, "missing_branches": 1, "percent_branches_covered": 97.61904761904762, "percent_branches_covered_display": "98"}, "missing_lines": [2917], "excluded_lines": [], "start_line": 2830, "executed_branches": [[2840, 2842], [2840, 2843], [2843, 2844], [2843, 2845], [2845, 2846], [2845, 2847], [2847, 2848], [2847, 2849], [2849, 2850], [2849, 2899], [2850, 2851], [2850, 2856], [2856, 2857], [2856, 2861], [2861, 2862], [2861, 2869], [2869, 2870], [2869, 2878], [2878, 2879], [2878, 2886], [2886, 2887], [2886, 2894], [2900, 2901], [2900, 2902], [2902, 2903], [2902, 2904], [2904, 2905], [2904, 2906], [2906, 2907], [2906, 2908], [2908, 2909], [2908, 2910], [2910, 2911], [2910, 2912], [2912, 2913], [2912, 2914], [2916, 2918], [2929, 2930], [2929, 2942], [2933, 2934], [2933, 2935]], "missing_branches": [[2916, 2917]]}, "lookup.bind": {"executed_lines": [2921, 2922], "summary": {"covered_lines": 2, "num_statements": 2, "percent_covered": 100.0, "percent_covered_display": "100", "missing_lines": 0, "excluded_lines": 0, "percent_statements_covered": 100.0, "percent_statements_covered_display": "100", "num_branches": 0, "num_partial_branches": 0, "covered_branches": 0, "missing_branches": 0, "percent_branches_covered": 100.0, "percent_branches_covered_display": "100"}, "missing_lines": [], "excluded_lines": [], "start_line": 2920, "executed_branches": [], "missing_branches": []}, "_markdown": {"executed_lines": [2959, 2960], "summary": {"covered_lines": 2, "num_statements": 2, "percent_covered": 100.0, "percent_covered_display": "100", "missing_lines": 0, "excluded_lines": 0, "percent_statements_covered": 100.0, "percent_statements_covered_display": "100", "num_branches": 0, "num_partial_branches": 0, "covered_branches": 0, "missing_branches": 0, "percent_branches_covered": 100.0, "percent_branches_covered_display": "100"}, "missing_lines": [], "excluded_lines": [], "start_line": 2958, "executed_branches": [], "missing_branches": []}, "_link": {"executed_lines": [2964, 2965], "summary": {"covered_lines": 2, "num_statements": 2, "percent_covered": 100.0, "percent_covered_display": "100", "missing_lines": 0, "excluded_lines": 0, "percent_statements_covered": 100.0, "percent_statements_covered_display": "100", "num_branches": 0, "num_partial_branches": 0, "covered_branches": 0, "missing_branches": 0, "percent_branches_covered": 100.0, "percent_branches_covered_display": "100"}, "missing_lines": [], "excluded_lines": [], "start_line": 2963, "executed_branches": [], "missing_branches": []}, "_render_greeley": {"executed_lines": [2969, 2975, 2976, 2977, 2978, 2980, 2997, 2998, 2999, 3000, 3001, 3002, 3003, 3004, 3005, 3006, 3013, 3014, 3015, 3016, 3017], "summary": {"covered_lines": 21, "num_statements": 22, "percent_covered": 93.33333333333333, "percent_covered_display": "93", "missing_lines": 1, "excluded_lines": 0, "percent_statements_covered": 95.45454545454545, "percent_statements_covered_display": "95", "num_branches": 8, "num_partial_branches": 1, "covered_branches": 7, "missing_branches": 1, "percent_branches_covered": 87.5, "percent_branches_covered_display": "88"}, "missing_lines": [2979], "excluded_lines": [], "start_line": 2968, "executed_branches": [[2975, 2976], [2975, 2977], [2978, 2980], [2998, 2999], [2998, 3000], [3000, 3001], [3000, 3013]], "missing_branches": [[2978, 2979]]}, "_render_weld": {"executed_lines": [3022, 3027, 3028, 3029, 3030, 3032, 3045, 3046, 3047, 3048, 3049, 3050, 3053, 3055, 3056, 3057, 3060, 3061, 3062, 3064, 3066, 3067, 3068, 3069], "summary": {"covered_lines": 24, "num_statements": 25, "percent_covered": 94.5945945945946, "percent_covered_display": "95", "missing_lines": 1, "excluded_lines": 0, "percent_statements_covered": 96.0, "percent_statements_covered_display": "96", "num_branches": 12, "num_partial_branches": 1, "covered_branches": 11, "missing_branches": 1, "percent_branches_covered": 91.66666666666667, "percent_branches_covered_display": "92"}, "missing_lines": [3031], "excluded_lines": [], "start_line": 3020, "executed_branches": [[3027, 3028], [3027, 3029], [3030, 3032], [3045, 3046], [3045, 3047], [3047, 3048], [3047, 3049], [3049, 3050], [3049, 3060], [3061, 3062], [3061, 3067]], "missing_branches": [[3030, 3031]]}, "_render_grid": {"executed_lines": [3074, 3077, 3078, 3079, 3080, 3081, 3082, 3094, 3095, 3096, 3097, 3099, 3112, 3113, 3114, 3115, 3116, 3117, 3118, 3119, 3120, 3121, 3122, 3123, 3124, 3126, 3127, 3128, 3129, 3130, 3131, 3134, 3135, 3136], "summary": {"covered_lines": 34, "num_statements": 34, "percent_covered": 100.0, "percent_covered_display": "100", "missing_lines": 0, "excluded_lines": 0, "percent_statements_covered": 100.0, "percent_statements_covered_display": "100", "num_branches": 16, "num_partial_branches": 0, "covered_branches": 16, "missing_branches": 0, "percent_branches_covered": 100.0, "percent_branches_covered_display": "100"}, "missing_lines": [], "excluded_lines": [], "start_line": 3072, "executed_branches": [[3077, 3078], [3077, 3079], [3080, 3081], [3080, 3082], [3094, 3095], [3094, 3096], [3096, 3097], [3096, 3099], [3112, 3113], [3112, 3122], [3117, 3118], [3117, 3119], [3123, 3124], [3123, 3127], [3128, 3129], [3128, 3130]], "missing_branches": []}, "_render_grid.render_row": {"executed_lines": [3101, 3102, 3103, 3106, 3107, 3110], "summary": {"covered_lines": 6, "num_statements": 6, "percent_covered": 100.0, "percent_covered_display": "100", "missing_lines": 0, "excluded_lines": 0, "percent_statements_covered": 100.0, "percent_statements_covered_display": "100", "num_branches": 2, "num_partial_branches": 0, "covered_branches": 2, "missing_branches": 0, "percent_branches_covered": 100.0, "percent_branches_covered_display": "100"}, "missing_lines": [], "excluded_lines": [], "start_line": 3099, "executed_branches": [[3102, 3103], [3102, 3110]], "missing_branches": []}, "render_markdown": {"executed_lines": [3144, 3145, 3146, 3147, 3148, 3149, 3150, 3151, 3152, 3153, 3154, 3155, 3156, 3159, 3160, 3161, 3162, 3164, 3173, 3174, 3175, 3176, 3182, 3183, 3184], "summary": {"covered_lines": 25, "num_statements": 26, "percent_covered": 95.65217391304348, "percent_covered_display": "96", "missing_lines": 1, "excluded_lines": 0, "percent_statements_covered": 96.15384615384616, "percent_statements_covered_display": "96", "num_branches": 20, "num_partial_branches": 1, "covered_branches": 19, "missing_branches": 1, "percent_branches_covered": 95.0, "percent_branches_covered_display": "95"}, "missing_lines": [3163], "excluded_lines": [], "start_line": 3139, "executed_branches": [[3144, 3145], [3144, 3146], [3146, 3147], [3146, 3148], [3148, 3149], [3148, 3150], [3150, 3151], [3150, 3152], [3152, 3153], [3152, 3154], [3154, 3155], [3154, 3156], [3159, 3160], [3159, 3161], [3162, 3164], [3173, 3174], [3173, 3175], [3175, 3176], [3175, 3182]], "missing_branches": [[3162, 3163]]}, "main": {"executed_lines": [3189, 3190, 3191, 3192, 3193, 3194, 3195, 3196, 3197, 3198, 3199, 3201, 3203, 3204, 3205, 3206, 3207], "summary": {"covered_lines": 17, "num_statements": 17, "percent_covered": 100.0, "percent_covered_display": "100", "missing_lines": 0, "excluded_lines": 0, "percent_statements_covered": 100.0, "percent_statements_covered_display": "100", "num_branches": 0, "num_partial_branches": 0, "covered_branches": 0, "missing_branches": 0, "percent_branches_covered": 100.0, "percent_branches_covered_display": "100"}, "missing_lines": [], "excluded_lines": [], "start_line": 3187, "executed_branches": [], "missing_branches": []}, "": {"executed_lines": [3, 5, 6, 7, 8, 9, 10, 11, 12, 13, 14, 15, 16, 17, 19, 20, 22, 23, 24, 25, 31, 32, 33, 34, 35, 56, 63, 68, 69, 70, 71, 72, 73, 85, 89, 97, 104, 105, 106, 107, 114, 118, 124, 130, 137, 144, 145, 146, 149, 150, 161, 162, 163, 174, 183, 186, 189, 192, 193, 194, 195, 196, 197, 200, 203, 204, 205, 206, 207, 208, 209, 210, 211, 212, 213, 214, 217, 220, 221, 222, 223, 224, 225, 226, 227, 228, 229, 232, 235, 236, 237, 238, 239, 240, 241, 242, 243, 244, 245, 246, 247, 248, 249, 252, 255, 256, 257, 258, 261, 262, 263, 264, 265, 266, 267, 269, 270, 282, 285, 286, 287, 288, 289, 290, 293, 296, 297, 298, 303, 306, 307, 308, 309, 310, 311, 312, 313, 314, 315, 316, 317, 318, 319, 320, 321, 322, 323, 324, 325, 326, 327, 328, 329, 330, 331, 334, 337, 338, 339, 340, 341, 342, 343, 344, 345, 346, 347, 348, 349, 350, 351, 352, 353, 356, 359, 360, 362, 363, 373, 376, 377, 378, 379, 380, 381, 382, 383, 385, 386, 401, 404, 405, 406, 407, 408, 413, 416, 417, 418, 419, 420, 421, 422, 423, 424, 425, 426, 427, 428, 429, 430, 431, 432, 433, 434, 435, 436, 437, 438, 439, 440, 441, 442, 447, 450, 451, 452, 453, 454, 455, 456, 457, 458, 459, 460, 461, 462, 463, 464, 465, 469, 472, 473, 474, 475, 476, 477, 478, 479, 480, 482, 483, 494, 497, 498, 499, 500, 501, 503, 504, 516, 519, 520, 521, 522, 524, 525, 537, 540, 541, 542, 543, 544, 545, 546, 549, 552, 553, 554, 555, 556, 557, 560, 563, 567, 568, 569, 570, 571, 572, 573, 574, 575, 576, 577, 578, 579, 580, 581, 582, 583, 584, 585, 586, 587, 588, 589, 590, 591, 592, 593, 594, 597, 600, 601, 605, 606, 607, 608, 609, 610, 611, 612, 613, 614, 615, 616, 617, 618, 619, 622, 623, 624, 625, 628, 631, 632, 633, 636, 639, 640, 641, 642, 643, 644, 645, 646, 647, 648, 652, 653, 681, 684, 687, 690, 691, 694, 695, 698, 701, 702, 703, 704, 705, 711, 714, 715, 716, 717, 718, 719, 720, 721, 722, 727, 728, 739, 742, 743, 744, 745, 746, 747, 748, 749, 750, 751, 752, 753, 754, 755, 756, 757, 758, 759, 760, 761, 762, 763, 764, 771, 772, 773, 774, 775, 776, 777, 778, 780, 781, 791, 794, 795, 796, 797, 798, 799, 800, 801, 802, 803, 804, 
[...]
d": 100.0, "percent_statements_covered_display": "100", "num_branches": 10, "num_partial_branches": 0, "covered_branches": 10, "missing_branches": 0, "percent_branches_covered": 100.0, "percent_branches_covered_display": "100"}, "missing_lines": [], "excluded_lines": [], "start_line": 1650, "executed_branches": [[1667, 1670], [1667, 1671], [1673, 1674], [1673, 1678], [1674, 1675], [1674, 1681], [1675, 1674], [1675, 1677], [1678, 1680], [1678, 1681]], "missing_branches": []}, "DpContext": {"executed_lines": [1702, 1705], "summary": {"covered_lines": 2, "num_statements": 3, "percent_covered": 60.0, "percent_covered_display": "60", "missing_lines": 1, "excluded_lines": 0, "percent_statements_covered": 66.66666666666667, "percent_statements_covered_display": "67", "num_branches": 2, "num_partial_branches": 1, "covered_branches": 1, "missing_branches": 1, "percent_branches_covered": 50.0, "percent_branches_covered_display": "50"}, "missing_lines": [1704], "excluded_lines": [], "start_line": 1684, "executed_branches": [[1702, 1705]], "missing_branches": [[1702, 1704]]}, "DpAnnotation": {"executed_lines": [], "summary": {"covered_lines": 0, "num_statements": 0, "percent_covered": 100.0, "percent_covered_display": "100", "missing_lines": 0, "excluded_lines": 0, "percent_statements_covered": 100.0, "percent_statements_covered_display": "100", "num_branches": 0, "num_partial_branches": 0, "covered_branches": 0, "missing_branches": 0, "percent_branches_covered": 100.0, "percent_branches_covered_display": "100"}, "missing_lines": [], "excluded_lines": [], "start_line": 1708, "executed_branches": [], "missing_branches": []}, "DpSource": {"executed_lines": [1758, 1759, 1766], "summary": {"covered_lines": 3, "num_statements": 4, "percent_covered": 66.66666666666667, "percent_covered_display": "67", "missing_lines": 1, "excluded_lines": 0, "percent_statements_covered": 75.0, "percent_statements_covered_display": "75", "num_branches": 2, "num_partial_branches": 1, "covered_branches": 1, "missing_branches": 1, "percent_branches_covered": 50.0, "percent_branches_covered_display": "50"}, "missing_lines": [1765], "excluded_lines": [], "start_line": 1720, "executed_branches": [[1759, 1766]], "missing_branches": [[1759, 1765]]}, "DpLookupResult": {"executed_lines": [1791, 1792, 1795, 1796, 1797, 1805, 1806], "summary": {"covered_lines": 7, "num_statements": 8, "percent_covered": 85.71428571428571, "percent_covered_display": "86", "missing_lines": 1, "excluded_lines": 0, "percent_statements_covered": 87.5, "percent_statements_covered_display": "88", "num_branches": 6, "num_partial_branches": 1, "covered_branches": 5, "missing_branches": 1, "percent_branches_covered": 83.33333333333333, "percent_branches_covered_display": "83"}, "missing_lines": [1794], "excluded_lines": [], "start_line": 1769, "executed_branches": [[1791, 1792], [1791, 1796], [1792, 1795], [1797, 1805], [1797, 1806]], "missing_branches": [[1792, 1794]]}, "": {"executed_lines": [3, 5, 6, 7, 8, 9, 10, 11, 12, 13, 14, 15, 16, 17, 19, 20, 22, 23, 24, 25, 31, 32, 33, 34, 35, 56, 63, 68, 69, 70, 71, 72, 73, 85, 89, 97, 104, 105, 106, 107, 114, 118, 124, 130, 137, 144, 145, 146, 149, 150, 161, 162, 163, 174, 183, 186, 189, 192, 193, 194, 195, 196, 197, 200, 203, 204, 205, 206, 207, 208, 209, 210, 211, 212, 213, 214, 217, 220, 221, 222, 223, 224, 225, 226, 227, 228, 229, 232, 235, 236, 237, 238, 239, 240, 241, 242, 243, 244, 245, 246, 247, 248, 249, 252, 255, 256, 257, 258, 261, 262, 263, 264, 265, 266, 267, 269, 270, 282, 285, 286, 287, 288, 289, 290, 293, 296, 297, 298, 303, 306, 307, 308, 309, 310, 311, 312, 313, 314, 315, 316, 317, 318, 319, 320, 321, 322, 323, 324, 325, 326, 327, 328, 329, 330, 331, 334, 337, 338, 339, 340, 341, 342, 343, 344, 345, 346, 347, 348, 349, 350, 351, 352, 353, 356, 359, 360, 362, 363, 373, 376, 377, 378, 379, 380, 381, 382, 383, 385, 386, 401, 404, 405, 406, 407, 408, 413, 416, 417, 418, 419, 420, 421, 422, 423, 424, 425, 426, 427, 428, 429, 430, 431, 432, 433, 434, 435, 436, 437, 438, 439, 440, 441, 442, 447, 450, 451, 452, 453, 454, 455, 456, 457, 458, 459, 460, 461, 462, 463, 464, 465, 469, 472, 473, 474, 475, 476, 477, 478, 479, 480, 482, 483, 494, 497, 498, 499, 500, 501, 503, 504, 516, 519, 520, 521, 522, 524, 525, 537, 540, 541, 542, 543, 544, 545, 546, 549, 552, 553, 554, 555, 556, 557, 560, 563, 567, 568, 569, 570, 571, 572, 573, 574, 575, 576, 577, 578, 579, 580, 581, 582, 583, 584, 585, 586, 587, 588, 589, 590, 591, 592, 593, 594, 597, 600, 601, 605, 606, 607, 608, 609, 610, 611, 612, 613, 614, 615, 616, 617, 618, 619, 622, 623, 624, 625, 628, 631, 632, 633, 636, 639, 640, 641, 642, 643, 644, 645, 646, 647, 648, 652, 653, 681, 684, 687, 690, 691, 694, 695, 698, 701, 702, 703, 704, 705, 711, 714, 715, 716, 717, 718, 719, 720, 721, 722, 727, 728, 739, 742, 743, 744, 745, 746, 747, 748, 749, 750, 751, 752, 753, 754, 755, 756, 757, 758, 759, 760, 761, 762, 763, 764, 771, 772, 773, 774, 775, 776, 777, 778, 780, 781, 791, 794, 795, 796, 797, 798, 799, 800, 801, 802, 803, 804, 805, 806, 807, 808, 809, 810, 812, 813, 852, 854, 855, 856, 857, 858, 859, 860, 861, 862, 863, 864, 865, 866, 867, 869, 870, 871, 872, 873, 874, 875, 876, 877, 878, 879, 880, 882, 883, 885, 886, 887, 890, 892, 893, 894, 895, 900, 901, 908, 909, 910, 911, 912, 914, 917, 919, 920, 921, 922, 923, 924, 925, 926, 927, 928, 930, 931, 933, 934, 935, 937, 940, 941, 942, 943, 944, 945, 946, 947, 948, 951, 953, 954, 955, 956, 961, 965, 966, 967, 968, 970, 971, 972, 974, 975, 983, 984, 985, 986, 998, 1000, 1001, 1002, 1004, 1006, 1008, 1009, 1011, 1013, 1014, 1015, 1017, 1021, 1024, 1025, 1026, 1027, 1031, 1032, 1033, 1034, 1036, 1037, 1038, 1042, 1043, 1061, 1073, 1075, 1078, 1079, 1080, 1081, 1094, 1096, 1097, 1098, 1100, 1101, 1103, 1105, 1110, 1111, 1112, 1113, 1114, 1115, 1116, 1117, 1118, 1119, 1120, 1121, 1122, 1123, 1124, 1125, 1127, 1129, 1130, 1131, 1134, 1135, 1136, 1139, 1140, 1149, 1150, 1159, 1162, 1163, 1164, 1167, 1170, 1171, 1172, 1173, 1174, 1175, 1176, 1178, 1179, 1189, 1192, 1193, 1194, 1195, 1196, 1197, 1200, 1203, 1204, 1205, 1206, 1207, 1208, 1209, 1210, 1211, 1212, 1213, 1214, 1216, 1217, 1228, 1231, 1232, 1233, 1234, 1235, 1236, 1237, 1238, 1239, 1240, 1241, 1242, 1243, 1244, 1245, 1246, 1247, 1248, 1249, 1250, 1251, 1252, 1253, 1254, 1255, 1260, 1263, 1264, 1265, 1266, 1267, 1268, 1269, 1270, 1271, 1272, 1273, 1274, 1275, 1276, 1277, 1279, 1280, 1299, 1301, 1302, 1303, 1304, 1305, 1306, 1307, 1308, 1309, 1310, 1311, 1312, 1315, 1316, 1317, 1318, 1319, 1321, 1322, 1323, 1324, 1325, 1326, 1328, 1329, 1330, 1332, 1333, 1334, 1335, 1336, 1337, 1338, 1339, 1340, 1342, 1345, 1347, 1348, 1349, 1350, 1353, 1354, 1356, 1357, 1358, 1359, 1370, 1371, 1372, 1373, 1374, 1375, 1376, 1377, 1378, 1379, 1380, 1381, 1382, 1383, 1384, 1385, 1386, 1387, 1388, 1389, 1390, 1391, 1397, 1398, 1399, 1400, 1404, 1406, 1407, 1408, 1410, 1413, 1415, 1416, 1417, 1418, 1419, 1421, 1423, 1425, 1427, 1429, 1432, 1434, 1435, 1436, 1437, 1438, 1439, 1440, 1442, 1443, 1447, 1449, 1474, 1480, 1482, 1484, 1486, 1487, 1489, 1501, 1502, 1505, 1506, 1507, 1508, 1514, 1515, 1516, 1519, 1520, 1521, 1522, 1523, 1524, 1525, 1526, 1576, 1586, 1589, 1590, 1591, 1592, 1593, 1594, 1595, 1596, 1597, 1599, 1600, 1610, 1613, 1614, 1615, 1616, 1617, 1618, 1619, 1620, 1621, 1623, 1624, 1638, 1641, 1642, 1643, 1644, 1645, 1646, 1647, 1650, 1653, 1654, 1655, 1656, 1657, 1658, 1659, 1660, 1662, 1663, 1684, 1687, 1688, 1689, 1690, 1691, 1692, 1693, 1694, 1695, 1696, 1697, 1699, 1700, 1708, 1711, 1712, 1713, 1714, 1715, 1716, 1717, 1720, 1723, 1724, 1725, 1726, 1727, 1728, 1729, 1730, 1731, 1732, 1733, 1734, 1735, 1736, 1737, 1738, 1739, 1740, 1741, 1742, 1743, 1744, 1745, 1746, 1747, 1748, 1749, 1750, 1751, 1755, 1756, 1769, 1772, 1773, 1774, 1775, 1776, 1777, 1778, 1779, 1780, 1781, 1782, 1783, 1784, 1785, 1786, 1788, 1789, 1809, 1811, 1812, 1813, 1814, 1815, 1816, 1819, 1821, 1822, 1823, 1826, 1828, 1829, 1830, 1832, 1833, 1834, 1835, 1838, 1839, 1840, 1841, 1842, 1843, 1844, 1845, 1846, 1847, 1848, 1849, 1850, 1852, 1853, 1854, 1855, 1856, 1857, 1859, 1860, 1862, 1863, 1865, 1866, 1867, 1869, 1872, 1876, 1877, 1878, 1879, 1886, 1887, 1891, 1892, 1894, 1896, 1897, 1905, 1906, 1907, 1908, 1909, 1911, 1912, 1915, 1916, 1917, 1918, 1919, 1920, 1923, 1924, 1926, 1927, 1935, 1936, 1937, 1939, 1940, 1942, 1943, 1944, 1945, 1946, 1947, 1948, 1949, 1950, 1951, 1952, 1953, 1954, 1956, 1957, 1958, 1959, 1962, 1964, 1965, 1966, 1967, 1971, 1972, 1974, 1977, 1980, 1981, 1986, 1990, 1991, 1992, 1993, 1994, 1995, 1996, 1998, 1999, 2006, 2007, 2008, 2009, 2010, 2013, 2018, 2022, 2028, 2031, 2035, 2036, 2037, 2038, 2039, 2040, 2041, 2042, 2044, 2046, 2047, 2048, 2055, 2056, 2057, 2061, 2065, 2068, 2071, 2073, 2074, 2075, 2076, 2077, 2078, 2080, 2083, 2085, 2087, 2088, 2089, 2116, 2121, 2127, 2129, 2131, 2132, 2133, 2134, 2136, 2141, 2142, 2146, 2147, 2149, 2150, 2151, 2152, 2153, 2154, 2156, 2157, 2158, 2159, 2160, 2161, 2164, 2165, 2166, 2167, 2168, 2169, 2170, 2173, 2174, 2175, 2176, 2177, 2178, 2181, 2182, 2183, 2184, 2185, 2186, 2187, 2188, 2191, 2192, 2193, 2194, 2195, 2196, 2197, 2198, 2199, 2200, 2203, 2204, 2205, 2206, 2210, 2211, 2212, 2214, 2217, 2219, 2220, 2221, 2222, 2223, 2224, 2225, 2226, 2228, 2229, 2230, 2231, 2232, 2233, 2234, 2235, 2236, 2237, 2238, 2239, 2240, 2241, 2242, 2243, 2244, 2245, 2246, 2247, 2248, 2249, 2250, 2253, 2255, 2256, 2257, 2258, 2261, 2262, 2268, 2269, 2273, 2274, 2279, 2280, 2281, 2282, 2284, 2287, 2289, 2290, 2291, 2292, 2293, 2296, 2298, 2299, 2300, 2301, 2302, 2303, 2304, 2305, 2306, 2307, 2308, 2309, 2311, 2312, 2313, 2314, 2315, 2316, 2317, 2318, 2319, 2321, 2322, 2323, 2324, 2325, 2326, 2327, 2328, 2329, 2330, 2331, 2332, 2334, 2335, 2336, 2337, 2340, 2342, 2343, 2344, 2345, 2346, 2347, 2351, 2352, 2354, 2355, 2356, 2357, 2359, 2360, 2362, 2364, 2365, 2366, 2367, 2368, 2369, 2370, 2371, 2372, 2373, 2374, 2375, 2376, 2377, 2378, 2379, 2380, 2382, 2395, 2396, 2398, 2401, 2403, 2404, 2405, 2406, 2408, 2410, 2411, 2412, 2413, 2415, 2420, 2421, 2422, 2423, 2424, 2425, 2426, 2427, 2428, 2429, 2435, 2440, 2442, 2460, 2469, 2471, 2472, 2473, 2474, 2475, 2476, 2477, 2478, 2479, 2480, 2481, 2482, 2483, 2484, 2485, 2486, 2487, 2488, 2489, 2490, 2491, 2492, 2493, 2495, 2496, 2497, 2499, 2501, 2504, 2506, 2507, 2508, 2509, 2513, 2514, 2515, 2523, 2524, 2525, 2526, 2527, 2528, 2529, 2530, 2531, 2532, 2533, 2534, 2536, 2537, 2545, 2546, 2548, 2551, 2553, 2554, 2555, 2556, 2557, 2558, 2560, 2562, 2563, 2564, 2565, 2570, 2574, 2576, 2578, 2580, 2582, 2585, 2587, 2590, 2591, 2592, 2593, 2594, 2595, 2596, 2597, 2598, 2606, 2607, 2608, 2609, 2614, 2616, 2617, 2624, 2626, 2627, 2635, 2636, 2637, 2651, 2652, 2659, 2660, 2665, 2666, 2668, 2672, 2676, 2678, 2679, 2711, 2727, 2728, 2731, 2732, 2733, 2734, 2735, 2736, 2737, 2740, 2741, 2742, 2743, 2745, 2746, 2749, 2750, 2752, 2753, 2754, 2761, 2763, 2765, 2768, 2770, 2776, 2777, 2778, 2779, 2780, 2781, 2782, 2783, 2784, 2789, 2790, 2817, 2818, 2830, 2840, 2842, 2843, 2844, 2845, 2846, 2847, 2848, 2849, 2850, 2851, 2856, 2857, 2861, 2862, 2869, 2870, 2878, 2879, 2886, 2887, 2894, 2899, 2900, 2901, 2902, 2903, 2904, 2905, 2906, 2907, 2908, 2909, 2910, 2911, 2912, 2913, 2914, 2915, 2916, 2918, 2920, 2921, 2922, 2928, 2929, 2930, 2931, 2932, 2933, 2934, 2935, 2942, 2943, 2950, 2958, 2959, 2960, 2963, 2964, 2965, 2968, 2969, 2975, 2976, 2977, 2978, 2980, 2997, 2998, 2999, 3000, 3001, 3002, 3003, 3004, 3005, 3006, 3013, 3014, 3015, 3016, 3017, 3020, 3022, 3027, 3028, 3029, 3030, 3032, 3045, 3046, 3047, 3048, 3049, 3050, 3053, 3055, 3056, 3057, 3060, 3061, 3062, 3064, 3066, 3067, 3068, 3069, 3072, 3074, 3077, 3078, 3079, 3080, 3081, 3082, 3094, 3095, 3096, 3097, 3099, 3101, 3102, 3103, 3106, 3107, 3110, 3112, 3113, 3114, 3115, 3116, 3117, 3118, 3119, 3120, 3121, 3122, 3123, 3124, 3126, 3127, 3128, 3129, 3130, 3131, 3134, 3135, 3136, 3139, 3144, 3145, 3146, 3147, 3148, 3149, 3150, 3151, 3152, 3153, 3154, 3155, 3156, 3159, 3160, 3161, 3162, 3164, 3173, 3174, 3175, 3176, 3182, 3183, 3184, 3187, 3189, 3190, 3191, 3192, 3193, 3194, 3195, 3196, 3197, 3198, 3199, 3201, 3203, 3204, 3205, 3206, 3207, 3210], "summary": {"covered_lines": 1629, "num_statements": 1682, "percent_covered": 95.07892293407613, "percent_covered_display": "95", "missing_lines": 53, "excluded_lines": 0, "percent_statements_covered": 96.84898929845423, "percent_statements_covered_display": "97", "num_branches": 472, "num_partial_branches": 53, "covered_branches": 419, "missing_branches": 53, "percent_branches_covered": 88.77118644067797, "percent_branches_covered_display": "89"}, "missing_lines": [868, 881, 913, 929, 936, 969, 973, 982, 1016, 1128, 1331, 1341, 1396, 1428, 1485, 1488, 1837, 1861, 1864, 1895, 1910, 1922, 1925, 1934, 1938, 1941, 1955, 1961, 1970, 1973, 2045, 2079, 2135, 2213, 2227, 2283, 2310, 2333, 2358, 2397, 2414, 2535, 2547, 2573, 2667, 2744, 2748, 2762, 2917, 2979, 3031, 3163, 3211], "excluded_lines": [], "start_line": 1, "executed_branches": [[856, 857], [856, 858], [859, 860], [859, 864], [861, 862], [861, 863], [867, 869], [872, 873], [872, 876], [873, 874], [873, 875], [876, 877], [876, 878], [878, 879], [878, 887], [880, 882], [883, 885], [883, 886], [908, 909], [908, 912], [912, 914], [921, 922], [921, 926], [923, 924], [923, 925], [928, 930], [934, 935], [934, 940], [935, 937], [941, 942], [941, 943], [943, 944], [943, 948], [945, 946], [945, 947], [961, 965], [961, 968], [968, 970], [972, 974], [975, 983], [984, 985], [984, 986], [1015, 1017], [1032, 1033], [1032, 1038], [1036, 1032], [1036, 1037], [1078, 1079], [1078, 1080], [1097, 1098], [1097, 1100], [1112, 1113], [1112, 1114], [1116, 1117], [1116, 1119], [1117, 1116], [1117, 1118], [1119, 1120], [1119, 1121], [1122, 1123], [1122, 1127], [1127, 1129], [1303, 1304], [1303, 1305], [1306, 1307], [1306, 1311], [1308, 1309], [1308, 1310], [1312, 1315], [1312, 1316], [1322, 1323], [1322, 1326], [1323, 1324], [1323, 1325], [1326, 1328], [1326, 1329], [1330, 1332], [1333, 1334], [1333, 1340], [1336, 1337], [1336, 1338], [1340, 1342], [1356, 1357], [1356, 1358], [1370, 1371], [1370, 1374], [1374, 1375], [1374, 1376], [1381, 1382], [1381, 1383], [1386, 1387], [1386, 1389], [1387, 1386], [1387, 1388], [1389, 1390], [1389, 1391], [1391, 1397], [1398, 1399], [1398, 1400], [1407, 1408], [1407, 1410], [1427, 1429], [1437, 1438], [1437, 1447], [1442, 1437], [1442, 1443], [1484, 1486], [1487, 1489], [1501, 1502], [1501, 1505], [1505, 1506], [1505, 1507], [1507, 1508], [1507, 1514], [1814, 1815], [1814, 1816], [1835, 1838], [1838, 1839], [1838, 1841], [1846, 1847], [1846, 1850], [1847, 1848], [1847, 1849], [1850, 1852], [1850, 1853], [1854, 1855], [1854, 1866], [1856, 1857], [1856, 1859], [1860, 1862], [1863, 1865], [1894, 1896], [1905, 1906], [1905, 1909], [1909, 1911], [1915, 1916], [1915, 1918], [1920, 1923], [1924, 1926], [1927, 1935], [1937, 1939], [1940, 1942], [1945, 1946], [1945, 1949], [1947, 1945], [1947, 1948], [1949, 1950], [1949, 1951], [1954, 1956], [1959, 1962], [1967, 1971], [1972, 1974], [1995, 1996], [1995, 1999], [2007, 2008], [2007, 2022], [2009, 2010], [2009, 2018], [2037, 2038], [2037, 2055], [2041, 2042], [2041, 2047], [2044, 2046], [2056, 2057], [2056, 2065], [2078, 2080], [2131, 2132], [2131, 2133], [2134, 2136], [2146, 2147], [2146, 2149], [2149, 2150], [2149, 2151], [2151, 2152], [2151, 2165], [2153, 2154], [2153, 2159], [2157, 2153], [2157, 2158], [2160, 2161], [2160, 2164], [2166, 2167], [2166, 2168], [2176, 2177], [2176, 2178], [2183, 2184], [2183, 2185], [2186, 2187], [2186, 2188], [2192, 2193], [2192, 2195], [2193, 2192], [2193, 2194], [2196, 2197], [2196, 2200], [2198, 2196], [2198, 2199], [2212, 2214], [2219, 2220], [2219, 2223], [2221, 2219], [2221, 2222], [2226, 2228], [2231, 2232], [2231, 2236], [2232, 2233], [2232, 2234], [2234, 2231], [2234, 2235], [2236, 2237], [2236, 2238], [2239, 2240], [2239, 2250], [2242, 2243], [2242, 2244], [2245, 2246], [2245, 2249], [2247, 2248], [2247, 2249], [2274, 2279], [2274, 2282], [2282, 2284], [2291, 2292], [2291, 2293], [2300, 2301], [2300, 2306], [2301, 2300], [2301, 2302], [2303, 2304], [2303, 2305], [2309, 2311], [2314, 2315], [2314, 2322], [2315, 2316], [2315, 2317], [2318, 2319], [2318, 2321], [2322, 2323], [2322, 2324], [2324, 2325], [2324, 2327], [2328, 2329], [2328, 2331], [2332, 2334], [2334, 2335], [2334, 2337], [2352, 2354], [2352, 2357], [2357, 2359], [2360, 2362], [2360, 2377], [2366, 2367], [2366, 2374], [2372, 2366], [2372, 2373], [2374, 2375], [2374, 2376], [2382, 2395], [2382, 2396], [2396, 2398], [2413, 2415], [2421, 2422], [2421, 2435], [2428, 2421], [2428, 2429], [2473, 2474], [2473, 2477], [2475, 2473], [2475, 2476], [2480, 2481], [2480, 2482], [2485, 2486], [2485, 2489], [2486, 2487], [2486, 2488], [2489, 2490], [2489, 2491], [2491, 2492], [2491, 2497], [2493, 2495], [2493, 2496], [2515, 2523], [2515, 2526], [2534, 2536], [2537, 2545], [2537, 2546], [2546, 2548], [2570, 2574], [2591, 2592], [2591, 2626], [2593, 2594], [2593, 2606], [2594, 2593], [2594, 2595], [2595, 2596], [2595, 2598], [2606, 2607], [2606, 2614], [2607, 2606], [2607, 2608], [2608, 2607], [2608, 2609], [2616, 2617], [2616, 2624], [2626, 2627], [2626, 2651], [2636, 2626], [2636, 2637], [2651, 2652], [2651, 2659], [2659, 2660], [2659, 2665], [2666, 2668], [2732, 2733], [2732, 2734], [2743, 2745], [2746, 2749], [2761, 2763], [2777, 2778], [2777, 2789], [2783, 2777], [2783, 2784], [2840, 2842], [2840, 2843], [2843, 2844], [2843, 2845], [2845, 2846], [2845, 2847], [2847, 2848], [2847, 2849], [2849, 2850], [2849, 2899], [2850, 2851], [2850, 2856], [2856, 2857], [2856, 2861], [2861, 2862], [2861, 2869], [2869, 2870], [2869, 2878], [2878, 2879], [2878, 2886], [2886, 2887], [2886, 2894], [2900, 2901], [2900, 2902], [2902, 2903], [2902, 2904], [2904, 2905], [2904, 2906], [2906, 2907], [2906, 2908], [2908, 2909], [2908, 2910], [2910, 2911], [2910, 2912], [2912, 2913], [2912, 2914], [2916, 2918], [2929, 2930], [2929, 2942], [2933, 2934], [2933, 2935], [2975, 2976], [2975, 2977], [2978, 2980], [2998, 2999], [2998, 3000], [3000, 3001], [3000, 3013], [3027, 3028], [3027, 3029], [3030, 3032], [3045, 3046], [3045, 3047], [3047, 3048], [3047, 3049], [3049, 3050], [3049, 3060], [3061, 3062], [3061, 3067], [3077, 3078], [3077, 3079], [3080, 3081], [3080, 3082], [3094, 3095], [3094, 3096], [3096, 3097], [3096, 3099], [3102, 3103], [3102, 3110], [3112, 3113], [3112, 3122], [3117, 3118], [3117, 3119], [3123, 3124], [3123, 3127], [3128, 3129], [3128, 3130], [3144, 3145], [3144, 3146], [3146, 3147], [3146, 3148], [3148, 3149], [3148, 3150], [3150, 3151], [3150, 3152], [3152, 3153], [3152, 3154], [3154, 3155], [3154, 3156], [3159, 3160], [3159, 3161], [3162, 3164], [3173, 3174], [3173, 3175], [3175, 3176], [3175, 3182], [3210, -1]], "missing_branches": [[867, 868], [880, 881], [912, 913], [928, 929], [935, 936], [968, 969], [972, 973], [975, 982], [1015, 1016], [1127, 1128], [1330, 1331], [1340, 1341], [1391, 1396], [1427, 1428], [1484, 1485], [1487, 1488], [1835, 1837], [1860, 1861], [1863, 1864], [1894, 1895], [1909, 1910], [1920, 1922], [1924, 1925], [1927, 1934], [1937, 1938], [1940, 1941], [1954, 1955], [1959, 1961], [1967, 1970], [1972, 1973], [2044, 2045], [2078, 2079], [2134, 2135], [2212, 2213], [2226, 2227], [2282, 2283], [2309, 2310], [2332, 2333], [2357, 2358], [2396, 2397], [2413, 2414], [2534, 2535], [2546, 2547], [2570, 2573], [2666, 2667], [2743, 2744], [2746, 2748], [2761, 2762], [2916, 2917], [2978, 2979], [3030, 3031], [3162, 3163], [3210, 3211]]}}}}, "totals": {"covered_lines": 1778, "num_statements": 1841, "percent_covered": 94.8381810733306, "percent_covered_display": "95", "missing_lines": 63, "excluded_lines": 0, "percent_statements_covered": 96.57794676806084, "percent_statements_covered_display": "97", "num_branches": 600, "num_partial_branches": 63, "covered_branches": 537, "missing_branches": 63, "percent_branches_covered": 89.5, "percent_branches_covered_display": "90"}}