{"meta": {"format": 3, "version": "7.16.0", "timestamp": "2026-09-13T11:12:15.298883", "branch_coverage": true, "show_contexts": false}, "files": {"proposed/scripts/manual_source_watch_ci.py": {"executed_lines": [2, 4, 5, 6, 7, 8, 9, 10, 11, 12, 13, 15, 17, 18, 19, 20, 21, 22, 26, 28, 31, 32, 33, 34, 37, 38, 39, 41, 42, 45, 46, 47, 48, 49, 50, 51, 52, 55, 56, 57, 58, 59, 60, 61, 62, 63, 64, 65, 68, 69, 70, 72, 73, 74, 75, 76, 79, 80, 81, 82, 83, 84, 85, 86, 87, 88, 89, 90, 91, 92, 93, 94, 97, 99, 102, 104, 105, 106, 109, 111, 112, 113, 114, 115, 116, 117, 120, 122, 123, 124, 125, 126, 127, 128, 129, 130, 131, 132, 133, 134, 135, 136, 137, 138, 139, 143, 144, 147, 149, 150, 151, 152, 153, 154, 157, 159, 160, 161, 162, 163, 165, 166, 167, 170, 173, 174, 175, 176, 177, 178, 179, 180, 181, 182, 183, 184, 185, 186, 187, 188, 190, 191, 192, 193, 196, 198, 199, 200, 201, 202, 203, 204, 205, 206, 207, 208, 209, 210, 211, 212, 213, 215, 216, 223, 225, 228, 230, 231, 232, 233, 234, 236, 239, 241, 244, 245, 246, 247, 250, 252, 254, 257, 259, 261, 262, 263, 264, 265, 266, 267, 270, 273, 274, 275, 276, 279, 280, 281, 282, 283, 284, 285, 287, 288, 289, 290, 291, 292, 293, 294, 295, 296, 297, 298, 299, 301, 302, 303, 305, 306, 308, 309, 310, 311, 312, 313, 314, 315, 316, 317, 318, 319, 320, 321, 322, 323, 324, 325, 326, 327, 329, 330, 331, 332, 333, 334, 337, 339, 340, 341, 342, 343, 345, 346, 347, 348, 349, 350, 351, 352, 353, 356], "summary": {"covered_lines": 262, "num_statements": 265, "percent_covered": 98.2905982905983, "percent_covered_display": "98", "missing_lines": 3, "excluded_lines": 0, "percent_statements_covered": 98.86792452830188, "percent_statements_covered_display": "99", "num_branches": 86, "num_partial_branches": 3, "covered_branches": 83, "missing_branches": 3, "percent_branches_covered": 96.51162790697674, "percent_branches_covered_display": "97"}, "missing_lines": [214, 235, 357], "excluded_lines": [], "executed_branches": [[104, 105], [104, 106], [112, 113], [112, 114], [115, 116], [115, 117], [123, 124], [123, 125], [126, 127], [126, 128], [128, 129], [128, 130], [130, 131], [130, 132], [132, 133], [132, 134], [134, 135], [134, 144], [137, 138], [137, 139], [139, 134], [139, 143], [149, 150], [149, 151], [152, 153], [152, 154], [160, 161], [160, 162], [162, 163], [162, 165], [165, 166], [165, 167], [174, 175], [174, 176], [185, 186], [185, 188], [202, 203], [202, 204], [204, 205], [204, 206], [206, 207], [206, 208], [209, 210], [209, 211], [212, 213], [212, 223], [213, 215], [230, 231], [230, 232], [232, 233], [232, 234], [234, 236], [244, 245], [244, 252], [245, 246], [245, 250], [246, 244], [246, 247], [259, -257], [259, 261], [262, 263], [262, 264], [284, 285], [284, 289], [287, 284], [287, 288], [290, 291], [290, 293], [293, 294], [293, 319], [296, 297], [296, 299], [308, 309], [308, 310], [312, 313], [312, 314], [320, 321], [320, 322], [325, 326], [325, 329], [326, 325], [326, 327], [356, -1]], "missing_branches": [[213, 214], [234, 235], [356, 357]], "functions": {"utcnow": {"executed_lines": [99], "summary": {"covered_lines": 1, "num_statements": 1, "percent_covered": 100.0, "percent_covered_display": "100", "missing_lines": 0, "excluded_lines": 0, "percent_statements_covered": 100.0, "percent_statements_covered_display": "100", "num_branches": 0, "num_partial_branches": 0, "covered_branches": 0, "missing_branches": 0, "percent_branches_covered": 100.0, "percent_branches_covered_display": "100"}, "missing_lines": [], "excluded_lines": [], "start_line": 97, "executed_branches": [], "missing_branches": []}, "ordinary": {"executed_lines": [104, 105, 106], "summary": {"covered_lines": 3, "num_statements": 3, "percent_covered": 100.0, "percent_covered_display": "100", "missing_lines": 0, "excluded_lines": 0, "percent_statements_covered": 100.0, "percent_statements_covered_display": "100", "num_branches": 2, "num_partial_branches": 0, "covered_branches": 2, "missing_branches": 0, "percent_branches_covered": 100.0, "percent_branches_covered_display": "100"}, "missing_lines": [], "excluded_lines": [], "start_line": 102, "executed_branches": [[104, 105], [104, 106]], "missing_branches": []}, "check_ref": {"executed_lines": [111, 112, 113, 114, 115, 116, 117], "summary": {"covered_lines": 7, "num_statements": 7, "percent_covered": 100.0, "percent_covered_display": "100", "missing_lines": 0, "excluded_lines": 0, "percent_statements_covered": 100.0, "percent_statements_covered_display": "100", "num_branches": 4, "num_partial_branches": 0, "covered_branches": 4, "missing_branches": 0, "percent_branches_covered": 100.0, "percent_branches_covered_display": "100"}, "missing_lines": [], "excluded_lines": [], "start_line": 109, "executed_branches": [[112, 113], [112, 114], [115, 116], [115, 117]], "missing_branches": []}, "load_plan": {"executed_lines": [122, 123, 124, 125, 126, 127, 128, 129, 130, 131, 132, 133, 134, 135, 136, 137, 138, 139, 143, 144], "summary": {"covered_lines": 20, "num_statements": 20, "percent_covered": 100.0, "percent_covered_display": "100", "missing_lines": 0, "excluded_lines": 0, "percent_statements_covered": 100.0, "percent_statements_covered_display": "100", "num_branches": 16, "num_partial_branches": 0, "covered_branches": 16, "missing_branches": 0, "percent_branches_covered": 100.0, "percent_branches_covered_display": "100"}, "missing_lines": [], "excluded_lines": [], "start_line": 120, "executed_branches": [[123, 124], [123, 125], [126, 127], [126, 128], [128, 129], [128, 130], [130, 131], [130, 132], [132, 133], [132, 134], [134, 135], [134, 144], [137, 138], [137, 139], [139, 134], [139, 143]], "missing_branches": []}, "safe_output": {"executed_lines": [149, 150, 151, 152, 153, 154], "summary": {"covered_lines": 6, "num_statements": 6, "percent_covered": 100.0, "percent_covered_display": "100", "missing_lines": 0, "excluded_lines": 0, "percent_statements_covered": 100.0, "percent_statements_covered_display": "100", "num_branches": 4, "num_partial_branches": 0, "covered_branches": 4, "missing_branches": 0, "percent_branches_covered": 100.0, "percent_branches_covered_display": "100"}, "missing_lines": [], "excluded_lines": [], "start_line": 147, "executed_branches": [[149, 150], [149, 151], [152, 153], [152, 154]], "missing_branches": []}, "command": {"executed_lines": [159, 160, 161, 162, 163, 165, 166, 167], "summary": {"covered_lines": 8, "num_statements": 8, "percent_covered": 100.0, "percent_covered_display": "100", "missing_lines": 0, "excluded_lines": 0, "percent_statements_covered": 100.0, "percent_statements_covered_display": "100", "num_branches": 6, "num_partial_branches": 0, "covered_branches": 6, "missing_branches": 0, "percent_branches_covered": 100.0, "percent_branches_covered_display": "100"}, "missing_lines": [], "excluded_lines": [], "start_line": 157, "executed_branches": [[160, 161], [160, 162], [162, 163], [162, 165], [165, 166], [165, 167]], "missing_branches": []}, "invoke": {"executed_lines": [173, 174, 175, 176, 177, 178, 179, 180, 181, 182, 183, 184, 185, 186, 187, 188, 190, 191, 192, 193], "summary": {"covered_lines": 20, "num_statements": 20, "percent_covered": 100.0, "percent_covered_display": "100", "missing_lines": 0, "excluded_lines": 0, "percent_statements_covered": 100.0, "percent_statements_covered_display": "100", "num_branches": 4, "num_partial_branches": 0, "covered_branches": 4, "missing_branches": 0, "percent_branches_covered": 100.0, "percent_branches_covered_display": "100"}, "missing_lines": [], "excluded_lines": [], "start_line": 170, "executed_branches": [[174, 175], [174, 176], [185, 186], [185, 188]], "missing_branches": []}, "read_verified": {"executed_lines": [198, 199, 200, 201, 202, 203, 204, 205, 206, 207, 208, 209, 210, 211, 212, 213, 215, 216, 223, 225], "summary": {"covered_lines": 20, "num_statements": 21, "percent_covered": 93.93939393939394, "percent_covered_display": "94", "missing_lines": 1, "excluded_lines": 0, "percent_statements_covered": 95.23809523809524, "percent_statements_covered_display": "95", "num_branches": 12, "num_partial_branches": 1, "covered_branches": 11, "missing_branches": 1, "percent_branches_covered": 91.66666666666667, "percent_branches_covered_display": "92"}, "missing_lines": [214], "excluded_lines": [], "start_line": 196, "executed_branches": [[202, 203], [202, 204], [204, 205], [204, 206], [206, 207], [206, 208], [209, 210], [209, 211], [212, 213], [212, 223], [213, 215]], "missing_branches": [[213, 214]]}, "final_status": {"executed_lines": [230, 231, 232, 233, 234, 236], "summary": {"covered_lines": 6, "num_statements": 7, "percent_covered": 84.61538461538461, "percent_covered_display": "85", "missing_lines": 1, "excluded_lines": 0, "percent_statements_covered": 85.71428571428571, "percent_statements_covered_display": "86", "num_branches": 6, "num_partial_branches": 1, "covered_branches": 5, "missing_branches": 1, "percent_branches_covered": 83.33333333333333, "percent_branches_covered_display": "83"}, "missing_lines": [235], "excluded_lines": [], "start_line": 228, "executed_branches": [[230, 231], [230, 232], [232, 233], [232, 234], [234, 236]], "missing_branches": [[234, 235]]}, "markdown": {"executed_lines": [241, 244, 245, 246, 247, 250, 252, 254], "summary": {"covered_lines": 8, "num_statements": 8, "percent_covered": 100.0, "percent_covered_display": "100", "missing_lines": 0, "excluded_lines": 0, "percent_statements_covered": 100.0, "percent_statements_covered_display": "100", "num_branches": 6, "num_partial_branches": 0, "covered_branches": 6, "missing_branches": 0, "percent_branches_covered": 100.0, "percent_branches_covered_display": "100"}, "missing_lines": [], "excluded_lines": [], "start_line": 239, "executed_branches": [[244, 245], [244, 252], [245, 246], [245, 250], [246, 244], [246, 247]], "missing_branches": []}, "save_summary": {"executed_lines": [259, 261, 262, 263, 264, 265, 266, 267], "summary": {"covered_lines": 8, "num_statements": 8, "percent_covered": 100.0, "percent_covered_display": "100", "missing_lines": 0, "excluded_lines": 0, "percent_statements_covered": 100.0, "percent_statements_covered_display": "100", "num_branches": 4, "num_partial_branches": 0, "covered_branches": 4, "missing_branches": 0, "percent_branches_covered": 100.0, "percent_branches_covered_display": "100"}, "missing_lines": [], "excluded_lines": [], "start_line": 257, "executed_branches": [[259, -257], [259, 261], [262, 263], [262, 264]], "missing_branches": []}, "run_ci": {"executed_lines": [273, 274, 275, 276, 279, 280, 281, 282, 283, 284, 285, 287, 288, 289, 290, 291, 292, 293, 294, 295, 296, 297, 298, 299, 301, 302, 303, 305, 306, 308, 309, 310, 311, 312, 313, 314, 315, 316, 317, 318, 319, 320, 321, 322, 323, 324, 325, 326, 327, 329, 330, 331, 332, 333, 334], "summary": {"covered_lines": 55, "num_statements": 55, "percent_covered": 100.0, "percent_covered_display": "100", "missing_lines": 0, "excluded_lines": 0, "percent_statements_covered": 100.0, "percent_statements_covered_display": "100", "num_branches": 20, "num_partial_branches": 0, "covered_branches": 20, "missing_branches": 0, "percent_branches_covered": 100.0, "percent_branches_covered_display": "100"}, "missing_lines": [], "excluded_lines": [], "start_line": 270, "executed_branches": [[284, 285], [284, 289], [287, 284], [287, 288], [290, 291], [290, 293], [293, 294], [293, 319], [296, 297], [296, 299], [308, 309], [308, 310], [312, 313], [312, 314], [320, 321], [320, 322], [325, 326], [325, 329], [326, 325], [326, 327]], "missing_branches": []}, "main": {"executed_lines": [339, 340, 341, 342, 343, 345, 346, 347, 348, 349, 350, 351, 352, 353], "summary": {"covered_lines": 14, "num_statements": 14, "percent_covered": 100.0, "percent_covered_display": "100", "missing_lines": 0, "excluded_lines": 0, "percent_statements_covered": 100.0, "percent_statements_covered_display": "100", "num_branches": 0, "num_partial_branches": 0, "covered_branches": 0, "missing_branches": 0, "percent_branches_covered": 100.0, "percent_branches_covered_display": "100"}, "missing_lines": [], "excluded_lines": [], "start_line": 337, "executed_branches": [], "missing_branches": []}, "": {"executed_lines": [2, 4, 5, 6, 7, 8, 9, 10, 11, 12, 13, 15, 17, 18, 19, 20, 21, 22, 26, 28, 31, 32, 33, 34, 37, 38, 39, 41, 42, 45, 46, 47, 48, 49, 50, 51, 52, 55, 56, 57, 58, 59, 60, 61, 62, 63, 64, 65, 68, 69, 70, 72, 73, 74, 75, 76, 79, 80, 81, 82, 83, 84, 85, 86, 87, 88, 89, 90, 91, 92, 93, 94, 97, 102, 109, 120, 147, 157, 170, 196, 228, 239, 257, 270, 337, 356], "summary": {"covered_lines": 86, "num_statements": 87, "percent_covered": 97.75280898876404, "percent_covered_display": "98", "missing_lines": 1, "excluded_lines": 0, "percent_statements_covered": 98.85057471264368, "percent_statements_covered_display": "99", "num_branches": 2, "num_partial_branches": 1, "covered_branches": 1, "missing_branches": 1, "percent_branches_covered": 50.0, "percent_branches_covered_display": "50"}, "missing_lines": [357], "excluded_lines": [], "start_line": 1, "executed_branches": [[356, -1]], "missing_branches": [[356, 357]]}}, "classes": {"Strict": {"executed_lines": [], "summary": {"covered_lines": 0, "num_statements": 0, "percent_covered": 100.0, "percent_covered_display": "100", "missing_lines": 0, "excluded_lines": 0, "percent_statements_covered": 100.0, "percent_statements_covered_display": "100", "num_branches": 0, "num_partial_branches": 0, "covered_branches": 0, "missing_branches": 0, "percent_branches_covered": 100.0, "percent_branches_covered_display": "100"}, "missing_lines": [], "excluded_lines": [], "start_line": 26, "executed_branches": [], "missing_branches": []}, "Ref": {"executed_lines": [], "summary": {"covered_lines": 0, "num_statements": 0, "percent_covered": 100.0, "percent_covered_display": "100", "missing_lines": 0, "excluded_lines": 0, "percent_statements_covered": 100.0, "percent_statements_covered_display": "100", "num_branches": 0, "num_partial_branches": 0, "covered_branches": 0, "missing_branches": 0, "percent_branches_covered": 100.0, "percent_branches_covered_display": "100"}, "missing_lines": [], "excluded_lines": [], "start_line": 31, "executed_branches": [], "missing_branches": []}, "Pair": {"executed_lines": [], "summary": {"covered_lines": 0, "num_statements": 0, "percent_covered": 100.0, "percent_covered_display": "100", "missing_lines": 0, "excluded_lines": 0, "percent_statements_covered": 100.0, "percent_statements_covered_display": "100", "num_branches": 0, "num_partial_branches": 0, "covered_branches": 0, "missing_branches": 0, "percent_branches_covered": 100.0, "percent_branches_covered_display": "100"}, "missing_lines": [], "excluded_lines": [], "start_line": 37, "executed_branches": [], "missing_branches": []}, "Plan": {"executed_lines": [], "summary": {"covered_lines": 0, "num_statements": 0, "percent_covered": 100.0, "percent_covered_display": "100", "missing_lines": 0, "excluded_lines": 0, "percent_statements_covered": 100.0, "percent_statements_covered_display": "100", "num_branches": 0, "num_partial_branches": 0, "covered_branches": 0, "missing_branches": 0, "percent_branches_covered": 100.0, "percent_branches_covered_display": "100"}, "missing_lines": [], "excluded_lines": [], "start_line": 45, "executed_branches": [], "missing_branches": []}, "SourceResult": {"executed_lines": [], "summary": {"covered_lines": 0, "num_statements": 0, "percent_covered": 100.0, "percent_covered_display": "100", "missing_lines": 0, "excluded_lines": 0, "percent_statements_covered": 100.0, "percent_statements_covered_display": "100", "num_branches": 0, "num_partial_branches": 0, "covered_branches": 0, "missing_branches": 0, "percent_branches_covered": 100.0, "percent_branches_covered_display": "100"}, "missing_lines": [], "excluded_lines": [], "start_line": 55, "executed_branches": [], "missing_branches": []}, "PairResult": {"executed_lines": [], "summary": {"covered_lines": 0, "num_statements": 0, "percent_covered": 100.0, "percent_covered_display": "100", "missing_lines": 0, "excluded_lines": 0, "percent_statements_covered": 100.0, "percent_statements_covered_display": "100", "num_branches": 0, "num_partial_branches": 0, "covered_branches": 0, "missing_branches": 0, "percent_branches_covered": 100.0, "percent_branches_covered_display": "100"}, "missing_lines": [], "excluded_lines": [], "start_line": 68, "executed_branches": [], "missing_branches": []}, "Summary": {"executed_lines": [], "summary": {"covered_lines": 0, "num_statements": 0, "percent_covered": 100.0, "percent_covered_display": "100", "missing_lines": 0, "excluded_lines": 0, "percent_statements_covered": 100.0, "percent_statements_covered_display": "100", "num_branches": 0, "num_partial_branches": 0, "covered_branches": 0, "missing_branches": 0, "percent_branches_covered": 100.0, "percent_branches_covered_display": "100"}, "missing_lines": [], "excluded_lines": [], "start_line": 79, "executed_branches": [], "missing_branches": []}, "": {"executed_lines": [2, 4, 5, 6, 7, 8, 9, 10, 11, 12, 13, 15, 17, 18, 19, 20, 21, 22, 26, 28, 31, 32, 33, 34, 37, 38, 39, 41, 42, 45, 46, 47, 48, 49, 50, 51, 52, 55, 56, 57, 58, 59, 60, 61, 62, 63, 64, 65, 68, 69, 70, 72, 73, 74, 75, 76, 79, 80, 81, 82, 83, 84, 85, 86, 87, 88, 89, 90, 91, 92, 93, 94, 97, 99, 102, 104, 105, 106, 109, 111, 112, 113, 114, 115, 116, 117, 120, 122, 123, 124, 125, 126, 127, 128, 129, 130, 131, 132, 133, 134, 135, 136, 137, 138, 139, 143, 144, 147, 149, 150, 151, 152, 153, 154, 157, 159, 160, 161, 162, 163, 165, 166, 167, 170, 173, 174, 175, 176, 177, 178, 179, 180, 181, 182, 183, 184, 185, 186, 187, 188, 190, 191, 192, 193, 196, 198, 199, 200, 201, 202, 203, 204, 205, 206, 207, 208, 209, 210, 211, 212, 213, 215, 216, 223, 225, 228, 230, 231, 232, 233, 234, 236, 239, 241, 244, 245, 246, 247, 250, 252, 254, 257, 259, 261, 262, 263, 264, 265, 266, 267, 270, 273, 274, 275, 276, 279, 280, 281, 282, 283, 284, 285, 287, 288, 289, 290, 291, 292, 293, 294, 295, 296, 297, 298, 299, 301, 302, 303, 305, 306, 308, 309, 310, 311, 312, 313, 314, 315, 316, 317, 318, 319, 320, 321, 322, 323, 324, 325, 326, 327, 329, 330, 331, 332, 333, 334, 337, 339, 340, 341, 342, 343, 345, 346, 347, 348, 349, 350, 351, 352, 353, 356], "summary": {"covered_lines": 262, "num_statements": 265, "percent_covered": 98.2905982905983, "percent_covered_display": "98", "missing_lines": 3, "excluded_lines": 0, "percent_statements_covered": 98.86792452830188, "percent_statements_covered_display": "99", "num_branches": 86, "num_partial_branches": 3, "covered_branches": 83, "missing_branches": 3, "percent_branches_covered": 96.51162790697674, "percent_branches_covered_display": "97"}, "missing_lines": [214, 235, 357], "excluded_lines": [], "start_line": 1, "executed_branches": [[104, 105], [104, 106], [112, 113], [112, 114], [115, 116], [115, 117], [123, 124], [123, 125], [126, 127], [126, 128], [128, 129], [128, 130], [130, 131], [130, 132], [132, 133], [132, 134], [134, 135], [134, 144], [137, 138], [137, 139], [139, 134], [139, 143], [149, 150], [149, 151], [152, 153], [152, 154], [160, 161], [160, 162], [162, 163], [162, 165], [165, 166], [165, 167], [174, 175], [174, 176], [185, 186], [185, 188], [202, 203], [202, 204], [204, 205], [204, 206], [206, 207], [206, 208], [209, 210], [209, 211], [212, 213], [212, 223], [213, 215], [230, 231], [230, 232], [232, 233], [232, 234], [234, 236], [244, 245], [244, 252], [245, 246], [245, 250], [246, 244], [246, 247], [259, -257], [259, 261], [262, 263], [262, 264], [284, 285], [284, 289], [287, 284], [287, 288], [290, 291], [290, 293], [293, 294], [293, 319], [296, 297], [296, 299], [308, 309], [308, 310], [312, 313], [312, 314], [320, 321], [320, 322], [325, 326], [325, 329], [326, 325], [326, 327], [356, -1]], "missing_branches": [[213, 214], [234, 235], [356, 357]]}}}}, "totals": {"covered_lines": 262, "num_statements": 265, "percent_covered": 98.2905982905983, "percent_covered_display": "98", "missing_lines": 3, "excluded_lines": 0, "percent_statements_covered": 98.86792452830188, "percent_statements_covered_display": "99", "num_branches": 86, "num_partial_branches": 3, "covered_branches": 83, "missing_branches": 3, "percent_branches_covered": 96.51162790697674, "percent_branches_covered_display": "97"}}