{"meta": {"format": 3, "version": "7.16.0", "timestamp": "2026-09-12T18:35:29.393067", "branch_coverage": true, "show_contexts": false}, "files": {"handoffs/run-2026-09-12/pueblo-planning-fee-source-qa/qa_model.py": {"executed_lines": [2, 3, 4, 5, 6, 7, 8, 9, 10, 12, 13, 14, 15, 16, 17, 18, 19, 20, 21, 22, 23, 24, 25, 26, 27, 28, 29, 30, 31, 32, 33, 34, 35, 36, 37, 38, 39, 40, 41, 42, 43, 44, 45, 46, 47, 48, 49, 50, 51, 52, 53, 54, 55, 56, 57, 58, 59, 60, 61, 62, 63, 64, 65, 66, 67, 68, 69, 70, 71, 72, 73, 74, 75, 76, 77, 78, 79, 80, 81, 82, 83, 84, 85, 86, 87, 88, 89, 90, 91, 92, 93, 94, 95, 96, 97, 98, 99, 100, 101, 102, 103, 104, 105, 106, 107, 108, 109, 110, 111, 113, 114, 115, 116, 118, 119, 120, 121, 122, 123, 124, 125, 126, 127, 128, 129, 130, 131, 132, 133, 135, 136, 137, 140, 141, 142, 143, 144, 145, 146, 147, 149, 150, 151, 153, 154, 155, 156, 157, 158, 159, 160, 161, 163, 164, 167, 168, 169, 170, 171, 172, 173, 174, 177, 178, 179, 180, 181, 182, 183, 184, 185, 186, 187, 188, 189, 190, 191, 192, 193, 194, 195, 198, 199, 200, 201, 202, 203, 204, 208, 210, 212, 213, 214, 215, 216, 217, 218, 219, 220, 221, 222, 223, 224, 225, 226, 227, 228, 229, 230, 231, 233, 234, 236, 239], "summary": {"covered_lines": 214, "num_statements": 216, "percent_covered": 93.84057971014492, "percent_covered_display": "94", "missing_lines": 2, "excluded_lines": 0, "percent_statements_covered": 99.07407407407408, "percent_statements_covered_display": "99", "num_branches": 60, "num_partial_branches": 15, "covered_branches": 45, "missing_branches": 15, "percent_branches_covered": 75.0, "percent_branches_covered_display": "75"}, "missing_lines": [117, 175], "excluded_lines": [], "executed_branches": [[24, 25], [24, 26], [110, 111], [116, 118], [123, 124], [125, 126], [141, 142], [141, 143], [144, 145], [144, 150], [145, 146], [150, 151], [155, 156], [155, 161], [156, 155], [156, 157], [157, 158], [159, 156], [159, 160], [169, 170], [171, 172], [173, -167], [173, 174], [174, 169], [174, 171], [184, 185], [184, 199], [187, 188], [189, 190], [189, 198], [199, -177], [199, 200], [202, 203], [202, 208], [213, 214], [214, 215], [214, 239], [216, 217], [218, 219], [220, 221], [220, 236], [222, 223], [224, 225], [224, 234], [230, 231]], "missing_branches": [[110, -108], [116, 117], [123, -122], [125, -122], [145, -135], [150, -135], [157, 156], [169, 175], [171, 169], [187, -177], [213, -210], [216, -210], [218, -210], [222, -210], [230, -210]], "functions": {"Ref.confined": {"executed_lines": [23, 24, 25, 26], "summary": {"covered_lines": 4, "num_statements": 4, "percent_covered": 100.0, "percent_covered_display": "100", "missing_lines": 0, "excluded_lines": 0, "percent_statements_covered": 100.0, "percent_statements_covered_display": "100", "num_branches": 2, "num_partial_branches": 0, "covered_branches": 2, "missing_branches": 0, "percent_branches_covered": 100.0, "percent_branches_covered_display": "100"}, "missing_lines": [], "excluded_lines": [], "start_line": 22, "executed_branches": [[24, 25], [24, 26]], "missing_branches": []}, "Inventory.unique": {"executed_lines": [110, 111], "summary": {"covered_lines": 2, "num_statements": 2, "percent_covered": 75.0, "percent_covered_display": "75", "missing_lines": 0, "excluded_lines": 0, "percent_statements_covered": 100.0, "percent_statements_covered_display": "100", "num_branches": 2, "num_partial_branches": 1, "covered_branches": 1, "missing_branches": 1, "percent_branches_covered": 50.0, "percent_branches_covered_display": "50"}, "missing_lines": [], "excluded_lines": [], "start_line": 109, "executed_branches": [[110, 111]], "missing_branches": [[110, -108]]}, "sha": {"executed_lines": [114], "summary": {"covered_lines": 1, "num_statements": 1, "percent_covered": 100.0, "percent_covered_display": "100", "missing_lines": 0, "excluded_lines": 0, "percent_statements_covered": 100.0, "percent_statements_covered_display": "100", "num_branches": 0, "num_partial_branches": 0, "covered_branches": 0, "missing_branches": 0, "percent_branches_covered": 100.0, "percent_branches_covered_display": "100"}, "missing_lines": [], "excluded_lines": [], "start_line": 113, "executed_branches": [], "missing_branches": []}, "ordinary": {"executed_lines": [116, 118], "summary": {"covered_lines": 2, "num_statements": 3, "percent_covered": 60.0, "percent_covered_display": "60", "missing_lines": 1, "excluded_lines": 0, "percent_statements_covered": 66.66666666666667, "percent_statements_covered_display": "67", "num_branches": 2, "num_partial_branches": 1, "covered_branches": 1, "missing_branches": 1, "percent_branches_covered": 50.0, "percent_branches_covered_display": "50"}, "missing_lines": [117], "excluded_lines": [], "start_line": 115, "executed_branches": [[116, 118]], "missing_branches": [[116, 117]]}, "file_ref": {"executed_lines": [120, 121], "summary": {"covered_lines": 2, "num_statements": 2, "percent_covered": 100.0, "percent_covered_display": "100", "missing_lines": 0, "excluded_lines": 0, "percent_statements_covered": 100.0, "percent_statements_covered_display": "100", "num_branches": 0, "num_partial_branches": 0, "covered_branches": 0, "missing_branches": 0, "percent_branches_covered": 100.0, "percent_branches_covered_display": "100"}, "missing_lines": [], "excluded_lines": [], "start_line": 119, "executed_branches": [], "missing_branches": []}, "checked": {"executed_lines": [123, 124, 125, 126], "summary": {"covered_lines": 4, "num_statements": 4, "percent_covered": 75.0, "percent_covered_display": "75", "missing_lines": 0, "excluded_lines": 0, "percent_statements_covered": 100.0, "percent_statements_covered_display": "100", "num_branches": 4, "num_partial_branches": 2, "covered_branches": 2, "missing_branches": 2, "percent_branches_covered": 50.0, "percent_branches_covered_display": "50"}, "missing_lines": [], "excluded_lines": [], "start_line": 122, "executed_branches": [[123, 124], [125, 126]], "missing_branches": [[123, -122], [125, -122]]}, "norm": {"executed_lines": [128, 129], "summary": {"covered_lines": 2, "num_statements": 2, "percent_covered": 100.0, "percent_covered_display": "100", "missing_lines": 0, "excluded_lines": 0, "percent_statements_covered": 100.0, "percent_statements_covered_display": "100", "num_branches": 0, "num_partial_branches": 0, "covered_branches": 0, "missing_branches": 0, "percent_branches_covered": 100.0, "percent_branches_covered_display": "100"}, "missing_lines": [], "excluded_lines": [], "start_line": 127, "executed_branches": [], "missing_branches": []}, "box": {"executed_lines": [131], "summary": {"covered_lines": 1, "num_statements": 1, "percent_covered": 100.0, "percent_covered_display": "100", "missing_lines": 0, "excluded_lines": 0, "percent_statements_covered": 100.0, "percent_statements_covered_display": "100", "num_branches": 0, "num_partial_branches": 0, "covered_branches": 0, "missing_branches": 0, "percent_branches_covered": 100.0, "percent_branches_covered_display": "100"}, "missing_lines": [], "excluded_lines": [], "start_line": 130, "executed_branches": [], "missing_branches": []}, "pixels": {"executed_lines": [133], "summary": {"covered_lines": 1, "num_statements": 1, "percent_covered": 100.0, "percent_covered_display": "100", "missing_lines": 0, "excluded_lines": 0, "percent_statements_covered": 100.0, "percent_statements_covered_display": "100", "num_branches": 0, "num_partial_branches": 0, "covered_branches": 0, "missing_branches": 0, "percent_branches_covered": 100.0, "percent_branches_covered_display": "100"}, "missing_lines": [], "excluded_lines": [], "start_line": 132, "executed_branches": [], "missing_branches": []}, "native_lines": {"executed_lines": [136, 137, 140, 141, 142, 143, 144, 145, 146, 147, 149, 150, 151], "summary": {"covered_lines": 13, "num_statements": 13, "percent_covered": 90.47619047619048, "percent_covered_display": "90", "missing_lines": 0, "excluded_lines": 0, "percent_statements_covered": 100.0, "percent_statements_covered_display": "100", "num_branches": 8, "num_partial_branches": 2, "covered_branches": 6, "missing_branches": 2, "percent_branches_covered": 75.0, "percent_branches_covered_display": "75"}, "missing_lines": [], "excluded_lines": [], "start_line": 135, "executed_branches": [[141, 142], [141, 143], [144, 145], [144, 150], [145, 146], [150, 151]], "missing_branches": [[145, -135], [150, -135]]}, "grid": {"executed_lines": [154, 155, 156, 157, 158, 159, 160, 161], "summary": {"covered_lines": 8, "num_statements": 8, "percent_covered": 93.75, "percent_covered_display": "94", "missing_lines": 0, "excluded_lines": 0, "percent_statements_covered": 100.0, "percent_statements_covered_display": "100", "num_branches": 8, "num_partial_branches": 1, "covered_branches": 7, "missing_branches": 1, "percent_branches_covered": 87.5, "percent_branches_covered_display": "88"}, "missing_lines": [], "excluded_lines": [], "start_line": 153, "executed_branches": [[155, 156], [155, 161], [156, 155], [156, 157], [157, 158], [159, 156], [159, 160]], "missing_branches": [[157, 156]]}, "cell_lines": {"executed_lines": [164], "summary": {"covered_lines": 1, "num_statements": 1, "percent_covered": 100.0, "percent_covered_display": "100", "missing_lines": 0, "excluded_lines": 0, "percent_statements_covered": 100.0, "percent_statements_covered_display": "100", "num_branches": 0, "num_partial_branches": 0, "covered_branches": 0, "missing_branches": 0, "percent_branches_covered": 100.0, "percent_branches_covered_display": "100"}, "missing_lines": [], "excluded_lines": [], "start_line": 163, "executed_branches": [], "missing_branches": []}, "find_slice": {"executed_lines": [168, 169, 170, 171, 172, 173, 174], "summary": {"covered_lines": 7, "num_statements": 8, "percent_covered": 81.25, "percent_covered_display": "81", "missing_lines": 1, "excluded_lines": 0, "percent_statements_covered": 87.5, "percent_statements_covered_display": "88", "num_branches": 8, "num_partial_branches": 2, "covered_branches": 6, "missing_branches": 2, "percent_branches_covered": 75.0, "percent_branches_covered_display": "75"}, "missing_lines": [175], "excluded_lines": [], "start_line": 167, "executed_branches": [[169, 170], [171, 172], [173, -167], [173, 174], [174, 169], [174, 171]], "missing_branches": [[169, 175], [171, 169]]}, "nested_entries": {"executed_lines": [178, 179, 180, 181, 182, 183, 184, 185, 186, 187, 188, 189, 190, 191, 192, 193, 194, 195, 198, 199, 200, 201, 202, 203, 204, 208], "summary": {"covered_lines": 26, "num_statements": 26, "percent_covered": 97.22222222222223, "percent_covered_display": "97", "missing_lines": 0, "excluded_lines": 0, "percent_statements_covered": 100.0, "percent_statements_covered_display": "100", "num_branches": 10, "num_partial_branches": 1, "covered_branches": 9, "missing_branches": 1, "percent_branches_covered": 90.0, "percent_branches_covered_display": "90"}, "missing_lines": [], "excluded_lines": [], "start_line": 177, "executed_branches": [[184, 185], [184, 199], [187, 188], [189, 190], [189, 198], [199, -177], [199, 200], [202, 203], [202, 208]], "missing_branches": [[187, -177]]}, "derive_tables": {"executed_lines": [212, 213, 214, 215, 216, 217, 218, 219, 220, 221, 222, 223, 224, 225, 226, 227, 228, 229, 230, 231, 233, 234, 236, 239], "summary": {"covered_lines": 24, "num_statements": 24, "percent_covered": 87.5, "percent_covered_display": "88", "missing_lines": 0, "excluded_lines": 0, "percent_statements_covered": 100.0, "percent_statements_covered_display": "100", "num_branches": 16, "num_partial_branches": 5, "covered_branches": 11, "missing_branches": 5, "percent_branches_covered": 68.75, "percent_branches_covered_display": "69"}, "missing_lines": [], "excluded_lines": [], "start_line": 210, "executed_branches": [[213, 214], [214, 215], [214, 239], [216, 217], [218, 219], [220, 221], [220, 236], [222, 223], [224, 225], [224, 234], [230, 231]], "missing_branches": [[213, -210], [216, -210], [218, -210], [222, -210], [230, -210]]}, "": {"executed_lines": [2, 3, 4, 5, 6, 7, 8, 9, 10, 12, 13, 14, 15, 16, 17, 18, 19, 20, 21, 22, 27, 28, 29, 30, 31, 32, 33, 34, 35, 36, 37, 38, 39, 40, 41, 42, 43, 44, 45, 46, 47, 48, 49, 50, 51, 52, 53, 54, 55, 56, 57, 58, 59, 60, 61, 62, 63, 64, 65, 66, 67, 68, 69, 70, 71, 72, 73, 74, 75, 76, 77, 78, 79, 80, 81, 82, 83, 84, 85, 86, 87, 88, 89, 90, 91, 92, 93, 94, 95, 96, 97, 98, 99, 100, 101, 102, 103, 104, 105, 106, 107, 108, 109, 113, 115, 119, 122, 127, 130, 132, 135, 153, 163, 167, 177, 210], "summary": {"covered_lines": 116, "num_statements": 116, "percent_covered": 100.0, "percent_covered_display": "100", "missing_lines": 0, "excluded_lines": 0, "percent_statements_covered": 100.0, "percent_statements_covered_display": "100", "num_branches": 0, "num_partial_branches": 0, "covered_branches": 0, "missing_branches": 0, "percent_branches_covered": 100.0, "percent_branches_covered_display": "100"}, "missing_lines": [], "excluded_lines": [], "start_line": 1, "executed_branches": [], "missing_branches": []}}, "classes": {"Strict": {"executed_lines": [], "summary": {"covered_lines": 0, "num_statements": 0, "percent_covered": 100.0, "percent_covered_display": "100", "missing_lines": 0, "excluded_lines": 0, "percent_statements_covered": 100.0, "percent_statements_covered_display": "100", "num_branches": 0, "num_partial_branches": 0, "covered_branches": 0, "missing_branches": 0, "percent_branches_covered": 100.0, "percent_branches_covered_display": "100"}, "missing_lines": [], "excluded_lines": [], "start_line": 15, "executed_branches": [], "missing_branches": []}, "Ref": {"executed_lines": [23, 24, 25, 26], "summary": {"covered_lines": 4, "num_statements": 4, "percent_covered": 100.0, "percent_covered_display": "100", "missing_lines": 0, "excluded_lines": 0, "percent_statements_covered": 100.0, "percent_statements_covered_display": "100", "num_branches": 2, "num_partial_branches": 0, "covered_branches": 2, "missing_branches": 0, "percent_branches_covered": 100.0, "percent_branches_covered_display": "100"}, "missing_lines": [], "excluded_lines": [], "start_line": 17, "executed_branches": [[24, 25], [24, 26]], "missing_branches": []}, "Line": {"executed_lines": [], "summary": {"covered_lines": 0, "num_statements": 0, "percent_covered": 100.0, "percent_covered_display": "100", "missing_lines": 0, "excluded_lines": 0, "percent_statements_covered": 100.0, "percent_statements_covered_display": "100", "num_branches": 0, "num_partial_branches": 0, "covered_branches": 0, "missing_branches": 0, "percent_branches_covered": 100.0, "percent_branches_covered_display": "100"}, "missing_lines": [], "excluded_lines": [], "start_line": 27, "executed_branches": [], "missing_branches": []}, "Page": {"executed_lines": [], "summary": {"covered_lines": 0, "num_statements": 0, "percent_covered": 100.0, "percent_covered_display": "100", "missing_lines": 0, "excluded_lines": 0, "percent_statements_covered": 100.0, "percent_statements_covered_display": "100", "num_branches": 0, "num_partial_branches": 0, "covered_branches": 0, "missing_branches": 0, "percent_branches_covered": 100.0, "percent_branches_covered_display": "100"}, "missing_lines": [], "excluded_lines": [], "start_line": 34, "executed_branches": [], "missing_branches": []}, "Cell": {"executed_lines": [], "summary": {"covered_lines": 0, "num_statements": 0, "percent_covered": 100.0, "percent_covered_display": "100", "missing_lines": 0, "excluded_lines": 0, "percent_statements_covered": 100.0, "percent_statements_covered_display": "100", "num_branches": 0, "num_partial_branches": 0, "covered_branches": 0, "missing_branches": 0, "percent_branches_covered": 100.0, "percent_branches_covered_display": "100"}, "missing_lines": [], "excluded_lines": [], "start_line": 43, "executed_branches": [], "missing_branches": []}, "Nested": {"executed_lines": [], "summary": {"covered_lines": 0, "num_statements": 0, "percent_covered": 100.0, "percent_covered_display": "100", "missing_lines": 0, "excluded_lines": 0, "percent_statements_covered": 100.0, "percent_statements_covered_display": "100", "num_branches": 0, "num_partial_branches": 0, "covered_branches": 0, "missing_branches": 0, "percent_branches_covered": 100.0, "percent_branches_covered_display": "100"}, "missing_lines": [], "excluded_lines": [], "start_line": 50, "executed_branches": [], "missing_branches": []}, "Row": {"executed_lines": [], "summary": {"covered_lines": 0, "num_statements": 0, "percent_covered": 100.0, "percent_covered_display": "100", "missing_lines": 0, "excluded_lines": 0, "percent_statements_covered": 100.0, "percent_statements_covered_display": "100", "num_branches": 0, "num_partial_branches": 0, "covered_branches": 0, "missing_branches": 0, "percent_branches_covered": 100.0, "percent_branches_covered_display": "100"}, "missing_lines": [], "excluded_lines": [], "start_line": 58, "executed_branches": [], "missing_branches": []}, "Annotation": {"executed_lines": [], "summary": {"covered_lines": 0, "num_statements": 0, "percent_covered": 100.0, "percent_covered_display": "100", "missing_lines": 0, "excluded_lines": 0, "percent_statements_covered": 100.0, "percent_statements_covered_display": "100", "num_branches": 0, "num_partial_branches": 0, "covered_branches": 0, "missing_branches": 0, "percent_branches_covered": 100.0, "percent_branches_covered_display": "100"}, "missing_lines": [], "excluded_lines": [], "start_line": 64, "executed_branches": [], "missing_branches": []}, "Crop": {"executed_lines": [], "summary": {"covered_lines": 0, "num_statements": 0, "percent_covered": 100.0, "percent_covered_display": "100", "missing_lines": 0, "excluded_lines": 0, "percent_statements_covered": 100.0, "percent_statements_covered_display": "100", "num_branches": 0, "num_partial_branches": 0, "covered_branches": 0, "missing_branches": 0, "percent_branches_covered": 100.0, "percent_branches_covered_display": "100"}, "missing_lines": [], "excluded_lines": [], "start_line": 72, "executed_branches": [], "missing_branches": []}, "QA": {"executed_lines": [], "summary": {"covered_lines": 0, "num_statements": 0, "percent_covered": 100.0, "percent_covered_display": "100", "missing_lines": 0, "excluded_lines": 0, "percent_statements_covered": 100.0, "percent_statements_covered_display": "100", "num_branches": 0, "num_partial_branches": 0, "covered_branches": 0, "missing_branches": 0, "percent_branches_covered": 100.0, "percent_branches_covered_display": "100"}, "missing_lines": [], "excluded_lines": [], "start_line": 78, "executed_branches": [], "missing_branches": []}, "Inventory": {"executed_lines": [110, 111], "summary": {"covered_lines": 2, "num_statements": 2, "percent_covered": 75.0, "percent_covered_display": "75", "missing_lines": 0, "excluded_lines": 0, "percent_statements_covered": 100.0, "percent_statements_covered_display": "100", "num_branches": 2, "num_partial_branches": 1, "covered_branches": 1, "missing_branches": 1, "percent_branches_covered": 50.0, "percent_branches_covered_display": "50"}, "missing_lines": [], "excluded_lines": [], "start_line": 106, "executed_branches": [[110, 111]], "missing_branches": [[110, -108]]}, "": {"executed_lines": [2, 3, 4, 5, 6, 7, 8, 9, 10, 12, 13, 14, 15, 16, 17, 18, 19, 20, 21, 22, 27, 28, 29, 30, 31, 32, 33, 34, 35, 36, 37, 38, 39, 40, 41, 42, 43, 44, 45, 46, 47, 48, 49, 50, 51, 52, 53, 54, 55, 56, 57, 58, 59, 60, 61, 62, 63, 64, 65, 66, 67, 68, 69, 70, 71, 72, 73, 74, 75, 76, 77, 78, 79, 80, 81, 82, 83, 84, 85, 86, 87, 88, 89, 90, 91, 92, 93, 94, 95, 96, 97, 98, 99, 100, 101, 102, 103, 104, 105, 106, 107, 108, 109, 113, 114, 115, 116, 118, 119, 120, 121, 122, 123, 124, 125, 126, 127, 128, 129, 130, 131, 132, 133, 135, 136, 137, 140, 141, 142, 143, 144, 145, 146, 147, 149, 150, 151, 153, 154, 155, 156, 157, 158, 159, 160, 161, 163, 164, 167, 168, 169, 170, 171, 172, 173, 174, 177, 178, 179, 180, 181, 182, 183, 184, 185, 186, 187, 188, 189, 190, 191, 192, 193, 194, 195, 198, 199, 200, 201, 202, 203, 204, 208, 210, 212, 213, 214, 215, 216, 217, 218, 219, 220, 221, 222, 223, 224, 225, 226, 227, 228, 229, 230, 231, 233, 234, 236, 239], "summary": {"covered_lines": 208, "num_statements": 210, "percent_covered": 93.98496240601504, "percent_covered_display": "94", "missing_lines": 2, "excluded_lines": 0, "percent_statements_covered": 99.04761904761905, "percent_statements_covered_display": "99", "num_branches": 56, "num_partial_branches": 14, "covered_branches": 42, "missing_branches": 14, "percent_branches_covered": 75.0, "percent_branches_covered_display": "75"}, "missing_lines": [117, 175], "excluded_lines": [], "start_line": 1, "executed_branches": [[116, 118], [123, 124], [125, 126], [141, 142], [141, 143], [144, 145], [144, 150], [145, 146], [150, 151], [155, 156], [155, 161], [156, 155], [156, 157], [157, 158], [159, 156], [159, 160], [169, 170], [171, 172], [173, -167], [173, 174], [174, 169], [174, 171], [184, 185], [184, 199], [187, 188], [189, 190], [189, 198], [199, -177], [199, 200], [202, 203], [202, 208], [213, 214], [214, 215], [214, 239], [216, 217], [218, 219], [220, 221], [220, 236], [222, 223], [224, 225], [224, 234], [230, 231]], "missing_branches": [[116, 117], [123, -122], [125, -122], [145, -135], [150, -135], [157, 156], [169, 175], [171, 169], [187, -177], [213, -210], [216, -210], [218, -210], [222, -210], [230, -210]]}}}, "handoffs/run-2026-09-12/pueblo-planning-fee-source-qa/validate_qa.py": {"executed_lines": [2, 3, 4, 5, 6, 7, 8, 9, 10, 13, 15, 17, 18, 19, 20, 21, 22, 23, 24, 25, 27, 28, 30, 31, 32, 33, 34, 35, 36, 38, 39, 40, 41, 42, 43, 44, 49, 50, 51, 52, 53, 55, 57, 58, 59, 60, 63, 64, 65, 67, 68, 69, 71, 72, 73, 74, 76, 77, 78, 80, 81, 82, 83, 84, 88, 90, 91, 92, 93, 94, 95, 96, 97, 98, 99, 102, 104, 105, 106, 107, 108, 109, 110, 111, 112, 115], "summary": {"covered_lines": 86, "num_statements": 95, "percent_covered": 84.4311377245509, "percent_covered_display": "84", "missing_lines": 9, "excluded_lines": 0, "percent_statements_covered": 90.52631578947368, "percent_statements_covered_display": "91", "num_branches": 72, "num_partial_branches": 17, "covered_branches": 55, "missing_branches": 17, "percent_branches_covered": 76.38888888888889, "percent_branches_covered_display": "76"}, "missing_lines": [26, 29, 54, 85, 116, 117, 118, 119, 120], "excluded_lines": [], "executed_branches": [[17, 18], [17, 19], [19, 20], [19, 21], [23, 24], [24, 25], [25, 27], [27, 28], [28, 30], [30, 31], [30, 32], [33, 34], [33, 36], [34, 33], [34, 35], [36, 38], [36, 39], [39, 40], [39, 41], [41, 42], [41, 43], [44, 49], [44, 50], [50, 51], [50, 57], [53, 55], [55, 50], [59, 60], [63, 64], [65, 67], [68, 69], [68, 73], [71, 68], [71, 72], [73, 74], [73, 78], [76, 73], [76, 77], [80, 81], [80, 82], [82, 83], [83, -15], [83, 84], [84, 83], [92, 93], [92, 97], [93, 94], [93, 95], [95, 92], [95, 96], [97, 98], [104, 105], [107, 108], [111, 112], [115, -1]], "missing_branches": [[23, -15], [24, -15], [25, 26], [27, -15], [28, 29], [53, 54], [55, -15], [59, -15], [63, -15], [65, -15], [82, -15], [84, 85], [97, -88], [104, -102], [107, -102], [111, -102], [115, 116]], "functions": {"verify_data": {"executed_lines": [17, 18, 19, 20, 21, 22, 23, 24, 25, 27, 28, 30, 31, 32, 33, 34, 35, 36, 38, 39, 40, 41, 42, 43, 44, 49, 50, 51, 52, 53, 55, 57, 58, 59, 60, 63, 64, 65, 67, 68, 69, 71, 72, 73, 74, 76, 77, 78, 80, 81, 82, 83, 84], "summary": {"covered_lines": 53, "num_statements": 57, "percent_covered": 85.84070796460178, "percent_covered_display": "86", "missing_lines": 4, "excluded_lines": 0, "percent_statements_covered": 92.98245614035088, "percent_statements_covered_display": "93", "num_branches": 56, "num_partial_branches": 12, "covered_branches": 44, "missing_branches": 12, "percent_branches_covered": 78.57142857142857, "percent_branches_covered_display": "79"}, "missing_lines": [26, 29, 54, 85], "excluded_lines": [], "start_line": 15, "executed_branches": [[17, 18], [17, 19], [19, 20], [19, 21], [23, 24], [24, 25], [25, 27], [27, 28], [28, 30], [30, 31], [30, 32], [33, 34], [33, 36], [34, 33], [34, 35], [36, 38], [36, 39], [39, 40], [39, 41], [41, 42], [41, 43], [44, 49], [44, 50], [50, 51], [50, 57], [53, 55], [55, 50], [59, 60], [63, 64], [65, 67], [68, 69], [68, 73], [71, 68], [71, 72], [73, 74], [73, 78], [76, 73], [76, 77], [80, 81], [80, 82], [82, 83], [83, -15], [83, 84], [84, 83]], "missing_branches": [[23, -15], [24, -15], [25, 26], [27, -15], [28, 29], [53, 54], [55, -15], [59, -15], [63, -15], [65, -15], [82, -15], [84, 85]]}, "inventory": {"executed_lines": [90, 91, 92, 93, 94, 95, 96, 97, 98, 99], "summary": {"covered_lines": 10, "num_statements": 10, "percent_covered": 94.44444444444444, "percent_covered_display": "94", "missing_lines": 0, "excluded_lines": 0, "percent_statements_covered": 100.0, "percent_statements_covered_display": "100", "num_branches": 8, "num_partial_branches": 1, "covered_branches": 7, "missing_branches": 1, "percent_branches_covered": 87.5, "percent_branches_covered_display": "88"}, "missing_lines": [], "excluded_lines": [], "start_line": 88, "executed_branches": [[92, 93], [92, 97], [93, 94], [93, 95], [95, 92], [95, 96], [97, 98]], "missing_branches": [[97, -88]]}, "validate": {"executed_lines": [104, 105, 106, 107, 108, 109, 110, 111, 112], "summary": {"covered_lines": 9, "num_statements": 9, "percent_covered": 80.0, "percent_covered_display": "80", "missing_lines": 0, "excluded_lines": 0, "percent_statements_covered": 100.0, "percent_statements_covered_display": "100", "num_branches": 6, "num_partial_branches": 3, "covered_branches": 3, "missing_branches": 3, "percent_branches_covered": 50.0, "percent_branches_covered_display": "50"}, "missing_lines": [], "excluded_lines": [], "start_line": 102, "executed_branches": [[104, 105], [107, 108], [111, 112]], "missing_branches": [[104, -102], [107, -102], [111, -102]]}, "": {"executed_lines": [2, 3, 4, 5, 6, 7, 8, 9, 10, 13, 15, 88, 102, 115], "summary": {"covered_lines": 14, "num_statements": 19, "percent_covered": 71.42857142857143, "percent_covered_display": "71", "missing_lines": 5, "excluded_lines": 0, "percent_statements_covered": 73.6842105263158, "percent_statements_covered_display": "74", "num_branches": 2, "num_partial_branches": 1, "covered_branches": 1, "missing_branches": 1, "percent_branches_covered": 50.0, "percent_branches_covered_display": "50"}, "missing_lines": [116, 117, 118, 119, 120], "excluded_lines": [], "start_line": 1, "executed_branches": [[115, -1]], "missing_branches": [[115, 116]]}}, "classes": {"": {"executed_lines": [2, 3, 4, 5, 6, 7, 8, 9, 10, 13, 15, 17, 18, 19, 20, 21, 22, 23, 24, 25, 27, 28, 30, 31, 32, 33, 34, 35, 36, 38, 39, 40, 41, 42, 43, 44, 49, 50, 51, 52, 53, 55, 57, 58, 59, 60, 63, 64, 65, 67, 68, 69, 71, 72, 73, 74, 76, 77, 78, 80, 81, 82, 83, 84, 88, 90, 91, 92, 93, 94, 95, 96, 97, 98, 99, 102, 104, 105, 106, 107, 108, 109, 110, 111, 112, 115], "summary": {"covered_lines": 86, "num_statements": 95, "percent_covered": 84.4311377245509, "percent_covered_display": "84", "missing_lines": 9, "excluded_lines": 0, "percent_statements_covered": 90.52631578947368, "percent_statements_covered_display": "91", "num_branches": 72, "num_partial_branches": 17, "covered_branches": 55, "missing_branches": 17, "percent_branches_covered": 76.38888888888889, "percent_branches_covered_display": "76"}, "missing_lines": [26, 29, 54, 85, 116, 117, 118, 119, 120], "excluded_lines": [], "start_line": 1, "executed_branches": [[17, 18], [17, 19], [19, 20], [19, 21], [23, 24], [24, 25], [25, 27], [27, 28], [28, 30], [30, 31], [30, 32], [33, 34], [33, 36], [34, 33], [34, 35], [36, 38], [36, 39], [39, 40], [39, 41], [41, 42], [41, 43], [44, 49], [44, 50], [50, 51], [50, 57], [53, 55], [55, 50], [59, 60], [63, 64], [65, 67], [68, 69], [68, 73], [71, 68], [71, 72], [73, 74], [73, 78], [76, 73], [76, 77], [80, 81], [80, 82], [82, 83], [83, -15], [83, 84], [84, 83], [92, 93], [92, 97], [93, 94], [93, 95], [95, 92], [95, 96], [97, 98], [104, 105], [107, 108], [111, 112], [115, -1]], "missing_branches": [[23, -15], [24, -15], [25, 26], [27, -15], [28, 29], [53, 54], [55, -15], [59, -15], [63, -15], [65, -15], [82, -15], [84, 85], [97, -88], [104, -102], [107, -102], [111, -102], [115, 116]]}}}}, "totals": {"covered_lines": 300, "num_statements": 311, "percent_covered": 90.29345372460497, "percent_covered_display": "90", "missing_lines": 11, "excluded_lines": 0, "percent_statements_covered": 96.46302250803859, "percent_statements_covered_display": "96", "num_branches": 132, "num_partial_branches": 32, "covered_branches": 100, "missing_branches": 32, "percent_branches_covered": 75.75757575757575, "percent_branches_covered_display": "76"}}