{"meta": {"format": 3, "version": "7.16.0", "timestamp": "2026-09-12T17:28:41.859783", "branch_coverage": true, "show_contexts": false}, "files": {"handoffs/run-2026-09-12/el-paso-scanned-fee-lookup/research_scanned_fee_lookup.py": {"executed_lines": [3, 5, 6, 7, 8, 9, 10, 11, 12, 13, 14, 15, 16, 18, 20, 21, 22, 23, 24, 34, 39, 44, 50, 53, 56, 59, 60, 61, 64, 67, 68, 69, 72, 75, 76, 77, 78, 79, 80, 81, 82, 83, 85, 86, 88, 89, 90, 91, 92, 93, 94, 95, 96, 97, 100, 103, 104, 105, 107, 108, 109, 110, 113, 116, 117, 118, 119, 120, 125, 128, 129, 130, 131, 133, 134, 136, 137, 138, 139, 140, 141, 142, 143, 144, 145, 148, 151, 152, 153, 154, 155, 157, 158, 160, 161, 164, 165, 166, 167, 168, 169, 170, 171, 172, 173, 174, 175, 176, 177, 180, 183, 184, 185, 186, 187, 188, 189, 190, 191, 192, 193, 194, 195, 196, 197, 198, 199, 200, 201, 202, 203, 204, 205, 207, 208, 210, 213, 214, 215, 216, 217, 220, 223, 224, 225, 226, 227, 228, 229, 230, 231, 232, 234, 235, 237, 238, 239, 240, 241, 242, 243, 244, 245, 246, 249, 252, 253, 254, 255, 258, 259, 260, 261, 262, 264, 267, 268, 269, 270, 271, 274, 275, 276, 279, 280, 283, 284, 285, 286, 287, 288, 289, 290, 291, 292, 294, 295, 299, 300, 301, 302, 304, 305, 306, 307, 308, 309, 310, 313, 314, 319, 320, 323, 324, 327, 328, 329, 330, 331, 334, 339, 340, 341, 342, 343, 344, 345, 346, 347, 348, 349, 350, 351, 352, 353, 354, 355, 356, 358, 360, 361, 363, 368, 369, 370, 371, 372, 373, 376, 377, 378, 384, 386, 389, 390, 405, 408, 412, 413, 414, 417, 418, 421, 422, 423, 425, 426, 427, 428, 429, 430, 431, 434, 436, 437, 438, 439, 452, 453, 455, 456, 457, 459, 460, 461, 462, 463, 464, 465, 466, 469, 471, 472, 473, 474, 475, 476, 477, 478, 479, 480, 481, 484, 485, 486, 487, 489, 490, 493], "summary": {"covered_lines": 309, "num_statements": 312, "percent_covered": 98.52216748768473, "percent_covered_display": "99", "missing_lines": 3, "excluded_lines": 0, "percent_statements_covered": 99.03846153846153, "percent_statements_covered_display": "99", "num_branches": 94, "num_partial_branches": 3, "covered_branches": 91, "missing_branches": 3, "percent_branches_covered": 96.80851063829788, "percent_branches_covered_display": "97"}, "missing_lines": [263, 293, 494], "excluded_lines": [], "executed_branches": [[89, 90], [89, 91], [91, 92], [91, 93], [93, 94], [93, 95], [95, 96], [95, 97], [136, 137], [136, 138], [139, 140], [139, 141], [141, 142], [141, 143], [143, 144], [143, 145], [161, 164], [161, 165], [165, 166], [165, 167], [167, 168], [167, 169], [170, 171], [170, 172], [172, 173], [172, 174], [175, 176], [175, 177], [213, 214], [213, 215], [215, 216], [215, 217], [238, 239], [238, 240], [240, 241], [240, 242], [242, 243], [242, 244], [244, 245], [244, 246], [260, 261], [260, 262], [262, 264], [269, 270], [269, 271], [285, 286], [285, 287], [287, 288], [287, 290], [288, 287], [288, 289], [292, 294], [300, 301], [300, 304], [304, 305], [304, 306], [306, 307], [306, 310], [308, 306], [308, 309], [319, -313], [319, 320], [339, 340], [339, 341], [341, 342], [341, 343], [343, 344], [343, 345], [345, 346], [345, 347], [369, 370], [369, 384], [370, 371], [370, 372], [377, 369], [377, 378], [425, 426], [425, 431], [427, 428], [427, 429], [436, 437], [436, 438], [453, 455], [453, 456], [456, 457], [456, 462], [459, 460], [459, 461], [462, 463], [462, 464], [493, -1]], "missing_branches": [[262, 263], [292, 293], [493, 494]], "functions": {"Cell.validate_binding": {"executed_lines": [88, 89, 90, 91, 92, 93, 94, 95, 96, 97], "summary": {"covered_lines": 10, "num_statements": 10, "percent_covered": 100.0, "percent_covered_display": "100", "missing_lines": 0, "excluded_lines": 0, "percent_statements_covered": 100.0, "percent_statements_covered_display": "100", "num_branches": 8, "num_partial_branches": 0, "covered_branches": 8, "missing_branches": 0, "percent_branches_covered": 100.0, "percent_branches_covered_display": "100"}, "missing_lines": [], "excluded_lines": [], "start_line": 86, "executed_branches": [[89, 90], [89, 91], [91, 92], [91, 93], [93, 94], [93, 95], [95, 96], [95, 97]], "missing_branches": []}, "RequiredContext.validate_context": {"executed_lines": [136, 137, 138, 139, 140, 141, 142, 143, 144, 145], "summary": {"covered_lines": 10, "num_statements": 10, "percent_covered": 100.0, "percent_covered_display": "100", "missing_lines": 0, "excluded_lines": 0, "percent_statements_covered": 100.0, "percent_statements_covered_display": "100", "num_branches": 8, "num_partial_branches": 0, "covered_branches": 8, "missing_branches": 0, "percent_branches_covered": 100.0, "percent_branches_covered_display": "100"}, "missing_lines": [], "excluded_lines": [], "start_line": 134, "executed_branches": [[136, 137], [136, 138], [139, 140], [139, 141], [141, 142], [141, 143], [143, 144], [143, 145]], "missing_branches": []}, "FeeMatch.validate_associations": {"executed_lines": [160, 161, 164, 165, 166, 167, 168, 169, 170, 171, 172, 173, 174, 175, 176, 177], "summary": {"covered_lines": 16, "num_statements": 16, "percent_covered": 100.0, "percent_covered_display": "100", "missing_lines": 0, "excluded_lines": 0, "percent_statements_covered": 100.0, "percent_statements_covered_display": "100", "num_branches": 12, "num_partial_branches": 0, "covered_branches": 12, "missing_branches": 0, "percent_branches_covered": 100.0, "percent_branches_covered_display": "100"}, "missing_lines": [], "excluded_lines": [], "start_line": 158, "executed_branches": [[161, 164], [161, 165], [165, 166], [165, 167], [167, 168], [167, 169], [170, 171], [170, 172], [172, 173], [172, 174], [175, 176], [175, 177]], "missing_branches": []}, "SourceBinding.validate_pins": {"executed_lines": [210, 213, 214, 215, 216, 217], "summary": {"covered_lines": 6, "num_statements": 6, "percent_covered": 100.0, "percent_covered_display": "100", "missing_lines": 0, "excluded_lines": 0, "percent_statements_covered": 100.0, "percent_statements_covered_display": "100", "num_branches": 4, "num_partial_branches": 0, "covered_branches": 4, "missing_branches": 0, "percent_branches_covered": 100.0, "percent_branches_covered_display": "100"}, "missing_lines": [], "excluded_lines": [], "start_line": 208, "executed_branches": [[213, 214], [213, 215], [215, 216], [215, 217]], "missing_branches": []}, "LookupResult.validate_status": {"executed_lines": [237, 238, 239, 240, 241, 242, 243, 244, 245, 246], "summary": {"covered_lines": 10, "num_statements": 10, "percent_covered": 100.0, "percent_covered_display": "100", "missing_lines": 0, "excluded_lines": 0, "percent_statements_covered": 100.0, "percent_statements_covered_display": "100", "num_branches": 8, "num_partial_branches": 0, "covered_branches": 8, "missing_branches": 0, "percent_branches_covered": 100.0, "percent_branches_covered_display": "100"}, "missing_lines": [], "excluded_lines": [], "start_line": 235, "executed_branches": [[238, 239], [238, 240], [240, 241], [240, 242], [242, 243], [242, 244], [244, 245], [244, 246]], "missing_branches": []}, "_ordinary": {"executed_lines": [259, 260, 261, 262, 264], "summary": {"covered_lines": 5, "num_statements": 6, "percent_covered": 80.0, "percent_covered_display": "80", "missing_lines": 1, "excluded_lines": 0, "percent_statements_covered": 83.33333333333333, "percent_statements_covered_display": "83", "num_branches": 4, "num_partial_branches": 1, "covered_branches": 3, "missing_branches": 1, "percent_branches_covered": 75.0, "percent_branches_covered_display": "75"}, "missing_lines": [263], "excluded_lines": [], "start_line": 258, "executed_branches": [[260, 261], [260, 262], [262, 264]], "missing_branches": [[262, 263]]}, "_relative": {"executed_lines": [268, 269, 270, 271], "summary": {"covered_lines": 4, "num_statements": 4, "percent_covered": 100.0, "percent_covered_display": "100", "missing_lines": 0, "excluded_lines": 0, "percent_statements_covered": 100.0, "percent_statements_covered_display": "100", "num_branches": 2, "num_partial_branches": 0, "covered_branches": 2, "missing_branches": 0, "percent_branches_covered": 100.0, "percent_branches_covered_display": "100"}, "missing_lines": [], "excluded_lines": [], "start_line": 267, "executed_branches": [[269, 270], [269, 271]], "missing_branches": []}, "_digest": {"executed_lines": [275, 276], "summary": {"covered_lines": 2, "num_statements": 2, "percent_covered": 100.0, "percent_covered_display": "100", "missing_lines": 0, "excluded_lines": 0, "percent_statements_covered": 100.0, "percent_statements_covered_display": "100", "num_branches": 0, "num_partial_branches": 0, "covered_branches": 0, "missing_branches": 0, "percent_branches_covered": 100.0, "percent_branches_covered_display": "100"}, "missing_lines": [], "excluded_lines": [], "start_line": 274, "executed_branches": [], "missing_branches": []}, "_asset": {"executed_lines": [280], "summary": {"covered_lines": 1, "num_statements": 1, "percent_covered": 100.0, "percent_covered_display": "100", "missing_lines": 0, "excluded_lines": 0, "percent_statements_covered": 100.0, "percent_statements_covered_display": "100", "num_branches": 0, "num_partial_branches": 0, "covered_branches": 0, "missing_branches": 0, "percent_branches_covered": 100.0, "percent_branches_covered_display": "100"}, "missing_lines": [], "excluded_lines": [], "start_line": 279, "executed_branches": [], "missing_branches": []}, "_preflight": {"executed_lines": [284, 285, 286, 287, 288, 289, 290, 291, 292, 294, 295, 299, 300, 301, 302, 304, 305, 306, 307, 308, 309, 310], "summary": {"covered_lines": 22, "num_statements": 23, "percent_covered": 94.87179487179488, "percent_covered_display": "95", "missing_lines": 1, "excluded_lines": 0, "percent_statements_covered": 95.65217391304348, "percent_statements_covered_display": "96", "num_branches": 16, "num_partial_branches": 1, "covered_branches": 15, "missing_branches": 1, "percent_branches_covered": 93.75, "percent_branches_covered_display": "94"}, "missing_lines": [293], "excluded_lines": [], "start_line": 283, "executed_branches": [[285, 286], [285, 287], [287, 288], [287, 290], [288, 287], [288, 289], [292, 294], [300, 301], [300, 304], [304, 305], [304, 306], [306, 307], [306, 310], [308, 306], [308, 309]], "missing_branches": [[292, 293]]}, "_run_verifier": {"executed_lines": [314, 319, 320], "summary": {"covered_lines": 3, "num_statements": 3, "percent_covered": 100.0, "percent_covered_display": "100", "missing_lines": 0, "excluded_lines": 0, "percent_statements_covered": 100.0, "percent_statements_covered_display": "100", "num_branches": 2, "num_partial_branches": 0, "covered_branches": 2, "missing_branches": 0, "percent_branches_covered": 100.0, "percent_branches_covered_display": "100"}, "missing_lines": [], "excluded_lines": [], "start_line": 313, "executed_branches": [[319, -313], [319, 320]], "missing_branches": []}, "_normalized": {"executed_lines": [324], "summary": {"covered_lines": 1, "num_statements": 1, "percent_covered": 100.0, "percent_covered_display": "100", "missing_lines": 0, "excluded_lines": 0, "percent_statements_covered": 100.0, "percent_statements_covered_display": "100", "num_branches": 0, "num_partial_branches": 0, "covered_branches": 0, "missing_branches": 0, "percent_branches_covered": 100.0, "percent_branches_covered_display": "100"}, "missing_lines": [], "excluded_lines": [], "start_line": 323, "executed_branches": [], "missing_branches": []}, "_matches": {"executed_lines": [328, 329, 330, 331], "summary": {"covered_lines": 4, "num_statements": 4, "percent_covered": 100.0, "percent_covered_display": "100", "missing_lines": 0, "excluded_lines": 0, "percent_statements_covered": 100.0, "percent_statements_covered_display": "100", "num_branches": 0, "num_partial_branches": 0, "covered_branches": 0, "missing_branches": 0, "percent_branches_covered": 100.0, "percent_branches_covered_display": "100"}, "missing_lines": [], "excluded_lines": [], "start_line": 327, "executed_branches": [], "missing_branches": []}, "lookup": {"executed_lines": [339, 340, 341, 342, 343, 344, 345, 346, 347, 348, 349, 350, 351, 352, 353, 354, 355, 356, 358, 363, 368, 369, 370, 371, 372, 373, 376, 377, 378, 384, 386, 389, 390, 405, 408], "summary": {"covered_lines": 35, "num_statements": 35, "percent_covered": 100.0, "percent_covered_display": "100", "missing_lines": 0, "excluded_lines": 0, "percent_statements_covered": 100.0, "percent_statements_covered_display": "100", "num_branches": 14, "num_partial_branches": 0, "covered_branches": 14, "missing_branches": 0, "percent_branches_covered": 100.0, "percent_branches_covered_display": "100"}, "missing_lines": [], "excluded_lines": [], "start_line": 334, "executed_branches": [[339, 340], [339, 341], [341, 342], [341, 343], [343, 344], [343, 345], [345, 346], [345, 347], [369, 370], [369, 384], [370, 371], [370, 372], [377, 369], [377, 378]], "missing_branches": []}, "lookup.block": {"executed_lines": [360, 361], "summary": {"covered_lines": 2, "num_statements": 2, "percent_covered": 100.0, "percent_covered_display": "100", "missing_lines": 0, "excluded_lines": 0, "percent_statements_covered": 100.0, "percent_statements_covered_display": "100", "num_branches": 0, "num_partial_branches": 0, "covered_branches": 0, "missing_branches": 0, "percent_branches_covered": 100.0, "percent_branches_covered_display": "100"}, "missing_lines": [], "excluded_lines": [], "start_line": 358, "executed_branches": [], "missing_branches": []}, "_escape": {"executed_lines": [413, 414], "summary": {"covered_lines": 2, "num_statements": 2, "percent_covered": 100.0, "percent_covered_display": "100", "missing_lines": 0, "excluded_lines": 0, "percent_statements_covered": 100.0, "percent_statements_covered_display": "100", "num_branches": 0, "num_partial_branches": 0, "covered_branches": 0, "missing_branches": 0, "percent_branches_covered": 100.0, "percent_branches_covered_display": "100"}, "missing_lines": [], "excluded_lines": [], "start_line": 412, "executed_branches": [], "missing_branches": []}, "_link": {"executed_lines": [418], "summary": {"covered_lines": 1, "num_statements": 1, "percent_covered": 100.0, "percent_covered_display": "100", "missing_lines": 0, "excluded_lines": 0, "percent_statements_covered": 100.0, "percent_statements_covered_display": "100", "num_branches": 0, "num_partial_branches": 0, "covered_branches": 0, "missing_branches": 0, "percent_branches_covered": 100.0, "percent_branches_covered_display": "100"}, "missing_lines": [], "excluded_lines": [], "start_line": 417, "executed_branches": [], "missing_branches": []}, "_render_block": {"executed_lines": [422, 423, 425, 426, 427, 428, 429, 430, 431], "summary": {"covered_lines": 9, "num_statements": 9, "percent_covered": 100.0, "percent_covered_display": "100", "missing_lines": 0, "excluded_lines": 0, "percent_statements_covered": 100.0, "percent_statements_covered_display": "100", "num_branches": 4, "num_partial_branches": 0, "covered_branches": 4, "missing_branches": 0, "percent_branches_covered": 100.0, "percent_branches_covered_display": "100"}, "missing_lines": [], "excluded_lines": [], "start_line": 421, "executed_branches": [[425, 426], [425, 431], [427, 428], [427, 429]], "missing_branches": []}, "render_markdown": {"executed_lines": [436, 437, 438, 439, 452, 453, 455, 456, 457, 459, 460, 461, 462, 463, 464, 465, 466], "summary": {"covered_lines": 17, "num_statements": 17, "percent_covered": 100.0, "percent_covered_display": "100", "missing_lines": 0, "excluded_lines": 0, "percent_statements_covered": 100.0, "percent_statements_covered_display": "100", "num_branches": 10, "num_partial_branches": 0, "covered_branches": 10, "missing_branches": 0, "percent_branches_covered": 100.0, "percent_branches_covered_display": "100"}, "missing_lines": [], "excluded_lines": [], "start_line": 434, "executed_branches": [[436, 437], [436, 438], [453, 455], [453, 456], [456, 457], [456, 462], [459, 460], [459, 461], [462, 463], [462, 464]], "missing_branches": []}, "main": {"executed_lines": [471, 472, 473, 474, 475, 476, 477, 478, 479, 480, 481, 484, 485, 486, 487, 489, 490], "summary": {"covered_lines": 17, "num_statements": 17, "percent_covered": 100.0, "percent_covered_display": "100", "missing_lines": 0, "excluded_lines": 0, "percent_statements_covered": 100.0, "percent_statements_covered_display": "100", "num_branches": 0, "num_partial_branches": 0, "covered_branches": 0, "missing_branches": 0, "percent_branches_covered": 100.0, "percent_branches_covered_display": "100"}, "missing_lines": [], "excluded_lines": [], "start_line": 469, "executed_branches": [], "missing_branches": []}, "": {"executed_lines": [3, 5, 6, 7, 8, 9, 10, 11, 12, 13, 14, 15, 16, 18, 20, 21, 22, 23, 24, 34, 39, 44, 50, 53, 56, 59, 60, 61, 64, 67, 68, 69, 72, 75, 76, 77, 78, 79, 80, 81, 82, 83, 85, 86, 100, 103, 104, 105, 107, 108, 109, 110, 113, 116, 117, 118, 119, 120, 125, 128, 129, 130, 131, 133, 134, 148, 151, 152, 153, 154, 155, 157, 158, 180, 183, 184, 185, 186, 187, 188, 189, 190, 191, 192, 193, 194, 195, 196, 197, 198, 199, 200, 201, 202, 203, 204, 205, 207, 208, 220, 223, 224, 225, 226, 227, 228, 229, 230, 231, 232, 234, 235, 249, 252, 253, 254, 255, 258, 267, 274, 279, 283, 313, 323, 327, 334, 412, 417, 421, 434, 469, 493], "summary": {"covered_lines": 132, "num_statements": 133, "percent_covered": 98.51851851851852, "percent_covered_display": "99", "missing_lines": 1, "excluded_lines": 0, "percent_statements_covered": 99.24812030075188, "percent_statements_covered_display": "99", "num_branches": 2, "num_partial_branches": 1, "covered_branches": 1, "missing_branches": 1, "percent_branches_covered": 50.0, "percent_branches_covered_display": "50"}, "missing_lines": [494], "excluded_lines": [], "start_line": 1, "executed_branches": [[493, -1]], "missing_branches": [[493, 494]]}}, "classes": {"StrictModel": {"executed_lines": [], "summary": {"covered_lines": 0, "num_statements": 0, "percent_covered": 100.0, "percent_covered_display": "100", "missing_lines": 0, "excluded_lines": 0, "percent_statements_covered": 100.0, "percent_statements_covered_display": "100", "num_branches": 0, "num_partial_branches": 0, "covered_branches": 0, "missing_branches": 0, "percent_branches_covered": 100.0, "percent_branches_covered_display": "100"}, "missing_lines": [], "excluded_lines": [], "start_line": 50, "executed_branches": [], "missing_branches": []}, "Asset": {"executed_lines": [], "summary": {"covered_lines": 0, "num_statements": 0, "percent_covered": 100.0, "percent_covered_display": "100", "missing_lines": 0, "excluded_lines": 0, "percent_statements_covered": 100.0, "percent_statements_covered_display": "100", "num_branches": 0, "num_partial_branches": 0, "covered_branches": 0, "missing_branches": 0, "percent_branches_covered": 100.0, "percent_branches_covered_display": "100"}, "missing_lines": [], "excluded_lines": [], "start_line": 56, "executed_branches": [], "missing_branches": []}, "Inventory": {"executed_lines": [], "summary": {"covered_lines": 0, "num_statements": 0, "percent_covered": 100.0, "percent_covered_display": "100", "missing_lines": 0, "excluded_lines": 0, "percent_statements_covered": 100.0, "percent_statements_covered_display": "100", "num_branches": 0, "num_partial_branches": 0, "covered_branches": 0, "missing_branches": 0, "percent_branches_covered": 100.0, "percent_branches_covered_display": "100"}, "missing_lines": [], "excluded_lines": [], "start_line": 64, "executed_branches": [], "missing_branches": []}, "Cell": {"executed_lines": [88, 89, 90, 91, 92, 93, 94, 95, 96, 97], "summary": {"covered_lines": 10, "num_statements": 10, "percent_covered": 100.0, "percent_covered_display": "100", "missing_lines": 0, "excluded_lines": 0, "percent_statements_covered": 100.0, "percent_statements_covered_display": "100", "num_branches": 8, "num_partial_branches": 0, "covered_branches": 8, "missing_branches": 0, "percent_branches_covered": 100.0, "percent_branches_covered_display": "100"}, "missing_lines": [], "excluded_lines": [], "start_line": 72, "executed_branches": [[89, 90], [89, 91], [91, 92], [91, 93], [93, 94], [93, 95], [95, 96], [95, 97]], "missing_branches": []}, "Row": {"executed_lines": [], "summary": {"covered_lines": 0, "num_statements": 0, "percent_covered": 100.0, "percent_covered_display": "100", "missing_lines": 0, "excluded_lines": 0, "percent_statements_covered": 100.0, "percent_statements_covered_display": "100", "num_branches": 0, "num_partial_branches": 0, "covered_branches": 0, "missing_branches": 0, "percent_branches_covered": 100.0, "percent_branches_covered_display": "100"}, "missing_lines": [], "excluded_lines": [], "start_line": 100, "executed_branches": [], "missing_branches": []}, "EvidenceBlock": {"executed_lines": [], "summary": {"covered_lines": 0, "num_statements": 0, "percent_covered": 100.0, "percent_covered_display": "100", "missing_lines": 0, "excluded_lines": 0, "percent_statements_covered": 100.0, "percent_statements_covered_display": "100", "num_branches": 0, "num_partial_branches": 0, "covered_branches": 0, "missing_branches": 0, "percent_branches_covered": 100.0, "percent_branches_covered_display": "100"}, "missing_lines": [], "excluded_lines": [], "start_line": 113, "executed_branches": [], "missing_branches": []}, "RequiredContext": {"executed_lines": [136, 137, 138, 139, 140, 141, 142, 143, 144, 145], "summary": {"covered_lines": 10, "num_statements": 10, "percent_covered": 100.0, "percent_covered_display": "100", "missing_lines": 0, "excluded_lines": 0, "percent_statements_covered": 100.0, "percent_statements_covered_display": "100", "num_branches": 8, "num_partial_branches": 0, "covered_branches": 8, "missing_branches": 0, "percent_branches_covered": 100.0, "percent_branches_covered_display": "100"}, "missing_lines": [], "excluded_lines": [], "start_line": 125, "executed_branches": [[136, 137], [136, 138], [139, 140], [139, 141], [141, 142], [141, 143], [143, 144], [143, 145]], "missing_branches": []}, "FeeMatch": {"executed_lines": [160, 161, 164, 165, 166, 167, 168, 169, 170, 171, 172, 173, 174, 175, 176, 177], "summary": {"covered_lines": 16, "num_statements": 16, "percent_covered": 100.0, "percent_covered_display": "100", "missing_lines": 0, "excluded_lines": 0, "percent_statements_covered": 100.0, "percent_statements_covered_display": "100", "num_branches": 12, "num_partial_branches": 0, "covered_branches": 12, "missing_branches": 0, "percent_branches_covered": 100.0, "percent_branches_covered_display": "100"}, "missing_lines": [], "excluded_lines": [], "start_line": 148, "executed_branches": [[161, 164], [161, 165], [165, 166], [165, 167], [167, 168], [167, 169], [170, 171], [170, 172], [172, 173], [172, 174], [175, 176], [175, 177]], "missing_branches": []}, "SourceBinding": {"executed_lines": [210, 213, 214, 215, 216, 217], "summary": {"covered_lines": 6, "num_statements": 6, "percent_covered": 100.0, "percent_covered_display": "100", "missing_lines": 0, "excluded_lines": 0, "percent_statements_covered": 100.0, "percent_statements_covered_display": "100", "num_branches": 4, "num_partial_branches": 0, "covered_branches": 4, "missing_branches": 0, "percent_branches_covered": 100.0, "percent_branches_covered_display": "100"}, "missing_lines": [], "excluded_lines": [], "start_line": 180, "executed_branches": [[213, 214], [213, 215], [215, 216], [215, 217]], "missing_branches": []}, "LookupResult": {"executed_lines": [237, 238, 239, 240, 241, 242, 243, 244, 245, 246], "summary": {"covered_lines": 10, "num_statements": 10, "percent_covered": 100.0, "percent_covered_display": "100", "missing_lines": 0, "excluded_lines": 0, "percent_statements_covered": 100.0, "percent_statements_covered_display": "100", "num_branches": 8, "num_partial_branches": 0, "covered_branches": 8, "missing_branches": 0, "percent_branches_covered": 100.0, "percent_branches_covered_display": "100"}, "missing_lines": [], "excluded_lines": [], "start_line": 220, "executed_branches": [[238, 239], [238, 240], [240, 241], [240, 242], [242, 243], [242, 244], [244, 245], [244, 246]], "missing_branches": []}, "Refusal": {"executed_lines": [], "summary": {"covered_lines": 0, "num_statements": 0, "percent_covered": 100.0, "percent_covered_display": "100", "missing_lines": 0, "excluded_lines": 0, "percent_statements_covered": 100.0, "percent_statements_covered_display": "100", "num_branches": 0, "num_partial_branches": 0, "covered_branches": 0, "missing_branches": 0, "percent_branches_covered": 100.0, "percent_branches_covered_display": "100"}, "missing_lines": [], "excluded_lines": [], "start_line": 249, "executed_branches": [], "missing_branches": []}, "": {"executed_lines": [3, 5, 6, 7, 8, 9, 10, 11, 12, 13, 14, 15, 16, 18, 20, 21, 22, 23, 24, 34, 39, 44, 50, 53, 56, 59, 60, 61, 64, 67, 68, 69, 72, 75, 76, 77, 78, 79, 80, 81, 82, 83, 85, 86, 100, 103, 104, 105, 107, 108, 109, 110, 113, 116, 117, 118, 119, 120, 125, 128, 129, 130, 131, 133, 134, 148, 151, 152, 153, 154, 155, 157, 158, 180, 183, 184, 185, 186, 187, 188, 189, 190, 191, 192, 193, 194, 195, 196, 197, 198, 199, 200, 201, 202, 203, 204, 205, 207, 208, 220, 223, 224, 225, 226, 227, 228, 229, 230, 231, 232, 234, 235, 249, 252, 253, 254, 255, 258, 259, 260, 261, 262, 264, 267, 268, 269, 270, 271, 274, 275, 276, 279, 280, 283, 284, 285, 286, 287, 288, 289, 290, 291, 292, 294, 295, 299, 300, 301, 302, 304, 305, 306, 307, 308, 309, 310, 313, 314, 319, 320, 323, 324, 327, 328, 329, 330, 331, 334, 339, 340, 341, 342, 343, 344, 345, 346, 347, 348, 349, 350, 351, 352, 353, 354, 355, 356, 358, 360, 361, 363, 368, 369, 370, 371, 372, 373, 376, 377, 378, 384, 386, 389, 390, 405, 408, 412, 413, 414, 417, 418, 421, 422, 423, 425, 426, 427, 428, 429, 430, 431, 434, 436, 437, 438, 439, 452, 453, 455, 456, 457, 459, 460, 461, 462, 463, 464, 465, 466, 469, 471, 472, 473, 474, 475, 476, 477, 478, 479, 480, 481, 484, 485, 486, 487, 489, 490, 493], "summary": {"covered_lines": 257, "num_statements": 260, "percent_covered": 98.08917197452229, "percent_covered_display": "98", "missing_lines": 3, "excluded_lines": 0, "percent_statements_covered": 98.84615384615384, "percent_statements_covered_display": "99", "num_branches": 54, "num_partial_branches": 3, "covered_branches": 51, "missing_branches": 3, "percent_branches_covered": 94.44444444444444, "percent_branches_covered_display": "94"}, "missing_lines": [263, 293, 494], "excluded_lines": [], "start_line": 1, "executed_branches": [[260, 261], [260, 262], [262, 264], [269, 270], [269, 271], [285, 286], [285, 287], [287, 288], [287, 290], [288, 287], [288, 289], [292, 294], [300, 301], [300, 304], [304, 305], [304, 306], [306, 307], [306, 310], [308, 306], [308, 309], [319, -313], [319, 320], [339, 340], [339, 341], [341, 342], [341, 343], [343, 344], [343, 345], [345, 346], [345, 347], [369, 370], [369, 384], [370, 371], [370, 372], [377, 369], [377, 378], [425, 426], [425, 431], [427, 428], [427, 429], [436, 437], [436, 438], [453, 455], [453, 456], [456, 457], [456, 462], [459, 460], [459, 461], [462, 463], [462, 464], [493, -1]], "missing_branches": [[262, 263], [292, 293], [493, 494]]}}}}, "totals": {"covered_lines": 309, "num_statements": 312, "percent_covered": 98.52216748768473, "percent_covered_display": "99", "missing_lines": 3, "excluded_lines": 0, "percent_statements_covered": 99.03846153846153, "percent_statements_covered_display": "99", "num_branches": 94, "num_partial_branches": 3, "covered_branches": 91, "missing_branches": 3, "percent_branches_covered": 96.80851063829788, "percent_branches_covered_display": "97"}}