{"meta": {"format": 3, "version": "7.16.0", "timestamp": "2026-09-12T19:28:54.777819", "branch_coverage": true, "show_contexts": false}, "files": {"transaction.py": {"executed_lines": [2, 4, 5, 6, 7, 8, 9, 10, 11, 12, 13, 14, 15, 16, 18, 20, 21, 26, 27, 28, 29, 30, 31, 32, 33, 34, 79, 93, 95, 96, 97, 99, 100, 101, 102, 104, 105, 106, 117, 120, 123, 126, 127, 128, 131, 134, 135, 136, 137, 138, 139, 140, 143, 146, 147, 148, 149, 152, 155, 156, 157, 158, 159, 160, 161, 162, 163, 164, 165, 168, 171, 172, 173, 174, 175, 176, 177, 178, 179, 180, 181, 182, 183, 184, 185, 186, 187, 190, 191, 194, 195, 196, 197, 198, 199, 200, 203, 205, 208, 210, 211, 214, 216, 219, 221, 222, 223, 224, 225, 226, 227, 228, 229, 232, 234, 235, 236, 237, 238, 239, 240, 243, 245, 246, 247, 248, 249, 250, 251, 254, 262, 263, 264, 268, 269, 271, 272, 273, 274, 275, 276, 280, 281, 282, 283, 284, 286, 287, 288, 290, 291, 292, 293, 294, 296, 297, 298, 299, 300, 301, 303, 304, 306, 307, 318, 320, 321, 324, 325, 326, 328, 329, 330, 331, 339, 340, 344, 347, 348, 353, 354, 355, 358, 359, 360, 361, 362, 363, 364, 365, 366, 367, 372, 390, 391, 392, 393, 394, 395, 396, 397, 398, 399, 400, 401, 402, 403, 404, 405, 406, 412, 414, 417, 422, 425, 426, 427, 428, 429, 430, 431, 432, 433, 434, 435, 436, 437, 438, 439, 440, 441, 442, 446, 447, 448, 449, 450, 451, 452, 453, 454, 456, 457, 459, 460, 461, 462, 463, 464, 465, 466, 467, 468, 469, 470, 471, 472, 473, 474, 475, 476, 477, 478, 479, 480, 481, 484, 485, 486, 489, 490, 491, 493, 494, 495, 497, 498, 502, 503, 504, 505, 508, 510, 511, 512, 513, 514, 515, 516, 517, 518, 519, 520, 521, 522, 524, 525, 526, 527, 529, 532, 533, 534, 535, 536, 537, 539, 540, 541, 542, 543, 544, 545, 547, 549, 552, 554, 555, 556, 557, 559, 560, 561, 562, 563, 564, 565, 566, 567, 568, 569, 571, 572, 575, 578, 583, 584, 585, 586, 587, 588, 589, 593, 594, 595, 596, 597, 601, 602, 603, 604, 605, 606, 609, 610, 611, 613, 614, 616, 618, 619, 620, 621, 622, 623, 624, 625, 627, 628, 633, 634, 635, 636, 637, 639, 640, 641, 642, 643, 644, 645, 646, 647, 648, 649, 650, 652, 653, 661, 662, 663, 664, 665, 666, 667, 669, 670, 671, 684, 685, 688, 690, 691, 692, 693, 694, 695, 696, 697, 698, 699, 700, 701, 703, 706], "summary": {"covered_lines": 415, "num_statements": 434, "percent_covered": 93.42948717948718, "percent_covered_display": "93", "missing_lines": 19, "excluded_lines": 0, "percent_statements_covered": 95.6221198156682, "percent_statements_covered_display": "96", "num_branches": 190, "num_partial_branches": 22, "covered_branches": 168, "missing_branches": 22, "percent_branches_covered": 88.42105263157895, "percent_branches_covered_display": "88"}, "missing_lines": [98, 270, 285, 289, 295, 302, 327, 487, 492, 496, 501, 538, 546, 558, 608, 612, 615, 668, 707], "excluded_lines": [], "executed_branches": [[95, -93], [95, 96], [97, 99], [101, 95], [101, 102], [221, 222], [221, 223], [224, 225], [224, 226], [227, 228], [227, 229], [235, 236], [235, 237], [237, 238], [237, 240], [238, 237], [238, 239], [246, 247], [246, 248], [249, 250], [249, 251], [264, 268], [264, 275], [269, 271], [272, 273], [272, 274], [281, 282], [281, 288], [284, 286], [286, 281], [286, 287], [288, 290], [290, 291], [290, 296], [292, 293], [292, 294], [294, 290], [298, 299], [298, 307], [301, 303], [303, 304], [303, 306], [326, 328], [328, 329], [328, 355], [331, 339], [331, 340], [348, 353], [348, 354], [363, 364], [363, 390], [390, 391], [390, 393], [395, 396], [395, 397], [397, 398], [397, 399], [403, 404], [403, 405], [429, 430], [429, 431], [432, 433], [432, 434], [435, 436], [435, 446], [437, 438], [437, 439], [439, 440], [439, 441], [441, 442], [441, 447], [448, 449], [448, 457], [451, 452], [451, 453], [453, 454], [453, 456], [457, 459], [457, 460], [463, 464], [463, 485], [464, 465], [464, 470], [466, 467], [466, 468], [468, 464], [468, 469], [470, 463], [470, 471], [473, 474], [473, 476], [476, 477], [476, 479], [477, 478], [479, 470], [479, 480], [481, 470], [481, 484], [485, 486], [485, 489], [486, 485], [490, 491], [490, 493], [491, 502], [493, 494], [495, 497], [498, 502], [502, -425], [502, 503], [504, 502], [504, 505], [511, 512], [511, 515], [512, 513], [512, 514], [526, 527], [535, 536], [535, 537], [537, 539], [545, 547], [555, 556], [555, 557], [557, 559], [559, 560], [559, 572], [562, 563], [562, 569], [563, 564], [563, 565], [565, 559], [565, 566], [566, 567], [566, 568], [569, 559], [569, 571], [572, -552], [572, 575], [588, 589], [588, 593], [593, 594], [593, 618], [594, 595], [594, 596], [597, 601], [597, 602], [602, 603], [602, 604], [604, 605], [604, 606], [606, 609], [610, 611], [610, 613], [611, 610], [614, 616], [634, 635], [634, 639], [643, 644], [643, 645], [646, 647], [646, 652], [652, 653], [652, 661], [667, 669], [670, 671], [670, 685], [698, 699], [698, 700], [706, -1]], "missing_branches": [[97, 98], [269, 270], [284, 285], [288, 289], [294, 295], [301, 302], [326, 327], [477, 470], [486, 487], [491, 492], [493, 502], [495, 496], [498, 501], [526, 529], [537, 538], [545, 546], [557, 558], [606, 608], [611, 612], [614, 615], [667, 668], [706, 707]], "functions": {"validate_runtime_code": {"executed_lines": [95, 96, 97, 99, 100, 101, 102], "summary": {"covered_lines": 7, "num_statements": 8, "percent_covered": 85.71428571428571, "percent_covered_display": "86", "missing_lines": 1, "excluded_lines": 0, "percent_statements_covered": 87.5, "percent_statements_covered_display": "88", "num_branches": 6, "num_partial_branches": 1, "covered_branches": 5, "missing_branches": 1, "percent_branches_covered": 83.33333333333333, "percent_branches_covered_display": "83"}, "missing_lines": [98], "excluded_lines": [], "start_line": 93, "executed_branches": [[95, -93], [95, 96], [97, 99], [101, 95], [101, 102]], "missing_branches": [[97, 98]]}, "digest": {"executed_lines": [205], "summary": {"covered_lines": 1, "num_statements": 1, "percent_covered": 100.0, "percent_covered_display": "100", "missing_lines": 0, "excluded_lines": 0, "percent_statements_covered": 100.0, "percent_statements_covered_display": "100", "num_branches": 0, "num_partial_branches": 0, "covered_branches": 0, "missing_branches": 0, "percent_branches_covered": 100.0, "percent_branches_covered_display": "100"}, "missing_lines": [], "excluded_lines": [], "start_line": 203, "executed_branches": [], "missing_branches": []}, "encoded": {"executed_lines": [210, 211], "summary": {"covered_lines": 2, "num_statements": 2, "percent_covered": 100.0, "percent_covered_display": "100", "missing_lines": 0, "excluded_lines": 0, "percent_statements_covered": 100.0, "percent_statements_covered_display": "100", "num_branches": 0, "num_partial_branches": 0, "covered_branches": 0, "missing_branches": 0, "percent_branches_covered": 100.0, "percent_branches_covered_display": "100"}, "missing_lines": [], "excluded_lines": [], "start_line": 208, "executed_branches": [], "missing_branches": []}, "ref": {"executed_lines": [216], "summary": {"covered_lines": 1, "num_statements": 1, "percent_covered": 100.0, "percent_covered_display": "100", "missing_lines": 0, "excluded_lines": 0, "percent_statements_covered": 100.0, "percent_statements_covered_display": "100", "num_branches": 0, "num_partial_branches": 0, "covered_branches": 0, "missing_branches": 0, "percent_branches_covered": 100.0, "percent_branches_covered_display": "100"}, "missing_lines": [], "excluded_lines": [], "start_line": 214, "executed_branches": [], "missing_branches": []}, "safe": {"executed_lines": [221, 222, 223, 224, 225, 226, 227, 228, 229], "summary": {"covered_lines": 9, "num_statements": 9, "percent_covered": 100.0, "percent_covered_display": "100", "missing_lines": 0, "excluded_lines": 0, "percent_statements_covered": 100.0, "percent_statements_covered_display": "100", "num_branches": 6, "num_partial_branches": 0, "covered_branches": 6, "missing_branches": 0, "percent_branches_covered": 100.0, "percent_branches_covered_display": "100"}, "missing_lines": [], "excluded_lines": [], "start_line": 219, "executed_branches": [[221, 222], [221, 223], [224, 225], [224, 226], [227, 228], [227, 229]], "missing_branches": []}, "destination": {"executed_lines": [234, 235, 236, 237, 238, 239, 240], "summary": {"covered_lines": 7, "num_statements": 7, "percent_covered": 100.0, "percent_covered_display": "100", "missing_lines": 0, "excluded_lines": 0, "percent_statements_covered": 100.0, "percent_statements_covered_display": "100", "num_branches": 6, "num_partial_branches": 0, "covered_branches": 6, "missing_branches": 0, "percent_branches_covered": 100.0, "percent_branches_covered_display": "100"}, "missing_lines": [], "excluded_lines": [], "start_line": 232, "executed_branches": [[235, 236], [235, 237], [237, 238], [237, 240], [238, 237], [238, 239]], "missing_branches": []}, "checked": {"executed_lines": [245, 246, 247, 248, 249, 250, 251], "summary": {"covered_lines": 7, "num_statements": 7, "percent_covered": 100.0, "percent_covered_display": "100", "missing_lines": 0, "excluded_lines": 0, "percent_statements_covered": 100.0, "percent_statements_covered_display": "100", "num_branches": 4, "num_partial_branches": 0, "covered_branches": 4, "missing_branches": 0, "percent_branches_covered": 100.0, "percent_branches_covered_display": "100"}, "missing_lines": [], "excluded_lines": [], "start_line": 243, "executed_branches": [[246, 247], [246, 248], [249, 250], [249, 251]], "missing_branches": []}, "load_plan": {"executed_lines": [262, 263, 264, 268, 269, 271, 272, 273, 274, 275, 276, 280, 281, 282, 283, 284, 286, 287, 288, 290, 291, 292, 293, 294, 296, 297, 298, 299, 300, 301, 303, 304, 306, 307], "summary": {"covered_lines": 34, "num_statements": 39, "percent_covered": 84.61538461538461, "percent_covered_display": "85", "missing_lines": 5, "excluded_lines": 0, "percent_statements_covered": 87.17948717948718, "percent_statements_covered_display": "87", "num_branches": 26, "num_partial_branches": 5, "covered_branches": 21, "missing_branches": 5, "percent_branches_covered": 80.76923076923077, "percent_branches_covered_display": "81"}, "missing_lines": [270, 285, 289, 295, 302], "excluded_lines": [], "start_line": 254, "executed_branches": [[264, 268], [264, 275], [269, 271], [272, 273], [272, 274], [281, 282], [281, 288], [284, 286], [286, 281], [286, 287], [288, 290], [290, 291], [290, 296], [292, 293], [292, 294], [294, 290], [298, 299], [298, 307], [301, 303], [303, 304], [303, 306]], "missing_branches": [[269, 270], [284, 285], [288, 289], [294, 295], [301, 302]]}, "rows": {"executed_lines": [320, 321], "summary": {"covered_lines": 2, "num_statements": 2, "percent_covered": 100.0, "percent_covered_display": "100", "missing_lines": 0, "excluded_lines": 0, "percent_statements_covered": 100.0, "percent_statements_covered_display": "100", "num_branches": 0, "num_partial_branches": 0, "covered_branches": 0, "missing_branches": 0, "percent_branches_covered": 100.0, "percent_branches_covered_display": "100"}, "missing_lines": [], "excluded_lines": [], "start_line": 318, "executed_branches": [], "missing_branches": []}, "_source_bytes": {"executed_lines": [325, 326, 328, 329, 330, 331, 339, 340, 344, 347, 348, 353, 354, 355], "summary": {"covered_lines": 14, "num_statements": 15, "percent_covered": 91.30434782608695, "percent_covered_display": "91", "missing_lines": 1, "excluded_lines": 0, "percent_statements_covered": 93.33333333333333, "percent_statements_covered_display": "93", "num_branches": 8, "num_partial_branches": 1, "covered_branches": 7, "missing_branches": 1, "percent_branches_covered": 87.5, "percent_branches_covered_display": "88"}, "missing_lines": [327], "excluded_lines": [], "start_line": 324, "executed_branches": [[326, 328], [328, 329], [328, 355], [331, 339], [331, 340], [348, 353], [348, 354]], "missing_branches": [[326, 327]]}, "_derive": {"executed_lines": [359, 360, 361, 362, 363, 364, 365, 366, 367, 372, 390, 391, 392, 393, 394, 395, 396, 397, 398, 399, 400, 401, 402, 403, 404, 405, 406, 412, 414, 417, 422], "summary": {"covered_lines": 31, "num_statements": 31, "percent_covered": 100.0, "percent_covered_display": "100", "missing_lines": 0, "excluded_lines": 0, "percent_statements_covered": 100.0, "percent_statements_covered_display": "100", "num_branches": 10, "num_partial_branches": 0, "covered_branches": 10, "missing_branches": 0, "percent_branches_covered": 100.0, "percent_branches_covered_display": "100"}, "missing_lines": [], "excluded_lines": [], "start_line": 358, "executed_branches": [[363, 364], [363, 390], [390, 391], [390, 393], [395, 396], [395, 397], [397, 398], [397, 399], [403, 404], [403, 405]], "missing_branches": []}, "_preflight": {"executed_lines": [426, 427, 428, 429, 430, 431, 432, 433, 434, 435, 436, 437, 438, 439, 440, 441, 442, 446, 447, 448, 449, 450, 451, 452, 453, 454, 456, 457, 459, 460, 461, 462, 463, 464, 465, 466, 467, 468, 469, 470, 471, 472, 473, 474, 475, 476, 477, 478, 479, 480, 481, 484, 485, 486, 489, 490, 491, 493, 494, 495, 497, 498, 502, 503, 504, 505], "summary": {"covered_lines": 66, "num_statements": 70, "percent_covered": 92.1875, "percent_covered_display": "92", "missing_lines": 4, "excluded_lines": 0, "percent_statements_covered": 94.28571428571429, "percent_statements_covered_display": "94", "num_branches": 58, "num_partial_branches": 6, "covered_branches": 52, "missing_branches": 6, "percent_branches_covered": 89.65517241379311, "percent_branches_covered_display": "90"}, "missing_lines": [487, 492, 496, 501], "excluded_lines": [], "start_line": 425, "executed_branches": [[429, 430], [429, 431], [432, 433], [432, 434], [435, 436], [435, 446], [437, 438], [437, 439], [439, 440], [439, 441], [441, 442], [441, 447], [448, 449], [448, 457], [451, 452], [451, 453], [453, 454], [453, 456], [457, 459], [457, 460], [463, 464], [463, 485], [464, 465], [464, 470], [466, 467], [466, 468], [468, 464], [468, 469], [470, 463], [470, 471], [473, 474], [473, 476], [476, 477], [476, 479], [477, 478], [479, 470], [479, 480], [481, 470], [481, 484], [485, 486], [485, 489], [486, 485], [490, 491], [490, 493], [491, 502], [493, 494], [495, 497], [498, 502], [502, -425], [502, 503], [504, 502], [504, 505]], "missing_branches": [[477, 470], [486, 487], [491, 492], [493, 502], [495, 496], [498, 501]]}, "_write_once": {"executed_lines": [510, 511, 512, 513, 514, 515, 516, 517, 518, 519, 520, 521, 522, 524, 525, 526, 527, 529], "summary": {"covered_lines": 18, "num_statements": 18, "percent_covered": 95.83333333333333, "percent_covered_display": "96", "missing_lines": 0, "excluded_lines": 0, "percent_statements_covered": 100.0, "percent_statements_covered_display": "100", "num_branches": 6, "num_partial_branches": 1, "covered_branches": 5, "missing_branches": 1, "percent_branches_covered": 83.33333333333333, "percent_branches_covered_display": "83"}, "missing_lines": [], "excluded_lines": [], "start_line": 508, "executed_branches": [[511, 512], [511, 515], [512, 513], [512, 514], [526, 527]], "missing_branches": [[526, 529]]}, "_replace": {"executed_lines": [533, 534, 535, 536, 537, 539, 540, 541, 542, 543, 544, 545, 547, 549], "summary": {"covered_lines": 14, "num_statements": 16, "percent_covered": 81.81818181818181, "percent_covered_display": "82", "missing_lines": 2, "excluded_lines": 0, "percent_statements_covered": 87.5, "percent_statements_covered_display": "88", "num_branches": 6, "num_partial_branches": 2, "covered_branches": 4, "missing_branches": 2, "percent_branches_covered": 66.66666666666667, "percent_branches_covered_display": "67"}, "missing_lines": [538, 546], "excluded_lines": [], "start_line": 532, "executed_branches": [[535, 536], [535, 537], [537, 539], [545, 547]], "missing_branches": [[537, 538], [545, 546]]}, "validate_state": {"executed_lines": [554, 555, 556, 557, 559, 560, 561, 562, 563, 564, 565, 566, 567, 568, 569, 571, 572, 575], "summary": {"covered_lines": 18, "num_statements": 19, "percent_covered": 94.5945945945946, "percent_covered_display": "95", "missing_lines": 1, "excluded_lines": 0, "percent_statements_covered": 94.73684210526316, "percent_statements_covered_display": "95", "num_branches": 18, "num_partial_branches": 1, "covered_branches": 17, "missing_branches": 1, "percent_branches_covered": 94.44444444444444, "percent_branches_covered_display": "94"}, "missing_lines": [558], "excluded_lines": [], "start_line": 552, "executed_branches": [[555, 556], [555, 557], [557, 559], [559, 560], [559, 572], [562, 563], [562, 569], [563, 564], [563, 565], [565, 559], [565, 566], [566, 567], [566, 568], [569, 559], [569, 571], [572, -552], [572, 575]], "missing_branches": [[557, 558]]}, "execute": {"executed_lines": [583, 584, 585, 586, 587, 588, 589, 593, 594, 595, 596, 597, 601, 602, 603, 604, 605, 606, 609, 610, 611, 613, 614, 616, 618, 619, 620, 621, 622, 623, 624, 625, 627, 628, 633, 634, 635, 636, 637, 639, 640, 641, 642, 643, 644, 645, 646, 647, 648, 649, 650, 652, 653, 661, 662, 663, 664, 665, 666, 667, 669, 670, 671, 684, 685], "summary": {"covered_lines": 65, "num_statements": 69, "percent_covered": 92.07920792079207, "percent_covered_display": "92", "missing_lines": 4, "excluded_lines": 0, "percent_statements_covered": 94.20289855072464, "percent_statements_covered_display": "94", "num_branches": 32, "num_partial_branches": 4, "covered_branches": 28, "missing_branches": 4, "percent_branches_covered": 87.5, "percent_branches_covered_display": "88"}, "missing_lines": [608, 612, 615, 668], "excluded_lines": [], "start_line": 578, "executed_branches": [[588, 589], [588, 593], [593, 594], [593, 618], [594, 595], [594, 596], [597, 601], [597, 602], [602, 603], [602, 604], [604, 605], [604, 606], [606, 609], [610, 611], [610, 613], [611, 610], [614, 616], [634, 635], [634, 639], [643, 644], [643, 645], [646, 647], [646, 652], [652, 653], [652, 661], [667, 669], [670, 671], [670, 685]], "missing_branches": [[606, 608], [611, 612], [614, 615], [667, 668]]}, "main": {"executed_lines": [690, 691, 692, 693, 694, 695, 696, 697, 698, 699, 700, 701, 703], "summary": {"covered_lines": 13, "num_statements": 13, "percent_covered": 100.0, "percent_covered_display": "100", "missing_lines": 0, "excluded_lines": 0, "percent_statements_covered": 100.0, "percent_statements_covered_display": "100", "num_branches": 2, "num_partial_branches": 0, "covered_branches": 2, "missing_branches": 0, "percent_branches_covered": 100.0, "percent_branches_covered_display": "100"}, "missing_lines": [], "excluded_lines": [], "start_line": 688, "executed_branches": [[698, 699], [698, 700]], "missing_branches": []}, "": {"executed_lines": [2, 4, 5, 6, 7, 8, 9, 10, 11, 12, 13, 14, 15, 16, 18, 20, 21, 26, 27, 28, 29, 30, 31, 32, 33, 34, 79, 93, 104, 105, 106, 117, 120, 123, 126, 127, 128, 131, 134, 135, 136, 137, 138, 139, 140, 143, 146, 147, 148, 149, 152, 155, 156, 157, 158, 159, 160, 161, 162, 163, 164, 165, 168, 171, 172, 173, 174, 175, 176, 177, 178, 179, 180, 181, 182, 183, 184, 185, 186, 187, 190, 191, 194, 195, 196, 197, 198, 199, 200, 203, 208, 214, 219, 232, 243, 254, 318, 324, 358, 425, 508, 532, 552, 578, 688, 706], "summary": {"covered_lines": 106, "num_statements": 107, "percent_covered": 98.1651376146789, "percent_covered_display": "98", "missing_lines": 1, "excluded_lines": 0, "percent_statements_covered": 99.06542056074767, "percent_statements_covered_display": "99", "num_branches": 2, "num_partial_branches": 1, "covered_branches": 1, "missing_branches": 1, "percent_branches_covered": 50.0, "percent_branches_covered_display": "50"}, "missing_lines": [707], "excluded_lines": [], "start_line": 1, "executed_branches": [[706, -1]], "missing_branches": [[706, 707]]}}, "classes": {"Strict": {"executed_lines": [], "summary": {"covered_lines": 0, "num_statements": 0, "percent_covered": 100.0, "percent_covered_display": "100", "missing_lines": 0, "excluded_lines": 0, "percent_statements_covered": 100.0, "percent_statements_covered_display": "100", "num_branches": 0, "num_partial_branches": 0, "covered_branches": 0, "missing_branches": 0, "percent_branches_covered": 100.0, "percent_branches_covered_display": "100"}, "missing_lines": [], "excluded_lines": [], "start_line": 117, "executed_branches": [], "missing_branches": []}, "File": {"executed_lines": [], "summary": {"covered_lines": 0, "num_statements": 0, "percent_covered": 100.0, "percent_covered_display": "100", "missing_lines": 0, "excluded_lines": 0, "percent_statements_covered": 100.0, "percent_statements_covered_display": "100", "num_branches": 0, "num_partial_branches": 0, "covered_branches": 0, "missing_branches": 0, "percent_branches_covered": 100.0, "percent_branches_covered_display": "100"}, "missing_lines": [], "excluded_lines": [], "start_line": 123, "executed_branches": [], "missing_branches": []}, "NewRecord": {"executed_lines": [], "summary": {"covered_lines": 0, "num_statements": 0, "percent_covered": 100.0, "percent_covered_display": "100", "missing_lines": 0, "excluded_lines": 0, "percent_statements_covered": 100.0, "percent_statements_covered_display": "100", "num_branches": 0, "num_partial_branches": 0, "covered_branches": 0, "missing_branches": 0, "percent_branches_covered": 100.0, "percent_branches_covered_display": "100"}, "missing_lines": [], "excluded_lines": [], "start_line": 131, "executed_branches": [], "missing_branches": []}, "Change": {"executed_lines": [], "summary": {"covered_lines": 0, "num_statements": 0, "percent_covered": 100.0, "percent_covered_display": "100", "missing_lines": 0, "excluded_lines": 0, "percent_statements_covered": 100.0, "percent_statements_covered_display": "100", "num_branches": 0, "num_partial_branches": 0, "covered_branches": 0, "missing_branches": 0, "percent_branches_covered": 100.0, "percent_branches_covered_display": "100"}, "missing_lines": [], "excluded_lines": [], "start_line": 143, "executed_branches": [], "missing_branches": []}, "Intent": {"executed_lines": [], "summary": {"covered_lines": 0, "num_statements": 0, "percent_covered": 100.0, "percent_covered_display": "100", "missing_lines": 0, "excluded_lines": 0, "percent_statements_covered": 100.0, "percent_statements_covered_display": "100", "num_branches": 0, "num_partial_branches": 0, "covered_branches": 0, "missing_branches": 0, "percent_branches_covered": 100.0, "percent_branches_covered_display": "100"}, "missing_lines": [], "excluded_lines": [], "start_line": 152, "executed_branches": [], "missing_branches": []}, "Receipt": {"executed_lines": [], "summary": {"covered_lines": 0, "num_statements": 0, "percent_covered": 100.0, "percent_covered_display": "100", "missing_lines": 0, "excluded_lines": 0, "percent_statements_covered": 100.0, "percent_statements_covered_display": "100", "num_branches": 0, "num_partial_branches": 0, "covered_branches": 0, "missing_branches": 0, "percent_branches_covered": 100.0, "percent_branches_covered_display": "100"}, "missing_lines": [], "excluded_lines": [], "start_line": 168, "executed_branches": [], "missing_branches": []}, "Plan": {"executed_lines": [], "summary": {"covered_lines": 0, "num_statements": 0, "percent_covered": 100.0, "percent_covered_display": "100", "missing_lines": 0, "excluded_lines": 0, "percent_statements_covered": 100.0, "percent_statements_covered_display": "100", "num_branches": 0, "num_partial_branches": 0, "covered_branches": 0, "missing_branches": 0, "percent_branches_covered": 100.0, "percent_branches_covered_display": "100"}, "missing_lines": [], "excluded_lines": [], "start_line": 191, "executed_branches": [], "missing_branches": []}, "": {"executed_lines": [2, 4, 5, 6, 7, 8, 9, 10, 11, 12, 13, 14, 15, 16, 18, 20, 21, 26, 27, 28, 29, 30, 31, 32, 33, 34, 79, 93, 95, 96, 97, 99, 100, 101, 102, 104, 105, 106, 117, 120, 123, 126, 127, 128, 131, 134, 135, 136, 137, 138, 139, 140, 143, 146, 147, 148, 149, 152, 155, 156, 157, 158, 159, 160, 161, 162, 163, 164, 165, 168, 171, 172, 173, 174, 175, 176, 177, 178, 179, 180, 181, 182, 183, 184, 185, 186, 187, 190, 191, 194, 195, 196, 197, 198, 199, 200, 203, 205, 208, 210, 211, 214, 216, 219, 221, 222, 223, 224, 225, 226, 227, 228, 229, 232, 234, 235, 236, 237, 238, 239, 240, 243, 245, 246, 247, 248, 249, 250, 251, 254, 262, 263, 264, 268, 269, 271, 272, 273, 274, 275, 276, 280, 281, 282, 283, 284, 286, 287, 288, 290, 291, 292, 293, 294, 296, 297, 298, 299, 300, 301, 303, 304, 306, 307, 318, 320, 321, 324, 325, 326, 328, 329, 330, 331, 339, 340, 344, 347, 348, 353, 354, 355, 358, 359, 360, 361, 362, 363, 364, 365, 366, 367, 372, 390, 391, 392, 393, 394, 395, 396, 397, 398, 399, 400, 401, 402, 403, 404, 405, 406, 412, 414, 417, 422, 425, 426, 427, 428, 429, 430, 431, 432, 433, 434, 435, 436, 437, 438, 439, 440, 441, 442, 446, 447, 448, 449, 450, 451, 452, 453, 454, 456, 457, 459, 460, 461, 462, 463, 464, 465, 466, 467, 468, 469, 470, 471, 472, 473, 474, 475, 476, 477, 478, 479, 480, 481, 484, 485, 486, 489, 490, 491, 493, 494, 495, 497, 498, 502, 503, 504, 505, 508, 510, 511, 512, 513, 514, 515, 516, 517, 518, 519, 520, 521, 522, 524, 525, 526, 527, 529, 532, 533, 534, 535, 536, 537, 539, 540, 541, 542, 543, 544, 545, 547, 549, 552, 554, 555, 556, 557, 559, 560, 561, 562, 563, 564, 565, 566, 567, 568, 569, 571, 572, 575, 578, 583, 584, 585, 586, 587, 588, 589, 593, 594, 595, 596, 597, 601, 602, 603, 604, 605, 606, 609, 610, 611, 613, 614, 616, 618, 619, 620, 621, 622, 623, 624, 625, 627, 628, 633, 634, 635, 636, 637, 639, 640, 641, 642, 643, 644, 645, 646, 647, 648, 649, 650, 652, 653, 661, 662, 663, 664, 665, 666, 667, 669, 670, 671, 684, 685, 688, 690, 691, 692, 693, 694, 695, 696, 697, 698, 699, 700, 701, 703, 706], "summary": {"covered_lines": 415, "num_statements": 434, "percent_covered": 93.42948717948718, "percent_covered_display": "93", "missing_lines": 19, "excluded_lines": 0, "percent_statements_covered": 95.6221198156682, "percent_statements_covered_display": "96", "num_branches": 190, "num_partial_branches": 22, "covered_branches": 168, "missing_branches": 22, "percent_branches_covered": 88.42105263157895, "percent_branches_covered_display": "88"}, "missing_lines": [98, 270, 285, 289, 295, 302, 327, 487, 492, 496, 501, 538, 546, 558, 608, 612, 615, 668, 707], "excluded_lines": [], "start_line": 1, "executed_branches": [[95, -93], [95, 96], [97, 99], [101, 95], [101, 102], [221, 222], [221, 223], [224, 225], [224, 226], [227, 228], [227, 229], [235, 236], [235, 237], [237, 238], [237, 240], [238, 237], [238, 239], [246, 247], [246, 248], [249, 250], [249, 251], [264, 268], [264, 275], [269, 271], [272, 273], [272, 274], [281, 282], [281, 288], [284, 286], [286, 281], [286, 287], [288, 290], [290, 291], [290, 296], [292, 293], [292, 294], [294, 290], [298, 299], [298, 307], [301, 303], [303, 304], [303, 306], [326, 328], [328, 329], [328, 355], [331, 339], [331, 340], [348, 353], [348, 354], [363, 364], [363, 390], [390, 391], [390, 393], [395, 396], [395, 397], [397, 398], [397, 399], [403, 404], [403, 405], [429, 430], [429, 431], [432, 433], [432, 434], [435, 436], [435, 446], [437, 438], [437, 439], [439, 440], [439, 441], [441, 442], [441, 447], [448, 449], [448, 457], [451, 452], [451, 453], [453, 454], [453, 456], [457, 459], [457, 460], [463, 464], [463, 485], [464, 465], [464, 470], [466, 467], [466, 468], [468, 464], [468, 469], [470, 463], [470, 471], [473, 474], [473, 476], [476, 477], [476, 479], [477, 478], [479, 470], [479, 480], [481, 470], [481, 484], [485, 486], [485, 489], [486, 485], [490, 491], [490, 493], [491, 502], [493, 494], [495, 497], [498, 502], [502, -425], [502, 503], [504, 502], [504, 505], [511, 512], [511, 515], [512, 513], [512, 514], [526, 527], [535, 536], [535, 537], [537, 539], [545, 547], [555, 556], [555, 557], [557, 559], [559, 560], [559, 572], [562, 563], [562, 569], [563, 564], [563, 565], [565, 559], [565, 566], [566, 567], [566, 568], [569, 559], [569, 571], [572, -552], [572, 575], [588, 589], [588, 593], [593, 594], [593, 618], [594, 595], [594, 596], [597, 601], [597, 602], [602, 603], [602, 604], [604, 605], [604, 606], [606, 609], [610, 611], [610, 613], [611, 610], [614, 616], [634, 635], [634, 639], [643, 644], [643, 645], [646, 647], [646, 652], [652, 653], [652, 661], [667, 669], [670, 671], [670, 685], [698, 699], [698, 700], [706, -1]], "missing_branches": [[97, 98], [269, 270], [284, 285], [288, 289], [294, 295], [301, 302], [326, 327], [477, 470], [486, 487], [491, 492], [493, 502], [495, 496], [498, 501], [526, 529], [537, 538], [545, 546], [557, 558], [606, 608], [611, 612], [614, 615], [667, 668], [706, 707]]}}}}, "totals": {"covered_lines": 415, "num_statements": 434, "percent_covered": 93.42948717948718, "percent_covered_display": "93", "missing_lines": 19, "excluded_lines": 0, "percent_statements_covered": 95.6221198156682, "percent_statements_covered_display": "96", "num_branches": 190, "num_partial_branches": 22, "covered_branches": 168, "missing_branches": 22, "percent_branches_covered": 88.42105263157895, "percent_branches_covered_display": "88"}}