{"meta": {"format": 3, "version": "7.16.0", "timestamp": "2026-09-13T10:29:36.632739", "branch_coverage": true, "show_contexts": false}, "files": {"handoffs/run-2026-09-13/popper-chaffee-intake-preparation/models.py": {"executed_lines": [2, 4, 5, 7, 9, 13, 27, 29, 32, 34, 35, 36, 38, 39, 40, 42, 43, 45, 46, 49, 51, 52, 53, 56, 58, 59, 60, 61, 62, 63, 64, 65, 66, 67, 68, 69, 70, 71, 72, 73, 74, 75, 76, 77, 78, 79, 80, 81, 82, 83, 84, 85, 86, 87, 88, 89, 90, 93, 95, 96, 97, 98, 99, 100, 101, 102, 103, 104, 105, 106, 108, 109, 111, 112, 113, 114, 115, 118, 120, 121, 122, 123, 124, 125, 126, 127, 128, 129, 130, 131, 132, 133, 134, 135, 136, 137, 138, 139, 140, 142, 143, 145, 147, 148, 149, 151, 152, 153, 154, 155, 156, 157, 158, 159, 160, 163, 165, 166, 167, 170, 172, 173, 174, 175, 176, 177, 178, 179, 182, 184, 185, 186, 187, 188, 189, 190, 191, 192, 193, 194, 195, 196], "summary": {"covered_lines": 142, "num_statements": 144, "percent_covered": 97.59036144578313, "percent_covered_display": "98", "missing_lines": 2, "excluded_lines": 0, "percent_statements_covered": 98.61111111111111, "percent_statements_covered_display": "99", "num_branches": 22, "num_partial_branches": 2, "covered_branches": 20, "missing_branches": 2, "percent_branches_covered": 90.9090909090909, "percent_branches_covered_display": "91"}, "missing_lines": [146, 150], "excluded_lines": [], "executed_branches": [[43, 45], [43, 46], [111, 112], [111, 113], [113, 114], [113, 115], [145, 147], [147, 148], [147, 149], [149, 151], [151, 152], [151, 153], [153, 154], [153, 158], [154, 155], [154, 156], [156, 153], [156, 157], [158, 159], [158, 160]], "missing_branches": [[145, 146], [149, 150]], "functions": {"Asset.safe": {"executed_lines": [42, 43, 45, 46], "summary": {"covered_lines": 4, "num_statements": 4, "percent_covered": 100.0, "percent_covered_display": "100", "missing_lines": 0, "excluded_lines": 0, "percent_statements_covered": 100.0, "percent_statements_covered_display": "100", "num_branches": 2, "num_partial_branches": 0, "covered_branches": 2, "missing_branches": 0, "percent_branches_covered": 100.0, "percent_branches_covered_display": "100"}, "missing_lines": [], "excluded_lines": [], "start_line": 40, "executed_branches": [[43, 45], [43, 46]], "missing_branches": []}, "Template.identity": {"executed_lines": [111, 112, 113, 114, 115], "summary": {"covered_lines": 5, "num_statements": 5, "percent_covered": 100.0, "percent_covered_display": "100", "missing_lines": 0, "excluded_lines": 0, "percent_statements_covered": 100.0, "percent_statements_covered_display": "100", "num_branches": 4, "num_partial_branches": 0, "covered_branches": 4, "missing_branches": 0, "percent_branches_covered": 100.0, "percent_branches_covered_display": "100"}, "missing_lines": [], "excluded_lines": [], "start_line": 109, "executed_branches": [[111, 112], [111, 113], [113, 114], [113, 115]], "missing_branches": []}, "Preparation.identities": {"executed_lines": [145, 147, 148, 149, 151, 152, 153, 154, 155, 156, 157, 158, 159, 160], "summary": {"covered_lines": 14, "num_statements": 16, "percent_covered": 87.5, "percent_covered_display": "88", "missing_lines": 2, "excluded_lines": 0, "percent_statements_covered": 87.5, "percent_statements_covered_display": "88", "num_branches": 16, "num_partial_branches": 2, "covered_branches": 14, "missing_branches": 2, "percent_branches_covered": 87.5, "percent_branches_covered_display": "88"}, "missing_lines": [146, 150], "excluded_lines": [], "start_line": 143, "executed_branches": [[145, 147], [147, 148], [147, 149], [149, 151], [151, 152], [151, 153], [153, 154], [153, 158], [154, 155], [154, 156], [156, 153], [156, 157], [158, 159], [158, 160]], "missing_branches": [[145, 146], [149, 150]]}, "": {"executed_lines": [2, 4, 5, 7, 9, 13, 27, 29, 32, 34, 35, 36, 38, 39, 40, 49, 51, 52, 53, 56, 58, 59, 60, 61, 62, 63, 64, 65, 66, 67, 68, 69, 70, 71, 72, 73, 74, 75, 76, 77, 78, 79, 80, 81, 82, 83, 84, 85, 86, 87, 88, 89, 90, 93, 95, 96, 97, 98, 99, 100, 101, 102, 103, 104, 105, 106, 108, 109, 118, 120, 121, 122, 123, 124, 125, 126, 127, 128, 129, 130, 131, 132, 133, 134, 135, 136, 137, 138, 139, 140, 142, 143, 163, 165, 166, 167, 170, 172, 173, 174, 175, 176, 177, 178, 179, 182, 184, 185, 186, 187, 188, 189, 190, 191, 192, 193, 194, 195, 196], "summary": {"covered_lines": 119, "num_statements": 119, "percent_covered": 100.0, "percent_covered_display": "100", "missing_lines": 0, "excluded_lines": 0, "percent_statements_covered": 100.0, "percent_statements_covered_display": "100", "num_branches": 0, "num_partial_branches": 0, "covered_branches": 0, "missing_branches": 0, "percent_branches_covered": 100.0, "percent_branches_covered_display": "100"}, "missing_lines": [], "excluded_lines": [], "start_line": 1, "executed_branches": [], "missing_branches": []}}, "classes": {"Strict": {"executed_lines": [], "summary": {"covered_lines": 0, "num_statements": 0, "percent_covered": 100.0, "percent_covered_display": "100", "missing_lines": 0, "excluded_lines": 0, "percent_statements_covered": 100.0, "percent_statements_covered_display": "100", "num_branches": 0, "num_partial_branches": 0, "covered_branches": 0, "missing_branches": 0, "percent_branches_covered": 100.0, "percent_branches_covered_display": "100"}, "missing_lines": [], "excluded_lines": [], "start_line": 27, "executed_branches": [], "missing_branches": []}, "Asset": {"executed_lines": [42, 43, 45, 46], "summary": {"covered_lines": 4, "num_statements": 4, "percent_covered": 100.0, "percent_covered_display": "100", "missing_lines": 0, "excluded_lines": 0, "percent_statements_covered": 100.0, "percent_statements_covered_display": "100", "num_branches": 2, "num_partial_branches": 0, "covered_branches": 2, "missing_branches": 0, "percent_branches_covered": 100.0, "percent_branches_covered_display": "100"}, "missing_lines": [], "excluded_lines": [], "start_line": 32, "executed_branches": [[43, 45], [43, 46]], "missing_branches": []}, "Baseline": {"executed_lines": [], "summary": {"covered_lines": 0, "num_statements": 0, "percent_covered": 100.0, "percent_covered_display": "100", "missing_lines": 0, "excluded_lines": 0, "percent_statements_covered": 100.0, "percent_statements_covered_display": "100", "num_branches": 0, "num_partial_branches": 0, "covered_branches": 0, "missing_branches": 0, "percent_branches_covered": 100.0, "percent_branches_covered_display": "100"}, "missing_lines": [], "excluded_lines": [], "start_line": 49, "executed_branches": [], "missing_branches": []}, "Provenance": {"executed_lines": [], "summary": {"covered_lines": 0, "num_statements": 0, "percent_covered": 100.0, "percent_covered_display": "100", "missing_lines": 0, "excluded_lines": 0, "percent_statements_covered": 100.0, "percent_statements_covered_display": "100", "num_branches": 0, "num_partial_branches": 0, "covered_branches": 0, "missing_branches": 0, "percent_branches_covered": 100.0, "percent_branches_covered_display": "100"}, "missing_lines": [], "excluded_lines": [], "start_line": 56, "executed_branches": [], "missing_branches": []}, "Template": {"executed_lines": [111, 112, 113, 114, 115], "summary": {"covered_lines": 5, "num_statements": 5, "percent_covered": 100.0, "percent_covered_display": "100", "missing_lines": 0, "excluded_lines": 0, "percent_statements_covered": 100.0, "percent_statements_covered_display": "100", "num_branches": 4, "num_partial_branches": 0, "covered_branches": 4, "missing_branches": 0, "percent_branches_covered": 100.0, "percent_branches_covered_display": "100"}, "missing_lines": [], "excluded_lines": [], "start_line": 93, "executed_branches": [[111, 112], [111, 113], [113, 114], [113, 115]], "missing_branches": []}, "Preparation": {"executed_lines": [145, 147, 148, 149, 151, 152, 153, 154, 155, 156, 157, 158, 159, 160], "summary": {"covered_lines": 14, "num_statements": 16, "percent_covered": 87.5, "percent_covered_display": "88", "missing_lines": 2, "excluded_lines": 0, "percent_statements_covered": 87.5, "percent_statements_covered_display": "88", "num_branches": 16, "num_partial_branches": 2, "covered_branches": 14, "missing_branches": 2, "percent_branches_covered": 87.5, "percent_branches_covered_display": "88"}, "missing_lines": [146, 150], "excluded_lines": [], "start_line": 118, "executed_branches": [[145, 147], [147, 148], [147, 149], [149, 151], [151, 152], [151, 153], [153, 154], [153, 158], [154, 155], [154, 156], [156, 153], [156, 157], [158, 159], [158, 160]], "missing_branches": [[145, 146], [149, 150]]}, "Manifest": {"executed_lines": [], "summary": {"covered_lines": 0, "num_statements": 0, "percent_covered": 100.0, "percent_covered_display": "100", "missing_lines": 0, "excluded_lines": 0, "percent_statements_covered": 100.0, "percent_statements_covered_display": "100", "num_branches": 0, "num_partial_branches": 0, "covered_branches": 0, "missing_branches": 0, "percent_branches_covered": 100.0, "percent_branches_covered_display": "100"}, "missing_lines": [], "excluded_lines": [], "start_line": 163, "executed_branches": [], "missing_branches": []}, "CommandResult": {"executed_lines": [], "summary": {"covered_lines": 0, "num_statements": 0, "percent_covered": 100.0, "percent_covered_display": "100", "missing_lines": 0, "excluded_lines": 0, "percent_statements_covered": 100.0, "percent_statements_covered_display": "100", "num_branches": 0, "num_partial_branches": 0, "covered_branches": 0, "missing_branches": 0, "percent_branches_covered": 100.0, "percent_branches_covered_display": "100"}, "missing_lines": [], "excluded_lines": [], "start_line": 170, "executed_branches": [], "missing_branches": []}, "Validation": {"executed_lines": [], "summary": {"covered_lines": 0, "num_statements": 0, "percent_covered": 100.0, "percent_covered_display": "100", "missing_lines": 0, "excluded_lines": 0, "percent_statements_covered": 100.0, "percent_statements_covered_display": "100", "num_branches": 0, "num_partial_branches": 0, "covered_branches": 0, "missing_branches": 0, "percent_branches_covered": 100.0, "percent_branches_covered_display": "100"}, "missing_lines": [], "excluded_lines": [], "start_line": 182, "executed_branches": [], "missing_branches": []}, "": {"executed_lines": [2, 4, 5, 7, 9, 13, 27, 29, 32, 34, 35, 36, 38, 39, 40, 49, 51, 52, 53, 56, 58, 59, 60, 61, 62, 63, 64, 65, 66, 67, 68, 69, 70, 71, 72, 73, 74, 75, 76, 77, 78, 79, 80, 81, 82, 83, 84, 85, 86, 87, 88, 89, 90, 93, 95, 96, 97, 98, 99, 100, 101, 102, 103, 104, 105, 106, 108, 109, 118, 120, 121, 122, 123, 124, 125, 126, 127, 128, 129, 130, 131, 132, 133, 134, 135, 136, 137, 138, 139, 140, 142, 143, 163, 165, 166, 167, 170, 172, 173, 174, 175, 176, 177, 178, 179, 182, 184, 185, 186, 187, 188, 189, 190, 191, 192, 193, 194, 195, 196], "summary": {"covered_lines": 119, "num_statements": 119, "percent_covered": 100.0, "percent_covered_display": "100", "missing_lines": 0, "excluded_lines": 0, "percent_statements_covered": 100.0, "percent_statements_covered_display": "100", "num_branches": 0, "num_partial_branches": 0, "covered_branches": 0, "missing_branches": 0, "percent_branches_covered": 100.0, "percent_branches_covered_display": "100"}, "missing_lines": [], "excluded_lines": [], "start_line": 1, "executed_branches": [], "missing_branches": []}}}, "handoffs/run-2026-09-13/popper-chaffee-intake-preparation/transaction.py": {"executed_lines": [2, 4, 5, 6, 7, 8, 9, 10, 11, 12, 13, 14, 15, 16, 18, 19, 20, 21, 23, 24, 25, 26, 27, 28, 29, 30, 36, 39, 40, 43, 45, 46, 48, 49, 50, 52, 53, 54, 55, 57, 60, 61, 62, 63, 64, 67, 69, 70, 71, 72, 73, 74, 75, 76, 79, 80, 81, 84, 86, 87, 88, 89, 90, 91, 92, 93, 94, 97, 98, 99, 100, 101, 104, 105, 106, 107, 108, 109, 110, 111, 112, 113, 114, 115, 116, 117, 120, 121, 122, 123, 124, 140, 141, 142, 145, 147, 148, 149, 151, 152, 153, 160, 163, 164, 167, 169, 170, 171, 172, 173, 174, 175, 176, 177, 178, 179, 180, 181, 182, 184, 187, 189, 190, 191, 192, 193, 194, 195, 196, 197, 198, 199, 200, 201, 203, 206, 208, 209, 211, 212, 213, 214, 215, 216, 218, 219, 221, 223, 224, 225, 226, 228, 229, 230, 231, 232, 233, 234, 235, 236, 238, 239, 240, 241, 243, 244, 245, 246, 250, 255, 257, 258, 259, 261, 262, 263, 264, 267, 268, 269, 271, 272, 273, 274, 275, 276, 278, 280, 282, 284, 285, 287, 288, 294, 295, 296, 297, 306, 307, 308, 314, 315, 316, 317, 330, 338, 348, 349, 351, 354, 356, 357, 358, 359, 360, 362, 363, 364, 365, 366, 367, 368, 369, 370, 371, 373, 374, 375, 376, 378, 379, 381, 382, 383, 384, 385, 386, 387, 388, 389, 390, 391, 392, 394, 395, 396, 397, 398, 400, 401, 402, 403, 405, 406, 407, 408, 409, 411, 412, 413, 414, 415, 417, 418, 419, 420, 421, 422, 423, 424, 425, 426, 427, 429, 430, 431, 432, 436, 437, 438, 439, 440, 441, 442, 443, 444, 445, 446, 447, 448, 449, 450, 451, 452, 455, 456, 469, 472, 473, 474, 475, 476, 477, 478, 479, 480, 481, 487, 488, 489, 490, 491, 492, 493, 494, 495, 497, 498, 499, 504, 505, 506, 507, 508, 509, 510, 511, 512, 513, 514, 515, 516, 517, 518, 519, 520, 521, 522, 524, 525, 526, 527, 528, 530, 531, 532, 533, 534, 535, 536, 537, 538, 539, 540, 542, 543, 544, 545, 546, 547, 548, 551, 552, 553, 554, 555, 556, 557, 558, 559, 560, 561, 562, 563, 564], "summary": {"covered_lines": 375, "num_statements": 402, "percent_covered": 90.64625850340136, "percent_covered_display": "91", "missing_lines": 27, "excluded_lines": 0, "percent_statements_covered": 93.28358208955224, "percent_statements_covered_display": "93", "num_branches": 186, "num_partial_branches": 28, "covered_branches": 158, "missing_branches": 28, "percent_branches_covered": 84.94623655913979, "percent_branches_covered_display": "85"}, "missing_lines": [56, 150, 210, 217, 220, 222, 227, 242, 252, 260, 266, 270, 277, 279, 281, 283, 286, 293, 305, 313, 329, 336, 350, 372, 399, 428, 529], "excluded_lines": [], "executed_branches": [[46, 48], [46, 49], [50, 52], [50, 53], [53, 54], [53, 55], [55, 57], [62, 63], [62, 64], [70, 71], [70, 72], [73, 74], [73, 76], [74, 73], [74, 75], [149, 151], [170, 171], [170, 174], [171, 172], [171, 173], [190, 191], [190, 192], [199, 200], [199, 201], [209, 211], [212, 213], [212, 224], [214, 212], [214, 215], [216, 218], [219, 221], [221, 223], [226, 228], [229, 230], [229, 244], [231, 232], [231, 233], [233, 234], [233, 238], [234, 235], [234, 236], [241, 243], [250, -206], [259, 261], [264, 267], [267, 268], [267, 271], [269, 267], [273, 274], [273, 349], [276, 278], [278, 280], [280, 282], [282, 284], [285, 287], [288, 294], [297, 306], [308, 314], [317, 330], [330, 338], [349, 351], [360, 362], [360, 363], [367, 368], [367, 370], [368, 367], [368, 369], [370, 371], [370, 373], [371, 370], [375, 376], [375, 396], [376, 378], [376, 379], [379, 381], [379, 382], [382, 383], [382, 390], [383, 384], [383, 385], [387, 388], [387, 389], [390, 391], [390, 392], [392, 394], [392, 395], [397, 398], [397, 406], [398, 400], [400, 401], [400, 402], [402, 403], [402, 405], [406, 407], [406, 408], [408, 409], [408, 411], [412, 413], [412, 414], [414, 415], [414, 417], [420, 421], [420, 432], [421, 422], [421, 425], [423, 421], [423, 424], [425, 420], [425, 426], [427, 429], [429, 425], [429, 430], [430, 431], [440, 441], [440, 451], [441, 442], [441, 451], [442, 443], [442, 446], [444, 442], [444, 445], [446, 441], [446, 447], [449, 446], [449, 450], [472, 473], [472, 474], [480, 481], [480, 487], [487, 488], [487, 489], [489, 490], [489, 533], [494, 495], [494, 497], [508, 509], [508, 510], [512, 513], [512, 514], [515, 516], [515, 520], [520, 521], [520, 527], [524, 525], [524, 526], [528, 530], [536, 537], [536, 538], [538, 539], [538, 543], [540, 538], [540, 542], [544, 545], [544, 548], [546, 544], [546, 547], [551, -1], [551, 552]], "missing_branches": [[55, 56], [149, 150], [209, 210], [216, 217], [219, 220], [221, 222], [226, 227], [241, 242], [250, 252], [259, 260], [264, 266], [269, 270], [276, 277], [278, 279], [280, 281], [282, 283], [285, 286], [288, 293], [297, 305], [308, 313], [317, 329], [330, 336], [349, 350], [371, 372], [398, 399], [427, 428], [430, 425], [528, 529]], "functions": {"digest": {"executed_lines": [40], "summary": {"covered_lines": 1, "num_statements": 1, "percent_covered": 100.0, "percent_covered_display": "100", "missing_lines": 0, "excluded_lines": 0, "percent_statements_covered": 100.0, "percent_statements_covered_display": "100", "num_branches": 0, "num_partial_branches": 0, "covered_branches": 0, "missing_branches": 0, "percent_branches_covered": 100.0, "percent_branches_covered_display": "100"}, "missing_lines": [], "excluded_lines": [], "start_line": 39, "executed_branches": [], "missing_branches": []}, "ordinary": {"executed_lines": [45, 46, 48, 49, 50, 52, 53, 54, 55, 57], "summary": {"covered_lines": 10, "num_statements": 11, "percent_covered": 89.47368421052632, "percent_covered_display": "89", "missing_lines": 1, "excluded_lines": 0, "percent_statements_covered": 90.9090909090909, "percent_statements_covered_display": "91", "num_branches": 8, "num_partial_branches": 1, "covered_branches": 7, "missing_branches": 1, "percent_branches_covered": 87.5, "percent_branches_covered_display": "88"}, "missing_lines": [56], "excluded_lines": [], "start_line": 43, "executed_branches": [[46, 48], [46, 49], [50, 52], [50, 53], [53, 54], [53, 55], [55, 57]], "missing_branches": [[55, 56]]}, "capture": {"executed_lines": [61, 62, 63, 64], "summary": {"covered_lines": 4, "num_statements": 4, "percent_covered": 100.0, "percent_covered_display": "100", "missing_lines": 0, "excluded_lines": 0, "percent_statements_covered": 100.0, "percent_statements_covered_display": "100", "num_branches": 2, "num_partial_branches": 0, "covered_branches": 2, "missing_branches": 0, "percent_branches_covered": 100.0, "percent_branches_covered_display": "100"}, "missing_lines": [], "excluded_lines": [], "start_line": 60, "executed_branches": [[62, 63], [62, 64]], "missing_branches": []}, "load_plan": {"executed_lines": [69, 70, 71, 72, 73, 74, 75, 76], "summary": {"covered_lines": 8, "num_statements": 8, "percent_covered": 100.0, "percent_covered_display": "100", "missing_lines": 0, "excluded_lines": 0, "percent_statements_covered": 100.0, "percent_statements_covered_display": "100", "num_branches": 6, "num_partial_branches": 0, "covered_branches": 6, "missing_branches": 0, "percent_branches_covered": 100.0, "percent_branches_covered_display": "100"}, "missing_lines": [], "excluded_lines": [], "start_line": 67, "executed_branches": [[70, 71], [70, 72], [73, 74], [73, 76], [74, 73], [74, 75]], "missing_branches": []}, "record_for": {"executed_lines": [121, 122, 123, 124], "summary": {"covered_lines": 4, "num_statements": 4, "percent_covered": 100.0, "percent_covered_display": "100", "missing_lines": 0, "excluded_lines": 0, "percent_statements_covered": 100.0, "percent_statements_covered_display": "100", "num_branches": 0, "num_partial_branches": 0, "covered_branches": 0, "missing_branches": 0, "percent_branches_covered": 100.0, "percent_branches_covered_display": "100"}, "missing_lines": [], "excluded_lines": [], "start_line": 120, "executed_branches": [], "missing_branches": []}, "read_rows": {"executed_lines": [141, 142], "summary": {"covered_lines": 2, "num_statements": 2, "percent_covered": 100.0, "percent_covered_display": "100", "missing_lines": 0, "excluded_lines": 0, "percent_statements_covered": 100.0, "percent_statements_covered_display": "100", "num_branches": 0, "num_partial_branches": 0, "covered_branches": 0, "missing_branches": 0, "percent_branches_covered": 100.0, "percent_branches_covered_display": "100"}, "missing_lines": [], "excluded_lines": [], "start_line": 140, "executed_branches": [], "missing_branches": []}, "expected_report": {"executed_lines": [147, 148, 149, 151, 152, 153, 160], "summary": {"covered_lines": 7, "num_statements": 8, "percent_covered": 80.0, "percent_covered_display": "80", "missing_lines": 1, "excluded_lines": 0, "percent_statements_covered": 87.5, "percent_statements_covered_display": "88", "num_branches": 2, "num_partial_branches": 1, "covered_branches": 1, "missing_branches": 1, "percent_branches_covered": 50.0, "percent_branches_covered_display": "50"}, "missing_lines": [150], "excluded_lines": [], "start_line": 145, "executed_branches": [[149, 151]], "missing_branches": [[149, 150]]}, "report_bytes": {"executed_lines": [164], "summary": {"covered_lines": 1, "num_statements": 1, "percent_covered": 100.0, "percent_covered_display": "100", "missing_lines": 0, "excluded_lines": 0, "percent_statements_covered": 100.0, "percent_statements_covered_display": "100", "num_branches": 0, "num_partial_branches": 0, "covered_branches": 0, "missing_branches": 0, "percent_branches_covered": 100.0, "percent_branches_covered_display": "100"}, "missing_lines": [], "excluded_lines": [], "start_line": 163, "executed_branches": [], "missing_branches": []}, "atomic_once": {"executed_lines": [169, 170, 171, 172, 173, 174, 175, 176, 177, 178, 179, 180, 181, 182, 184], "summary": {"covered_lines": 15, "num_statements": 15, "percent_covered": 100.0, "percent_covered_display": "100", "missing_lines": 0, "excluded_lines": 0, "percent_statements_covered": 100.0, "percent_statements_covered_display": "100", "num_branches": 4, "num_partial_branches": 0, "covered_branches": 4, "missing_branches": 0, "percent_branches_covered": 100.0, "percent_branches_covered_display": "100"}, "missing_lines": [], "excluded_lines": [], "start_line": 167, "executed_branches": [[170, 171], [170, 174], [171, 172], [171, 173]], "missing_branches": []}, "atomic_replace": {"executed_lines": [189, 190, 191, 192, 193, 194, 195, 196, 197, 198, 199, 200, 201, 203], "summary": {"covered_lines": 14, "num_statements": 14, "percent_covered": 100.0, "percent_covered_display": "100", "missing_lines": 0, "excluded_lines": 0, "percent_statements_covered": 100.0, "percent_statements_covered_display": "100", "num_branches": 4, "num_partial_branches": 0, "covered_branches": 4, "missing_branches": 0, "percent_branches_covered": 100.0, "percent_branches_covered_display": "100"}, "missing_lines": [], "excluded_lines": [], "start_line": 187, "executed_branches": [[190, 191], [190, 192], [199, 200], [199, 201]], "missing_branches": []}, "baseline_verified": {"executed_lines": [208, 209, 211, 212, 213, 214, 215, 216, 218, 219, 221, 223, 224, 225, 226, 228, 229, 230, 231, 232, 233, 234, 235, 236, 238, 239, 240, 241, 243, 244, 245, 246, 250], "summary": {"covered_lines": 33, "num_statements": 40, "percent_covered": 78.78787878787878, "percent_covered_display": "79", "missing_lines": 7, "excluded_lines": 0, "percent_statements_covered": 82.5, "percent_statements_covered_display": "82", "num_branches": 26, "num_partial_branches": 7, "covered_branches": 19, "missing_branches": 7, "percent_branches_covered": 73.07692307692308, "percent_branches_covered_display": "73"}, "missing_lines": [210, 217, 220, 222, 227, 242, 252], "excluded_lines": [], "start_line": 206, "executed_branches": [[209, 211], [212, 213], [212, 224], [214, 212], [214, 215], [216, 218], [219, 221], [221, 223], [226, 228], [229, 230], [229, 244], [231, 232], [231, 233], [233, 234], [233, 238], [234, 235], [234, 236], [241, 243], [250, -206]], "missing_branches": [[209, 210], [216, 217], [219, 220], [221, 222], [226, 227], [241, 242], [250, 252]]}, "check_custody": {"executed_lines": [257, 258, 259, 261, 262, 263, 264, 267, 268, 269, 271, 272, 273, 274, 275, 276, 278, 280, 282, 284, 285, 287, 288, 294, 295, 296, 297, 306, 307, 308, 314, 315, 316, 317, 330, 338, 348, 349, 351], "summary": {"covered_lines": 39, "num_statements": 53, "percent_covered": 67.05882352941177, "percent_covered_display": "67", "missing_lines": 14, "excluded_lines": 0, "percent_statements_covered": 73.58490566037736, "percent_statements_covered_display": "74", "num_branches": 32, "num_partial_branches": 14, "covered_branches": 18, "missing_branches": 14, "percent_branches_covered": 56.25, "percent_branches_covered_display": "56"}, "missing_lines": [260, 266, 270, 277, 279, 281, 283, 286, 293, 305, 313, 329, 336, 350], "excluded_lines": [], "start_line": 255, "executed_branches": [[259, 261], [264, 267], [267, 268], [267, 271], [269, 267], [273, 274], [273, 349], [276, 278], [278, 280], [280, 282], [282, 284], [285, 287], [288, 294], [297, 306], [308, 314], [317, 330], [330, 338], [349, 351]], "missing_branches": [[259, 260], [264, 266], [269, 270], [276, 277], [278, 279], [280, 281], [282, 283], [285, 286], [288, 293], [297, 305], [308, 313], [317, 329], [330, 336], [349, 350]]}, "preflight": {"executed_lines": [356, 357, 358, 359, 360, 362, 363, 364, 365, 366, 367, 368, 369, 370, 371, 373, 374, 375, 376, 378, 379, 381, 382, 383, 384, 385, 386, 387, 388, 389, 390, 391, 392, 394, 395, 396, 397, 398, 400, 401, 402, 403, 405, 406, 407, 408, 409, 411, 412, 413, 414, 415, 417, 418, 419, 420, 421, 422, 423, 424, 425, 426, 427, 429, 430, 431, 432], "summary": {"covered_lines": 67, "num_statements": 70, "percent_covered": 94.44444444444444, "percent_covered_display": "94", "missing_lines": 3, "excluded_lines": 0, "percent_statements_covered": 95.71428571428571, "percent_statements_covered_display": "96", "num_branches": 56, "num_partial_branches": 4, "covered_branches": 52, "missing_branches": 4, "percent_branches_covered": 92.85714285714286, "percent_branches_covered_display": "93"}, "missing_lines": [372, 399, 428], "excluded_lines": [], "start_line": 354, "executed_branches": [[360, 362], [360, 363], [367, 368], [367, 370], [368, 367], [368, 369], [370, 371], [370, 373], [371, 370], [375, 376], [375, 396], [376, 378], [376, 379], [379, 381], [379, 382], [382, 383], [382, 390], [383, 384], [383, 385], [387, 388], [387, 389], [390, 391], [390, 392], [392, 394], [392, 395], [397, 398], [397, 406], [398, 400], [400, 401], [400, 402], [402, 403], [402, 405], [406, 407], [406, 408], [408, 409], [408, 411], [412, 413], [412, 414], [414, 415], [414, 417], [420, 421], [420, 432], [421, 422], [421, 425], [423, 421], [423, 424], [425, 420], [425, 426], [427, 429], [429, 425], [429, 430], [430, 431]], "missing_branches": [[371, 372], [398, 399], [427, 428], [430, 425]]}, "execution_paths": {"executed_lines": [437, 438, 439, 440, 441, 442, 443, 444, 445, 446, 447, 448, 449, 450, 451, 452], "summary": {"covered_lines": 16, "num_statements": 16, "percent_covered": 100.0, "percent_covered_display": "100", "missing_lines": 0, "excluded_lines": 0, "percent_statements_covered": 100.0, "percent_statements_covered_display": "100", "num_branches": 12, "num_partial_branches": 0, "covered_branches": 12, "missing_branches": 0, "percent_branches_covered": 100.0, "percent_branches_covered_display": "100"}, "missing_lines": [], "excluded_lines": [], "start_line": 436, "executed_branches": [[440, 441], [440, 451], [441, 442], [441, 451], [442, 443], [442, 446], [444, 442], [444, 445], [446, 441], [446, 447], [449, 446], [449, 450]], "missing_branches": []}, "receipt_for": {"executed_lines": [456], "summary": {"covered_lines": 1, "num_statements": 1, "percent_covered": 100.0, "percent_covered_display": "100", "missing_lines": 0, "excluded_lines": 0, "percent_statements_covered": 100.0, "percent_statements_covered_display": "100", "num_branches": 0, "num_partial_branches": 0, "covered_branches": 0, "missing_branches": 0, "percent_branches_covered": 100.0, "percent_branches_covered_display": "100"}, "missing_lines": [], "excluded_lines": [], "start_line": 455, "executed_branches": [], "missing_branches": []}, "run": {"executed_lines": [472, 473, 474, 475, 476, 477, 478, 479, 480, 481, 487, 488, 489, 490, 491, 492, 493, 494, 495, 497, 498, 499, 504, 505, 506, 507, 508, 509, 510, 511, 512, 513, 514, 515, 516, 517, 518, 519, 520, 521, 522, 524, 525, 526, 527, 528, 530, 531, 532, 533, 534, 535, 536, 537, 538, 539, 540, 542, 543, 544, 545, 546, 547, 548], "summary": {"covered_lines": 64, "num_statements": 65, "percent_covered": 97.9381443298969, "percent_covered_display": "98", "missing_lines": 1, "excluded_lines": 0, "percent_statements_covered": 98.46153846153847, "percent_statements_covered_display": "98", "num_branches": 32, "num_partial_branches": 1, "covered_branches": 31, "missing_branches": 1, "percent_branches_covered": 96.875, "percent_branches_covered_display": "97"}, "missing_lines": [529], "excluded_lines": [], "start_line": 469, "executed_branches": [[472, 473], [472, 474], [480, 481], [480, 487], [487, 488], [487, 489], [489, 490], [489, 533], [494, 495], [494, 497], [508, 509], [508, 510], [512, 513], [512, 514], [515, 516], [515, 520], [520, 521], [520, 527], [524, 525], [524, 526], [528, 530], [536, 537], [536, 538], [538, 539], [538, 543], [540, 538], [540, 542], [544, 545], [544, 548], [546, 544], [546, 547]], "missing_branches": [[528, 529]]}, "": {"executed_lines": [2, 4, 5, 6, 7, 8, 9, 10, 11, 12, 13, 14, 15, 16, 18, 19, 20, 21, 23, 24, 25, 26, 27, 28, 29, 30, 36, 39, 43, 60, 67, 79, 80, 81, 84, 86, 87, 88, 89, 90, 91, 92, 93, 94, 97, 98, 99, 100, 101, 104, 105, 106, 107, 108, 109, 110, 111, 112, 113, 114, 115, 116, 117, 120, 140, 145, 163, 167, 187, 206, 255, 354, 436, 455, 469, 551, 552, 553, 554, 555, 556, 557, 558, 559, 560, 561, 562, 563, 564], "summary": {"covered_lines": 89, "num_statements": 89, "percent_covered": 100.0, "percent_covered_display": "100", "missing_lines": 0, "excluded_lines": 0, "percent_statements_covered": 100.0, "percent_statements_covered_display": "100", "num_branches": 2, "num_partial_branches": 0, "covered_branches": 2, "missing_branches": 0, "percent_branches_covered": 100.0, "percent_branches_covered_display": "100"}, "missing_lines": [], "excluded_lines": [], "start_line": 1, "executed_branches": [[551, -1], [551, 552]], "missing_branches": []}}, "classes": {"NewRecord": {"executed_lines": [], "summary": {"covered_lines": 0, "num_statements": 0, "percent_covered": 100.0, "percent_covered_display": "100", "missing_lines": 0, "excluded_lines": 0, "percent_statements_covered": 100.0, "percent_statements_covered_display": "100", "num_branches": 0, "num_partial_branches": 0, "covered_branches": 0, "missing_branches": 0, "percent_branches_covered": 100.0, "percent_branches_covered_display": "100"}, "missing_lines": [], "excluded_lines": [], "start_line": 84, "executed_branches": [], "missing_branches": []}, "Intent": {"executed_lines": [], "summary": {"covered_lines": 0, "num_statements": 0, "percent_covered": 100.0, "percent_covered_display": "100", "missing_lines": 0, "excluded_lines": 0, "percent_statements_covered": 100.0, "percent_statements_covered_display": "100", "num_branches": 0, "num_partial_branches": 0, "covered_branches": 0, "missing_branches": 0, "percent_branches_covered": 100.0, "percent_branches_covered_display": "100"}, "missing_lines": [], "excluded_lines": [], "start_line": 97, "executed_branches": [], "missing_branches": []}, "Receipt": {"executed_lines": [], "summary": {"covered_lines": 0, "num_statements": 0, "percent_covered": 100.0, "percent_covered_display": "100", "missing_lines": 0, "excluded_lines": 0, "percent_statements_covered": 100.0, "percent_statements_covered_display": "100", "num_branches": 0, "num_partial_branches": 0, "covered_branches": 0, "missing_branches": 0, "percent_branches_covered": 100.0, "percent_branches_covered_display": "100"}, "missing_lines": [], "excluded_lines": [], "start_line": 104, "executed_branches": [], "missing_branches": []}, "": {"executed_lines": [2, 4, 5, 6, 7, 8, 9, 10, 11, 12, 13, 14, 15, 16, 18, 19, 20, 21, 23, 24, 25, 26, 27, 28, 29, 30, 36, 39, 40, 43, 45, 46, 48, 49, 50, 52, 53, 54, 55, 57, 60, 61, 62, 63, 64, 67, 69, 70, 71, 72, 73, 74, 75, 76, 79, 80, 81, 84, 86, 87, 88, 89, 90, 91, 92, 93, 94, 97, 98, 99, 100, 101, 104, 105, 106, 107, 108, 109, 110, 111, 112, 113, 114, 115, 116, 117, 120, 121, 122, 123, 124, 140, 141, 142, 145, 147, 148, 149, 151, 152, 153, 160, 163, 164, 167, 169, 170, 171, 172, 173, 174, 175, 176, 177, 178, 179, 180, 181, 182, 184, 187, 189, 190, 191, 192, 193, 194, 195, 196, 197, 198, 199, 200, 201, 203, 206, 208, 209, 211, 212, 213, 214, 215, 216, 218, 219, 221, 223, 224, 225, 226, 228, 229, 230, 231, 232, 233, 234, 235, 236, 238, 239, 240, 241, 243, 244, 245, 246, 250, 255, 257, 258, 259, 261, 262, 263, 264, 267, 268, 269, 271, 272, 273, 274, 275, 276, 278, 280, 282, 284, 285, 287, 288, 294, 295, 296, 297, 306, 307, 308, 314, 315, 316, 317, 330, 338, 348, 349, 351, 354, 356, 357, 358, 359, 360, 362, 363, 364, 365, 366, 367, 368, 369, 370, 371, 373, 374, 375, 376, 378, 379, 381, 382, 383, 384, 385, 386, 387, 388, 389, 390, 391, 392, 394, 395, 396, 397, 398, 400, 401, 402, 403, 405, 406, 407, 408, 409, 411, 412, 413, 414, 415, 417, 418, 419, 420, 421, 422, 423, 424, 425, 426, 427, 429, 430, 431, 432, 436, 437, 438, 439, 440, 441, 442, 443, 444, 445, 446, 447, 448, 449, 450, 451, 452, 455, 456, 469, 472, 473, 474, 475, 476, 477, 478, 479, 480, 481, 487, 488, 489, 490, 491, 492, 493, 494, 495, 497, 498, 499, 504, 505, 506, 507, 508, 509, 510, 511, 512, 513, 514, 515, 516, 517, 518, 519, 520, 521, 522, 524, 525, 526, 527, 528, 530, 531, 532, 533, 534, 535, 536, 537, 538, 539, 540, 542, 543, 544, 545, 546, 547, 548, 551, 552, 553, 554, 555, 556, 557, 558, 559, 560, 561, 562, 563, 564], "summary": {"covered_lines": 375, "num_statements": 402, "percent_covered": 90.64625850340136, "percent_covered_display": "91", "missing_lines": 27, "excluded_lines": 0, "percent_statements_covered": 93.28358208955224, "percent_statements_covered_display": "93", "num_branches": 186, "num_partial_branches": 28, "covered_branches": 158, "missing_branches": 28, "percent_branches_covered": 84.94623655913979, "percent_branches_covered_display": "85"}, "missing_lines": [56, 150, 210, 217, 220, 222, 227, 242, 252, 260, 266, 270, 277, 279, 281, 283, 286, 293, 305, 313, 329, 336, 350, 372, 399, 428, 529], "excluded_lines": [], "start_line": 1, "executed_branches": [[46, 48], [46, 49], [50, 52], [50, 53], [53, 54], [53, 55], [55, 57], [62, 63], [62, 64], [70, 71], [70, 72], [73, 74], [73, 76], [74, 73], [74, 75], [149, 151], [170, 171], [170, 174], [171, 172], [171, 173], [190, 191], [190, 192], [199, 200], [199, 201], [209, 211], [212, 213], [212, 224], [214, 212], [214, 215], [216, 218], [219, 221], [221, 223], [226, 228], [229, 230], [229, 244], [231, 232], [231, 233], [233, 234], [233, 238], [234, 235], [234, 236], [241, 243], [250, -206], [259, 261], [264, 267], [267, 268], [267, 271], [269, 267], [273, 274], [273, 349], [276, 278], [278, 280], [280, 282], [282, 284], [285, 287], [288, 294], [297, 306], [308, 314], [317, 330], [330, 338], [349, 351], [360, 362], [360, 363], [367, 368], [367, 370], [368, 367], [368, 369], [370, 371], [370, 373], [371, 370], [375, 376], [375, 396], [376, 378], [376, 379], [379, 381], [379, 382], [382, 383], [382, 390], [383, 384], [383, 385], [387, 388], [387, 389], [390, 391], [390, 392], [392, 394], [392, 395], [397, 398], [397, 406], [398, 400], [400, 401], [400, 402], [402, 403], [402, 405], [406, 407], [406, 408], [408, 409], [408, 411], [412, 413], [412, 414], [414, 415], [414, 417], [420, 421], [420, 432], [421, 422], [421, 425], [423, 421], [423, 424], [425, 420], [425, 426], [427, 429], [429, 425], [429, 430], [430, 431], [440, 441], [440, 451], [441, 442], [441, 451], [442, 443], [442, 446], [444, 442], [444, 445], [446, 441], [446, 447], [449, 446], [449, 450], [472, 473], [472, 474], [480, 481], [480, 487], [487, 488], [487, 489], [489, 490], [489, 533], [494, 495], [494, 497], [508, 509], [508, 510], [512, 513], [512, 514], [515, 516], [515, 520], [520, 521], [520, 527], [524, 525], [524, 526], [528, 530], [536, 537], [536, 538], [538, 539], [538, 543], [540, 538], [540, 542], [544, 545], [544, 548], [546, 544], [546, 547], [551, -1], [551, 552]], "missing_branches": [[55, 56], [149, 150], [209, 210], [216, 217], [219, 220], [221, 222], [226, 227], [241, 242], [250, 252], [259, 260], [264, 266], [269, 270], [276, 277], [278, 279], [280, 281], [282, 283], [285, 286], [288, 293], [297, 305], [308, 313], [317, 329], [330, 336], [349, 350], [371, 372], [398, 399], [427, 428], [430, 425], [528, 529]]}}}}, "totals": {"covered_lines": 517, "num_statements": 546, "percent_covered": 92.17506631299734, "percent_covered_display": "92", "missing_lines": 29, "excluded_lines": 0, "percent_statements_covered": 94.68864468864469, "percent_statements_covered_display": "95", "num_branches": 208, "num_partial_branches": 30, "covered_branches": 178, "missing_branches": 30, "percent_branches_covered": 85.57692307692308, "percent_branches_covered_display": "86"}}